2003.10.10 16:57 B E:\Documents and Settings\Adam Knox\My Documents\skate-world.net\ibforum\ivb1-3\skin graphics\Kazaa-Li-465\add.gif <-- skate-world.net /public_html/forum/style_images/Kazaa-Li-465 add.gif
2003.10.10 16:57 B E:\Documents and Settings\Adam Knox\My Documents\skate-world.net\ibforum\ivb1-3\skin graphics\Kazaa-Li-465\bar.gif <-- skate-world.net /public_html/forum/style_images/Kazaa-Li-465 bar.gif
2003.10.10 16:57 B E:\Documents and Settings\Adam Knox\My Documents\skate-world.net\ibforum\ivb1-3\skin graphics\Kazaa-Li-465\bar_left.gif <-- skate-world.net /public_html/forum/style_images/Kazaa-Li-465 bar_left.gif
2003.10.10 16:57 B E:\Documents and Settings\Adam Knox\My Documents\skate-world.net\ibforum\ivb1-3\skin graphics\Kazaa-Li-465\bar_right.gif <-- skate-world.net /public_html/forum/style_images/Kazaa-Li-465 bar_right.gif
2003.10.10 16:57 B E:\Documents and Settings\Adam Knox\My Documents\skate-world.net\ibforum\ivb1-3\skin graphics\Kazaa-Li-465\bc_new.gif <-- skate-world.net /public_html/forum/style_images/Kazaa-Li-465 bc_new.gif
2003.10.10 16:57 B E:\Documents and Settings\Adam Knox\My Documents\skate-world.net\ibforum\ivb1-3\skin graphics\Kazaa-Li-465\bc_nonew.gif <-- skate-world.net /public_html/forum/style_images/Kazaa-Li-465 bc_nonew.gif
2003.10.10 16:57 B E:\Documents and Settings\Adam Knox\My Documents\skate-world.net\ibforum\ivb1-3\skin graphics\Kazaa-Li-465\bf_new.gif <-- skate-world.net /public_html/forum/style_images/Kazaa-Li-465 bf_new.gif
2003.10.10 16:57 B E:\Documents and Settings\Adam Knox\My Documents\skate-world.net\ibforum\ivb1-3\skin graphics\Kazaa-Li-465\bf_nonew.gif <-- skate-world.net /public_html/forum/style_images/Kazaa-Li-465 bf_nonew.gif
2003.10.10 16:57 B E:\Documents and Settings\Adam Knox\My Documents\skate-world.net\ibforum\ivb1-3\skin graphics\Kazaa-Li-465\bf_readonly.gif <-- skate-world.net /public_html/forum/style_images/Kazaa-Li-465 bf_readonly.gif
2003.10.10 16:57 B E:\Documents and Settings\Adam Knox\My Documents\skate-world.net\ibforum\ivb1-3\skin graphics\Kazaa-Li-465\bg.gif <-- skate-world.net /public_html/forum/style_images/Kazaa-Li-465 bg.gif
2003.10.10 16:57 B E:\Documents and Settings\Adam Knox\My Documents\skate-world.net\ibforum\ivb1-3\skin graphics\Kazaa-Li-465\bg1.gif <-- skate-world.net /public_html/forum/style_images/Kazaa-Li-465 bg1.gif
2003.10.10 16:57 B E:\Documents and Settings\Adam Knox\My Documents\skate-world.net\ibforum\ivb1-3\skin graphics\Kazaa-Li-465\birthdays.gif <-- skate-world.net /public_html/forum/style_images/Kazaa-Li-465 birthdays.gif
2003.10.10 16:57 B E:\Documents and Settings\Adam Knox\My Documents\skate-world.net\ibforum\ivb1-3\skin graphics\Kazaa-Li-465\br_new.gif <-- skate-world.net /public_html/forum/style_images/Kazaa-Li-465 br_new.gif
2003.10.10 16:57 B E:\Documents and Settings\Adam Knox\My Documents\skate-world.net\ibforum\ivb1-3\skin graphics\Kazaa-Li-465\br_nonew.gif <-- skate-world.net /public_html/forum/style_images/Kazaa-Li-465 br_nonew.gif
2003.10.10 16:57 B E:\Documents and Settings\Adam Knox\My Documents\skate-world.net\ibforum\ivb1-3\skin graphics\Kazaa-Li-465\calendar.gif <-- skate-world.net /public_html/forum/style_images/Kazaa-Li-465 calendar.gif
2003.10.10 16:57 B E:\Documents and Settings\Adam Knox\My Documents\skate-world.net\ibforum\ivb1-3\skin graphics\Kazaa-Li-465\dark_line.gif <-- skate-world.net /public_html/forum/style_images/Kazaa-Li-465 dark_line.gif
2003.10.10 16:57 B E:\Documents and Settings\Adam Knox\My Documents\skate-world.net\ibforum\ivb1-3\skin graphics\Kazaa-Li-465\f_closed.gif <-- skate-world.net /public_html/forum/style_images/Kazaa-Li-465 f_closed.gif
2003.10.10 16:57 B E:\Documents and Settings\Adam Knox\My Documents\skate-world.net\ibforum\ivb1-3\skin graphics\Kazaa-Li-465\f_hot.gif <-- skate-world.net /public_html/forum/style_images/Kazaa-Li-465 f_hot.gif
2003.10.10 16:57 B E:\Documents and Settings\Adam Knox\My Documents\skate-world.net\ibforum\ivb1-3\skin graphics\Kazaa-Li-465\f_hot_dot.gif <-- skate-world.net /public_html/forum/style_images/Kazaa-Li-465 f_hot_dot.gif
2003.10.10 16:57 B E:\Documents and Settings\Adam Knox\My Documents\skate-world.net\ibforum\ivb1-3\skin graphics\Kazaa-Li-465\f_hot_no.gif <-- skate-world.net /public_html/forum/style_images/Kazaa-Li-465 f_hot_no.gif
2003.10.10 16:57 B E:\Documents and Settings\Adam Knox\My Documents\skate-world.net\ibforum\ivb1-3\skin graphics\Kazaa-Li-465\f_hot_no_dot.gif <-- skate-world.net /public_html/forum/style_images/Kazaa-Li-465 f_hot_no_dot.gif
2003.10.10 16:57 B E:\Documents and Settings\Adam Knox\My Documents\skate-world.net\ibforum\ivb1-3\skin graphics\Kazaa-Li-465\f_moved.gif <-- skate-world.net /public_html/forum/style_images/Kazaa-Li-465 f_moved.gif
2003.10.10 16:57 B E:\Documents and Settings\Adam Knox\My Documents\skate-world.net\ibforum\ivb1-3\skin graphics\Kazaa-Li-465\f_norm.gif <-- skate-world.net /public_html/forum/style_images/Kazaa-Li-465 f_norm.gif
2003.10.10 16:57 B E:\Documents and Settings\Adam Knox\My Documents\skate-world.net\ibforum\ivb1-3\skin graphics\Kazaa-Li-465\f_norm_dot.gif <-- skate-world.net /public_html/forum/style_images/Kazaa-Li-465 f_norm_dot.gif
2003.10.10 16:57 B E:\Documents and Settings\Adam Knox\My Documents\skate-world.net\ibforum\ivb1-3\skin graphics\Kazaa-Li-465\f_norm_no.gif <-- skate-world.net /public_html/forum/style_images/Kazaa-Li-465 f_norm_no.gif
2003.10.10 16:57 B E:\Documents and Settings\Adam Knox\My Documents\skate-world.net\ibforum\ivb1-3\skin graphics\Kazaa-Li-465\f_norm_no_dot.gif <-- skate-world.net /public_html/forum/style_images/Kazaa-Li-465 f_norm_no_dot.gif
2003.10.10 16:57 B E:\Documents and Settings\Adam Knox\My Documents\skate-world.net\ibforum\ivb1-3\skin graphics\Kazaa-Li-465\f_pinned.gif <-- skate-world.net /public_html/forum/style_images/Kazaa-Li-465 f_pinned.gif
2003.10.10 16:57 B E:\Documents and Settings\Adam Knox\My Documents\skate-world.net\ibforum\ivb1-3\skin graphics\Kazaa-Li-465\f_poll.gif <-- skate-world.net /public_html/forum/style_images/Kazaa-Li-465 f_poll.gif
2003.10.10 16:57 B E:\Documents and Settings\Adam Knox\My Documents\skate-world.net\ibforum\ivb1-3\skin graphics\Kazaa-Li-465\f_poll_dot.gif <-- skate-world.net /public_html/forum/style_images/Kazaa-Li-465 f_poll_dot.gif
2003.10.10 16:57 B E:\Documents and Settings\Adam Knox\My Documents\skate-world.net\ibforum\ivb1-3\skin graphics\Kazaa-Li-465\f_poll_no.gif <-- skate-world.net /public_html/forum/style_images/Kazaa-Li-465 f_poll_no.gif
2003.10.10 16:57 B E:\Documents and Settings\Adam Knox\My Documents\skate-world.net\ibforum\ivb1-3\skin graphics\Kazaa-Li-465\f_poll_no_dot.gif <-- skate-world.net /public_html/forum/style_images/Kazaa-Li-465 f_poll_no_dot.gif
2003.10.10 16:57 B E:\Documents and Settings\Adam Knox\My Documents\skate-world.net\ibforum\ivb1-3\skin graphics\Kazaa-Li-465\header_tile.gif <-- skate-world.net /public_html/forum/style_images/Kazaa-Li-465 header_tile.gif
2003.10.10 16:57 B E:\Documents and Settings\Adam Knox\My Documents\skate-world.net\ibforum\ivb1-3\skin graphics\Kazaa-Li-465\IBFlogo.jpg <-- skate-world.net /public_html/forum/style_images/Kazaa-Li-465 IBFlogo.jpg
2003.10.10 16:57 B E:\Documents and Settings\Adam Knox\My Documents\skate-world.net\ibforum\ivb1-3\skin graphics\Kazaa-Li-465\icon0.gif <-- skate-world.net /public_html/forum/style_images/Kazaa-Li-465 icon0.gif
2003.10.10 16:57 B E:\Documents and Settings\Adam Knox\My Documents\skate-world.net\ibforum\ivb1-3\skin graphics\Kazaa-Li-465\icon1.gif <-- skate-world.net /public_html/forum/style_images/Kazaa-Li-465 icon1.gif
2003.10.10 16:57 B E:\Documents and Settings\Adam Knox\My Documents\skate-world.net\ibforum\ivb1-3\skin graphics\Kazaa-Li-465\icon10.gif <-- skate-world.net /public_html/forum/style_images/Kazaa-Li-465 icon10.gif
2003.10.10 16:57 B E:\Documents and Settings\Adam Knox\My Documents\skate-world.net\ibforum\ivb1-3\skin graphics\Kazaa-Li-465\icon11.gif <-- skate-world.net /public_html/forum/style_images/Kazaa-Li-465 icon11.gif
2003.10.10 16:57 B E:\Documents and Settings\Adam Knox\My Documents\skate-world.net\ibforum\ivb1-3\skin graphics\Kazaa-Li-465\icon12.gif <-- skate-world.net /public_html/forum/style_images/Kazaa-Li-465 icon12.gif
2003.10.10 16:57 B E:\Documents and Settings\Adam Knox\My Documents\skate-world.net\ibforum\ivb1-3\skin graphics\Kazaa-Li-465\icon13.gif <-- skate-world.net /public_html/forum/style_images/Kazaa-Li-465 icon13.gif
2003.10.10 16:57 B E:\Documents and Settings\Adam Knox\My Documents\skate-world.net\ibforum\ivb1-3\skin graphics\Kazaa-Li-465\icon14.gif <-- skate-world.net /public_html/forum/style_images/Kazaa-Li-465 icon14.gif
2003.10.10 16:57 B E:\Documents and Settings\Adam Knox\My Documents\skate-world.net\ibforum\ivb1-3\skin graphics\Kazaa-Li-465\icon15.gif <-- skate-world.net /public_html/forum/style_images/Kazaa-Li-465 icon15.gif
2003.10.10 16:57 B E:\Documents and Settings\Adam Knox\My Documents\skate-world.net\ibforum\ivb1-3\skin graphics\Kazaa-Li-465\icon16.gif <-- skate-world.net /public_html/forum/style_images/Kazaa-Li-465 icon16.gif
2003.10.10 16:57 B E:\Documents and Settings\Adam Knox\My Documents\skate-world.net\ibforum\ivb1-3\skin graphics\Kazaa-Li-465\icon17.gif <-- skate-world.net /public_html/forum/style_images/Kazaa-Li-465 icon17.gif
2003.10.10 16:57 B E:\Documents and Settings\Adam Knox\My Documents\skate-world.net\ibforum\ivb1-3\skin graphics\Kazaa-Li-465\icon18.gif <-- skate-world.net /public_html/forum/style_images/Kazaa-Li-465 icon18.gif
2003.10.10 16:57 B E:\Documents and Settings\Adam Knox\My Documents\skate-world.net\ibforum\ivb1-3\skin graphics\Kazaa-Li-465\icon2.gif <-- skate-world.net /public_html/forum/style_images/Kazaa-Li-465 icon2.gif
2003.10.10 16:57 B E:\Documents and Settings\Adam Knox\My Documents\skate-world.net\ibforum\ivb1-3\skin graphics\Kazaa-Li-465\icon3.gif <-- skate-world.net /public_html/forum/style_images/Kazaa-Li-465 icon3.gif
2003.10.10 16:57 B E:\Documents and Settings\Adam Knox\My Documents\skate-world.net\ibforum\ivb1-3\skin graphics\Kazaa-Li-465\icon4.gif <-- skate-world.net /public_html/forum/style_images/Kazaa-Li-465 icon4.gif
2003.10.10 16:57 B E:\Documents and Settings\Adam Knox\My Documents\skate-world.net\ibforum\ivb1-3\skin graphics\Kazaa-Li-465\icon5.gif <-- skate-world.net /public_html/forum/style_images/Kazaa-Li-465 icon5.gif
2003.10.10 16:57 B E:\Documents and Settings\Adam Knox\My Documents\skate-world.net\ibforum\ivb1-3\skin graphics\Kazaa-Li-465\icon6.gif <-- skate-world.net /public_html/forum/style_images/Kazaa-Li-465 icon6.gif
2003.10.10 16:57 B E:\Documents and Settings\Adam Knox\My Documents\skate-world.net\ibforum\ivb1-3\skin graphics\Kazaa-Li-465\icon7.gif <-- skate-world.net /public_html/forum/style_images/Kazaa-Li-465 icon7.gif
2003.10.10 16:57 B E:\Documents and Settings\Adam Knox\My Documents\skate-world.net\ibforum\ivb1-3\skin graphics\Kazaa-Li-465\icon8.gif <-- skate-world.net /public_html/forum/style_images/Kazaa-Li-465 icon8.gif
2003.10.10 16:57 B E:\Documents and Settings\Adam Knox\My Documents\skate-world.net\ibforum\ivb1-3\skin graphics\Kazaa-Li-465\icon9.gif <-- skate-world.net /public_html/forum/style_images/Kazaa-Li-465 icon9.gif
2003.10.10 16:57 B E:\Documents and Settings\Adam Knox\My Documents\skate-world.net\ibforum\ivb1-3\skin graphics\Kazaa-Li-465\icon99.gif <-- skate-world.net /public_html/forum/style_images/Kazaa-Li-465 icon99.gif
2003.10.10 16:57 B E:\Documents and Settings\Adam Knox\My Documents\skate-world.net\ibforum\ivb1-3\skin graphics\Kazaa-Li-465\icon_clndr.gif <-- skate-world.net /public_html/forum/style_images/Kazaa-Li-465 icon_clndr.gif
2003.10.10 16:57 B E:\Documents and Settings\Adam Knox\My Documents\skate-world.net\ibforum\ivb1-3\skin graphics\Kazaa-Li-465\icon_div.gif <-- skate-world.net /public_html/forum/style_images/Kazaa-Li-465 icon_div.gif
2003.10.10 16:57 B E:\Documents and Settings\Adam Knox\My Documents\skate-world.net\ibforum\ivb1-3\skin graphics\Kazaa-Li-465\icon_help.gif <-- skate-world.net /public_html/forum/style_images/Kazaa-Li-465 icon_help.gif
2003.10.10 16:57 B E:\Documents and Settings\Adam Knox\My Documents\skate-world.net\ibforum\ivb1-3\skin graphics\Kazaa-Li-465\icon_members.gif <-- skate-world.net /public_html/forum/style_images/Kazaa-Li-465 icon_members.gif
2003.10.10 16:57 B E:\Documents and Settings\Adam Knox\My Documents\skate-world.net\ibforum\ivb1-3\skin graphics\Kazaa-Li-465\icon_msg_new.gif <-- skate-world.net /public_html/forum/style_images/Kazaa-Li-465 icon_msg_new.gif
2003.10.10 16:57 B E:\Documents and Settings\Adam Knox\My Documents\skate-world.net\ibforum\ivb1-3\skin graphics\Kazaa-Li-465\icon_msg_new_dis.gif <-- skate-world.net /public_html/forum/style_images/Kazaa-Li-465 icon_msg_new_dis.gif
2003.10.10 16:57 B E:\Documents and Settings\Adam Knox\My Documents\skate-world.net\ibforum\ivb1-3\skin graphics\Kazaa-Li-465\icon_msg_nonew.gif <-- skate-world.net /public_html/forum/style_images/Kazaa-Li-465 icon_msg_nonew.gif
2003.10.10 16:57 B E:\Documents and Settings\Adam Knox\My Documents\skate-world.net\ibforum\ivb1-3\skin graphics\Kazaa-Li-465\icon_msg_nonew_dis.gif <-- skate-world.net /public_html/forum/style_images/Kazaa-Li-465 icon_msg_nonew_dis.gif
2003.10.10 16:57 B E:\Documents and Settings\Adam Knox\My Documents\skate-world.net\ibforum\ivb1-3\skin graphics\Kazaa-Li-465\icon_search.gif <-- skate-world.net /public_html/forum/style_images/Kazaa-Li-465 icon_search.gif
2003.10.10 16:57 B E:\Documents and Settings\Adam Knox\My Documents\skate-world.net\ibforum\ivb1-3\skin graphics\Kazaa-Li-465\index.html <-- skate-world.net /public_html/forum/style_images/Kazaa-Li-465 index.html
2003.10.10 16:58 B E:\Documents and Settings\Adam Knox\My Documents\skate-world.net\ibforum\ivb1-3\skin graphics\Kazaa-Li-465\logo.jpg <-- skate-world.net /public_html/forum/style_images/Kazaa-Li-465 logo.jpg
2003.10.10 16:58 B E:\Documents and Settings\Adam Knox\My Documents\skate-world.net\ibforum\ivb1-3\skin graphics\Kazaa-Li-465\logo1.jpg <-- skate-world.net /public_html/forum/style_images/Kazaa-Li-465 logo1.jpg
2003.10.10 16:58 B E:\Documents and Settings\Adam Knox\My Documents\skate-world.net\ibforum\ivb1-3\skin graphics\Kazaa-Li-465\nav.gif <-- skate-world.net /public_html/forum/style_images/Kazaa-Li-465 nav.gif
2003.10.10 16:58 B E:\Documents and Settings\Adam Knox\My Documents\skate-world.net\ibforum\ivb1-3\skin graphics\Kazaa-Li-465\nav_m.gif <-- skate-world.net /public_html/forum/style_images/Kazaa-Li-465 nav_m.gif
2003.10.10 16:58 B E:\Documents and Settings\Adam Knox\My Documents\skate-world.net\ibforum\ivb1-3\skin graphics\Kazaa-Li-465\nav_m_dark.gif <-- skate-world.net /public_html/forum/style_images/Kazaa-Li-465 nav_m_dark.gif
2003.10.10 16:58 B E:\Documents and Settings\Adam Knox\My Documents\skate-world.net\ibforum\ivb1-3\skin graphics\Kazaa-Li-465\newpost.gif <-- skate-world.net /public_html/forum/style_images/Kazaa-Li-465 newpost.gif
2003.10.10 16:58 B E:\Documents and Settings\Adam Knox\My Documents\skate-world.net\ibforum\ivb1-3\skin graphics\Kazaa-Li-465\p_aim.gif <-- skate-world.net /public_html/forum/style_images/Kazaa-Li-465 p_aim.gif
2003.10.10 16:58 B E:\Documents and Settings\Adam Knox\My Documents\skate-world.net\ibforum\ivb1-3\skin graphics\Kazaa-Li-465\p_delete.gif <-- skate-world.net /public_html/forum/style_images/Kazaa-Li-465 p_delete.gif
2003.10.10 16:58 B E:\Documents and Settings\Adam Knox\My Documents\skate-world.net\ibforum\ivb1-3\skin graphics\Kazaa-Li-465\p_edit.gif <-- skate-world.net /public_html/forum/style_images/Kazaa-Li-465 p_edit.gif
2003.10.10 16:58 B E:\Documents and Settings\Adam Knox\My Documents\skate-world.net\ibforum\ivb1-3\skin graphics\Kazaa-Li-465\p_email.gif <-- skate-world.net /public_html/forum/style_images/Kazaa-Li-465 p_email.gif
2003.10.10 16:58 B E:\Documents and Settings\Adam Knox\My Documents\skate-world.net\ibforum\ivb1-3\skin graphics\Kazaa-Li-465\p_icq.gif <-- skate-world.net /public_html/forum/style_images/Kazaa-Li-465 p_icq.gif
2003.10.10 16:58 B E:\Documents and Settings\Adam Knox\My Documents\skate-world.net\ibforum\ivb1-3\skin graphics\Kazaa-Li-465\p_msn.gif <-- skate-world.net /public_html/forum/style_images/Kazaa-Li-465 p_msn.gif
2003.10.10 16:58 B E:\Documents and Settings\Adam Knox\My Documents\skate-world.net\ibforum\ivb1-3\skin graphics\Kazaa-Li-465\p_pm.gif <-- skate-world.net /public_html/forum/style_images/Kazaa-Li-465 p_pm.gif
2003.10.10 16:58 B E:\Documents and Settings\Adam Knox\My Documents\skate-world.net\ibforum\ivb1-3\skin graphics\Kazaa-Li-465\p_quote.gif <-- skate-world.net /public_html/forum/style_images/Kazaa-Li-465 p_quote.gif
2003.10.10 16:58 B E:\Documents and Settings\Adam Knox\My Documents\skate-world.net\ibforum\ivb1-3\skin graphics\Kazaa-Li-465\p_up.gif <-- skate-world.net /public_html/forum/style_images/Kazaa-Li-465 p_up.gif
2003.10.10 16:58 B E:\Documents and Settings\Adam Knox\My Documents\skate-world.net\ibforum\ivb1-3\skin graphics\Kazaa-Li-465\p_www.gif <-- skate-world.net /public_html/forum/style_images/Kazaa-Li-465 p_www.gif
2003.10.10 16:58 B E:\Documents and Settings\Adam Knox\My Documents\skate-world.net\ibforum\ivb1-3\skin graphics\Kazaa-Li-465\p_yim.gif <-- skate-world.net /public_html/forum/style_images/Kazaa-Li-465 p_yim.gif
2003.10.10 16:58 B E:\Documents and Settings\Adam Knox\My Documents\skate-world.net\ibforum\ivb1-3\skin graphics\Kazaa-Li-465\pip.gif <-- skate-world.net /public_html/forum/style_images/Kazaa-Li-465 pip.gif
2003.10.10 16:58 B E:\Documents and Settings\Adam Knox\My Documents\skate-world.net\ibforum\ivb1-3\skin graphics\Kazaa-Li-465\remove.gif <-- skate-world.net /public_html/forum/style_images/Kazaa-Li-465 remove.gif
2003.10.10 16:58 B E:\Documents and Settings\Adam Knox\My Documents\skate-world.net\ibforum\ivb1-3\skin graphics\Kazaa-Li-465\spacer.gif <-- skate-world.net /public_html/forum/style_images/Kazaa-Li-465 spacer.gif
2003.10.10 16:58 B E:\Documents and Settings\Adam Knox\My Documents\skate-world.net\ibforum\ivb1-3\skin graphics\Kazaa-Li-465\stats.gif <-- skate-world.net /public_html/forum/style_images/Kazaa-Li-465 stats.gif
2003.10.10 16:58 B E:\Documents and Settings\Adam Knox\My Documents\skate-world.net\ibforum\ivb1-3\skin graphics\Kazaa-Li-465\t_closed.gif <-- skate-world.net /public_html/forum/style_images/Kazaa-Li-465 t_closed.gif
2003.10.10 16:58 B E:\Documents and Settings\Adam Knox\My Documents\skate-world.net\ibforum\ivb1-3\skin graphics\Kazaa-Li-465\t_moved.gif <-- skate-world.net /public_html/forum/style_images/Kazaa-Li-465 t_moved.gif
2003.10.10 16:58 B E:\Documents and Settings\Adam Knox\My Documents\skate-world.net\ibforum\ivb1-3\skin graphics\Kazaa-Li-465\t_new.gif <-- skate-world.net /public_html/forum/style_images/Kazaa-Li-465 t_new.gif
2003.10.10 16:58 B E:\Documents and Settings\Adam Knox\My Documents\skate-world.net\ibforum\ivb1-3\skin graphics\Kazaa-Li-465\t_poll.gif <-- skate-world.net /public_html/forum/style_images/Kazaa-Li-465 t_poll.gif
2003.10.10 16:58 B E:\Documents and Settings\Adam Knox\My Documents\skate-world.net\ibforum\ivb1-3\skin graphics\Kazaa-Li-465\t_reply.gif <-- skate-world.net /public_html/forum/style_images/Kazaa-Li-465 t_reply.gif
2003.10.10 16:58 B E:\Documents and Settings\Adam Knox\My Documents\skate-world.net\ibforum\ivb1-3\skin graphics\Kazaa-Li-465\tile_back.gif <-- skate-world.net /public_html/forum/style_images/Kazaa-Li-465 tile_back.gif
2003.10.10 16:58 B E:\Documents and Settings\Adam Knox\My Documents\skate-world.net\ibforum\ivb1-3\skin graphics\Kazaa-Li-465\tile_back_small.gif <-- skate-world.net /public_html/forum/style_images/Kazaa-Li-465 tile_back_small.gif
2003.10.10 16:58 B E:\Documents and Settings\Adam Knox\My Documents\skate-world.net\ibforum\ivb1-3\skin graphics\Kazaa-Li-465\tile_sub.gif <-- skate-world.net /public_html/forum/style_images/Kazaa-Li-465 tile_sub.gif
2003.10.10 16:58 B E:\Documents and Settings\Adam Knox\My Documents\skate-world.net\ibforum\ivb1-3\skin graphics\Kazaa-Li-465\user.gif <-- skate-world.net /public_html/forum/style_images/Kazaa-Li-465 user.gif
