2003.10.10 16:39 B E:\Documents and Settings\Adam Knox\My Documents\skate-world.net\ibforum\ivb1-3\skin graphics\Bluetube-479\add.gif <-- skate-world.net /public_html/forum/style_images/Bluetube-479 add.gif
2003.10.10 16:39 B E:\Documents and Settings\Adam Knox\My Documents\skate-world.net\ibforum\ivb1-3\skin graphics\Bluetube-479\addresscard.gif <-- skate-world.net /public_html/forum/style_images/Bluetube-479 addresscard.gif
2003.10.10 16:39 B E:\Documents and Settings\Adam Knox\My Documents\skate-world.net\ibforum\ivb1-3\skin graphics\Bluetube-479\atb_calendar.gif <-- skate-world.net /public_html/forum/style_images/Bluetube-479 atb_calendar.gif
2003.10.10 16:39 B E:\Documents and Settings\Adam Knox\My Documents\skate-world.net\ibforum\ivb1-3\skin graphics\Bluetube-479\atb_chat.gif <-- skate-world.net /public_html/forum/style_images/Bluetube-479 atb_chat.gif
2003.10.10 16:39 B E:\Documents and Settings\Adam Knox\My Documents\skate-world.net\ibforum\ivb1-3\skin graphics\Bluetube-479\atb_guide.gif <-- skate-world.net /public_html/forum/style_images/Bluetube-479 atb_guide.gif
2003.10.10 16:39 B E:\Documents and Settings\Adam Knox\My Documents\skate-world.net\ibforum\ivb1-3\skin graphics\Bluetube-479\atb_help.gif <-- skate-world.net /public_html/forum/style_images/Bluetube-479 atb_help.gif
2003.10.10 16:39 B E:\Documents and Settings\Adam Knox\My Documents\skate-world.net\ibforum\ivb1-3\skin graphics\Bluetube-479\atb_home.gif <-- skate-world.net /public_html/forum/style_images/Bluetube-479 atb_home.gif
2003.10.10 16:39 B E:\Documents and Settings\Adam Knox\My Documents\skate-world.net\ibforum\ivb1-3\skin graphics\Bluetube-479\atb_members.gif <-- skate-world.net /public_html/forum/style_images/Bluetube-479 atb_members.gif
2003.10.10 16:39 B E:\Documents and Settings\Adam Knox\My Documents\skate-world.net\ibforum\ivb1-3\skin graphics\Bluetube-479\atb_search.gif <-- skate-world.net /public_html/forum/style_images/Bluetube-479 atb_search.gif
2003.10.10 16:39 B E:\Documents and Settings\Adam Knox\My Documents\skate-world.net\ibforum\ivb1-3\skin graphics\Bluetube-479\bar.gif <-- skate-world.net /public_html/forum/style_images/Bluetube-479 bar.gif
2003.10.10 16:39 B E:\Documents and Settings\Adam Knox\My Documents\skate-world.net\ibforum\ivb1-3\skin graphics\Bluetube-479\bar_left.gif <-- skate-world.net /public_html/forum/style_images/Bluetube-479 bar_left.gif
2003.10.10 16:39 B E:\Documents and Settings\Adam Knox\My Documents\skate-world.net\ibforum\ivb1-3\skin graphics\Bluetube-479\bar_right.gif <-- skate-world.net /public_html/forum/style_images/Bluetube-479 bar_right.gif
2003.10.10 16:48 B E:\Documents and Settings\Adam Knox\My Documents\skate-world.net\ibforum\ivb1-3\skin graphics\Bluetube-479\bc_new.gif <-- skate-world.net /public_html/forum/style_images/Bluetube-479 bc_new.gif
2003.10.10 16:49 B E:\Documents and Settings\Adam Knox\My Documents\skate-world.net\ibforum\ivb1-3\skin graphics\Bluetube-479\skateworld.gif --> skate-world.net /public_html/forum/style_images/Bluetube-479 skateworld.gif
2003.10.10 16:49 B E:\Documents and Settings\Adam Knox\My Documents\skate-world.net\ibforum\ivb1-3\skin graphics\Bluetube-479\bc_nonew.gif <-- skate-world.net /public_html/forum/style_images/Bluetube-479 bc_nonew.gif
2003.10.10 16:49 B E:\Documents and Settings\Adam Knox\My Documents\skate-world.net\ibforum\ivb1-3\skin graphics\Bluetube-479\bf_new.gif <-- skate-world.net /public_html/forum/style_images/Bluetube-479 bf_new.gif
2003.10.10 16:50 B E:\Documents and Settings\Adam Knox\My Documents\skate-world.net\ibforum\ivb1-3\skin graphics\Bluetube-479\bf_new.psd <-- skate-world.net /public_html/forum/style_images/Bluetube-479 bf_new.psd
2003.10.10 16:50 B E:\Documents and Settings\Adam Knox\My Documents\skate-world.net\ibforum\ivb1-3\skin graphics\Bluetube-479\bf_nonew.gif <-- skate-world.net /public_html/forum/style_images/Bluetube-479 bf_nonew.gif
2003.10.10 16:50 B E:\Documents and Settings\Adam Knox\My Documents\skate-world.net\ibforum\ivb1-3\skin graphics\Bluetube-479\bf_nonew.psd <-- skate-world.net /public_html/forum/style_images/Bluetube-479 bf_nonew.psd
2003.10.10 16:50 B E:\Documents and Settings\Adam Knox\My Documents\skate-world.net\ibforum\ivb1-3\skin graphics\Bluetube-479\bf_readonly.gif <-- skate-world.net /public_html/forum/style_images/Bluetube-479 bf_readonly.gif
2003.10.10 16:50 B E:\Documents and Settings\Adam Knox\My Documents\skate-world.net\ibforum\ivb1-3\skin graphics\Bluetube-479\bf_readonly.psd <-- skate-world.net /public_html/forum/style_images/Bluetube-479 bf_readonly.psd
2003.10.10 16:50 B E:\Documents and Settings\Adam Knox\My Documents\skate-world.net\ibforum\ivb1-3\skin graphics\Bluetube-479\bg.gif <-- skate-world.net /public_html/forum/style_images/Bluetube-479 bg.gif
2003.10.10 16:50 B E:\Documents and Settings\Adam Knox\My Documents\skate-world.net\ibforum\ivb1-3\skin graphics\Bluetube-479\birthdays.gif <-- skate-world.net /public_html/forum/style_images/Bluetube-479 birthdays.gif
2003.10.10 16:50 B E:\Documents and Settings\Adam Knox\My Documents\skate-world.net\ibforum\ivb1-3\skin graphics\Bluetube-479\br_new.gif <-- skate-world.net /public_html/forum/style_images/Bluetube-479 br_new.gif
2003.10.10 16:50 B E:\Documents and Settings\Adam Knox\My Documents\skate-world.net\ibforum\ivb1-3\skin graphics\Bluetube-479\br_nonew.gif <-- skate-world.net /public_html/forum/style_images/Bluetube-479 br_nonew.gif
2003.10.10 16:50 B E:\Documents and Settings\Adam Knox\My Documents\skate-world.net\ibforum\ivb1-3\skin graphics\Bluetube-479\br_redirect.gif <-- skate-world.net /public_html/forum/style_images/Bluetube-479 br_redirect.gif
2003.10.10 16:50 B E:\Documents and Settings\Adam Knox\My Documents\skate-world.net\ibforum\ivb1-3\skin graphics\Bluetube-479\cal_newevent.gif <-- skate-world.net /public_html/forum/style_images/Bluetube-479 cal_newevent.gif
2003.10.10 16:50 B E:\Documents and Settings\Adam Knox\My Documents\skate-world.net\ibforum\ivb1-3\skin graphics\Bluetube-479\calender.gif <-- skate-world.net /public_html/forum/style_images/Bluetube-479 calender.gif
2003.10.10 16:50 B E:\Documents and Settings\Adam Knox\My Documents\skate-world.net\ibforum\ivb1-3\skin graphics\Bluetube-479\camera.gif <-- skate-world.net /public_html/forum/style_images/Bluetube-479 camera.gif
2003.10.10 16:50 B E:\Documents and Settings\Adam Knox\My Documents\skate-world.net\ibforum\ivb1-3\skin graphics\Bluetube-479\cat_alt1.gif <-- skate-world.net /public_html/forum/style_images/Bluetube-479 cat_alt1.gif
2003.10.10 16:50 B E:\Documents and Settings\Adam Knox\My Documents\skate-world.net\ibforum\ivb1-3\skin graphics\Bluetube-479\cat_alt2.gif <-- skate-world.net /public_html/forum/style_images/Bluetube-479 cat_alt2.gif
2003.10.10 16:50 B E:\Documents and Settings\Adam Knox\My Documents\skate-world.net\ibforum\ivb1-3\skin graphics\Bluetube-479\cat_bl.gif <-- skate-world.net /public_html/forum/style_images/Bluetube-479 cat_bl.gif
2003.10.10 16:50 B E:\Documents and Settings\Adam Knox\My Documents\skate-world.net\ibforum\ivb1-3\skin graphics\Bluetube-479\cat_br.gif <-- skate-world.net /public_html/forum/style_images/Bluetube-479 cat_br.gif
2003.10.10 16:50 B E:\Documents and Settings\Adam Knox\My Documents\skate-world.net\ibforum\ivb1-3\skin graphics\Bluetube-479\cat_l.gif <-- skate-world.net /public_html/forum/style_images/Bluetube-479 cat_l.gif
2003.10.10 16:50 B E:\Documents and Settings\Adam Knox\My Documents\skate-world.net\ibforum\ivb1-3\skin graphics\Bluetube-479\cat_r.gif <-- skate-world.net /public_html/forum/style_images/Bluetube-479 cat_r.gif
2003.10.10 16:50 B E:\Documents and Settings\Adam Knox\My Documents\skate-world.net\ibforum\ivb1-3\skin graphics\Bluetube-479\chris.jpg <-- skate-world.net /public_html/forum/style_images/Bluetube-479 chris.jpg
2003.10.10 16:50 B E:\Documents and Settings\Adam Knox\My Documents\skate-world.net\ibforum\ivb1-3\skin graphics\Bluetube-479\cs_email.gif <-- skate-world.net /public_html/forum/style_images/Bluetube-479 cs_email.gif
2003.10.10 16:50 B E:\Documents and Settings\Adam Knox\My Documents\skate-world.net\ibforum\ivb1-3\skin graphics\Bluetube-479\cs_page.gif <-- skate-world.net /public_html/forum/style_images/Bluetube-479 cs_page.gif
2003.10.10 16:50 B E:\Documents and Settings\Adam Knox\My Documents\skate-world.net\ibforum\ivb1-3\skin graphics\Bluetube-479\cs_print.gif <-- skate-world.net /public_html/forum/style_images/Bluetube-479 cs_print.gif
2003.10.10 16:51 B E:\Documents and Settings\Adam Knox\My Documents\skate-world.net\ibforum\ivb1-3\skin graphics\Bluetube-479\dark_line.gif <-- skate-world.net /public_html/forum/style_images/Bluetube-479 dark_line.gif
2003.10.10 16:51 B E:\Documents and Settings\Adam Knox\My Documents\skate-world.net\ibforum\ivb1-3\skin graphics\Bluetube-479\f_closed.gif <-- skate-world.net /public_html/forum/style_images/Bluetube-479 f_closed.gif
2003.10.10 16:51 B E:\Documents and Settings\Adam Knox\My Documents\skate-world.net\ibforum\ivb1-3\skin graphics\Bluetube-479\f_hot.gif <-- skate-world.net /public_html/forum/style_images/Bluetube-479 f_hot.gif
2003.10.10 16:51 B E:\Documents and Settings\Adam Knox\My Documents\skate-world.net\ibforum\ivb1-3\skin graphics\Bluetube-479\f_hot_dot.gif <-- skate-world.net /public_html/forum/style_images/Bluetube-479 f_hot_dot.gif
2003.10.10 16:51 B E:\Documents and Settings\Adam Knox\My Documents\skate-world.net\ibforum\ivb1-3\skin graphics\Bluetube-479\f_hot_no.gif <-- skate-world.net /public_html/forum/style_images/Bluetube-479 f_hot_no.gif
2003.10.10 16:51 B E:\Documents and Settings\Adam Knox\My Documents\skate-world.net\ibforum\ivb1-3\skin graphics\Bluetube-479\f_hot_no_dot.gif <-- skate-world.net /public_html/forum/style_images/Bluetube-479 f_hot_no_dot.gif
2003.10.10 16:51 B E:\Documents and Settings\Adam Knox\My Documents\skate-world.net\ibforum\ivb1-3\skin graphics\Bluetube-479\f_moved.gif <-- skate-world.net /public_html/forum/style_images/Bluetube-479 f_moved.gif
2003.10.10 16:51 B E:\Documents and Settings\Adam Knox\My Documents\skate-world.net\ibforum\ivb1-3\skin graphics\Bluetube-479\f_norm.gif <-- skate-world.net /public_html/forum/style_images/Bluetube-479 f_norm.gif
2003.10.10 16:51 B E:\Documents and Settings\Adam Knox\My Documents\skate-world.net\ibforum\ivb1-3\skin graphics\Bluetube-479\f_norm_dot.gif <-- skate-world.net /public_html/forum/style_images/Bluetube-479 f_norm_dot.gif
2003.10.10 16:51 B E:\Documents and Settings\Adam Knox\My Documents\skate-world.net\ibforum\ivb1-3\skin graphics\Bluetube-479\f_norm_no.gif <-- skate-world.net /public_html/forum/style_images/Bluetube-479 f_norm_no.gif
2003.10.10 16:51 B E:\Documents and Settings\Adam Knox\My Documents\skate-world.net\ibforum\ivb1-3\skin graphics\Bluetube-479\f_norm_no_dot.gif <-- skate-world.net /public_html/forum/style_images/Bluetube-479 f_norm_no_dot.gif
2003.10.10 16:51 B E:\Documents and Settings\Adam Knox\My Documents\skate-world.net\ibforum\ivb1-3\skin graphics\Bluetube-479\f_pinned.gif <-- skate-world.net /public_html/forum/style_images/Bluetube-479 f_pinned.gif
2003.10.10 16:51 B E:\Documents and Settings\Adam Knox\My Documents\skate-world.net\ibforum\ivb1-3\skin graphics\Bluetube-479\f_poll.gif <-- skate-world.net /public_html/forum/style_images/Bluetube-479 f_poll.gif
2003.10.10 16:51 B E:\Documents and Settings\Adam Knox\My Documents\skate-world.net\ibforum\ivb1-3\skin graphics\Bluetube-479\f_poll_dot.gif <-- skate-world.net /public_html/forum/style_images/Bluetube-479 f_poll_dot.gif
2003.10.10 16:51 B E:\Documents and Settings\Adam Knox\My Documents\skate-world.net\ibforum\ivb1-3\skin graphics\Bluetube-479\f_poll_no.gif <-- skate-world.net /public_html/forum/style_images/Bluetube-479 f_poll_no.gif
2003.10.10 16:51 B E:\Documents and Settings\Adam Knox\My Documents\skate-world.net\ibforum\ivb1-3\skin graphics\Bluetube-479\f_poll_no_dot.gif <-- skate-world.net /public_html/forum/style_images/Bluetube-479 f_poll_no_dot.gif
2003.10.10 16:51 B E:\Documents and Settings\Adam Knox\My Documents\skate-world.net\ibforum\ivb1-3\skin graphics\Bluetube-479\forum_rules.gif <-- skate-world.net /public_html/forum/style_images/Bluetube-479 forum_rules.gif
2003.10.10 16:51 B E:\Documents and Settings\Adam Knox\My Documents\skate-world.net\ibforum\ivb1-3\skin graphics\Bluetube-479\header_left.jpg <-- skate-world.net /public_html/forum/style_images/Bluetube-479 header_left.jpg
2003.10.10 16:51 B E:\Documents and Settings\Adam Knox\My Documents\skate-world.net\ibforum\ivb1-3\skin graphics\Bluetube-479\header_right.jpg <-- skate-world.net /public_html/forum/style_images/Bluetube-479 header_right.jpg
2003.10.10 16:51 B E:\Documents and Settings\Adam Knox\My Documents\skate-world.net\ibforum\ivb1-3\skin graphics\Bluetube-479\header_tile.gif <-- skate-world.net /public_html/forum/style_images/Bluetube-479 header_tile.gif
2003.10.10 16:51 B E:\Documents and Settings\Adam Knox\My Documents\skate-world.net\ibforum\ivb1-3\skin graphics\Bluetube-479\icon0.gif <-- skate-world.net /public_html/forum/style_images/Bluetube-479 icon0.gif
2003.10.10 16:51 B E:\Documents and Settings\Adam Knox\My Documents\skate-world.net\ibforum\ivb1-3\skin graphics\Bluetube-479\icon1.gif <-- skate-world.net /public_html/forum/style_images/Bluetube-479 icon1.gif
2003.10.10 16:51 B E:\Documents and Settings\Adam Knox\My Documents\skate-world.net\ibforum\ivb1-3\skin graphics\Bluetube-479\icon10.gif <-- skate-world.net /public_html/forum/style_images/Bluetube-479 icon10.gif
2003.10.10 16:51 B E:\Documents and Settings\Adam Knox\My Documents\skate-world.net\ibforum\ivb1-3\skin graphics\Bluetube-479\icon11.gif <-- skate-world.net /public_html/forum/style_images/Bluetube-479 icon11.gif
2003.10.10 16:51 B E:\Documents and Settings\Adam Knox\My Documents\skate-world.net\ibforum\ivb1-3\skin graphics\Bluetube-479\icon12.gif <-- skate-world.net /public_html/forum/style_images/Bluetube-479 icon12.gif
2003.10.10 16:51 B E:\Documents and Settings\Adam Knox\My Documents\skate-world.net\ibforum\ivb1-3\skin graphics\Bluetube-479\icon13.gif <-- skate-world.net /public_html/forum/style_images/Bluetube-479 icon13.gif
2003.10.10 16:51 B E:\Documents and Settings\Adam Knox\My Documents\skate-world.net\ibforum\ivb1-3\skin graphics\Bluetube-479\icon14.gif <-- skate-world.net /public_html/forum/style_images/Bluetube-479 icon14.gif
2003.10.10 16:51 B E:\Documents and Settings\Adam Knox\My Documents\skate-world.net\ibforum\ivb1-3\skin graphics\Bluetube-479\icon15.gif <-- skate-world.net /public_html/forum/style_images/Bluetube-479 icon15.gif
2003.10.10 16:51 B E:\Documents and Settings\Adam Knox\My Documents\skate-world.net\ibforum\ivb1-3\skin graphics\Bluetube-479\icon16.gif <-- skate-world.net /public_html/forum/style_images/Bluetube-479 icon16.gif
2003.10.10 16:51 B E:\Documents and Settings\Adam Knox\My Documents\skate-world.net\ibforum\ivb1-3\skin graphics\Bluetube-479\icon17.gif <-- skate-world.net /public_html/forum/style_images/Bluetube-479 icon17.gif
2003.10.10 16:51 B E:\Documents and Settings\Adam Knox\My Documents\skate-world.net\ibforum\ivb1-3\skin graphics\Bluetube-479\icon18.gif <-- skate-world.net /public_html/forum/style_images/Bluetube-479 icon18.gif
2003.10.10 16:51 B E:\Documents and Settings\Adam Knox\My Documents\skate-world.net\ibforum\ivb1-3\skin graphics\Bluetube-479\icon2.gif <-- skate-world.net /public_html/forum/style_images/Bluetube-479 icon2.gif
2003.10.10 16:51 B E:\Documents and Settings\Adam Knox\My Documents\skate-world.net\ibforum\ivb1-3\skin graphics\Bluetube-479\icon3.gif <-- skate-world.net /public_html/forum/style_images/Bluetube-479 icon3.gif
2003.10.10 16:51 B E:\Documents and Settings\Adam Knox\My Documents\skate-world.net\ibforum\ivb1-3\skin graphics\Bluetube-479\icon4.gif <-- skate-world.net /public_html/forum/style_images/Bluetube-479 icon4.gif
2003.10.10 16:52 B E:\Documents and Settings\Adam Knox\My Documents\skate-world.net\ibforum\ivb1-3\skin graphics\Bluetube-479\icon5.gif <-- skate-world.net /public_html/forum/style_images/Bluetube-479 icon5.gif
2003.10.10 16:52 B E:\Documents and Settings\Adam Knox\My Documents\skate-world.net\ibforum\ivb1-3\skin graphics\Bluetube-479\icon6.gif <-- skate-world.net /public_html/forum/style_images/Bluetube-479 icon6.gif
2003.10.10 16:52 B E:\Documents and Settings\Adam Knox\My Documents\skate-world.net\ibforum\ivb1-3\skin graphics\Bluetube-479\icon7.gif <-- skate-world.net /public_html/forum/style_images/Bluetube-479 icon7.gif
2003.10.10 16:52 B E:\Documents and Settings\Adam Knox\My Documents\skate-world.net\ibforum\ivb1-3\skin graphics\Bluetube-479\icon8.gif <-- skate-world.net /public_html/forum/style_images/Bluetube-479 icon8.gif
2003.10.10 16:52 B E:\Documents and Settings\Adam Knox\My Documents\skate-world.net\ibforum\ivb1-3\skin graphics\Bluetube-479\icon9.gif <-- skate-world.net /public_html/forum/style_images/Bluetube-479 icon9.gif
2003.10.10 16:52 B E:\Documents and Settings\Adam Knox\My Documents\skate-world.net\ibforum\ivb1-3\skin graphics\Bluetube-479\icon99.gif <-- skate-world.net /public_html/forum/style_images/Bluetube-479 icon99.gif
2003.10.10 16:52 B E:\Documents and Settings\Adam Knox\My Documents\skate-world.net\ibforum\ivb1-3\skin graphics\Bluetube-479\icon_div.gif <-- skate-world.net /public_html/forum/style_images/Bluetube-479 icon_div.gif
2003.10.10 16:52 B E:\Documents and Settings\Adam Knox\My Documents\skate-world.net\ibforum\ivb1-3\skin graphics\Bluetube-479\icon_help.gif <-- skate-world.net /public_html/forum/style_images/Bluetube-479 icon_help.gif
2003.10.10 16:52 B E:\Documents and Settings\Adam Knox\My Documents\skate-world.net\ibforum\ivb1-3\skin graphics\Bluetube-479\icon_members.gif <-- skate-world.net /public_html/forum/style_images/Bluetube-479 icon_members.gif
2003.10.10 16:52 B E:\Documents and Settings\Adam Knox\My Documents\skate-world.net\ibforum\ivb1-3\skin graphics\Bluetube-479\icon_msg_new.gif <-- skate-world.net /public_html/forum/style_images/Bluetube-479 icon_msg_new.gif
2003.10.10 16:52 B E:\Documents and Settings\Adam Knox\My Documents\skate-world.net\ibforum\ivb1-3\skin graphics\Bluetube-479\icon_msg_new_dis.gif <-- skate-world.net /public_html/forum/style_images/Bluetube-479 icon_msg_new_dis.gif
2003.10.10 16:52 B E:\Documents and Settings\Adam Knox\My Documents\skate-world.net\ibforum\ivb1-3\skin graphics\Bluetube-479\icon_msg_nonew.gif <-- skate-world.net /public_html/forum/style_images/Bluetube-479 icon_msg_nonew.gif
2003.10.10 16:52 B E:\Documents and Settings\Adam Knox\My Documents\skate-world.net\ibforum\ivb1-3\skin graphics\Bluetube-479\icon_msg_nonew_dis.gif <-- skate-world.net /public_html/forum/style_images/Bluetube-479 icon_msg_nonew_dis.gif
2003.10.10 16:52 B E:\Documents and Settings\Adam Knox\My Documents\skate-world.net\ibforum\ivb1-3\skin graphics\Bluetube-479\icon_search.gif <-- skate-world.net /public_html/forum/style_images/Bluetube-479 icon_search.gif
2003.10.10 16:52 B E:\Documents and Settings\Adam Knox\My Documents\skate-world.net\ibforum\ivb1-3\skin graphics\Bluetube-479\index.html <-- skate-world.net /public_html/forum/style_images/Bluetube-479 index.html
2003.10.10 16:52 B E:\Documents and Settings\Adam Knox\My Documents\skate-world.net\ibforum\ivb1-3\skin graphics\Bluetube-479\lastpost.gif <-- skate-world.net /public_html/forum/style_images/Bluetube-479 lastpost.gif
2003.10.10 16:52 B E:\Documents and Settings\Adam Knox\My Documents\skate-world.net\ibforum\ivb1-3\skin graphics\Bluetube-479\logo.jpg <-- skate-world.net /public_html/forum/style_images/Bluetube-479 logo.jpg
2003.10.10 16:52 B E:\Documents and Settings\Adam Knox\My Documents\skate-world.net\ibforum\ivb1-3\skin graphics\Bluetube-479\logo.psd <-- skate-world.net /public_html/forum/style_images/Bluetube-479 logo.psd
2003.10.10 16:53 B E:\Documents and Settings\Adam Knox\My Documents\skate-world.net\ibforum\ivb1-3\skin graphics\Bluetube-479\logo4.gif <-- skate-world.net /public_html/forum/style_images/Bluetube-479 logo4.gif
2003.10.10 16:53 B E:\Documents and Settings\Adam Knox\My Documents\skate-world.net\ibforum\ivb1-3\skin graphics\Bluetube-479\msg_l_addmem.gif <-- skate-world.net /public_html/forum/style_images/Bluetube-479 msg_l_addmem.gif
2003.10.10 16:53 B E:\Documents and Settings\Adam Knox\My Documents\skate-world.net\ibforum\ivb1-3\skin graphics\Bluetube-479\msg_l_delete.gif <-- skate-world.net /public_html/forum/style_images/Bluetube-479 msg_l_delete.gif
2003.10.10 16:53 B E:\Documents and Settings\Adam Knox\My Documents\skate-world.net\ibforum\ivb1-3\skin graphics\Bluetube-479\msg_l_reply.gif <-- skate-world.net /public_html/forum/style_images/Bluetube-479 msg_l_reply.gif
2003.10.10 16:53 B E:\Documents and Settings\Adam Knox\My Documents\skate-world.net\ibforum\ivb1-3\skin graphics\Bluetube-479\nav.gif <-- skate-world.net /public_html/forum/style_images/Bluetube-479 nav.gif
2003.10.10 16:53 B E:\Documents and Settings\Adam Knox\My Documents\skate-world.net\ibforum\ivb1-3\skin graphics\Bluetube-479\nav_m.gif <-- skate-world.net /public_html/forum/style_images/Bluetube-479 nav_m.gif
2003.10.10 16:53 B E:\Documents and Settings\Adam Knox\My Documents\skate-world.net\ibforum\ivb1-3\skin graphics\Bluetube-479\nav_m_dark.gif <-- skate-world.net /public_html/forum/style_images/Bluetube-479 nav_m_dark.gif
2003.10.10 16:53 B E:\Documents and Settings\Adam Knox\My Documents\skate-world.net\ibforum\ivb1-3\skin graphics\Bluetube-479\newpost.gif <-- skate-world.net /public_html/forum/style_images/Bluetube-479 newpost.gif
2003.10.10 16:53 B E:\Documents and Settings\Adam Knox\My Documents\skate-world.net\ibforum\ivb1-3\skin graphics\Bluetube-479\nophoto.gif <-- skate-world.net /public_html/forum/style_images/Bluetube-479 nophoto.gif
2003.10.10 16:53 B E:\Documents and Settings\Adam Knox\My Documents\skate-world.net\ibforum\ivb1-3\skin graphics\Bluetube-479\p_aim.gif <-- skate-world.net /public_html/forum/style_images/Bluetube-479 p_aim.gif
2003.10.10 16:53 B E:\Documents and Settings\Adam Knox\My Documents\skate-world.net\ibforum\ivb1-3\skin graphics\Bluetube-479\p_delete.gif <-- skate-world.net /public_html/forum/style_images/Bluetube-479 p_delete.gif
2003.10.10 16:53 B E:\Documents and Settings\Adam Knox\My Documents\skate-world.net\ibforum\ivb1-3\skin graphics\Bluetube-479\p_edit.gif <-- skate-world.net /public_html/forum/style_images/Bluetube-479 p_edit.gif
2003.10.10 16:53 B E:\Documents and Settings\Adam Knox\My Documents\skate-world.net\ibforum\ivb1-3\skin graphics\Bluetube-479\p_email.gif <-- skate-world.net /public_html/forum/style_images/Bluetube-479 p_email.gif
2003.10.10 16:53 B E:\Documents and Settings\Adam Knox\My Documents\skate-world.net\ibforum\ivb1-3\skin graphics\Bluetube-479\p_icq.gif <-- skate-world.net /public_html/forum/style_images/Bluetube-479 p_icq.gif
2003.10.10 16:54 B E:\Documents and Settings\Adam Knox\My Documents\skate-world.net\ibforum\ivb1-3\skin graphics\Bluetube-479\p_im.gif <-- skate-world.net /public_html/forum/style_images/Bluetube-479 p_im.gif
2003.10.10 16:54 B E:\Documents and Settings\Adam Knox\My Documents\skate-world.net\ibforum\ivb1-3\skin graphics\Bluetube-479\p_msn.gif <-- skate-world.net /public_html/forum/style_images/Bluetube-479 p_msn.gif
2003.10.10 16:54 B E:\Documents and Settings\Adam Knox\My Documents\skate-world.net\ibforum\ivb1-3\skin graphics\Bluetube-479\p_pm.gif <-- skate-world.net /public_html/forum/style_images/Bluetube-479 p_pm.gif
2003.10.10 16:54 B E:\Documents and Settings\Adam Knox\My Documents\skate-world.net\ibforum\ivb1-3\skin graphics\Bluetube-479\p_quote.gif <-- skate-world.net /public_html/forum/style_images/Bluetube-479 p_quote.gif
2003.10.10 16:54 B E:\Documents and Settings\Adam Knox\My Documents\skate-world.net\ibforum\ivb1-3\skin graphics\Bluetube-479\p_report.gif <-- skate-world.net /public_html/forum/style_images/Bluetube-479 p_report.gif
2003.10.10 16:54 B E:\Documents and Settings\Adam Knox\My Documents\skate-world.net\ibforum\ivb1-3\skin graphics\Bluetube-479\p_up.gif <-- skate-world.net /public_html/forum/style_images/Bluetube-479 p_up.gif
2003.10.10 16:54 B E:\Documents and Settings\Adam Knox\My Documents\skate-world.net\ibforum\ivb1-3\skin graphics\Bluetube-479\p_www.gif <-- skate-world.net /public_html/forum/style_images/Bluetube-479 p_www.gif
2003.10.10 16:54 B E:\Documents and Settings\Adam Knox\My Documents\skate-world.net\ibforum\ivb1-3\skin graphics\Bluetube-479\p_yim.gif <-- skate-world.net /public_html/forum/style_images/Bluetube-479 p_yim.gif
2003.10.10 16:54 B E:\Documents and Settings\Adam Knox\My Documents\skate-world.net\ibforum\ivb1-3\skin graphics\Bluetube-479\pip.gif <-- skate-world.net /public_html/forum/style_images/Bluetube-479 pip.gif
2003.10.10 16:54 B E:\Documents and Settings\Adam Knox\My Documents\skate-world.net\ibforum\ivb1-3\skin graphics\Bluetube-479\qr_close.gif <-- skate-world.net /public_html/forum/style_images/Bluetube-479 qr_close.gif
2003.10.10 16:54 B E:\Documents and Settings\Adam Knox\My Documents\skate-world.net\ibforum\ivb1-3\skin graphics\Bluetube-479\qr_down.gif <-- skate-world.net /public_html/forum/style_images/Bluetube-479 qr_down.gif
2003.10.10 16:55 B E:\Documents and Settings\Adam Knox\My Documents\skate-world.net\ibforum\ivb1-3\skin graphics\Bluetube-479\remove.gif <-- skate-world.net /public_html/forum/style_images/Bluetube-479 remove.gif
2003.10.10 16:55 B E:\Documents and Settings\Adam Knox\My Documents\skate-world.net\ibforum\ivb1-3\skin graphics\Bluetube-479\sep.gif <-- skate-world.net /public_html/forum/style_images/Bluetube-479 sep.gif
2003.10.10 16:55 B E:\Documents and Settings\Adam Knox\My Documents\skate-world.net\ibforum\ivb1-3\skin graphics\Bluetube-479\skateworld.gif <-- skate-world.net /public_html/forum/style_images/Bluetube-479 skateworld.gif
2003.10.10 16:55 B E:\Documents and Settings\Adam Knox\My Documents\skate-world.net\ibforum\ivb1-3\skin graphics\Bluetube-479\spacer.gif <-- skate-world.net /public_html/forum/style_images/Bluetube-479 spacer.gif
2003.10.10 16:55 B E:\Documents and Settings\Adam Knox\My Documents\skate-world.net\ibforum\ivb1-3\skin graphics\Bluetube-479\stats.gif <-- skate-world.net /public_html/forum/style_images/Bluetube-479 stats.gif
2003.10.10 16:55 B E:\Documents and Settings\Adam Knox\My Documents\skate-world.net\ibforum\ivb1-3\skin graphics\Bluetube-479\t_closed.gif <-- skate-world.net /public_html/forum/style_images/Bluetube-479 t_closed.gif
2003.10.10 16:55 B E:\Documents and Settings\Adam Knox\My Documents\skate-world.net\ibforum\ivb1-3\skin graphics\Bluetube-479\t_moved.gif <-- skate-world.net /public_html/forum/style_images/Bluetube-479 t_moved.gif
2003.10.10 16:55 B E:\Documents and Settings\Adam Knox\My Documents\skate-world.net\ibforum\ivb1-3\skin graphics\Bluetube-479\t_new.gif <-- skate-world.net /public_html/forum/style_images/Bluetube-479 t_new.gif
2003.10.10 16:55 B E:\Documents and Settings\Adam Knox\My Documents\skate-world.net\ibforum\ivb1-3\skin graphics\Bluetube-479\t_options.gif <-- skate-world.net /public_html/forum/style_images/Bluetube-479 t_options.gif
2003.10.10 16:55 B E:\Documents and Settings\Adam Knox\My Documents\skate-world.net\ibforum\ivb1-3\skin graphics\Bluetube-479\t_poll.gif <-- skate-world.net /public_html/forum/style_images/Bluetube-479 t_poll.gif
2003.10.10 16:55 B E:\Documents and Settings\Adam Knox\My Documents\skate-world.net\ibforum\ivb1-3\skin graphics\Bluetube-479\t_qr-small.gif <-- skate-world.net /public_html/forum/style_images/Bluetube-479 t_qr-small.gif
2003.10.10 16:55 B E:\Documents and Settings\Adam Knox\My Documents\skate-world.net\ibforum\ivb1-3\skin graphics\Bluetube-479\t_qr.gif <-- skate-world.net /public_html/forum/style_images/Bluetube-479 t_qr.gif
2003.10.10 16:55 B E:\Documents and Settings\Adam Knox\My Documents\skate-world.net\ibforum\ivb1-3\skin graphics\Bluetube-479\t_reply.gif <-- skate-world.net /public_html/forum/style_images/Bluetube-479 t_reply.gif
2003.10.10 16:55 B E:\Documents and Settings\Adam Knox\My Documents\skate-world.net\ibforum\ivb1-3\skin graphics\Bluetube-479\tile_back.gif <-- skate-world.net /public_html/forum/style_images/Bluetube-479 tile_back.gif
2003.10.10 16:55 B E:\Documents and Settings\Adam Knox\My Documents\skate-world.net\ibforum\ivb1-3\skin graphics\Bluetube-479\tile_back2.gif <-- skate-world.net /public_html/forum/style_images/Bluetube-479 tile_back2.gif
2003.10.10 16:56 B E:\Documents and Settings\Adam Knox\My Documents\skate-world.net\ibforum\ivb1-3\skin graphics\Bluetube-479\tile_back_small.gif <-- skate-world.net /public_html/forum/style_images/Bluetube-479 tile_back_small.gif
2003.10.10 16:56 B E:\Documents and Settings\Adam Knox\My Documents\skate-world.net\ibforum\ivb1-3\skin graphics\Bluetube-479\tile_sub.gif <-- skate-world.net /public_html/forum/style_images/Bluetube-479 tile_sub.gif
2003.10.10 16:56 B E:\Documents and Settings\Adam Knox\My Documents\skate-world.net\ibforum\ivb1-3\skin graphics\Bluetube-479\user.gif <-- skate-world.net /public_html/forum/style_images/Bluetube-479 user.gif
2003.10.10 16:56 B E:\Documents and Settings\Adam Knox\My Documents\skate-world.net\ibforum\ivb1-3\skin graphics\Bluetube-479\warn0.gif <-- skate-world.net /public_html/forum/style_images/Bluetube-479 warn0.gif
2003.10.10 16:56 B E:\Documents and Settings\Adam Knox\My Documents\skate-world.net\ibforum\ivb1-3\skin graphics\Bluetube-479\warn1.gif <-- skate-world.net /public_html/forum/style_images/Bluetube-479 warn1.gif
2003.10.10 16:56 B E:\Documents and Settings\Adam Knox\My Documents\skate-world.net\ibforum\ivb1-3\skin graphics\Bluetube-479\warn2.gif <-- skate-world.net /public_html/forum/style_images/Bluetube-479 warn2.gif
2003.10.10 16:56 B E:\Documents and Settings\Adam Knox\My Documents\skate-world.net\ibforum\ivb1-3\skin graphics\Bluetube-479\warn3.gif <-- skate-world.net /public_html/forum/style_images/Bluetube-479 warn3.gif
2003.10.10 16:56 B E:\Documents and Settings\Adam Knox\My Documents\skate-world.net\ibforum\ivb1-3\skin graphics\Bluetube-479\warn4.gif <-- skate-world.net /public_html/forum/style_images/Bluetube-479 warn4.gif
2003.10.10 16:56 B E:\Documents and Settings\Adam Knox\My Documents\skate-world.net\ibforum\ivb1-3\skin graphics\Bluetube-479\warn5.gif <-- skate-world.net /public_html/forum/style_images/Bluetube-479 warn5.gif
2003.10.10 16:56 B E:\Documents and Settings\Adam Knox\My Documents\skate-world.net\ibforum\ivb1-3\skin graphics\Bluetube-479\warn_add.gif <-- skate-world.net /public_html/forum/style_images/Bluetube-479 warn_add.gif
2003.10.10 16:56 B E:\Documents and Settings\Adam Knox\My Documents\skate-world.net\ibforum\ivb1-3\skin graphics\Bluetube-479\warn_minus.gif <-- skate-world.net /public_html/forum/style_images/Bluetube-479 warn_minus.gif
