2004.09.20 17:05 B E:\Documents and Settings\Adam Knox\My Documents\Skate World\backup\ventaja\images\index_01.gif <-- Skate world Temporary /public_html/ventaja/images index_01.gif
2004.09.20 17:05 B E:\Documents and Settings\Adam Knox\My Documents\Skate World\backup\ventaja\images\index_02.gif <-- Skate world Temporary /public_html/ventaja/images index_02.gif
2004.09.20 17:05 B E:\Documents and Settings\Adam Knox\My Documents\Skate World\backup\ventaja\images\index_04.gif <-- Skate world Temporary /public_html/ventaja/images index_04.gif
2004.09.20 17:05 B E:\Documents and Settings\Adam Knox\My Documents\Skate World\backup\ventaja\images\index_05.gif <-- Skate world Temporary /public_html/ventaja/images index_05.gif
2004.09.20 17:05 B E:\Documents and Settings\Adam Knox\My Documents\Skate World\backup\ventaja\images\index_06.gif <-- Skate world Temporary /public_html/ventaja/images index_06.gif
2004.09.20 17:05 B E:\Documents and Settings\Adam Knox\My Documents\Skate World\backup\ventaja\images\index_07.gif <-- Skate world Temporary /public_html/ventaja/images index_07.gif
2004.09.20 17:05 B E:\Documents and Settings\Adam Knox\My Documents\Skate World\backup\ventaja\images\index_08.gif <-- Skate world Temporary /public_html/ventaja/images index_08.gif
2004.09.20 17:05 B E:\Documents and Settings\Adam Knox\My Documents\Skate World\backup\ventaja\images\index_09.gif <-- Skate world Temporary /public_html/ventaja/images index_09.gif
2004.09.20 17:05 B E:\Documents and Settings\Adam Knox\My Documents\Skate World\backup\ventaja\images\index_10.gif <-- Skate world Temporary /public_html/ventaja/images index_10.gif
2004.09.20 17:05 B E:\Documents and Settings\Adam Knox\My Documents\Skate World\backup\ventaja\images\index_11.gif <-- Skate world Temporary /public_html/ventaja/images index_11.gif
2004.09.20 17:05 B E:\Documents and Settings\Adam Knox\My Documents\Skate World\backup\ventaja\images\index_12.gif <-- Skate world Temporary /public_html/ventaja/images index_12.gif
2004.09.20 17:05 B E:\Documents and Settings\Adam Knox\My Documents\Skate World\backup\ventaja\images\index_13.gif <-- Skate world Temporary /public_html/ventaja/images index_13.gif
2004.09.20 17:05 B E:\Documents and Settings\Adam Knox\My Documents\Skate World\backup\ventaja\images\index_14.gif <-- Skate world Temporary /public_html/ventaja/images index_14.gif
2004.09.20 17:05 B E:\Documents and Settings\Adam Knox\My Documents\Skate World\backup\ventaja\images\index_15.gif <-- Skate world Temporary /public_html/ventaja/images index_15.gif
2004.09.20 17:05 B E:\Documents and Settings\Adam Knox\My Documents\Skate World\backup\ventaja\images\index_16.gif <-- Skate world Temporary /public_html/ventaja/images index_16.gif
2004.09.20 17:05 B E:\Documents and Settings\Adam Knox\My Documents\Skate World\backup\ventaja\images\index_17.gif <-- Skate world Temporary /public_html/ventaja/images index_17.gif
2004.09.20 17:05 B E:\Documents and Settings\Adam Knox\My Documents\Skate World\backup\ventaja\images\index_18.gif <-- Skate world Temporary /public_html/ventaja/images index_18.gif
2004.09.20 17:05 B E:\Documents and Settings\Adam Knox\My Documents\Skate World\backup\ventaja\images\index_19.gif <-- Skate world Temporary /public_html/ventaja/images index_19.gif
2004.09.20 17:05 B E:\Documents and Settings\Adam Knox\My Documents\Skate World\backup\ventaja\images\index_20.gif <-- Skate world Temporary /public_html/ventaja/images index_20.gif
2004.09.20 17:05 B E:\Documents and Settings\Adam Knox\My Documents\Skate World\backup\ventaja\images\index_21.gif <-- Skate world Temporary /public_html/ventaja/images index_21.gif
2004.09.20 17:05 B E:\Documents and Settings\Adam Knox\My Documents\Skate World\backup\ventaja\images\index_22.gif <-- Skate world Temporary /public_html/ventaja/images index_22.gif
2004.09.20 17:05 B E:\Documents and Settings\Adam Knox\My Documents\Skate World\backup\ventaja\images\index_23.gif <-- Skate world Temporary /public_html/ventaja/images index_23.gif
2004.09.20 17:05 B E:\Documents and Settings\Adam Knox\My Documents\Skate World\backup\ventaja\images\index_24.gif <-- Skate world Temporary /public_html/ventaja/images index_24.gif
2004.09.20 17:05 B E:\Documents and Settings\Adam Knox\My Documents\Skate World\backup\ventaja\images\index_25.gif <-- Skate world Temporary /public_html/ventaja/images index_25.gif
2004.09.20 17:05 B E:\Documents and Settings\Adam Knox\My Documents\Skate World\backup\ventaja\images\index_26.gif <-- Skate world Temporary /public_html/ventaja/images index_26.gif
2004.09.20 17:05 B E:\Documents and Settings\Adam Knox\My Documents\Skate World\backup\ventaja\images\index_27.gif <-- Skate world Temporary /public_html/ventaja/images index_27.gif
2004.09.20 17:05 B E:\Documents and Settings\Adam Knox\My Documents\Skate World\backup\ventaja\images\index_28.gif <-- Skate world Temporary /public_html/ventaja/images index_28.gif
2004.09.20 17:05 B E:\Documents and Settings\Adam Knox\My Documents\Skate World\backup\ventaja\images\index_29.gif <-- Skate world Temporary /public_html/ventaja/images index_29.gif
2004.09.20 17:05 B E:\Documents and Settings\Adam Knox\My Documents\Skate World\backup\ventaja\images\index_30.gif <-- Skate world Temporary /public_html/ventaja/images index_30.gif
2004.09.20 17:05 B E:\Documents and Settings\Adam Knox\My Documents\Skate World\backup\ventaja\images\index_31.gif <-- Skate world Temporary /public_html/ventaja/images index_31.gif
2004.09.20 17:05 B E:\Documents and Settings\Adam Knox\My Documents\Skate World\backup\ventaja\images\index_32.gif <-- Skate world Temporary /public_html/ventaja/images index_32.gif
2004.09.20 17:05 B E:\Documents and Settings\Adam Knox\My Documents\Skate World\backup\ventaja\images\index_33.gif <-- Skate world Temporary /public_html/ventaja/images index_33.gif
2004.09.20 17:05 B E:\Documents and Settings\Adam Knox\My Documents\Skate World\backup\ventaja\images\index_35.gif <-- Skate world Temporary /public_html/ventaja/images index_35.gif
2004.09.20 17:05 B E:\Documents and Settings\Adam Knox\My Documents\Skate World\backup\ventaja\images\index_36.gif <-- Skate world Temporary /public_html/ventaja/images index_36.gif
2004.09.20 17:05 B E:\Documents and Settings\Adam Knox\My Documents\Skate World\backup\ventaja\images\index_37.gif <-- Skate world Temporary /public_html/ventaja/images index_37.gif
2004.09.20 17:05 B E:\Documents and Settings\Adam Knox\My Documents\Skate World\backup\ventaja\images\index_39.gif <-- Skate world Temporary /public_html/ventaja/images index_39.gif
2004.09.20 17:05 B E:\Documents and Settings\Adam Knox\My Documents\Skate World\backup\ventaja\images\index_40.gif <-- Skate world Temporary /public_html/ventaja/images index_40.gif
2004.09.20 17:05 B E:\Documents and Settings\Adam Knox\My Documents\Skate World\backup\ventaja\images\index_41.gif <-- Skate world Temporary /public_html/ventaja/images index_41.gif
2004.09.20 17:05 B E:\Documents and Settings\Adam Knox\My Documents\Skate World\backup\ventaja\images\index_42.gif <-- Skate world Temporary /public_html/ventaja/images index_42.gif
2004.09.20 17:05 B E:\Documents and Settings\Adam Knox\My Documents\Skate World\backup\ventaja\images\index_43.gif <-- Skate world Temporary /public_html/ventaja/images index_43.gif
2004.09.20 17:05 B E:\Documents and Settings\Adam Knox\My Documents\Skate World\backup\ventaja\images\index_44.gif <-- Skate world Temporary /public_html/ventaja/images index_44.gif
2004.09.20 17:05 B E:\Documents and Settings\Adam Knox\My Documents\Skate World\backup\ventaja\images\linking.gif <-- Skate world Temporary /public_html/ventaja/images linking.gif
2004.09.20 17:05 B E:\Documents and Settings\Adam Knox\My Documents\Skate World\backup\ventaja\images\sky.gif <-- Skate world Temporary /public_html/ventaja/images sky.gif
2004.09.20 17:05 B E:\Documents and Settings\Adam Knox\My Documents\Skate World\backup\ventaja\images\spacer.gif <-- Skate world Temporary /public_html/ventaja/images spacer.gif
2004.10.02 21:11 B G:\Documents and Settings\bilbo\My Documents\SwitchSkate\Skate World\backup\FOLDERS\ventaja\images\index_01.gif --> host215.ipowerweb.com /public_html/ventaja/images index_01.gif
2004.10.02 21:11 B G:\Documents and Settings\bilbo\My Documents\SwitchSkate\Skate World\backup\FOLDERS\ventaja\images\index_02.gif --> host215.ipowerweb.com /public_html/ventaja/images index_02.gif
2004.10.02 21:11 B G:\Documents and Settings\bilbo\My Documents\SwitchSkate\Skate World\backup\FOLDERS\ventaja\images\index_04.gif --> host215.ipowerweb.com /public_html/ventaja/images index_04.gif
2004.10.02 21:11 B G:\Documents and Settings\bilbo\My Documents\SwitchSkate\Skate World\backup\FOLDERS\ventaja\images\index_05.gif --> host215.ipowerweb.com /public_html/ventaja/images index_05.gif
2004.10.02 21:12 B G:\Documents and Settings\bilbo\My Documents\SwitchSkate\Skate World\backup\FOLDERS\ventaja\images\index_06.gif --> host215.ipowerweb.com /public_html/ventaja/images index_06.gif
2004.10.02 21:12 B G:\Documents and Settings\bilbo\My Documents\SwitchSkate\Skate World\backup\FOLDERS\ventaja\images\index_07.gif --> host215.ipowerweb.com /public_html/ventaja/images index_07.gif
2004.10.02 21:12 B G:\Documents and Settings\bilbo\My Documents\SwitchSkate\Skate World\backup\FOLDERS\ventaja\images\index_08.gif --> host215.ipowerweb.com /public_html/ventaja/images index_08.gif
2004.10.02 21:12 B G:\Documents and Settings\bilbo\My Documents\SwitchSkate\Skate World\backup\FOLDERS\ventaja\images\index_09.gif --> host215.ipowerweb.com /public_html/ventaja/images index_09.gif
2004.10.02 21:12 B G:\Documents and Settings\bilbo\My Documents\SwitchSkate\Skate World\backup\FOLDERS\ventaja\images\index_10.gif --> host215.ipowerweb.com /public_html/ventaja/images index_10.gif
2004.10.02 21:12 B G:\Documents and Settings\bilbo\My Documents\SwitchSkate\Skate World\backup\FOLDERS\ventaja\images\index_11.gif --> host215.ipowerweb.com /public_html/ventaja/images index_11.gif
2004.10.02 21:12 B G:\Documents and Settings\bilbo\My Documents\SwitchSkate\Skate World\backup\FOLDERS\ventaja\images\index_12.gif --> host215.ipowerweb.com /public_html/ventaja/images index_12.gif
2004.10.02 21:12 B G:\Documents and Settings\bilbo\My Documents\SwitchSkate\Skate World\backup\FOLDERS\ventaja\images\index_13.gif --> host215.ipowerweb.com /public_html/ventaja/images index_13.gif
2004.10.02 21:12 B G:\Documents and Settings\bilbo\My Documents\SwitchSkate\Skate World\backup\FOLDERS\ventaja\images\index_14.gif --> host215.ipowerweb.com /public_html/ventaja/images index_14.gif
2004.10.02 21:12 B G:\Documents and Settings\bilbo\My Documents\SwitchSkate\Skate World\backup\FOLDERS\ventaja\images\index_15.gif --> host215.ipowerweb.com /public_html/ventaja/images index_15.gif
2004.10.02 21:12 B G:\Documents and Settings\bilbo\My Documents\SwitchSkate\Skate World\backup\FOLDERS\ventaja\images\index_16.gif --> host215.ipowerweb.com /public_html/ventaja/images index_16.gif
2004.10.02 21:12 B G:\Documents and Settings\bilbo\My Documents\SwitchSkate\Skate World\backup\FOLDERS\ventaja\images\index_17.gif --> host215.ipowerweb.com /public_html/ventaja/images index_17.gif
2004.10.02 21:12 B G:\Documents and Settings\bilbo\My Documents\SwitchSkate\Skate World\backup\FOLDERS\ventaja\images\index_18.gif --> host215.ipowerweb.com /public_html/ventaja/images index_18.gif
2004.10.02 21:12 B G:\Documents and Settings\bilbo\My Documents\SwitchSkate\Skate World\backup\FOLDERS\ventaja\images\index_19.gif --> host215.ipowerweb.com /public_html/ventaja/images index_19.gif
2004.10.02 21:12 B G:\Documents and Settings\bilbo\My Documents\SwitchSkate\Skate World\backup\FOLDERS\ventaja\images\index_20.gif --> host215.ipowerweb.com /public_html/ventaja/images index_20.gif
2004.10.02 21:12 B G:\Documents and Settings\bilbo\My Documents\SwitchSkate\Skate World\backup\FOLDERS\ventaja\images\index_21.gif --> host215.ipowerweb.com /public_html/ventaja/images index_21.gif
2004.10.02 21:12 B G:\Documents and Settings\bilbo\My Documents\SwitchSkate\Skate World\backup\FOLDERS\ventaja\images\index_22.gif --> host215.ipowerweb.com /public_html/ventaja/images index_22.gif
2004.10.02 21:12 B G:\Documents and Settings\bilbo\My Documents\SwitchSkate\Skate World\backup\FOLDERS\ventaja\images\index_23.gif --> host215.ipowerweb.com /public_html/ventaja/images index_23.gif
2004.10.02 21:12 B G:\Documents and Settings\bilbo\My Documents\SwitchSkate\Skate World\backup\FOLDERS\ventaja\images\index_24.gif --> host215.ipowerweb.com /public_html/ventaja/images index_24.gif
2004.10.02 21:12 B G:\Documents and Settings\bilbo\My Documents\SwitchSkate\Skate World\backup\FOLDERS\ventaja\images\index_25.gif --> host215.ipowerweb.com /public_html/ventaja/images index_25.gif
2004.10.02 21:12 B G:\Documents and Settings\bilbo\My Documents\SwitchSkate\Skate World\backup\FOLDERS\ventaja\images\index_26.gif --> host215.ipowerweb.com /public_html/ventaja/images index_26.gif
2004.10.02 21:12 B G:\Documents and Settings\bilbo\My Documents\SwitchSkate\Skate World\backup\FOLDERS\ventaja\images\index_27.gif --> host215.ipowerweb.com /public_html/ventaja/images index_27.gif
2004.10.02 21:12 B G:\Documents and Settings\bilbo\My Documents\SwitchSkate\Skate World\backup\FOLDERS\ventaja\images\index_28.gif --> host215.ipowerweb.com /public_html/ventaja/images index_28.gif
2004.10.02 21:12 B G:\Documents and Settings\bilbo\My Documents\SwitchSkate\Skate World\backup\FOLDERS\ventaja\images\index_29.gif --> host215.ipowerweb.com /public_html/ventaja/images index_29.gif
2004.10.02 21:12 B G:\Documents and Settings\bilbo\My Documents\SwitchSkate\Skate World\backup\FOLDERS\ventaja\images\index_30.gif --> host215.ipowerweb.com /public_html/ventaja/images index_30.gif
2004.10.02 21:12 B G:\Documents and Settings\bilbo\My Documents\SwitchSkate\Skate World\backup\FOLDERS\ventaja\images\index_31.gif --> host215.ipowerweb.com /public_html/ventaja/images index_31.gif
2004.10.02 21:12 B G:\Documents and Settings\bilbo\My Documents\SwitchSkate\Skate World\backup\FOLDERS\ventaja\images\index_32.gif --> host215.ipowerweb.com /public_html/ventaja/images index_32.gif
2004.10.02 21:12 B G:\Documents and Settings\bilbo\My Documents\SwitchSkate\Skate World\backup\FOLDERS\ventaja\images\index_33.gif --> host215.ipowerweb.com /public_html/ventaja/images index_33.gif
2004.10.02 21:12 B G:\Documents and Settings\bilbo\My Documents\SwitchSkate\Skate World\backup\FOLDERS\ventaja\images\index_35.gif --> host215.ipowerweb.com /public_html/ventaja/images index_35.gif
2004.10.02 21:12 B G:\Documents and Settings\bilbo\My Documents\SwitchSkate\Skate World\backup\FOLDERS\ventaja\images\index_36.gif --> host215.ipowerweb.com /public_html/ventaja/images index_36.gif
2004.10.02 21:12 B G:\Documents and Settings\bilbo\My Documents\SwitchSkate\Skate World\backup\FOLDERS\ventaja\images\index_37.gif --> host215.ipowerweb.com /public_html/ventaja/images index_37.gif
2004.10.02 21:12 B G:\Documents and Settings\bilbo\My Documents\SwitchSkate\Skate World\backup\FOLDERS\ventaja\images\index_39.gif --> host215.ipowerweb.com /public_html/ventaja/images index_39.gif
2004.10.02 21:12 B G:\Documents and Settings\bilbo\My Documents\SwitchSkate\Skate World\backup\FOLDERS\ventaja\images\index_40.gif --> host215.ipowerweb.com /public_html/ventaja/images index_40.gif
2004.10.02 21:12 B G:\Documents and Settings\bilbo\My Documents\SwitchSkate\Skate World\backup\FOLDERS\ventaja\images\index_41.gif --> host215.ipowerweb.com /public_html/ventaja/images index_41.gif
2004.10.02 21:12 B G:\Documents and Settings\bilbo\My Documents\SwitchSkate\Skate World\backup\FOLDERS\ventaja\images\index_42.gif --> host215.ipowerweb.com /public_html/ventaja/images index_42.gif
2004.10.02 21:12 B G:\Documents and Settings\bilbo\My Documents\SwitchSkate\Skate World\backup\FOLDERS\ventaja\images\index_43.gif --> host215.ipowerweb.com /public_html/ventaja/images index_43.gif
2004.10.02 21:12 B G:\Documents and Settings\bilbo\My Documents\SwitchSkate\Skate World\backup\FOLDERS\ventaja\images\index_44.gif --> host215.ipowerweb.com /public_html/ventaja/images index_44.gif
2004.10.02 21:12 B G:\Documents and Settings\bilbo\My Documents\SwitchSkate\Skate World\backup\FOLDERS\ventaja\images\linking.gif --> host215.ipowerweb.com /public_html/ventaja/images linking.gif
2004.10.02 21:12 B G:\Documents and Settings\bilbo\My Documents\SwitchSkate\Skate World\backup\FOLDERS\ventaja\images\sky.gif --> host215.ipowerweb.com /public_html/ventaja/images sky.gif
2004.10.02 21:12 B G:\Documents and Settings\bilbo\My Documents\SwitchSkate\Skate World\backup\FOLDERS\ventaja\images\spacer.gif --> host215.ipowerweb.com /public_html/ventaja/images spacer.gif
2004.10.02 21:12 B G:\Documents and Settings\bilbo\My Documents\SwitchSkate\Skate World\backup\FOLDERS\ventaja\images\WS_FTP.LOG --> host215.ipowerweb.com /public_html/ventaja/images WS_FTP.LOG
