2003.10.10 17:07 B E:\Documents and Settings\Adam Knox\My Documents\skate-world.net\ibforum\ivb1-3\skin graphics\Silver_X-502\add.gif <-- skate-world.net /public_html/forum/style_images/Silver_X-502 add.gif
2003.10.10 17:07 B E:\Documents and Settings\Adam Knox\My Documents\skate-world.net\ibforum\ivb1-3\skin graphics\Silver_X-502\bar.gif <-- skate-world.net /public_html/forum/style_images/Silver_X-502 bar.gif
2003.10.10 17:07 B E:\Documents and Settings\Adam Knox\My Documents\skate-world.net\ibforum\ivb1-3\skin graphics\Silver_X-502\bar_left.gif <-- skate-world.net /public_html/forum/style_images/Silver_X-502 bar_left.gif
2003.10.10 17:07 B E:\Documents and Settings\Adam Knox\My Documents\skate-world.net\ibforum\ivb1-3\skin graphics\Silver_X-502\bar_right.gif <-- skate-world.net /public_html/forum/style_images/Silver_X-502 bar_right.gif
2003.10.10 17:07 B E:\Documents and Settings\Adam Knox\My Documents\skate-world.net\ibforum\ivb1-3\skin graphics\Silver_X-502\bc_new.gif <-- skate-world.net /public_html/forum/style_images/Silver_X-502 bc_new.gif
2003.10.10 17:07 B E:\Documents and Settings\Adam Knox\My Documents\skate-world.net\ibforum\ivb1-3\skin graphics\Silver_X-502\bc_nonew.gif <-- skate-world.net /public_html/forum/style_images/Silver_X-502 bc_nonew.gif
2003.10.10 17:08 B E:\Documents and Settings\Adam Knox\My Documents\skate-world.net\ibforum\ivb1-3\skin graphics\Silver_X-502\bf_new.gif <-- skate-world.net /public_html/forum/style_images/Silver_X-502 bf_new.gif
2003.10.10 17:08 B E:\Documents and Settings\Adam Knox\My Documents\skate-world.net\ibforum\ivb1-3\skin graphics\Silver_X-502\bf_nonew.gif <-- skate-world.net /public_html/forum/style_images/Silver_X-502 bf_nonew.gif
2003.10.10 17:08 B E:\Documents and Settings\Adam Knox\My Documents\skate-world.net\ibforum\ivb1-3\skin graphics\Silver_X-502\bf_readonly.gif <-- skate-world.net /public_html/forum/style_images/Silver_X-502 bf_readonly.gif
2003.10.10 17:08 B E:\Documents and Settings\Adam Knox\My Documents\skate-world.net\ibforum\ivb1-3\skin graphics\Silver_X-502\bg.jpg <-- skate-world.net /public_html/forum/style_images/Silver_X-502 bg.jpg
2003.10.10 17:08 B E:\Documents and Settings\Adam Knox\My Documents\skate-world.net\ibforum\ivb1-3\skin graphics\Silver_X-502\birthdays.gif <-- skate-world.net /public_html/forum/style_images/Silver_X-502 birthdays.gif
2003.10.10 17:08 B E:\Documents and Settings\Adam Knox\My Documents\skate-world.net\ibforum\ivb1-3\skin graphics\Silver_X-502\br_new.gif <-- skate-world.net /public_html/forum/style_images/Silver_X-502 br_new.gif
2003.10.10 17:08 B E:\Documents and Settings\Adam Knox\My Documents\skate-world.net\ibforum\ivb1-3\skin graphics\Silver_X-502\br_nonew.gif <-- skate-world.net /public_html/forum/style_images/Silver_X-502 br_nonew.gif
2003.10.10 17:08 B E:\Documents and Settings\Adam Knox\My Documents\skate-world.net\ibforum\ivb1-3\skin graphics\Silver_X-502\dark_line.gif <-- skate-world.net /public_html/forum/style_images/Silver_X-502 dark_line.gif
2003.10.10 17:08 B E:\Documents and Settings\Adam Knox\My Documents\skate-world.net\ibforum\ivb1-3\skin graphics\Silver_X-502\f_closed.gif <-- skate-world.net /public_html/forum/style_images/Silver_X-502 f_closed.gif
2003.10.10 17:08 B E:\Documents and Settings\Adam Knox\My Documents\skate-world.net\ibforum\ivb1-3\skin graphics\Silver_X-502\f_hot.gif <-- skate-world.net /public_html/forum/style_images/Silver_X-502 f_hot.gif
2003.10.10 17:08 B E:\Documents and Settings\Adam Knox\My Documents\skate-world.net\ibforum\ivb1-3\skin graphics\Silver_X-502\f_hot_dot.gif <-- skate-world.net /public_html/forum/style_images/Silver_X-502 f_hot_dot.gif
2003.10.10 17:08 B E:\Documents and Settings\Adam Knox\My Documents\skate-world.net\ibforum\ivb1-3\skin graphics\Silver_X-502\f_hot_no.gif <-- skate-world.net /public_html/forum/style_images/Silver_X-502 f_hot_no.gif
2003.10.10 17:08 B E:\Documents and Settings\Adam Knox\My Documents\skate-world.net\ibforum\ivb1-3\skin graphics\Silver_X-502\f_hot_no_dot.gif <-- skate-world.net /public_html/forum/style_images/Silver_X-502 f_hot_no_dot.gif
2003.10.10 17:08 B E:\Documents and Settings\Adam Knox\My Documents\skate-world.net\ibforum\ivb1-3\skin graphics\Silver_X-502\f_moved.gif <-- skate-world.net /public_html/forum/style_images/Silver_X-502 f_moved.gif
2003.10.10 17:08 B E:\Documents and Settings\Adam Knox\My Documents\skate-world.net\ibforum\ivb1-3\skin graphics\Silver_X-502\f_norm.gif <-- skate-world.net /public_html/forum/style_images/Silver_X-502 f_norm.gif
2003.10.10 17:08 B E:\Documents and Settings\Adam Knox\My Documents\skate-world.net\ibforum\ivb1-3\skin graphics\Silver_X-502\f_norm_dot.gif <-- skate-world.net /public_html/forum/style_images/Silver_X-502 f_norm_dot.gif
2003.10.10 17:08 B E:\Documents and Settings\Adam Knox\My Documents\skate-world.net\ibforum\ivb1-3\skin graphics\Silver_X-502\f_norm_no.gif <-- skate-world.net /public_html/forum/style_images/Silver_X-502 f_norm_no.gif
2003.10.10 17:08 B E:\Documents and Settings\Adam Knox\My Documents\skate-world.net\ibforum\ivb1-3\skin graphics\Silver_X-502\f_norm_no_dot.gif <-- skate-world.net /public_html/forum/style_images/Silver_X-502 f_norm_no_dot.gif
2003.10.10 17:08 B E:\Documents and Settings\Adam Knox\My Documents\skate-world.net\ibforum\ivb1-3\skin graphics\Silver_X-502\f_pinned.gif <-- skate-world.net /public_html/forum/style_images/Silver_X-502 f_pinned.gif
2003.10.10 17:08 B E:\Documents and Settings\Adam Knox\My Documents\skate-world.net\ibforum\ivb1-3\skin graphics\Silver_X-502\f_poll.gif <-- skate-world.net /public_html/forum/style_images/Silver_X-502 f_poll.gif
2003.10.10 17:08 B E:\Documents and Settings\Adam Knox\My Documents\skate-world.net\ibforum\ivb1-3\skin graphics\Silver_X-502\f_poll_dot.gif <-- skate-world.net /public_html/forum/style_images/Silver_X-502 f_poll_dot.gif
2003.10.10 17:08 B E:\Documents and Settings\Adam Knox\My Documents\skate-world.net\ibforum\ivb1-3\skin graphics\Silver_X-502\f_poll_no.gif <-- skate-world.net /public_html/forum/style_images/Silver_X-502 f_poll_no.gif
2003.10.10 17:08 B E:\Documents and Settings\Adam Knox\My Documents\skate-world.net\ibforum\ivb1-3\skin graphics\Silver_X-502\f_poll_no_dot.gif <-- skate-world.net /public_html/forum/style_images/Silver_X-502 f_poll_no_dot.gif
2003.10.10 17:08 B E:\Documents and Settings\Adam Knox\My Documents\skate-world.net\ibforum\ivb1-3\skin graphics\Silver_X-502\header_tile.gif <-- skate-world.net /public_html/forum/style_images/Silver_X-502 header_tile.gif
2003.10.10 17:08 B E:\Documents and Settings\Adam Knox\My Documents\skate-world.net\ibforum\ivb1-3\skin graphics\Silver_X-502\icon0.gif <-- skate-world.net /public_html/forum/style_images/Silver_X-502 icon0.gif
2003.10.10 17:08 B E:\Documents and Settings\Adam Knox\My Documents\skate-world.net\ibforum\ivb1-3\skin graphics\Silver_X-502\icon1.gif <-- skate-world.net /public_html/forum/style_images/Silver_X-502 icon1.gif
2003.10.10 17:08 B E:\Documents and Settings\Adam Knox\My Documents\skate-world.net\ibforum\ivb1-3\skin graphics\Silver_X-502\icon10.gif <-- skate-world.net /public_html/forum/style_images/Silver_X-502 icon10.gif
2003.10.10 17:08 B E:\Documents and Settings\Adam Knox\My Documents\skate-world.net\ibforum\ivb1-3\skin graphics\Silver_X-502\icon11.gif <-- skate-world.net /public_html/forum/style_images/Silver_X-502 icon11.gif
2003.10.10 17:08 B E:\Documents and Settings\Adam Knox\My Documents\skate-world.net\ibforum\ivb1-3\skin graphics\Silver_X-502\icon12.gif <-- skate-world.net /public_html/forum/style_images/Silver_X-502 icon12.gif
2003.10.10 17:08 B E:\Documents and Settings\Adam Knox\My Documents\skate-world.net\ibforum\ivb1-3\skin graphics\Silver_X-502\icon13.gif <-- skate-world.net /public_html/forum/style_images/Silver_X-502 icon13.gif
2003.10.10 17:08 B E:\Documents and Settings\Adam Knox\My Documents\skate-world.net\ibforum\ivb1-3\skin graphics\Silver_X-502\icon14.gif <-- skate-world.net /public_html/forum/style_images/Silver_X-502 icon14.gif
2003.10.10 17:08 B E:\Documents and Settings\Adam Knox\My Documents\skate-world.net\ibforum\ivb1-3\skin graphics\Silver_X-502\icon15.gif <-- skate-world.net /public_html/forum/style_images/Silver_X-502 icon15.gif
2003.10.10 17:08 B E:\Documents and Settings\Adam Knox\My Documents\skate-world.net\ibforum\ivb1-3\skin graphics\Silver_X-502\icon16.gif <-- skate-world.net /public_html/forum/style_images/Silver_X-502 icon16.gif
2003.10.10 17:08 B E:\Documents and Settings\Adam Knox\My Documents\skate-world.net\ibforum\ivb1-3\skin graphics\Silver_X-502\icon17.gif <-- skate-world.net /public_html/forum/style_images/Silver_X-502 icon17.gif
2003.10.10 17:08 B E:\Documents and Settings\Adam Knox\My Documents\skate-world.net\ibforum\ivb1-3\skin graphics\Silver_X-502\icon18.gif <-- skate-world.net /public_html/forum/style_images/Silver_X-502 icon18.gif
2003.10.10 17:08 B E:\Documents and Settings\Adam Knox\My Documents\skate-world.net\ibforum\ivb1-3\skin graphics\Silver_X-502\icon2.gif <-- skate-world.net /public_html/forum/style_images/Silver_X-502 icon2.gif
2003.10.10 17:08 B E:\Documents and Settings\Adam Knox\My Documents\skate-world.net\ibforum\ivb1-3\skin graphics\Silver_X-502\icon3.gif <-- skate-world.net /public_html/forum/style_images/Silver_X-502 icon3.gif
2003.10.10 17:08 B E:\Documents and Settings\Adam Knox\My Documents\skate-world.net\ibforum\ivb1-3\skin graphics\Silver_X-502\icon4.gif <-- skate-world.net /public_html/forum/style_images/Silver_X-502 icon4.gif
2003.10.10 17:08 B E:\Documents and Settings\Adam Knox\My Documents\skate-world.net\ibforum\ivb1-3\skin graphics\Silver_X-502\icon5.gif <-- skate-world.net /public_html/forum/style_images/Silver_X-502 icon5.gif
2003.10.10 17:08 B E:\Documents and Settings\Adam Knox\My Documents\skate-world.net\ibforum\ivb1-3\skin graphics\Silver_X-502\icon6.gif <-- skate-world.net /public_html/forum/style_images/Silver_X-502 icon6.gif
2003.10.10 17:08 B E:\Documents and Settings\Adam Knox\My Documents\skate-world.net\ibforum\ivb1-3\skin graphics\Silver_X-502\icon7.gif <-- skate-world.net /public_html/forum/style_images/Silver_X-502 icon7.gif
2003.10.10 17:08 B E:\Documents and Settings\Adam Knox\My Documents\skate-world.net\ibforum\ivb1-3\skin graphics\Silver_X-502\icon8.gif <-- skate-world.net /public_html/forum/style_images/Silver_X-502 icon8.gif
2003.10.10 17:08 B E:\Documents and Settings\Adam Knox\My Documents\skate-world.net\ibforum\ivb1-3\skin graphics\Silver_X-502\icon9.gif <-- skate-world.net /public_html/forum/style_images/Silver_X-502 icon9.gif
2003.10.10 17:08 B E:\Documents and Settings\Adam Knox\My Documents\skate-world.net\ibforum\ivb1-3\skin graphics\Silver_X-502\icon99.gif <-- skate-world.net /public_html/forum/style_images/Silver_X-502 icon99.gif
2003.10.10 17:08 B E:\Documents and Settings\Adam Knox\My Documents\skate-world.net\ibforum\ivb1-3\skin graphics\Silver_X-502\icon_clndr.gif <-- skate-world.net /public_html/forum/style_images/Silver_X-502 icon_clndr.gif
2003.10.10 17:08 B E:\Documents and Settings\Adam Knox\My Documents\skate-world.net\ibforum\ivb1-3\skin graphics\Silver_X-502\icon_div.gif <-- skate-world.net /public_html/forum/style_images/Silver_X-502 icon_div.gif
2003.10.10 17:08 B E:\Documents and Settings\Adam Knox\My Documents\skate-world.net\ibforum\ivb1-3\skin graphics\Silver_X-502\icon_help.gif <-- skate-world.net /public_html/forum/style_images/Silver_X-502 icon_help.gif
2003.10.10 17:08 B E:\Documents and Settings\Adam Knox\My Documents\skate-world.net\ibforum\ivb1-3\skin graphics\Silver_X-502\icon_members.gif <-- skate-world.net /public_html/forum/style_images/Silver_X-502 icon_members.gif
2003.10.10 17:08 B E:\Documents and Settings\Adam Knox\My Documents\skate-world.net\ibforum\ivb1-3\skin graphics\Silver_X-502\icon_msg_new.gif <-- skate-world.net /public_html/forum/style_images/Silver_X-502 icon_msg_new.gif
2003.10.10 17:08 B E:\Documents and Settings\Adam Knox\My Documents\skate-world.net\ibforum\ivb1-3\skin graphics\Silver_X-502\icon_msg_new_dis.gif <-- skate-world.net /public_html/forum/style_images/Silver_X-502 icon_msg_new_dis.gif
2003.10.10 17:08 B E:\Documents and Settings\Adam Knox\My Documents\skate-world.net\ibforum\ivb1-3\skin graphics\Silver_X-502\icon_msg_nonew.gif <-- skate-world.net /public_html/forum/style_images/Silver_X-502 icon_msg_nonew.gif
2003.10.10 17:08 B E:\Documents and Settings\Adam Knox\My Documents\skate-world.net\ibforum\ivb1-3\skin graphics\Silver_X-502\icon_msg_nonew_dis.gif <-- skate-world.net /public_html/forum/style_images/Silver_X-502 icon_msg_nonew_dis.gif
2003.10.10 17:08 B E:\Documents and Settings\Adam Knox\My Documents\skate-world.net\ibforum\ivb1-3\skin graphics\Silver_X-502\icon_search.gif <-- skate-world.net /public_html/forum/style_images/Silver_X-502 icon_search.gif
2003.10.10 17:08 B E:\Documents and Settings\Adam Knox\My Documents\skate-world.net\ibforum\ivb1-3\skin graphics\Silver_X-502\index.html <-- skate-world.net /public_html/forum/style_images/Silver_X-502 index.html
2003.10.10 17:08 B E:\Documents and Settings\Adam Knox\My Documents\skate-world.net\ibforum\ivb1-3\skin graphics\Silver_X-502\logo.GIF <-- skate-world.net /public_html/forum/style_images/Silver_X-502 logo.GIF
2003.10.10 17:08 B E:\Documents and Settings\Adam Knox\My Documents\skate-world.net\ibforum\ivb1-3\skin graphics\Silver_X-502\mark.jpg <-- skate-world.net /public_html/forum/style_images/Silver_X-502 mark.jpg
2003.10.10 17:08 B E:\Documents and Settings\Adam Knox\My Documents\skate-world.net\ibforum\ivb1-3\skin graphics\Silver_X-502\msg_l_addmem.gif <-- skate-world.net /public_html/forum/style_images/Silver_X-502 msg_l_addmem.gif
2003.10.10 17:08 B E:\Documents and Settings\Adam Knox\My Documents\skate-world.net\ibforum\ivb1-3\skin graphics\Silver_X-502\msg_l_delete.gif <-- skate-world.net /public_html/forum/style_images/Silver_X-502 msg_l_delete.gif
2003.10.10 17:08 B E:\Documents and Settings\Adam Knox\My Documents\skate-world.net\ibforum\ivb1-3\skin graphics\Silver_X-502\msg_l_reply.gif <-- skate-world.net /public_html/forum/style_images/Silver_X-502 msg_l_reply.gif
2003.10.10 17:08 B E:\Documents and Settings\Adam Knox\My Documents\skate-world.net\ibforum\ivb1-3\skin graphics\Silver_X-502\nav.gif <-- skate-world.net /public_html/forum/style_images/Silver_X-502 nav.gif
2003.10.10 17:08 B E:\Documents and Settings\Adam Knox\My Documents\skate-world.net\ibforum\ivb1-3\skin graphics\Silver_X-502\nav_m.gif <-- skate-world.net /public_html/forum/style_images/Silver_X-502 nav_m.gif
2003.10.10 17:08 B E:\Documents and Settings\Adam Knox\My Documents\skate-world.net\ibforum\ivb1-3\skin graphics\Silver_X-502\nav_m_dark.gif <-- skate-world.net /public_html/forum/style_images/Silver_X-502 nav_m_dark.gif
2003.10.10 17:08 B E:\Documents and Settings\Adam Knox\My Documents\skate-world.net\ibforum\ivb1-3\skin graphics\Silver_X-502\newpost.gif <-- skate-world.net /public_html/forum/style_images/Silver_X-502 newpost.gif
2003.10.10 17:08 B E:\Documents and Settings\Adam Knox\My Documents\skate-world.net\ibforum\ivb1-3\skin graphics\Silver_X-502\p_aim.gif <-- skate-world.net /public_html/forum/style_images/Silver_X-502 p_aim.gif
2003.10.10 17:09 B E:\Documents and Settings\Adam Knox\My Documents\skate-world.net\ibforum\ivb1-3\skin graphics\Silver_X-502\p_delete.gif <-- skate-world.net /public_html/forum/style_images/Silver_X-502 p_delete.gif
2003.10.10 17:09 B E:\Documents and Settings\Adam Knox\My Documents\skate-world.net\ibforum\ivb1-3\skin graphics\Silver_X-502\p_edit.gif <-- skate-world.net /public_html/forum/style_images/Silver_X-502 p_edit.gif
2003.10.10 17:09 B E:\Documents and Settings\Adam Knox\My Documents\skate-world.net\ibforum\ivb1-3\skin graphics\Silver_X-502\p_email.gif <-- skate-world.net /public_html/forum/style_images/Silver_X-502 p_email.gif
2003.10.10 17:09 B E:\Documents and Settings\Adam Knox\My Documents\skate-world.net\ibforum\ivb1-3\skin graphics\Silver_X-502\p_icq.gif <-- skate-world.net /public_html/forum/style_images/Silver_X-502 p_icq.gif
2003.10.10 17:09 B E:\Documents and Settings\Adam Knox\My Documents\skate-world.net\ibforum\ivb1-3\skin graphics\Silver_X-502\p_msn.gif <-- skate-world.net /public_html/forum/style_images/Silver_X-502 p_msn.gif
2003.10.10 17:09 B E:\Documents and Settings\Adam Knox\My Documents\skate-world.net\ibforum\ivb1-3\skin graphics\Silver_X-502\p_pm.gif <-- skate-world.net /public_html/forum/style_images/Silver_X-502 p_pm.gif
2003.10.10 17:09 B E:\Documents and Settings\Adam Knox\My Documents\skate-world.net\ibforum\ivb1-3\skin graphics\Silver_X-502\p_quote.gif <-- skate-world.net /public_html/forum/style_images/Silver_X-502 p_quote.gif
2003.10.10 17:09 B E:\Documents and Settings\Adam Knox\My Documents\skate-world.net\ibforum\ivb1-3\skin graphics\Silver_X-502\p_up.gif <-- skate-world.net /public_html/forum/style_images/Silver_X-502 p_up.gif
2003.10.10 17:09 B E:\Documents and Settings\Adam Knox\My Documents\skate-world.net\ibforum\ivb1-3\skin graphics\Silver_X-502\p_www.gif <-- skate-world.net /public_html/forum/style_images/Silver_X-502 p_www.gif
2003.10.10 17:09 B E:\Documents and Settings\Adam Knox\My Documents\skate-world.net\ibforum\ivb1-3\skin graphics\Silver_X-502\p_yim.gif <-- skate-world.net /public_html/forum/style_images/Silver_X-502 p_yim.gif
2003.10.10 17:09 B E:\Documents and Settings\Adam Knox\My Documents\skate-world.net\ibforum\ivb1-3\skin graphics\Silver_X-502\pip.gif <-- skate-world.net /public_html/forum/style_images/Silver_X-502 pip.gif
2003.10.10 17:09 B E:\Documents and Settings\Adam Knox\My Documents\skate-world.net\ibforum\ivb1-3\skin graphics\Silver_X-502\remove.gif <-- skate-world.net /public_html/forum/style_images/Silver_X-502 remove.gif
2003.10.10 17:09 B E:\Documents and Settings\Adam Knox\My Documents\skate-world.net\ibforum\ivb1-3\skin graphics\Silver_X-502\spacer.gif <-- skate-world.net /public_html/forum/style_images/Silver_X-502 spacer.gif
2003.10.10 17:09 B E:\Documents and Settings\Adam Knox\My Documents\skate-world.net\ibforum\ivb1-3\skin graphics\Silver_X-502\stats.gif <-- skate-world.net /public_html/forum/style_images/Silver_X-502 stats.gif
2003.10.10 17:09 B E:\Documents and Settings\Adam Knox\My Documents\skate-world.net\ibforum\ivb1-3\skin graphics\Silver_X-502\t_closed.gif <-- skate-world.net /public_html/forum/style_images/Silver_X-502 t_closed.gif
2003.10.10 17:09 B E:\Documents and Settings\Adam Knox\My Documents\skate-world.net\ibforum\ivb1-3\skin graphics\Silver_X-502\t_moved.gif <-- skate-world.net /public_html/forum/style_images/Silver_X-502 t_moved.gif
2003.10.10 17:22 B E:\Documents and Settings\Adam Knox\My Documents\skate-world.net\ibforum\ivb1-3\skin graphics\Silver_X-502\t_new.gif <-- skate-world.net /public_html/forum/style_images/Silver_X-502 t_new.gif
2003.10.10 17:22 B E:\Documents and Settings\Adam Knox\My Documents\skate-world.net\ibforum\ivb1-3\skin graphics\Silver_X-502\t_poll.gif <-- skate-world.net /public_html/forum/style_images/Silver_X-502 t_poll.gif
2003.10.10 17:22 B E:\Documents and Settings\Adam Knox\My Documents\skate-world.net\ibforum\ivb1-3\skin graphics\Silver_X-502\t_reply.gif <-- skate-world.net /public_html/forum/style_images/Silver_X-502 t_reply.gif
2003.10.10 17:22 B E:\Documents and Settings\Adam Knox\My Documents\skate-world.net\ibforum\ivb1-3\skin graphics\Silver_X-502\tile_back.gif <-- skate-world.net /public_html/forum/style_images/Silver_X-502 tile_back.gif
2003.10.10 17:22 B E:\Documents and Settings\Adam Knox\My Documents\skate-world.net\ibforum\ivb1-3\skin graphics\Silver_X-502\tile_back_small.gif <-- skate-world.net /public_html/forum/style_images/Silver_X-502 tile_back_small.gif
2003.10.10 17:22 B E:\Documents and Settings\Adam Knox\My Documents\skate-world.net\ibforum\ivb1-3\skin graphics\Silver_X-502\tile_sub.gif <-- skate-world.net /public_html/forum/style_images/Silver_X-502 tile_sub.gif
2003.10.10 17:22 B E:\Documents and Settings\Adam Knox\My Documents\skate-world.net\ibforum\ivb1-3\skin graphics\Silver_X-502\user.gif <-- skate-world.net /public_html/forum/style_images/Silver_X-502 user.gif
