2004.05.28 18:00 B E:\Documents and Settings\Adam Knox\My Documents\Web Sites\skate world\forumsite\images\avatars\clear_avatar.gif <-- Skate world /public_html/forum/images/avatars clear_avatar.gif
2004.05.28 18:00 B E:\Documents and Settings\Adam Knox\My Documents\Web Sites\skate world\forumsite\images\avatars\drumsticks.gif <-- Skate world /public_html/forum/images/avatars drumsticks.gif
2004.05.28 18:00 B E:\Documents and Settings\Adam Knox\My Documents\Web Sites\skate world\forumsite\images\avatars\index.html <-- Skate world /public_html/forum/images/avatars index.html
2004.05.28 18:17 B E:\Documents and Settings\Adam Knox\My Documents\Web Sites\skate world\forumsite\images\avatars\clear_avatar.gif --> ftp.skate-world.net /public_html/images/avatars clear_avatar.gif
2004.05.28 18:17 B E:\Documents and Settings\Adam Knox\My Documents\Web Sites\skate world\forumsite\images\avatars\drumsticks.gif --> ftp.skate-world.net /public_html/images/avatars drumsticks.gif
2004.05.28 18:17 B E:\Documents and Settings\Adam Knox\My Documents\Web Sites\skate world\forumsite\images\avatars\index.html --> ftp.skate-world.net /public_html/images/avatars index.html
2004.08.26 15:41 B E:\Documents and Settings\Adam Knox\Desktop\SKATE WORLD UNCLEAN\public_html\images\avatars\WS_FTP.LOG <-- Skate world /public_html/images/avatars WS_FTP.LOG
2004.08.26 21:24 B E:\Documents and Settings\Adam Knox\Desktop\Skate world redone\forum\images\avatars\clear_avatar.gif --> ftp.skate-world.net /public_html/forum/images/avatars clear_avatar.gif
2004.08.26 21:24 B E:\Documents and Settings\Adam Knox\Desktop\Skate world redone\forum\images\avatars\drumsticks.gif --> ftp.skate-world.net /public_html/forum/images/avatars drumsticks.gif
2004.08.26 21:24 B E:\Documents and Settings\Adam Knox\Desktop\Skate world redone\forum\images\avatars\index.html --> ftp.skate-world.net /public_html/forum/images/avatars index.html
2004.08.26 21:24 B E:\Documents and Settings\Adam Knox\Desktop\Skate world redone\forum\images\avatars\josh.gif --> ftp.skate-world.net /public_html/forum/images/avatars josh.gif
2004.08.26 21:24 B E:\Documents and Settings\Adam Knox\Desktop\Skate world redone\forum\images\avatars\sk8ter_girl.jpg --> ftp.skate-world.net /public_html/forum/images/avatars sk8ter_girl.jpg
2004.09.20 16:34 B E:\Documents and Settings\Adam Knox\My Documents\Skate World\backup\forum\images\avatars\WS_FTP.LOG <-- Skate world Temporary /public_html/forum/images/avatars WS_FTP.LOG
2004.10.02 20:24 B G:\Documents and Settings\bilbo\My Documents\Skate World\backup\FOLDERS\forum\images\avatars\clear_avatar.gif --> host215.ipowerweb.com /public_html/forum/images/avatars clear_avatar.gif
2004.10.02 20:24 B G:\Documents and Settings\bilbo\My Documents\Skate World\backup\FOLDERS\forum\images\avatars\drumsticks.gif --> host215.ipowerweb.com /public_html/forum/images/avatars drumsticks.gif
2004.10.02 20:24 B G:\Documents and Settings\bilbo\My Documents\Skate World\backup\FOLDERS\forum\images\avatars\index.html --> host215.ipowerweb.com /public_html/forum/images/avatars index.html
2004.10.02 20:24 B G:\Documents and Settings\bilbo\My Documents\Skate World\backup\FOLDERS\forum\images\avatars\josh.gif --> host215.ipowerweb.com /public_html/forum/images/avatars josh.gif
2004.10.02 20:24 B G:\Documents and Settings\bilbo\My Documents\Skate World\backup\FOLDERS\forum\images\avatars\sk8ter_girl.jpg --> host215.ipowerweb.com /public_html/forum/images/avatars sk8ter_girl.jpg
2004.10.02 20:24 B G:\Documents and Settings\bilbo\My Documents\Skate World\backup\FOLDERS\forum\images\avatars\WS_FTP.LOG --> host215.ipowerweb.com /public_html/forum/images/avatars WS_FTP.LOG
2004.10.02 20:32 B G:\Documents and Settings\bilbo\My Documents\Skate World\backup\FOLDERS\forum\images\avatars\WS_FTP.LOG --> host215.ipowerweb.com /public_html/forum/images/avatars WS_FTP.LOG
