2004.03.31 18:46 B E:\Documents and Settings\Adam Knox\My Documents\Web Sites\skate world\html\future designs\design 4\news\upload\img\bold.gif --> ftp.skate-world.net /public_html/news/upload/img bold.gif
2004.03.31 18:46 B E:\Documents and Settings\Adam Knox\My Documents\Web Sites\skate world\html\future designs\design 4\news\upload\img\center.gif --> ftp.skate-world.net /public_html/news/upload/img center.gif
2004.03.31 18:46 B E:\Documents and Settings\Adam Knox\My Documents\Web Sites\skate world\html\future designs\design 4\news\upload\img\code.gif --> ftp.skate-world.net /public_html/news/upload/img code.gif
2004.03.31 18:46 B E:\Documents and Settings\Adam Knox\My Documents\Web Sites\skate world\html\future designs\design 4\news\upload\img\color.gif --> ftp.skate-world.net /public_html/news/upload/img color.gif
2004.03.31 18:46 B E:\Documents and Settings\Adam Knox\My Documents\Web Sites\skate world\html\future designs\design 4\news\upload\img\email2.gif --> ftp.skate-world.net /public_html/news/upload/img email2.gif
2004.03.31 18:46 B E:\Documents and Settings\Adam Knox\My Documents\Web Sites\skate world\html\future designs\design 4\news\upload\img\flash.gif --> ftp.skate-world.net /public_html/news/upload/img flash.gif
2004.03.31 18:46 B E:\Documents and Settings\Adam Knox\My Documents\Web Sites\skate world\html\future designs\design 4\news\upload\img\fontface.gif --> ftp.skate-world.net /public_html/news/upload/img fontface.gif
2004.03.31 18:46 B E:\Documents and Settings\Adam Knox\My Documents\Web Sites\skate world\html\future designs\design 4\news\upload\img\fontleft.gif --> ftp.skate-world.net /public_html/news/upload/img fontleft.gif
2004.03.31 18:46 B E:\Documents and Settings\Adam Knox\My Documents\Web Sites\skate world\html\future designs\design 4\news\upload\img\fontsize.gif --> ftp.skate-world.net /public_html/news/upload/img fontsize.gif
2004.03.31 18:46 B E:\Documents and Settings\Adam Knox\My Documents\Web Sites\skate world\html\future designs\design 4\news\upload\img\ftp.gif --> ftp.skate-world.net /public_html/news/upload/img ftp.gif
2004.03.31 18:46 B E:\Documents and Settings\Adam Knox\My Documents\Web Sites\skate world\html\future designs\design 4\news\upload\img\glow.gif --> ftp.skate-world.net /public_html/news/upload/img glow.gif
2004.03.31 18:46 B E:\Documents and Settings\Adam Knox\My Documents\Web Sites\skate world\html\future designs\design 4\news\upload\img\hr.gif --> ftp.skate-world.net /public_html/news/upload/img hr.gif
2004.03.31 18:46 B E:\Documents and Settings\Adam Knox\My Documents\Web Sites\skate world\html\future designs\design 4\news\upload\img\img.gif --> ftp.skate-world.net /public_html/news/upload/img img.gif
2004.03.31 18:46 B E:\Documents and Settings\Adam Knox\My Documents\Web Sites\skate world\html\future designs\design 4\news\upload\img\italic.gif --> ftp.skate-world.net /public_html/news/upload/img italic.gif
2004.03.31 18:46 B E:\Documents and Settings\Adam Knox\My Documents\Web Sites\skate world\html\future designs\design 4\news\upload\img\link.gif --> ftp.skate-world.net /public_html/news/upload/img link.gif
2004.03.31 18:46 B E:\Documents and Settings\Adam Knox\My Documents\Web Sites\skate world\html\future designs\design 4\news\upload\img\list.gif --> ftp.skate-world.net /public_html/news/upload/img list.gif
2004.03.31 18:46 B E:\Documents and Settings\Adam Knox\My Documents\Web Sites\skate world\html\future designs\design 4\news\upload\img\love.gif --> ftp.skate-world.net /public_html/news/upload/img love.gif
2004.03.31 18:46 B E:\Documents and Settings\Adam Knox\My Documents\Web Sites\skate world\html\future designs\design 4\news\upload\img\move.gif --> ftp.skate-world.net /public_html/news/upload/img move.gif
2004.03.31 18:46 B E:\Documents and Settings\Adam Knox\My Documents\Web Sites\skate world\html\future designs\design 4\news\upload\img\pre.gif --> ftp.skate-world.net /public_html/news/upload/img pre.gif
2004.03.31 18:46 B E:\Documents and Settings\Adam Knox\My Documents\Web Sites\skate world\html\future designs\design 4\news\upload\img\quote2.gif --> ftp.skate-world.net /public_html/news/upload/img quote2.gif
2004.03.31 18:46 B E:\Documents and Settings\Adam Knox\My Documents\Web Sites\skate world\html\future designs\design 4\news\upload\img\right.gif --> ftp.skate-world.net /public_html/news/upload/img right.gif
2004.03.31 18:46 B E:\Documents and Settings\Adam Knox\My Documents\Web Sites\skate world\html\future designs\design 4\news\upload\img\shadow.gif --> ftp.skate-world.net /public_html/news/upload/img shadow.gif
2004.03.31 18:46 B E:\Documents and Settings\Adam Knox\My Documents\Web Sites\skate world\html\future designs\design 4\news\upload\img\slash.gif --> ftp.skate-world.net /public_html/news/upload/img slash.gif
2004.03.31 18:46 B E:\Documents and Settings\Adam Knox\My Documents\Web Sites\skate world\html\future designs\design 4\news\upload\img\strike.gif --> ftp.skate-world.net /public_html/news/upload/img strike.gif
2004.03.31 18:46 B E:\Documents and Settings\Adam Knox\My Documents\Web Sites\skate world\html\future designs\design 4\news\upload\img\sub.gif --> ftp.skate-world.net /public_html/news/upload/img sub.gif
2004.03.31 18:46 B E:\Documents and Settings\Adam Knox\My Documents\Web Sites\skate world\html\future designs\design 4\news\upload\img\sup.gif --> ftp.skate-world.net /public_html/news/upload/img sup.gif
2004.03.31 18:46 B E:\Documents and Settings\Adam Knox\My Documents\Web Sites\skate world\html\future designs\design 4\news\upload\img\table.gif --> ftp.skate-world.net /public_html/news/upload/img table.gif
2004.03.31 18:46 B E:\Documents and Settings\Adam Knox\My Documents\Web Sites\skate world\html\future designs\design 4\news\upload\img\td.gif --> ftp.skate-world.net /public_html/news/upload/img td.gif
2004.03.31 18:46 B E:\Documents and Settings\Adam Knox\My Documents\Web Sites\skate world\html\future designs\design 4\news\upload\img\tele.gif --> ftp.skate-world.net /public_html/news/upload/img tele.gif
2004.03.31 18:46 B E:\Documents and Settings\Adam Knox\My Documents\Web Sites\skate world\html\future designs\design 4\news\upload\img\Thumbs.db --> ftp.skate-world.net /public_html/news/upload/img Thumbs.db
2004.03.31 18:46 B E:\Documents and Settings\Adam Knox\My Documents\Web Sites\skate world\html\future designs\design 4\news\upload\img\tr.gif --> ftp.skate-world.net /public_html/news/upload/img tr.gif
2004.03.31 18:46 B E:\Documents and Settings\Adam Knox\My Documents\Web Sites\skate world\html\future designs\design 4\news\upload\img\underline.gif --> ftp.skate-world.net /public_html/news/upload/img underline.gif
2004.03.31 18:46 B E:\Documents and Settings\Adam Knox\My Documents\Web Sites\skate world\html\future designs\design 4\news\upload\img\url.gif --> ftp.skate-world.net /public_html/news/upload/img url.gif
2004.03.31 18:46 B E:\Documents and Settings\Adam Knox\My Documents\Web Sites\skate world\html\future designs\design 4\news\upload\img\version.gif --> ftp.skate-world.net /public_html/news/upload/img version.gif
