2004.08.26 15:55 B E:\Documents and Settings\Adam Knox\Desktop\SKATE WORLD UNCLEAN\public_html\images\xmb_xtreme\address.gif <-- Skate world /public_html/images/xmb_xtreme address.gif
2004.08.26 15:55 B E:\Documents and Settings\Adam Knox\Desktop\SKATE WORLD UNCLEAN\public_html\images\xmb_xtreme\aim.gif <-- Skate world /public_html/images/xmb_xtreme aim.gif
2004.08.26 15:55 B E:\Documents and Settings\Adam Knox\Desktop\SKATE WORLD UNCLEAN\public_html\images\xmb_xtreme\arrow_dw.gif <-- Skate world /public_html/images/xmb_xtreme arrow_dw.gif
2004.08.26 15:55 B E:\Documents and Settings\Adam Knox\Desktop\SKATE WORLD UNCLEAN\public_html\images\xmb_xtreme\arrow_up.gif <-- Skate world /public_html/images/xmb_xtreme arrow_up.gif
2004.08.26 15:55 B E:\Documents and Settings\Adam Knox\Desktop\SKATE WORLD UNCLEAN\public_html\images\xmb_xtreme\avatars.gif <-- Skate world /public_html/images/xmb_xtreme avatars.gif
2004.08.26 15:55 B E:\Documents and Settings\Adam Knox\Desktop\SKATE WORLD UNCLEAN\public_html\images\xmb_xtreme\background.jpg <-- Skate world /public_html/images/xmb_xtreme background.jpg
2004.08.26 15:55 B E:\Documents and Settings\Adam Knox\Desktop\SKATE WORLD UNCLEAN\public_html\images\xmb_xtreme\bb_bold.gif <-- Skate world /public_html/images/xmb_xtreme bb_bold.gif
2004.08.26 15:55 B E:\Documents and Settings\Adam Knox\Desktop\SKATE WORLD UNCLEAN\public_html\images\xmb_xtreme\bb_center.gif <-- Skate world /public_html/images/xmb_xtreme bb_center.gif
2004.08.26 15:55 B E:\Documents and Settings\Adam Knox\Desktop\SKATE WORLD UNCLEAN\public_html\images\xmb_xtreme\bb_code.gif <-- Skate world /public_html/images/xmb_xtreme bb_code.gif
2004.08.26 15:55 B E:\Documents and Settings\Adam Knox\Desktop\SKATE WORLD UNCLEAN\public_html\images\xmb_xtreme\bb_email.gif <-- Skate world /public_html/images/xmb_xtreme bb_email.gif
2004.08.26 15:55 B E:\Documents and Settings\Adam Knox\Desktop\SKATE WORLD UNCLEAN\public_html\images\xmb_xtreme\bb_image.gif <-- Skate world /public_html/images/xmb_xtreme bb_image.gif
2004.08.26 15:55 B E:\Documents and Settings\Adam Knox\Desktop\SKATE WORLD UNCLEAN\public_html\images\xmb_xtreme\bb_italicize.gif <-- Skate world /public_html/images/xmb_xtreme bb_italicize.gif
2004.08.26 15:55 B E:\Documents and Settings\Adam Knox\Desktop\SKATE WORLD UNCLEAN\public_html\images\xmb_xtreme\bb_list.gif <-- Skate world /public_html/images/xmb_xtreme bb_list.gif
2004.08.26 15:55 B E:\Documents and Settings\Adam Knox\Desktop\SKATE WORLD UNCLEAN\public_html\images\xmb_xtreme\bb_quote.gif <-- Skate world /public_html/images/xmb_xtreme bb_quote.gif
2004.08.26 15:55 B E:\Documents and Settings\Adam Knox\Desktop\SKATE WORLD UNCLEAN\public_html\images\xmb_xtreme\bb_underline.gif <-- Skate world /public_html/images/xmb_xtreme bb_underline.gif
2004.08.26 15:55 B E:\Documents and Settings\Adam Knox\Desktop\SKATE WORLD UNCLEAN\public_html\images\xmb_xtreme\bb_url.gif <-- Skate world /public_html/images/xmb_xtreme bb_url.gif
2004.08.26 15:55 B E:\Documents and Settings\Adam Knox\Desktop\SKATE WORLD UNCLEAN\public_html\images\xmb_xtreme\bbrules.gif <-- Skate world /public_html/images/xmb_xtreme bbrules.gif
2004.08.26 15:55 B E:\Documents and Settings\Adam Knox\Desktop\SKATE WORLD UNCLEAN\public_html\images\xmb_xtreme\cat_bg.jpg <-- Skate world /public_html/images/xmb_xtreme cat_bg.jpg
2004.08.26 15:55 B E:\Documents and Settings\Adam Knox\Desktop\SKATE WORLD UNCLEAN\public_html\images\xmb_xtreme\chat.gif <-- Skate world /public_html/images/xmb_xtreme chat.gif
2004.08.26 15:55 B E:\Documents and Settings\Adam Knox\Desktop\SKATE WORLD UNCLEAN\public_html\images\xmb_xtreme\closeav.gif <-- Skate world /public_html/images/xmb_xtreme closeav.gif
2004.08.26 15:55 B E:\Documents and Settings\Adam Knox\Desktop\SKATE WORLD UNCLEAN\public_html\images\xmb_xtreme\dot_hot_folder.gif <-- Skate world /public_html/images/xmb_xtreme dot_hot_folder.gif
2004.08.26 15:55 B E:\Documents and Settings\Adam Knox\Desktop\SKATE WORLD UNCLEAN\public_html\images\xmb_xtreme\dot_hot_red_folder.gif <-- Skate world /public_html/images/xmb_xtreme dot_hot_red_folder.gif
2004.08.26 15:55 B E:\Documents and Settings\Adam Knox\Desktop\SKATE WORLD UNCLEAN\public_html\images\xmb_xtreme\edit.gif <-- Skate world /public_html/images/xmb_xtreme edit.gif
2004.08.26 15:55 B E:\Documents and Settings\Adam Knox\Desktop\SKATE WORLD UNCLEAN\public_html\images\xmb_xtreme\email.gif <-- Skate world /public_html/images/xmb_xtreme email.gif
2004.08.26 15:55 B E:\Documents and Settings\Adam Knox\Desktop\SKATE WORLD UNCLEAN\public_html\images\xmb_xtreme\faq.gif <-- Skate world /public_html/images/xmb_xtreme faq.gif
2004.08.26 15:55 B E:\Documents and Settings\Adam Knox\Desktop\SKATE WORLD UNCLEAN\public_html\images\xmb_xtreme\find.gif <-- Skate world /public_html/images/xmb_xtreme find.gif
2004.08.26 15:56 B E:\Documents and Settings\Adam Knox\Desktop\SKATE WORLD UNCLEAN\public_html\images\xmb_xtreme\folder.gif <-- Skate world /public_html/images/xmb_xtreme folder.gif
2004.08.26 15:56 B E:\Documents and Settings\Adam Knox\Desktop\SKATE WORLD UNCLEAN\public_html\images\xmb_xtreme\games.gif <-- Skate world /public_html/images/xmb_xtreme games.gif
2004.08.26 15:56 B E:\Documents and Settings\Adam Knox\Desktop\SKATE WORLD UNCLEAN\public_html\images\xmb_xtreme\headerback.gif <-- Skate world /public_html/images/xmb_xtreme headerback.gif
2004.08.26 15:56 B E:\Documents and Settings\Adam Knox\Desktop\SKATE WORLD UNCLEAN\public_html\images\xmb_xtreme\home.gif <-- Skate world /public_html/images/xmb_xtreme home.gif
2004.08.26 15:56 B E:\Documents and Settings\Adam Knox\Desktop\SKATE WORLD UNCLEAN\public_html\images\xmb_xtreme\hot_folder.gif <-- Skate world /public_html/images/xmb_xtreme hot_folder.gif
2004.08.26 15:56 B E:\Documents and Settings\Adam Knox\Desktop\SKATE WORLD UNCLEAN\public_html\images\xmb_xtreme\hot_red_folder.gif <-- Skate world /public_html/images/xmb_xtreme hot_red_folder.gif
2004.08.26 15:56 B E:\Documents and Settings\Adam Knox\Desktop\SKATE WORLD UNCLEAN\public_html\images\xmb_xtreme\icq_add.gif <-- Skate world /public_html/images/xmb_xtreme icq_add.gif
2004.08.26 15:56 B E:\Documents and Settings\Adam Knox\Desktop\SKATE WORLD UNCLEAN\public_html\images\xmb_xtreme\inbox.gif <-- Skate world /public_html/images/xmb_xtreme inbox.gif
2004.08.26 15:56 B E:\Documents and Settings\Adam Knox\Desktop\SKATE WORLD UNCLEAN\public_html\images\xmb_xtreme\ip.gif <-- Skate world /public_html/images/xmb_xtreme ip.gif
2004.08.26 15:56 B E:\Documents and Settings\Adam Knox\Desktop\SKATE WORLD UNCLEAN\public_html\images\xmb_xtreme\ipost.gif <-- Skate world /public_html/images/xmb_xtreme ipost.gif
2004.08.26 15:56 B E:\Documents and Settings\Adam Knox\Desktop\SKATE WORLD UNCLEAN\public_html\images\xmb_xtreme\lastpost.gif <-- Skate world /public_html/images/xmb_xtreme lastpost.gif
2004.08.26 15:56 B E:\Documents and Settings\Adam Knox\Desktop\SKATE WORLD UNCLEAN\public_html\images\xmb_xtreme\lock_folder.gif <-- Skate world /public_html/images/xmb_xtreme lock_folder.gif
2004.08.26 15:56 B E:\Documents and Settings\Adam Knox\Desktop\SKATE WORLD UNCLEAN\public_html\images\xmb_xtreme\locku2u.gif <-- Skate world /public_html/images/xmb_xtreme locku2u.gif
2004.08.26 15:56 B E:\Documents and Settings\Adam Knox\Desktop\SKATE WORLD UNCLEAN\public_html\images\xmb_xtreme\logo.jpg <-- Skate world /public_html/images/xmb_xtreme logo.jpg
2004.08.26 15:56 B E:\Documents and Settings\Adam Knox\Desktop\SKATE WORLD UNCLEAN\public_html\images\xmb_xtreme\logo.psd <-- Skate world /public_html/images/xmb_xtreme logo.psd
2004.08.26 15:56 B E:\Documents and Settings\Adam Knox\Desktop\SKATE WORLD UNCLEAN\public_html\images\xmb_xtreme\members_list.gif <-- Skate world /public_html/images/xmb_xtreme members_list.gif
2004.08.26 15:56 B E:\Documents and Settings\Adam Knox\Desktop\SKATE WORLD UNCLEAN\public_html\images\xmb_xtreme\msn.gif <-- Skate world /public_html/images/xmb_xtreme msn.gif
2004.08.26 15:56 B E:\Documents and Settings\Adam Knox\Desktop\SKATE WORLD UNCLEAN\public_html\images\xmb_xtreme\newtopic.gif <-- Skate world /public_html/images/xmb_xtreme newtopic.gif
2004.08.26 15:56 B E:\Documents and Settings\Adam Knox\Desktop\SKATE WORLD UNCLEAN\public_html\images\xmb_xtreme\newu2u.gif <-- Skate world /public_html/images/xmb_xtreme newu2u.gif
2004.08.26 15:56 B E:\Documents and Settings\Adam Knox\Desktop\SKATE WORLD UNCLEAN\public_html\images\xmb_xtreme\online.gif <-- Skate world /public_html/images/xmb_xtreme online.gif
2004.08.26 15:56 B E:\Documents and Settings\Adam Knox\Desktop\SKATE WORLD UNCLEAN\public_html\images\xmb_xtreme\openav.gif <-- Skate world /public_html/images/xmb_xtreme openav.gif
2004.08.26 15:56 B E:\Documents and Settings\Adam Knox\Desktop\SKATE WORLD UNCLEAN\public_html\images\xmb_xtreme\outbox.gif <-- Skate world /public_html/images/xmb_xtreme outbox.gif
2004.08.26 15:56 B E:\Documents and Settings\Adam Knox\Desktop\SKATE WORLD UNCLEAN\public_html\images\xmb_xtreme\pin.gif <-- Skate world /public_html/images/xmb_xtreme pin.gif
2004.08.26 15:56 B E:\Documents and Settings\Adam Knox\Desktop\SKATE WORLD UNCLEAN\public_html\images\xmb_xtreme\pixel.gif <-- Skate world /public_html/images/xmb_xtreme pixel.gif
2004.08.26 15:56 B E:\Documents and Settings\Adam Knox\Desktop\SKATE WORLD UNCLEAN\public_html\images\xmb_xtreme\poll.gif <-- Skate world /public_html/images/xmb_xtreme poll.gif
2004.08.26 15:56 B E:\Documents and Settings\Adam Knox\Desktop\SKATE WORLD UNCLEAN\public_html\images\xmb_xtreme\pollbar-e.gif <-- Skate world /public_html/images/xmb_xtreme pollbar-e.gif
2004.08.26 15:56 B E:\Documents and Settings\Adam Knox\Desktop\SKATE WORLD UNCLEAN\public_html\images\xmb_xtreme\pollbar-s.gif <-- Skate world /public_html/images/xmb_xtreme pollbar-s.gif
2004.08.26 15:56 B E:\Documents and Settings\Adam Knox\Desktop\SKATE WORLD UNCLEAN\public_html\images\xmb_xtreme\pollbar.gif <-- Skate world /public_html/images/xmb_xtreme pollbar.gif
2004.08.26 15:56 B E:\Documents and Settings\Adam Knox\Desktop\SKATE WORLD UNCLEAN\public_html\images\xmb_xtreme\pollsmall.gif <-- Skate world /public_html/images/xmb_xtreme pollsmall.gif
2004.08.26 15:56 B E:\Documents and Settings\Adam Knox\Desktop\SKATE WORLD UNCLEAN\public_html\images\xmb_xtreme\profile.gif <-- Skate world /public_html/images/xmb_xtreme profile.gif
2004.08.26 15:56 B E:\Documents and Settings\Adam Knox\Desktop\SKATE WORLD UNCLEAN\public_html\images\xmb_xtreme\quote.gif <-- Skate world /public_html/images/xmb_xtreme quote.gif
2004.08.26 15:56 B E:\Documents and Settings\Adam Knox\Desktop\SKATE WORLD UNCLEAN\public_html\images\xmb_xtreme\red_folder.gif <-- Skate world /public_html/images/xmb_xtreme red_folder.gif
2004.08.26 15:56 B E:\Documents and Settings\Adam Knox\Desktop\SKATE WORLD UNCLEAN\public_html\images\xmb_xtreme\reply.gif <-- Skate world /public_html/images/xmb_xtreme reply.gif
2004.08.26 15:56 B E:\Documents and Settings\Adam Knox\Desktop\SKATE WORLD UNCLEAN\public_html\images\xmb_xtreme\report.gif <-- Skate world /public_html/images/xmb_xtreme report.gif
2004.08.26 15:56 B E:\Documents and Settings\Adam Knox\Desktop\SKATE WORLD UNCLEAN\public_html\images\xmb_xtreme\search.gif <-- Skate world /public_html/images/xmb_xtreme search.gif
2004.08.26 15:56 B E:\Documents and Settings\Adam Knox\Desktop\SKATE WORLD UNCLEAN\public_html\images\xmb_xtreme\site.gif <-- Skate world /public_html/images/xmb_xtreme site.gif
2004.08.26 15:56 B E:\Documents and Settings\Adam Knox\Desktop\SKATE WORLD UNCLEAN\public_html\images\xmb_xtreme\solve.gif <-- Skate world /public_html/images/xmb_xtreme solve.gif
2004.08.26 15:56 B E:\Documents and Settings\Adam Knox\Desktop\SKATE WORLD UNCLEAN\public_html\images\xmb_xtreme\space.gif <-- Skate world /public_html/images/xmb_xtreme space.gif
2004.08.26 15:56 B E:\Documents and Settings\Adam Knox\Desktop\SKATE WORLD UNCLEAN\public_html\images\xmb_xtreme\star.gif <-- Skate world /public_html/images/xmb_xtreme star.gif
2004.08.26 15:56 B E:\Documents and Settings\Adam Knox\Desktop\SKATE WORLD UNCLEAN\public_html\images\xmb_xtreme\stats.gif <-- Skate world /public_html/images/xmb_xtreme stats.gif
2004.08.26 15:56 B E:\Documents and Settings\Adam Knox\Desktop\SKATE WORLD UNCLEAN\public_html\images\xmb_xtreme\Thumbs.db <-- Skate world /public_html/images/xmb_xtreme Thumbs.db
2004.08.26 15:56 B E:\Documents and Settings\Adam Knox\Desktop\SKATE WORLD UNCLEAN\public_html\images\xmb_xtreme\todays_posts.gif <-- Skate world /public_html/images/xmb_xtreme todays_posts.gif
2004.08.26 15:56 B E:\Documents and Settings\Adam Knox\Desktop\SKATE WORLD UNCLEAN\public_html\images\xmb_xtreme\topav.gif <-- Skate world /public_html/images/xmb_xtreme topav.gif
2004.08.26 15:56 B E:\Documents and Settings\Adam Knox\Desktop\SKATE WORLD UNCLEAN\public_html\images\xmb_xtreme\u2u.gif <-- Skate world /public_html/images/xmb_xtreme u2u.gif
2004.08.26 15:57 B E:\Documents and Settings\Adam Knox\Desktop\SKATE WORLD UNCLEAN\public_html\images\xmb_xtreme\unsolve.gif <-- Skate world /public_html/images/xmb_xtreme unsolve.gif
2004.08.26 15:57 B E:\Documents and Settings\Adam Knox\Desktop\SKATE WORLD UNCLEAN\public_html\images\xmb_xtreme\xmb_xtreme <-- Skate world /public_html/images/xmb_xtreme xmb_xtreme
2004.08.26 15:57 B E:\Documents and Settings\Adam Knox\Desktop\SKATE WORLD UNCLEAN\public_html\images\xmb_xtreme\yahoo.gif <-- Skate world /public_html/images/xmb_xtreme yahoo.gif
2004.08.26 21:33 B E:\Documents and Settings\Adam Knox\Desktop\Skate world redone\forum\images\xmb_xtreme\address.gif --> ftp.skate-world.net /public_html/forum/images/xmb_xtreme address.gif
2004.08.26 21:33 B E:\Documents and Settings\Adam Knox\Desktop\Skate world redone\forum\images\xmb_xtreme\aim.gif --> ftp.skate-world.net /public_html/forum/images/xmb_xtreme aim.gif
2004.08.26 21:33 B E:\Documents and Settings\Adam Knox\Desktop\Skate world redone\forum\images\xmb_xtreme\arrow_dw.gif --> ftp.skate-world.net /public_html/forum/images/xmb_xtreme arrow_dw.gif
2004.08.26 21:33 B E:\Documents and Settings\Adam Knox\Desktop\Skate world redone\forum\images\xmb_xtreme\arrow_up.gif --> ftp.skate-world.net /public_html/forum/images/xmb_xtreme arrow_up.gif
2004.08.26 21:33 B E:\Documents and Settings\Adam Knox\Desktop\Skate world redone\forum\images\xmb_xtreme\avatars.gif --> ftp.skate-world.net /public_html/forum/images/xmb_xtreme avatars.gif
2004.08.26 21:33 B E:\Documents and Settings\Adam Knox\Desktop\Skate world redone\forum\images\xmb_xtreme\background.jpg --> ftp.skate-world.net /public_html/forum/images/xmb_xtreme background.jpg
2004.08.26 21:33 B E:\Documents and Settings\Adam Knox\Desktop\Skate world redone\forum\images\xmb_xtreme\bb_bold.gif --> ftp.skate-world.net /public_html/forum/images/xmb_xtreme bb_bold.gif
2004.08.26 21:33 B E:\Documents and Settings\Adam Knox\Desktop\Skate world redone\forum\images\xmb_xtreme\bb_center.gif --> ftp.skate-world.net /public_html/forum/images/xmb_xtreme bb_center.gif
2004.08.26 21:33 B E:\Documents and Settings\Adam Knox\Desktop\Skate world redone\forum\images\xmb_xtreme\bb_code.gif --> ftp.skate-world.net /public_html/forum/images/xmb_xtreme bb_code.gif
2004.08.26 21:33 B E:\Documents and Settings\Adam Knox\Desktop\Skate world redone\forum\images\xmb_xtreme\bb_email.gif --> ftp.skate-world.net /public_html/forum/images/xmb_xtreme bb_email.gif
2004.08.26 21:33 B E:\Documents and Settings\Adam Knox\Desktop\Skate world redone\forum\images\xmb_xtreme\bb_image.gif --> ftp.skate-world.net /public_html/forum/images/xmb_xtreme bb_image.gif
2004.08.26 21:33 B E:\Documents and Settings\Adam Knox\Desktop\Skate world redone\forum\images\xmb_xtreme\bb_italicize.gif --> ftp.skate-world.net /public_html/forum/images/xmb_xtreme bb_italicize.gif
2004.08.26 21:33 B E:\Documents and Settings\Adam Knox\Desktop\Skate world redone\forum\images\xmb_xtreme\bb_list.gif --> ftp.skate-world.net /public_html/forum/images/xmb_xtreme bb_list.gif
2004.08.26 21:33 B E:\Documents and Settings\Adam Knox\Desktop\Skate world redone\forum\images\xmb_xtreme\bb_quote.gif --> ftp.skate-world.net /public_html/forum/images/xmb_xtreme bb_quote.gif
2004.08.26 21:33 B E:\Documents and Settings\Adam Knox\Desktop\Skate world redone\forum\images\xmb_xtreme\bb_underline.gif --> ftp.skate-world.net /public_html/forum/images/xmb_xtreme bb_underline.gif
2004.08.26 21:33 B E:\Documents and Settings\Adam Knox\Desktop\Skate world redone\forum\images\xmb_xtreme\bb_url.gif --> ftp.skate-world.net /public_html/forum/images/xmb_xtreme bb_url.gif
2004.08.26 21:33 B E:\Documents and Settings\Adam Knox\Desktop\Skate world redone\forum\images\xmb_xtreme\bbrules.gif --> ftp.skate-world.net /public_html/forum/images/xmb_xtreme bbrules.gif
2004.08.26 21:33 B E:\Documents and Settings\Adam Knox\Desktop\Skate world redone\forum\images\xmb_xtreme\cat_bg.jpg --> ftp.skate-world.net /public_html/forum/images/xmb_xtreme cat_bg.jpg
2004.08.26 21:33 B E:\Documents and Settings\Adam Knox\Desktop\Skate world redone\forum\images\xmb_xtreme\chat.gif --> ftp.skate-world.net /public_html/forum/images/xmb_xtreme chat.gif
2004.08.26 21:33 B E:\Documents and Settings\Adam Knox\Desktop\Skate world redone\forum\images\xmb_xtreme\closeav.gif --> ftp.skate-world.net /public_html/forum/images/xmb_xtreme closeav.gif
2004.08.26 21:33 B E:\Documents and Settings\Adam Knox\Desktop\Skate world redone\forum\images\xmb_xtreme\dot_hot_folder.gif --> ftp.skate-world.net /public_html/forum/images/xmb_xtreme dot_hot_folder.gif
2004.08.26 21:33 B E:\Documents and Settings\Adam Knox\Desktop\Skate world redone\forum\images\xmb_xtreme\dot_hot_red_folder.gif --> ftp.skate-world.net /public_html/forum/images/xmb_xtreme dot_hot_red_folder.gif
2004.08.26 21:33 B E:\Documents and Settings\Adam Knox\Desktop\Skate world redone\forum\images\xmb_xtreme\edit.gif --> ftp.skate-world.net /public_html/forum/images/xmb_xtreme edit.gif
2004.08.26 21:33 B E:\Documents and Settings\Adam Knox\Desktop\Skate world redone\forum\images\xmb_xtreme\email.gif --> ftp.skate-world.net /public_html/forum/images/xmb_xtreme email.gif
2004.08.26 21:33 B E:\Documents and Settings\Adam Knox\Desktop\Skate world redone\forum\images\xmb_xtreme\faq.gif --> ftp.skate-world.net /public_html/forum/images/xmb_xtreme faq.gif
2004.08.26 21:33 B E:\Documents and Settings\Adam Knox\Desktop\Skate world redone\forum\images\xmb_xtreme\find.gif --> ftp.skate-world.net /public_html/forum/images/xmb_xtreme find.gif
2004.08.26 21:33 B E:\Documents and Settings\Adam Knox\Desktop\Skate world redone\forum\images\xmb_xtreme\folder.gif --> ftp.skate-world.net /public_html/forum/images/xmb_xtreme folder.gif
2004.08.26 21:33 B E:\Documents and Settings\Adam Knox\Desktop\Skate world redone\forum\images\xmb_xtreme\games.gif --> ftp.skate-world.net /public_html/forum/images/xmb_xtreme games.gif
2004.08.26 21:33 B E:\Documents and Settings\Adam Knox\Desktop\Skate world redone\forum\images\xmb_xtreme\headerback.gif --> ftp.skate-world.net /public_html/forum/images/xmb_xtreme headerback.gif
2004.08.26 21:33 B E:\Documents and Settings\Adam Knox\Desktop\Skate world redone\forum\images\xmb_xtreme\home.gif --> ftp.skate-world.net /public_html/forum/images/xmb_xtreme home.gif
2004.08.26 21:33 B E:\Documents and Settings\Adam Knox\Desktop\Skate world redone\forum\images\xmb_xtreme\hot_folder.gif --> ftp.skate-world.net /public_html/forum/images/xmb_xtreme hot_folder.gif
2004.08.26 21:33 B E:\Documents and Settings\Adam Knox\Desktop\Skate world redone\forum\images\xmb_xtreme\hot_red_folder.gif --> ftp.skate-world.net /public_html/forum/images/xmb_xtreme hot_red_folder.gif
2004.08.26 21:33 B E:\Documents and Settings\Adam Knox\Desktop\Skate world redone\forum\images\xmb_xtreme\icq_add.gif --> ftp.skate-world.net /public_html/forum/images/xmb_xtreme icq_add.gif
2004.08.26 21:33 B E:\Documents and Settings\Adam Knox\Desktop\Skate world redone\forum\images\xmb_xtreme\inbox.gif --> ftp.skate-world.net /public_html/forum/images/xmb_xtreme inbox.gif
2004.08.26 21:33 B E:\Documents and Settings\Adam Knox\Desktop\Skate world redone\forum\images\xmb_xtreme\ip.gif --> ftp.skate-world.net /public_html/forum/images/xmb_xtreme ip.gif
2004.08.26 21:33 B E:\Documents and Settings\Adam Knox\Desktop\Skate world redone\forum\images\xmb_xtreme\ipost.gif --> ftp.skate-world.net /public_html/forum/images/xmb_xtreme ipost.gif
2004.08.26 21:33 B E:\Documents and Settings\Adam Knox\Desktop\Skate world redone\forum\images\xmb_xtreme\lastpost.gif --> ftp.skate-world.net /public_html/forum/images/xmb_xtreme lastpost.gif
2004.08.26 21:33 B E:\Documents and Settings\Adam Knox\Desktop\Skate world redone\forum\images\xmb_xtreme\lock_folder.gif --> ftp.skate-world.net /public_html/forum/images/xmb_xtreme lock_folder.gif
2004.08.26 21:33 B E:\Documents and Settings\Adam Knox\Desktop\Skate world redone\forum\images\xmb_xtreme\locku2u.gif --> ftp.skate-world.net /public_html/forum/images/xmb_xtreme locku2u.gif
2004.08.26 21:33 B E:\Documents and Settings\Adam Knox\Desktop\Skate world redone\forum\images\xmb_xtreme\logo.jpg --> ftp.skate-world.net /public_html/forum/images/xmb_xtreme logo.jpg
2004.08.26 21:34 B E:\Documents and Settings\Adam Knox\Desktop\Skate world redone\forum\images\xmb_xtreme\logo.psd --> ftp.skate-world.net /public_html/forum/images/xmb_xtreme logo.psd
2004.08.26 21:34 B E:\Documents and Settings\Adam Knox\Desktop\Skate world redone\forum\images\xmb_xtreme\members_list.gif --> ftp.skate-world.net /public_html/forum/images/xmb_xtreme members_list.gif
2004.08.26 21:34 B E:\Documents and Settings\Adam Knox\Desktop\Skate world redone\forum\images\xmb_xtreme\msn.gif --> ftp.skate-world.net /public_html/forum/images/xmb_xtreme msn.gif
2004.08.26 21:34 B E:\Documents and Settings\Adam Knox\Desktop\Skate world redone\forum\images\xmb_xtreme\newtopic.gif --> ftp.skate-world.net /public_html/forum/images/xmb_xtreme newtopic.gif
2004.08.26 21:34 B E:\Documents and Settings\Adam Knox\Desktop\Skate world redone\forum\images\xmb_xtreme\newu2u.gif --> ftp.skate-world.net /public_html/forum/images/xmb_xtreme newu2u.gif
2004.08.26 21:34 B E:\Documents and Settings\Adam Knox\Desktop\Skate world redone\forum\images\xmb_xtreme\online.gif --> ftp.skate-world.net /public_html/forum/images/xmb_xtreme online.gif
2004.08.26 21:34 B E:\Documents and Settings\Adam Knox\Desktop\Skate world redone\forum\images\xmb_xtreme\openav.gif --> ftp.skate-world.net /public_html/forum/images/xmb_xtreme openav.gif
2004.08.26 21:34 B E:\Documents and Settings\Adam Knox\Desktop\Skate world redone\forum\images\xmb_xtreme\outbox.gif --> ftp.skate-world.net /public_html/forum/images/xmb_xtreme outbox.gif
2004.08.26 21:34 B E:\Documents and Settings\Adam Knox\Desktop\Skate world redone\forum\images\xmb_xtreme\pin.gif --> ftp.skate-world.net /public_html/forum/images/xmb_xtreme pin.gif
2004.08.26 21:34 B E:\Documents and Settings\Adam Knox\Desktop\Skate world redone\forum\images\xmb_xtreme\pixel.gif --> ftp.skate-world.net /public_html/forum/images/xmb_xtreme pixel.gif
2004.08.26 21:34 B E:\Documents and Settings\Adam Knox\Desktop\Skate world redone\forum\images\xmb_xtreme\poll.gif --> ftp.skate-world.net /public_html/forum/images/xmb_xtreme poll.gif
2004.08.26 21:34 B E:\Documents and Settings\Adam Knox\Desktop\Skate world redone\forum\images\xmb_xtreme\pollbar-e.gif --> ftp.skate-world.net /public_html/forum/images/xmb_xtreme pollbar-e.gif
2004.08.26 21:34 B E:\Documents and Settings\Adam Knox\Desktop\Skate world redone\forum\images\xmb_xtreme\pollbar-s.gif --> ftp.skate-world.net /public_html/forum/images/xmb_xtreme pollbar-s.gif
2004.08.26 21:34 B E:\Documents and Settings\Adam Knox\Desktop\Skate world redone\forum\images\xmb_xtreme\pollbar.gif --> ftp.skate-world.net /public_html/forum/images/xmb_xtreme pollbar.gif
2004.08.26 21:34 B E:\Documents and Settings\Adam Knox\Desktop\Skate world redone\forum\images\xmb_xtreme\pollsmall.gif --> ftp.skate-world.net /public_html/forum/images/xmb_xtreme pollsmall.gif
2004.08.26 21:34 B E:\Documents and Settings\Adam Knox\Desktop\Skate world redone\forum\images\xmb_xtreme\profile.gif --> ftp.skate-world.net /public_html/forum/images/xmb_xtreme profile.gif
2004.08.26 21:34 B E:\Documents and Settings\Adam Knox\Desktop\Skate world redone\forum\images\xmb_xtreme\quote.gif --> ftp.skate-world.net /public_html/forum/images/xmb_xtreme quote.gif
2004.08.26 21:34 B E:\Documents and Settings\Adam Knox\Desktop\Skate world redone\forum\images\xmb_xtreme\red_folder.gif --> ftp.skate-world.net /public_html/forum/images/xmb_xtreme red_folder.gif
2004.08.26 21:34 B E:\Documents and Settings\Adam Knox\Desktop\Skate world redone\forum\images\xmb_xtreme\reply.gif --> ftp.skate-world.net /public_html/forum/images/xmb_xtreme reply.gif
2004.08.26 21:34 B E:\Documents and Settings\Adam Knox\Desktop\Skate world redone\forum\images\xmb_xtreme\report.gif --> ftp.skate-world.net /public_html/forum/images/xmb_xtreme report.gif
2004.08.26 21:34 B E:\Documents and Settings\Adam Knox\Desktop\Skate world redone\forum\images\xmb_xtreme\search.gif --> ftp.skate-world.net /public_html/forum/images/xmb_xtreme search.gif
2004.08.26 21:34 B E:\Documents and Settings\Adam Knox\Desktop\Skate world redone\forum\images\xmb_xtreme\site.gif --> ftp.skate-world.net /public_html/forum/images/xmb_xtreme site.gif
2004.08.26 21:34 B E:\Documents and Settings\Adam Knox\Desktop\Skate world redone\forum\images\xmb_xtreme\solve.gif --> ftp.skate-world.net /public_html/forum/images/xmb_xtreme solve.gif
2004.08.26 21:34 B E:\Documents and Settings\Adam Knox\Desktop\Skate world redone\forum\images\xmb_xtreme\space.gif --> ftp.skate-world.net /public_html/forum/images/xmb_xtreme space.gif
2004.08.26 21:34 B E:\Documents and Settings\Adam Knox\Desktop\Skate world redone\forum\images\xmb_xtreme\star.gif --> ftp.skate-world.net /public_html/forum/images/xmb_xtreme star.gif
2004.08.26 21:34 B E:\Documents and Settings\Adam Knox\Desktop\Skate world redone\forum\images\xmb_xtreme\stats.gif --> ftp.skate-world.net /public_html/forum/images/xmb_xtreme stats.gif
2004.08.26 21:34 B E:\Documents and Settings\Adam Knox\Desktop\Skate world redone\forum\images\xmb_xtreme\Thumbs.db --> ftp.skate-world.net /public_html/forum/images/xmb_xtreme Thumbs.db
2004.08.26 21:34 B E:\Documents and Settings\Adam Knox\Desktop\Skate world redone\forum\images\xmb_xtreme\todays_posts.gif --> ftp.skate-world.net /public_html/forum/images/xmb_xtreme todays_posts.gif
2004.08.26 21:34 B E:\Documents and Settings\Adam Knox\Desktop\Skate world redone\forum\images\xmb_xtreme\topav.gif --> ftp.skate-world.net /public_html/forum/images/xmb_xtreme topav.gif
2004.08.26 21:34 B E:\Documents and Settings\Adam Knox\Desktop\Skate world redone\forum\images\xmb_xtreme\u2u.gif --> ftp.skate-world.net /public_html/forum/images/xmb_xtreme u2u.gif
2004.08.26 21:34 B E:\Documents and Settings\Adam Knox\Desktop\Skate world redone\forum\images\xmb_xtreme\unsolve.gif --> ftp.skate-world.net /public_html/forum/images/xmb_xtreme unsolve.gif
2004.09.20 16:43 B E:\Documents and Settings\Adam Knox\My Documents\Skate World\backup\forum\images\xmb_xtreme\WS_FTP.LOG <-- Skate world Temporary /public_html/forum/images/xmb_xtreme WS_FTP.LOG
2004.09.20 16:43 B E:\Documents and Settings\Adam Knox\My Documents\Skate World\backup\forum\images\xmb_xtreme\xmb_xtreme <-- Skate world Temporary /public_html/forum/images/xmb_xtreme xmb_xtreme
2004.09.20 16:44 B E:\Documents and Settings\Adam Knox\My Documents\Skate World\backup\forum\images\xmb_xtreme\yahoo.gif <-- Skate world Temporary /public_html/forum/images/xmb_xtreme yahoo.gif
2004.10.03 13:21 B G:\Documents and Settings\bilbo\My Documents\SwitchSkate\Skate World\backup\FOLDERS\forum\images\xmb_xtreme\address.gif --> host215.ipowerweb.com /public_html/forum/images/xmb_xtreme address.gif
2004.10.03 13:21 B G:\Documents and Settings\bilbo\My Documents\SwitchSkate\Skate World\backup\FOLDERS\forum\images\xmb_xtreme\aim.gif --> host215.ipowerweb.com /public_html/forum/images/xmb_xtreme aim.gif
2004.10.03 13:21 B G:\Documents and Settings\bilbo\My Documents\SwitchSkate\Skate World\backup\FOLDERS\forum\images\xmb_xtreme\arrow_dw.gif --> host215.ipowerweb.com /public_html/forum/images/xmb_xtreme arrow_dw.gif
2004.10.03 13:21 B G:\Documents and Settings\bilbo\My Documents\SwitchSkate\Skate World\backup\FOLDERS\forum\images\xmb_xtreme\arrow_up.gif --> host215.ipowerweb.com /public_html/forum/images/xmb_xtreme arrow_up.gif
2004.10.03 13:21 B G:\Documents and Settings\bilbo\My Documents\SwitchSkate\Skate World\backup\FOLDERS\forum\images\xmb_xtreme\avatars.gif --> host215.ipowerweb.com /public_html/forum/images/xmb_xtreme avatars.gif
2004.10.03 13:21 B G:\Documents and Settings\bilbo\My Documents\SwitchSkate\Skate World\backup\FOLDERS\forum\images\xmb_xtreme\background.jpg --> host215.ipowerweb.com /public_html/forum/images/xmb_xtreme background.jpg
2004.10.03 13:21 B G:\Documents and Settings\bilbo\My Documents\SwitchSkate\Skate World\backup\FOLDERS\forum\images\xmb_xtreme\bb_bold.gif --> host215.ipowerweb.com /public_html/forum/images/xmb_xtreme bb_bold.gif
2004.10.03 13:21 B G:\Documents and Settings\bilbo\My Documents\SwitchSkate\Skate World\backup\FOLDERS\forum\images\xmb_xtreme\bb_center.gif --> host215.ipowerweb.com /public_html/forum/images/xmb_xtreme bb_center.gif
2004.10.03 13:21 B G:\Documents and Settings\bilbo\My Documents\SwitchSkate\Skate World\backup\FOLDERS\forum\images\xmb_xtreme\bb_code.gif --> host215.ipowerweb.com /public_html/forum/images/xmb_xtreme bb_code.gif
2004.10.03 13:21 B G:\Documents and Settings\bilbo\My Documents\SwitchSkate\Skate World\backup\FOLDERS\forum\images\xmb_xtreme\bb_email.gif --> host215.ipowerweb.com /public_html/forum/images/xmb_xtreme bb_email.gif
2004.10.03 13:21 B G:\Documents and Settings\bilbo\My Documents\SwitchSkate\Skate World\backup\FOLDERS\forum\images\xmb_xtreme\bb_image.gif --> host215.ipowerweb.com /public_html/forum/images/xmb_xtreme bb_image.gif
2004.10.03 13:21 B G:\Documents and Settings\bilbo\My Documents\SwitchSkate\Skate World\backup\FOLDERS\forum\images\xmb_xtreme\bb_italicize.gif --> host215.ipowerweb.com /public_html/forum/images/xmb_xtreme bb_italicize.gif
2004.10.03 13:21 B G:\Documents and Settings\bilbo\My Documents\SwitchSkate\Skate World\backup\FOLDERS\forum\images\xmb_xtreme\bb_list.gif --> host215.ipowerweb.com /public_html/forum/images/xmb_xtreme bb_list.gif
2004.10.03 13:21 B G:\Documents and Settings\bilbo\My Documents\SwitchSkate\Skate World\backup\FOLDERS\forum\images\xmb_xtreme\bb_quote.gif --> host215.ipowerweb.com /public_html/forum/images/xmb_xtreme bb_quote.gif
2004.10.03 13:21 B G:\Documents and Settings\bilbo\My Documents\SwitchSkate\Skate World\backup\FOLDERS\forum\images\xmb_xtreme\bb_underline.gif --> host215.ipowerweb.com /public_html/forum/images/xmb_xtreme bb_underline.gif
2004.10.03 13:21 B G:\Documents and Settings\bilbo\My Documents\SwitchSkate\Skate World\backup\FOLDERS\forum\images\xmb_xtreme\bb_url.gif --> host215.ipowerweb.com /public_html/forum/images/xmb_xtreme bb_url.gif
2004.10.03 13:21 B G:\Documents and Settings\bilbo\My Documents\SwitchSkate\Skate World\backup\FOLDERS\forum\images\xmb_xtreme\bbrules.gif --> host215.ipowerweb.com /public_html/forum/images/xmb_xtreme bbrules.gif
2004.10.03 13:21 B G:\Documents and Settings\bilbo\My Documents\SwitchSkate\Skate World\backup\FOLDERS\forum\images\xmb_xtreme\cat_bg.jpg --> host215.ipowerweb.com /public_html/forum/images/xmb_xtreme cat_bg.jpg
2004.10.03 13:21 B G:\Documents and Settings\bilbo\My Documents\SwitchSkate\Skate World\backup\FOLDERS\forum\images\xmb_xtreme\chat.gif --> host215.ipowerweb.com /public_html/forum/images/xmb_xtreme chat.gif
2004.10.03 13:21 B G:\Documents and Settings\bilbo\My Documents\SwitchSkate\Skate World\backup\FOLDERS\forum\images\xmb_xtreme\closeav.gif --> host215.ipowerweb.com /public_html/forum/images/xmb_xtreme closeav.gif
2004.10.03 13:21 B G:\Documents and Settings\bilbo\My Documents\SwitchSkate\Skate World\backup\FOLDERS\forum\images\xmb_xtreme\dot_hot_folder.gif --> host215.ipowerweb.com /public_html/forum/images/xmb_xtreme dot_hot_folder.gif
2004.10.03 13:21 B G:\Documents and Settings\bilbo\My Documents\SwitchSkate\Skate World\backup\FOLDERS\forum\images\xmb_xtreme\dot_hot_red_folder.gif --> host215.ipowerweb.com /public_html/forum/images/xmb_xtreme dot_hot_red_folder.gif
2004.10.03 13:21 B G:\Documents and Settings\bilbo\My Documents\SwitchSkate\Skate World\backup\FOLDERS\forum\images\xmb_xtreme\edit.gif --> host215.ipowerweb.com /public_html/forum/images/xmb_xtreme edit.gif
2004.10.03 13:21 B G:\Documents and Settings\bilbo\My Documents\SwitchSkate\Skate World\backup\FOLDERS\forum\images\xmb_xtreme\email.gif --> host215.ipowerweb.com /public_html/forum/images/xmb_xtreme email.gif
2004.10.03 13:21 B G:\Documents and Settings\bilbo\My Documents\SwitchSkate\Skate World\backup\FOLDERS\forum\images\xmb_xtreme\faq.gif --> host215.ipowerweb.com /public_html/forum/images/xmb_xtreme faq.gif
2004.10.03 13:21 B G:\Documents and Settings\bilbo\My Documents\SwitchSkate\Skate World\backup\FOLDERS\forum\images\xmb_xtreme\find.gif --> host215.ipowerweb.com /public_html/forum/images/xmb_xtreme find.gif
2004.10.03 13:21 B G:\Documents and Settings\bilbo\My Documents\SwitchSkate\Skate World\backup\FOLDERS\forum\images\xmb_xtreme\folder.gif --> host215.ipowerweb.com /public_html/forum/images/xmb_xtreme folder.gif
2004.10.03 13:21 B G:\Documents and Settings\bilbo\My Documents\SwitchSkate\Skate World\backup\FOLDERS\forum\images\xmb_xtreme\games.gif --> host215.ipowerweb.com /public_html/forum/images/xmb_xtreme games.gif
2004.10.03 13:21 B G:\Documents and Settings\bilbo\My Documents\SwitchSkate\Skate World\backup\FOLDERS\forum\images\xmb_xtreme\headerback.gif --> host215.ipowerweb.com /public_html/forum/images/xmb_xtreme headerback.gif
2004.10.03 13:21 B G:\Documents and Settings\bilbo\My Documents\SwitchSkate\Skate World\backup\FOLDERS\forum\images\xmb_xtreme\home.gif --> host215.ipowerweb.com /public_html/forum/images/xmb_xtreme home.gif
2004.10.03 13:21 B G:\Documents and Settings\bilbo\My Documents\SwitchSkate\Skate World\backup\FOLDERS\forum\images\xmb_xtreme\hot_folder.gif --> host215.ipowerweb.com /public_html/forum/images/xmb_xtreme hot_folder.gif
2004.10.03 13:21 B G:\Documents and Settings\bilbo\My Documents\SwitchSkate\Skate World\backup\FOLDERS\forum\images\xmb_xtreme\hot_red_folder.gif --> host215.ipowerweb.com /public_html/forum/images/xmb_xtreme hot_red_folder.gif
2004.10.03 13:21 B G:\Documents and Settings\bilbo\My Documents\SwitchSkate\Skate World\backup\FOLDERS\forum\images\xmb_xtreme\icq_add.gif --> host215.ipowerweb.com /public_html/forum/images/xmb_xtreme icq_add.gif
2004.10.03 13:21 B G:\Documents and Settings\bilbo\My Documents\SwitchSkate\Skate World\backup\FOLDERS\forum\images\xmb_xtreme\inbox.gif --> host215.ipowerweb.com /public_html/forum/images/xmb_xtreme inbox.gif
2004.10.03 13:21 B G:\Documents and Settings\bilbo\My Documents\SwitchSkate\Skate World\backup\FOLDERS\forum\images\xmb_xtreme\ip.gif --> host215.ipowerweb.com /public_html/forum/images/xmb_xtreme ip.gif
2004.10.03 13:21 B G:\Documents and Settings\bilbo\My Documents\SwitchSkate\Skate World\backup\FOLDERS\forum\images\xmb_xtreme\ipost.gif --> host215.ipowerweb.com /public_html/forum/images/xmb_xtreme ipost.gif
2004.10.03 13:21 B G:\Documents and Settings\bilbo\My Documents\SwitchSkate\Skate World\backup\FOLDERS\forum\images\xmb_xtreme\lastpost.gif --> host215.ipowerweb.com /public_html/forum/images/xmb_xtreme lastpost.gif
2004.10.03 13:21 B G:\Documents and Settings\bilbo\My Documents\SwitchSkate\Skate World\backup\FOLDERS\forum\images\xmb_xtreme\lock_folder.gif --> host215.ipowerweb.com /public_html/forum/images/xmb_xtreme lock_folder.gif
2004.10.03 13:21 B G:\Documents and Settings\bilbo\My Documents\SwitchSkate\Skate World\backup\FOLDERS\forum\images\xmb_xtreme\locku2u.gif --> host215.ipowerweb.com /public_html/forum/images/xmb_xtreme locku2u.gif
2004.10.03 13:21 B G:\Documents and Settings\bilbo\My Documents\SwitchSkate\Skate World\backup\FOLDERS\forum\images\xmb_xtreme\logo.jpg --> host215.ipowerweb.com /public_html/forum/images/xmb_xtreme logo.jpg
2004.10.03 13:22 B G:\Documents and Settings\bilbo\My Documents\SwitchSkate\Skate World\backup\FOLDERS\forum\images\xmb_xtreme\logo.psd --> host215.ipowerweb.com /public_html/forum/images/xmb_xtreme logo.psd
2004.10.03 13:22 B G:\Documents and Settings\bilbo\My Documents\SwitchSkate\Skate World\backup\FOLDERS\forum\images\xmb_xtreme\members_list.gif --> host215.ipowerweb.com /public_html/forum/images/xmb_xtreme members_list.gif
2004.10.03 13:22 B G:\Documents and Settings\bilbo\My Documents\SwitchSkate\Skate World\backup\FOLDERS\forum\images\xmb_xtreme\msn.gif --> host215.ipowerweb.com /public_html/forum/images/xmb_xtreme msn.gif
2004.10.03 13:22 B G:\Documents and Settings\bilbo\My Documents\SwitchSkate\Skate World\backup\FOLDERS\forum\images\xmb_xtreme\newtopic.gif --> host215.ipowerweb.com /public_html/forum/images/xmb_xtreme newtopic.gif
2004.10.03 13:22 B G:\Documents and Settings\bilbo\My Documents\SwitchSkate\Skate World\backup\FOLDERS\forum\images\xmb_xtreme\newu2u.gif --> host215.ipowerweb.com /public_html/forum/images/xmb_xtreme newu2u.gif
2004.10.03 13:22 B G:\Documents and Settings\bilbo\My Documents\SwitchSkate\Skate World\backup\FOLDERS\forum\images\xmb_xtreme\online.gif --> host215.ipowerweb.com /public_html/forum/images/xmb_xtreme online.gif
2004.10.03 13:22 B G:\Documents and Settings\bilbo\My Documents\SwitchSkate\Skate World\backup\FOLDERS\forum\images\xmb_xtreme\openav.gif --> host215.ipowerweb.com /public_html/forum/images/xmb_xtreme openav.gif
2004.10.03 13:22 B G:\Documents and Settings\bilbo\My Documents\SwitchSkate\Skate World\backup\FOLDERS\forum\images\xmb_xtreme\outbox.gif --> host215.ipowerweb.com /public_html/forum/images/xmb_xtreme outbox.gif
2004.10.03 13:22 B G:\Documents and Settings\bilbo\My Documents\SwitchSkate\Skate World\backup\FOLDERS\forum\images\xmb_xtreme\pin.gif --> host215.ipowerweb.com /public_html/forum/images/xmb_xtreme pin.gif
2004.10.03 13:22 B G:\Documents and Settings\bilbo\My Documents\SwitchSkate\Skate World\backup\FOLDERS\forum\images\xmb_xtreme\pixel.gif --> host215.ipowerweb.com /public_html/forum/images/xmb_xtreme pixel.gif
2004.10.03 13:22 B G:\Documents and Settings\bilbo\My Documents\SwitchSkate\Skate World\backup\FOLDERS\forum\images\xmb_xtreme\poll.gif --> host215.ipowerweb.com /public_html/forum/images/xmb_xtreme poll.gif
2004.10.03 13:22 B G:\Documents and Settings\bilbo\My Documents\SwitchSkate\Skate World\backup\FOLDERS\forum\images\xmb_xtreme\pollbar-e.gif --> host215.ipowerweb.com /public_html/forum/images/xmb_xtreme pollbar-e.gif
2004.10.03 13:22 B G:\Documents and Settings\bilbo\My Documents\SwitchSkate\Skate World\backup\FOLDERS\forum\images\xmb_xtreme\pollbar-s.gif --> host215.ipowerweb.com /public_html/forum/images/xmb_xtreme pollbar-s.gif
2004.10.03 13:22 B G:\Documents and Settings\bilbo\My Documents\SwitchSkate\Skate World\backup\FOLDERS\forum\images\xmb_xtreme\pollbar.gif --> host215.ipowerweb.com /public_html/forum/images/xmb_xtreme pollbar.gif
2004.10.03 13:22 B G:\Documents and Settings\bilbo\My Documents\SwitchSkate\Skate World\backup\FOLDERS\forum\images\xmb_xtreme\pollsmall.gif --> host215.ipowerweb.com /public_html/forum/images/xmb_xtreme pollsmall.gif
2004.10.03 13:22 B G:\Documents and Settings\bilbo\My Documents\SwitchSkate\Skate World\backup\FOLDERS\forum\images\xmb_xtreme\profile.gif --> host215.ipowerweb.com /public_html/forum/images/xmb_xtreme profile.gif
2004.10.03 13:22 B G:\Documents and Settings\bilbo\My Documents\SwitchSkate\Skate World\backup\FOLDERS\forum\images\xmb_xtreme\quote.gif --> host215.ipowerweb.com /public_html/forum/images/xmb_xtreme quote.gif
2004.10.03 13:22 B G:\Documents and Settings\bilbo\My Documents\SwitchSkate\Skate World\backup\FOLDERS\forum\images\xmb_xtreme\red_folder.gif --> host215.ipowerweb.com /public_html/forum/images/xmb_xtreme red_folder.gif
2004.10.03 13:22 B G:\Documents and Settings\bilbo\My Documents\SwitchSkate\Skate World\backup\FOLDERS\forum\images\xmb_xtreme\reply.gif --> host215.ipowerweb.com /public_html/forum/images/xmb_xtreme reply.gif
2004.10.03 13:22 B G:\Documents and Settings\bilbo\My Documents\SwitchSkate\Skate World\backup\FOLDERS\forum\images\xmb_xtreme\report.gif --> host215.ipowerweb.com /public_html/forum/images/xmb_xtreme report.gif
2004.10.03 13:22 B G:\Documents and Settings\bilbo\My Documents\SwitchSkate\Skate World\backup\FOLDERS\forum\images\xmb_xtreme\search.gif --> host215.ipowerweb.com /public_html/forum/images/xmb_xtreme search.gif
2004.10.03 13:22 B G:\Documents and Settings\bilbo\My Documents\SwitchSkate\Skate World\backup\FOLDERS\forum\images\xmb_xtreme\site.gif --> host215.ipowerweb.com /public_html/forum/images/xmb_xtreme site.gif
2004.10.03 13:22 B G:\Documents and Settings\bilbo\My Documents\SwitchSkate\Skate World\backup\FOLDERS\forum\images\xmb_xtreme\solve.gif --> host215.ipowerweb.com /public_html/forum/images/xmb_xtreme solve.gif
2004.10.03 13:22 B G:\Documents and Settings\bilbo\My Documents\SwitchSkate\Skate World\backup\FOLDERS\forum\images\xmb_xtreme\space.gif --> host215.ipowerweb.com /public_html/forum/images/xmb_xtreme space.gif
2004.10.03 13:22 B G:\Documents and Settings\bilbo\My Documents\SwitchSkate\Skate World\backup\FOLDERS\forum\images\xmb_xtreme\star.gif --> host215.ipowerweb.com /public_html/forum/images/xmb_xtreme star.gif
2004.10.03 13:22 B G:\Documents and Settings\bilbo\My Documents\SwitchSkate\Skate World\backup\FOLDERS\forum\images\xmb_xtreme\stats.gif --> host215.ipowerweb.com /public_html/forum/images/xmb_xtreme stats.gif
2004.10.03 13:22 B G:\Documents and Settings\bilbo\My Documents\SwitchSkate\Skate World\backup\FOLDERS\forum\images\xmb_xtreme\Thumbs.db --> host215.ipowerweb.com /public_html/forum/images/xmb_xtreme Thumbs.db
2004.10.03 13:22 B G:\Documents and Settings\bilbo\My Documents\SwitchSkate\Skate World\backup\FOLDERS\forum\images\xmb_xtreme\todays_posts.gif --> host215.ipowerweb.com /public_html/forum/images/xmb_xtreme todays_posts.gif
2004.10.03 13:22 B G:\Documents and Settings\bilbo\My Documents\SwitchSkate\Skate World\backup\FOLDERS\forum\images\xmb_xtreme\topav.gif --> host215.ipowerweb.com /public_html/forum/images/xmb_xtreme topav.gif
2004.10.03 13:22 B G:\Documents and Settings\bilbo\My Documents\SwitchSkate\Skate World\backup\FOLDERS\forum\images\xmb_xtreme\u2u.gif --> host215.ipowerweb.com /public_html/forum/images/xmb_xtreme u2u.gif
2004.10.03 13:22 B G:\Documents and Settings\bilbo\My Documents\SwitchSkate\Skate World\backup\FOLDERS\forum\images\xmb_xtreme\unsolve.gif --> host215.ipowerweb.com /public_html/forum/images/xmb_xtreme unsolve.gif
2004.10.03 13:22 B G:\Documents and Settings\bilbo\My Documents\SwitchSkate\Skate World\backup\FOLDERS\forum\images\xmb_xtreme\WS_FTP.LOG --> host215.ipowerweb.com /public_html/forum/images/xmb_xtreme WS_FTP.LOG
2004.10.03 13:22 B G:\Documents and Settings\bilbo\My Documents\SwitchSkate\Skate World\backup\FOLDERS\forum\images\xmb_xtreme\xmb_xtreme --> host215.ipowerweb.com /public_html/forum/images/xmb_xtreme xmb_xtreme
2004.10.03 13:22 B G:\Documents and Settings\bilbo\My Documents\SwitchSkate\Skate World\backup\FOLDERS\forum\images\xmb_xtreme\yahoo.gif --> host215.ipowerweb.com /public_html/forum/images/xmb_xtreme yahoo.gif
