2004.08.27 22:34 B E:\Documents and Settings\Adam Knox\Desktop\Skate World\1 Current Design\V15\content\c_reviews\games\add.html --> ftp.skate-world.net /public_html/content/c_reviews/games add.html
2004.08.27 22:34 B E:\Documents and Settings\Adam Knox\Desktop\Skate World\1 Current Design\V15\content\c_reviews\games\add_links.php --> ftp.skate-world.net /public_html/content/c_reviews/games add_links.php
2004.08.27 22:34 B E:\Documents and Settings\Adam Knox\Desktop\Skate World\1 Current Design\V15\content\c_reviews\games\delete.php --> ftp.skate-world.net /public_html/content/c_reviews/games delete.php
2004.08.27 22:34 B E:\Documents and Settings\Adam Knox\Desktop\Skate World\1 Current Design\V15\content\c_reviews\games\delete_links.php --> ftp.skate-world.net /public_html/content/c_reviews/games delete_links.php
2004.08.27 22:34 B E:\Documents and Settings\Adam Knox\Desktop\Skate World\1 Current Design\V15\content\c_reviews\games\index.php --> ftp.skate-world.net /public_html/content/c_reviews/games index.php
2004.08.27 22:53 B E:\Documents and Settings\Adam Knox\Desktop\Skate World\1 Current Design\V15\content\c_reviews\games\add.html --> ftp.skate-world.net /public_html/content/c_reviews/games add.html
2004.08.27 22:53 B E:\Documents and Settings\Adam Knox\Desktop\Skate World\1 Current Design\V15\content\c_reviews\games\add_links.php --> ftp.skate-world.net /public_html/content/c_reviews/games add_links.php
2004.08.27 22:53 B E:\Documents and Settings\Adam Knox\Desktop\Skate World\1 Current Design\V15\content\c_reviews\games\delete.php --> ftp.skate-world.net /public_html/content/c_reviews/games delete.php
2004.08.27 22:53 B E:\Documents and Settings\Adam Knox\Desktop\Skate World\1 Current Design\V15\content\c_reviews\games\delete_links.php --> ftp.skate-world.net /public_html/content/c_reviews/games delete_links.php
2004.08.27 22:53 B E:\Documents and Settings\Adam Knox\Desktop\Skate World\1 Current Design\V15\content\c_reviews\games\index.php --> ftp.skate-world.net /public_html/content/c_reviews/games index.php
2004.08.27 22:53 B E:\Documents and Settings\Adam Knox\Desktop\Skate World\1 Current Design\V15\content\c_reviews\games\WS_FTP.LOG --> ftp.skate-world.net /public_html/content/c_reviews/games WS_FTP.LOG
2004.08.27 23:20 B E:\Documents and Settings\Adam Knox\Desktop\Skate World\1 Current Design\V15\content\c_reviews\games\add.html --> ftp.skate-world.net /public_html/content/c_reviews/games add.html
2004.08.27 23:20 B E:\Documents and Settings\Adam Knox\Desktop\Skate World\1 Current Design\V15\content\c_reviews\games\add_links.php --> ftp.skate-world.net /public_html/content/c_reviews/games add_links.php
2004.08.27 23:20 B E:\Documents and Settings\Adam Knox\Desktop\Skate World\1 Current Design\V15\content\c_reviews\games\delete.php --> ftp.skate-world.net /public_html/content/c_reviews/games delete.php
2004.08.27 23:20 B E:\Documents and Settings\Adam Knox\Desktop\Skate World\1 Current Design\V15\content\c_reviews\games\delete_links.php --> ftp.skate-world.net /public_html/content/c_reviews/games delete_links.php
2004.08.27 23:20 B E:\Documents and Settings\Adam Knox\Desktop\Skate World\1 Current Design\V15\content\c_reviews\games\index.php --> ftp.skate-world.net /public_html/content/c_reviews/games index.php
2004.08.27 23:20 B E:\Documents and Settings\Adam Knox\Desktop\Skate World\1 Current Design\V15\content\c_reviews\games\WS_FTP.LOG --> ftp.skate-world.net /public_html/content/c_reviews/games WS_FTP.LOG
2004.08.28 09:40 B E:\Documents and Settings\Adam Knox\Desktop\Skate World\1 Current Design\V15\content\c_reviews\games\add_links.php --> ftp.skate-world.net /public_html/content/c_reviews/games add_links.php
2004.08.28 09:40 B E:\Documents and Settings\Adam Knox\Desktop\Skate World\1 Current Design\V15\content\c_reviews\games\delete_links.php --> ftp.skate-world.net /public_html/content/c_reviews/games delete_links.php
2004.08.28 09:40 B E:\Documents and Settings\Adam Knox\Desktop\Skate World\1 Current Design\V15\content\c_reviews\games\index.php --> ftp.skate-world.net /public_html/content/c_reviews/games index.php
2004.08.28 09:40 B E:\Documents and Settings\Adam Knox\Desktop\Skate World\1 Current Design\V15\content\c_reviews\games\WS_FTP.LOG --> ftp.skate-world.net /public_html/content/c_reviews/games WS_FTP.LOG
