2004.06.21 17:01 B E:\Documents and Settings\Adam Knox\Desktop\last skate world\XMB 1.9 Hacks\themes\xmb_xtreme\address.gif --> ftp.skate-world.net /public_html/images/xmb_xtreme address.gif
2004.06.21 17:01 B E:\Documents and Settings\Adam Knox\Desktop\last skate world\XMB 1.9 Hacks\themes\xmb_xtreme\aim.gif --> ftp.skate-world.net /public_html/images/xmb_xtreme aim.gif
2004.06.21 17:01 B E:\Documents and Settings\Adam Knox\Desktop\last skate world\XMB 1.9 Hacks\themes\xmb_xtreme\arrow_dw.gif --> ftp.skate-world.net /public_html/images/xmb_xtreme arrow_dw.gif
2004.06.21 17:01 B E:\Documents and Settings\Adam Knox\Desktop\last skate world\XMB 1.9 Hacks\themes\xmb_xtreme\arrow_up.gif --> ftp.skate-world.net /public_html/images/xmb_xtreme arrow_up.gif
2004.06.21 17:01 B E:\Documents and Settings\Adam Knox\Desktop\last skate world\XMB 1.9 Hacks\themes\xmb_xtreme\background.jpg --> ftp.skate-world.net /public_html/images/xmb_xtreme background.jpg
2004.06.21 17:01 B E:\Documents and Settings\Adam Knox\Desktop\last skate world\XMB 1.9 Hacks\themes\xmb_xtreme\bb_bold.gif --> ftp.skate-world.net /public_html/images/xmb_xtreme bb_bold.gif
2004.06.21 17:01 B E:\Documents and Settings\Adam Knox\Desktop\last skate world\XMB 1.9 Hacks\themes\xmb_xtreme\bb_center.gif --> ftp.skate-world.net /public_html/images/xmb_xtreme bb_center.gif
2004.06.21 17:01 B E:\Documents and Settings\Adam Knox\Desktop\last skate world\XMB 1.9 Hacks\themes\xmb_xtreme\bb_code.gif --> ftp.skate-world.net /public_html/images/xmb_xtreme bb_code.gif
2004.06.21 17:01 B E:\Documents and Settings\Adam Knox\Desktop\last skate world\XMB 1.9 Hacks\themes\xmb_xtreme\bb_email.gif --> ftp.skate-world.net /public_html/images/xmb_xtreme bb_email.gif
2004.06.21 17:01 B E:\Documents and Settings\Adam Knox\Desktop\last skate world\XMB 1.9 Hacks\themes\xmb_xtreme\bb_image.gif --> ftp.skate-world.net /public_html/images/xmb_xtreme bb_image.gif
2004.06.21 17:01 B E:\Documents and Settings\Adam Knox\Desktop\last skate world\XMB 1.9 Hacks\themes\xmb_xtreme\bb_italicize.gif --> ftp.skate-world.net /public_html/images/xmb_xtreme bb_italicize.gif
2004.06.21 17:01 B E:\Documents and Settings\Adam Knox\Desktop\last skate world\XMB 1.9 Hacks\themes\xmb_xtreme\bb_list.gif --> ftp.skate-world.net /public_html/images/xmb_xtreme bb_list.gif
2004.06.21 17:01 B E:\Documents and Settings\Adam Knox\Desktop\last skate world\XMB 1.9 Hacks\themes\xmb_xtreme\bb_quote.gif --> ftp.skate-world.net /public_html/images/xmb_xtreme bb_quote.gif
2004.06.21 17:01 B E:\Documents and Settings\Adam Knox\Desktop\last skate world\XMB 1.9 Hacks\themes\xmb_xtreme\bb_underline.gif --> ftp.skate-world.net /public_html/images/xmb_xtreme bb_underline.gif
2004.06.21 17:01 B E:\Documents and Settings\Adam Knox\Desktop\last skate world\XMB 1.9 Hacks\themes\xmb_xtreme\bb_url.gif --> ftp.skate-world.net /public_html/images/xmb_xtreme bb_url.gif
2004.06.21 17:01 B E:\Documents and Settings\Adam Knox\Desktop\last skate world\XMB 1.9 Hacks\themes\xmb_xtreme\bbrules.gif --> ftp.skate-world.net /public_html/images/xmb_xtreme bbrules.gif
2004.06.21 17:01 B E:\Documents and Settings\Adam Knox\Desktop\last skate world\XMB 1.9 Hacks\themes\xmb_xtreme\cat_bg.jpg --> ftp.skate-world.net /public_html/images/xmb_xtreme cat_bg.jpg
2004.06.21 17:01 B E:\Documents and Settings\Adam Knox\Desktop\last skate world\XMB 1.9 Hacks\themes\xmb_xtreme\chat.gif --> ftp.skate-world.net /public_html/images/xmb_xtreme chat.gif
2004.06.21 17:01 B E:\Documents and Settings\Adam Knox\Desktop\last skate world\XMB 1.9 Hacks\themes\xmb_xtreme\dot_hot_folder.gif --> ftp.skate-world.net /public_html/images/xmb_xtreme dot_hot_folder.gif
2004.06.21 17:01 B E:\Documents and Settings\Adam Knox\Desktop\last skate world\XMB 1.9 Hacks\themes\xmb_xtreme\dot_hot_red_folder.gif --> ftp.skate-world.net /public_html/images/xmb_xtreme dot_hot_red_folder.gif
2004.06.21 17:01 B E:\Documents and Settings\Adam Knox\Desktop\last skate world\XMB 1.9 Hacks\themes\xmb_xtreme\edit.gif --> ftp.skate-world.net /public_html/images/xmb_xtreme edit.gif
2004.06.21 17:01 B E:\Documents and Settings\Adam Knox\Desktop\last skate world\XMB 1.9 Hacks\themes\xmb_xtreme\email.gif --> ftp.skate-world.net /public_html/images/xmb_xtreme email.gif
2004.06.21 17:01 B E:\Documents and Settings\Adam Knox\Desktop\last skate world\XMB 1.9 Hacks\themes\xmb_xtreme\faq.gif --> ftp.skate-world.net /public_html/images/xmb_xtreme faq.gif
2004.06.21 17:01 B E:\Documents and Settings\Adam Knox\Desktop\last skate world\XMB 1.9 Hacks\themes\xmb_xtreme\find.gif --> ftp.skate-world.net /public_html/images/xmb_xtreme find.gif
2004.06.21 17:01 B E:\Documents and Settings\Adam Knox\Desktop\last skate world\XMB 1.9 Hacks\themes\xmb_xtreme\folder.gif --> ftp.skate-world.net /public_html/images/xmb_xtreme folder.gif
2004.06.21 17:01 B E:\Documents and Settings\Adam Knox\Desktop\last skate world\XMB 1.9 Hacks\themes\xmb_xtreme\games.gif --> ftp.skate-world.net /public_html/images/xmb_xtreme games.gif
2004.06.21 17:01 B E:\Documents and Settings\Adam Knox\Desktop\last skate world\XMB 1.9 Hacks\themes\xmb_xtreme\home.gif --> ftp.skate-world.net /public_html/images/xmb_xtreme home.gif
2004.06.21 17:01 B E:\Documents and Settings\Adam Knox\Desktop\last skate world\XMB 1.9 Hacks\themes\xmb_xtreme\hot_folder.gif --> ftp.skate-world.net /public_html/images/xmb_xtreme hot_folder.gif
2004.06.21 17:01 B E:\Documents and Settings\Adam Knox\Desktop\last skate world\XMB 1.9 Hacks\themes\xmb_xtreme\hot_red_folder.gif --> ftp.skate-world.net /public_html/images/xmb_xtreme hot_red_folder.gif
2004.06.21 17:01 B E:\Documents and Settings\Adam Knox\Desktop\last skate world\XMB 1.9 Hacks\themes\xmb_xtreme\icq_add.gif --> ftp.skate-world.net /public_html/images/xmb_xtreme icq_add.gif
2004.06.21 17:01 B E:\Documents and Settings\Adam Knox\Desktop\last skate world\XMB 1.9 Hacks\themes\xmb_xtreme\inbox.gif --> ftp.skate-world.net /public_html/images/xmb_xtreme inbox.gif
2004.06.21 17:01 B E:\Documents and Settings\Adam Knox\Desktop\last skate world\XMB 1.9 Hacks\themes\xmb_xtreme\ip.gif --> ftp.skate-world.net /public_html/images/xmb_xtreme ip.gif
2004.06.21 17:01 B E:\Documents and Settings\Adam Knox\Desktop\last skate world\XMB 1.9 Hacks\themes\xmb_xtreme\ipost.gif --> ftp.skate-world.net /public_html/images/xmb_xtreme ipost.gif
2004.06.21 17:01 B E:\Documents and Settings\Adam Knox\Desktop\last skate world\XMB 1.9 Hacks\themes\xmb_xtreme\lastpost.gif --> ftp.skate-world.net /public_html/images/xmb_xtreme lastpost.gif
2004.06.21 17:01 B E:\Documents and Settings\Adam Knox\Desktop\last skate world\XMB 1.9 Hacks\themes\xmb_xtreme\lock_folder.gif --> ftp.skate-world.net /public_html/images/xmb_xtreme lock_folder.gif
2004.06.21 17:01 B E:\Documents and Settings\Adam Knox\Desktop\last skate world\XMB 1.9 Hacks\themes\xmb_xtreme\locku2u.gif --> ftp.skate-world.net /public_html/images/xmb_xtreme locku2u.gif
2004.06.21 17:01 B E:\Documents and Settings\Adam Knox\Desktop\last skate world\XMB 1.9 Hacks\themes\xmb_xtreme\logo.jpg --> ftp.skate-world.net /public_html/images/xmb_xtreme logo.jpg
2004.06.21 17:02 B E:\Documents and Settings\Adam Knox\Desktop\last skate world\XMB 1.9 Hacks\themes\xmb_xtreme\logo.psd --> ftp.skate-world.net /public_html/images/xmb_xtreme logo.psd
2004.06.21 17:02 B E:\Documents and Settings\Adam Knox\Desktop\last skate world\XMB 1.9 Hacks\themes\xmb_xtreme\members_list.gif --> ftp.skate-world.net /public_html/images/xmb_xtreme members_list.gif
2004.06.21 17:02 B E:\Documents and Settings\Adam Knox\Desktop\last skate world\XMB 1.9 Hacks\themes\xmb_xtreme\msn.gif --> ftp.skate-world.net /public_html/images/xmb_xtreme msn.gif
2004.06.21 17:02 B E:\Documents and Settings\Adam Knox\Desktop\last skate world\XMB 1.9 Hacks\themes\xmb_xtreme\newtopic.gif --> ftp.skate-world.net /public_html/images/xmb_xtreme newtopic.gif
2004.06.21 17:02 B E:\Documents and Settings\Adam Knox\Desktop\last skate world\XMB 1.9 Hacks\themes\xmb_xtreme\newu2u.gif --> ftp.skate-world.net /public_html/images/xmb_xtreme newu2u.gif
2004.06.21 17:02 B E:\Documents and Settings\Adam Knox\Desktop\last skate world\XMB 1.9 Hacks\themes\xmb_xtreme\online.gif --> ftp.skate-world.net /public_html/images/xmb_xtreme online.gif
2004.06.21 17:02 B E:\Documents and Settings\Adam Knox\Desktop\last skate world\XMB 1.9 Hacks\themes\xmb_xtreme\outbox.gif --> ftp.skate-world.net /public_html/images/xmb_xtreme outbox.gif
2004.06.21 17:02 B E:\Documents and Settings\Adam Knox\Desktop\last skate world\XMB 1.9 Hacks\themes\xmb_xtreme\pin.gif --> ftp.skate-world.net /public_html/images/xmb_xtreme pin.gif
2004.06.21 17:02 B E:\Documents and Settings\Adam Knox\Desktop\last skate world\XMB 1.9 Hacks\themes\xmb_xtreme\pixel.gif --> ftp.skate-world.net /public_html/images/xmb_xtreme pixel.gif
2004.06.21 17:02 B E:\Documents and Settings\Adam Knox\Desktop\last skate world\XMB 1.9 Hacks\themes\xmb_xtreme\poll.gif --> ftp.skate-world.net /public_html/images/xmb_xtreme poll.gif
2004.06.21 17:02 B E:\Documents and Settings\Adam Knox\Desktop\last skate world\XMB 1.9 Hacks\themes\xmb_xtreme\pollbar-e.gif --> ftp.skate-world.net /public_html/images/xmb_xtreme pollbar-e.gif
2004.06.21 17:02 B E:\Documents and Settings\Adam Knox\Desktop\last skate world\XMB 1.9 Hacks\themes\xmb_xtreme\pollbar-s.gif --> ftp.skate-world.net /public_html/images/xmb_xtreme pollbar-s.gif
2004.06.21 17:02 B E:\Documents and Settings\Adam Knox\Desktop\last skate world\XMB 1.9 Hacks\themes\xmb_xtreme\pollbar.gif --> ftp.skate-world.net /public_html/images/xmb_xtreme pollbar.gif
2004.06.21 17:02 B E:\Documents and Settings\Adam Knox\Desktop\last skate world\XMB 1.9 Hacks\themes\xmb_xtreme\pollsmall.gif --> ftp.skate-world.net /public_html/images/xmb_xtreme pollsmall.gif
2004.06.21 17:02 B E:\Documents and Settings\Adam Knox\Desktop\last skate world\XMB 1.9 Hacks\themes\xmb_xtreme\profile.gif --> ftp.skate-world.net /public_html/images/xmb_xtreme profile.gif
2004.06.21 17:02 B E:\Documents and Settings\Adam Knox\Desktop\last skate world\XMB 1.9 Hacks\themes\xmb_xtreme\quote.gif --> ftp.skate-world.net /public_html/images/xmb_xtreme quote.gif
2004.06.21 17:02 B E:\Documents and Settings\Adam Knox\Desktop\last skate world\XMB 1.9 Hacks\themes\xmb_xtreme\red_folder.gif --> ftp.skate-world.net /public_html/images/xmb_xtreme red_folder.gif
2004.06.21 17:02 B E:\Documents and Settings\Adam Knox\Desktop\last skate world\XMB 1.9 Hacks\themes\xmb_xtreme\reply.gif --> ftp.skate-world.net /public_html/images/xmb_xtreme reply.gif
2004.06.21 17:02 B E:\Documents and Settings\Adam Knox\Desktop\last skate world\XMB 1.9 Hacks\themes\xmb_xtreme\report.gif --> ftp.skate-world.net /public_html/images/xmb_xtreme report.gif
2004.06.21 17:02 B E:\Documents and Settings\Adam Knox\Desktop\last skate world\XMB 1.9 Hacks\themes\xmb_xtreme\search.gif --> ftp.skate-world.net /public_html/images/xmb_xtreme search.gif
2004.06.21 17:02 B E:\Documents and Settings\Adam Knox\Desktop\last skate world\XMB 1.9 Hacks\themes\xmb_xtreme\site.gif --> ftp.skate-world.net /public_html/images/xmb_xtreme site.gif
2004.06.21 17:02 B E:\Documents and Settings\Adam Knox\Desktop\last skate world\XMB 1.9 Hacks\themes\xmb_xtreme\solve.gif --> ftp.skate-world.net /public_html/images/xmb_xtreme solve.gif
2004.06.21 17:02 B E:\Documents and Settings\Adam Knox\Desktop\last skate world\XMB 1.9 Hacks\themes\xmb_xtreme\space.gif --> ftp.skate-world.net /public_html/images/xmb_xtreme space.gif
2004.06.21 17:02 B E:\Documents and Settings\Adam Knox\Desktop\last skate world\XMB 1.9 Hacks\themes\xmb_xtreme\star.gif --> ftp.skate-world.net /public_html/images/xmb_xtreme star.gif
2004.06.21 17:02 B E:\Documents and Settings\Adam Knox\Desktop\last skate world\XMB 1.9 Hacks\themes\xmb_xtreme\stats.gif --> ftp.skate-world.net /public_html/images/xmb_xtreme stats.gif
2004.06.21 17:03 B E:\Documents and Settings\Adam Knox\Desktop\last skate world\XMB 1.9 Hacks\themes\xmb_xtreme\Thumbs.db --> ftp.skate-world.net /public_html/images/xmb_xtreme Thumbs.db
2004.06.21 17:03 B E:\Documents and Settings\Adam Knox\Desktop\last skate world\XMB 1.9 Hacks\themes\xmb_xtreme\todays_posts.gif --> ftp.skate-world.net /public_html/images/xmb_xtreme todays_posts.gif
2004.06.21 17:03 B E:\Documents and Settings\Adam Knox\Desktop\last skate world\XMB 1.9 Hacks\themes\xmb_xtreme\u2u.gif --> ftp.skate-world.net /public_html/images/xmb_xtreme u2u.gif
2004.06.21 17:03 B E:\Documents and Settings\Adam Knox\Desktop\last skate world\XMB 1.9 Hacks\themes\xmb_xtreme\unsolve.gif --> ftp.skate-world.net /public_html/images/xmb_xtreme unsolve.gif
2004.06.21 17:03 B E:\Documents and Settings\Adam Knox\Desktop\last skate world\XMB 1.9 Hacks\themes\xmb_xtreme\xmb_xtreme --> ftp.skate-world.net /public_html/images/xmb_xtreme xmb_xtreme
2004.06.21 17:03 B E:\Documents and Settings\Adam Knox\Desktop\last skate world\XMB 1.9 Hacks\themes\xmb_xtreme\yahoo.gif --> ftp.skate-world.net /public_html/images/xmb_xtreme yahoo.gif
2004.06.21 17:09 B E:\Documents and Settings\Adam Knox\Desktop\last skate world\XMB 1.9 Hacks\themes\xmb_xtreme\headerback.gif <-- Skate world /public_html/images/xmbsgold headerback.gif
2004.06.21 17:10 B E:\Documents and Settings\Adam Knox\Desktop\last skate world\XMB 1.9 Hacks\themes\xmb_xtreme\headerback.gif --> ftp.skate-world.net /public_html/images/xmb_xtreme headerback.gif
