2004.08.26 15:54 B E:\Documents and Settings\Adam Knox\Desktop\SKATE WORLD UNCLEAN\public_html\images\xmb_ultra\address.gif <-- Skate world /public_html/images/xmb_ultra address.gif
2004.08.26 15:54 B E:\Documents and Settings\Adam Knox\Desktop\SKATE WORLD UNCLEAN\public_html\images\xmb_ultra\aim.gif <-- Skate world /public_html/images/xmb_ultra aim.gif
2004.08.26 15:54 B E:\Documents and Settings\Adam Knox\Desktop\SKATE WORLD UNCLEAN\public_html\images\xmb_ultra\arrow_dw.gif <-- Skate world /public_html/images/xmb_ultra arrow_dw.gif
2004.08.26 15:54 B E:\Documents and Settings\Adam Knox\Desktop\SKATE WORLD UNCLEAN\public_html\images\xmb_ultra\arrow_up.gif <-- Skate world /public_html/images/xmb_ultra arrow_up.gif
2004.08.26 15:54 B E:\Documents and Settings\Adam Knox\Desktop\SKATE WORLD UNCLEAN\public_html\images\xmb_ultra\avatars.gif <-- Skate world /public_html/images/xmb_ultra avatars.gif
2004.08.26 15:54 B E:\Documents and Settings\Adam Knox\Desktop\SKATE WORLD UNCLEAN\public_html\images\xmb_ultra\barback.jpg <-- Skate world /public_html/images/xmb_ultra barback.jpg
2004.08.26 15:54 B E:\Documents and Settings\Adam Knox\Desktop\SKATE WORLD UNCLEAN\public_html\images\xmb_ultra\bb_bold.gif <-- Skate world /public_html/images/xmb_ultra bb_bold.gif
2004.08.26 15:54 B E:\Documents and Settings\Adam Knox\Desktop\SKATE WORLD UNCLEAN\public_html\images\xmb_ultra\bb_center.gif <-- Skate world /public_html/images/xmb_ultra bb_center.gif
2004.08.26 15:54 B E:\Documents and Settings\Adam Knox\Desktop\SKATE WORLD UNCLEAN\public_html\images\xmb_ultra\bb_code.gif <-- Skate world /public_html/images/xmb_ultra bb_code.gif
2004.08.26 15:54 B E:\Documents and Settings\Adam Knox\Desktop\SKATE WORLD UNCLEAN\public_html\images\xmb_ultra\bb_email.gif <-- Skate world /public_html/images/xmb_ultra bb_email.gif
2004.08.26 15:54 B E:\Documents and Settings\Adam Knox\Desktop\SKATE WORLD UNCLEAN\public_html\images\xmb_ultra\bb_image.gif <-- Skate world /public_html/images/xmb_ultra bb_image.gif
2004.08.26 15:54 B E:\Documents and Settings\Adam Knox\Desktop\SKATE WORLD UNCLEAN\public_html\images\xmb_ultra\bb_italicize.gif <-- Skate world /public_html/images/xmb_ultra bb_italicize.gif
2004.08.26 15:54 B E:\Documents and Settings\Adam Knox\Desktop\SKATE WORLD UNCLEAN\public_html\images\xmb_ultra\bb_list.gif <-- Skate world /public_html/images/xmb_ultra bb_list.gif
2004.08.26 15:54 B E:\Documents and Settings\Adam Knox\Desktop\SKATE WORLD UNCLEAN\public_html\images\xmb_ultra\bb_quote.gif <-- Skate world /public_html/images/xmb_ultra bb_quote.gif
2004.08.26 15:54 B E:\Documents and Settings\Adam Knox\Desktop\SKATE WORLD UNCLEAN\public_html\images\xmb_ultra\bb_underline.gif <-- Skate world /public_html/images/xmb_ultra bb_underline.gif
2004.08.26 15:54 B E:\Documents and Settings\Adam Knox\Desktop\SKATE WORLD UNCLEAN\public_html\images\xmb_ultra\bb_url.gif <-- Skate world /public_html/images/xmb_ultra bb_url.gif
2004.08.26 15:54 B E:\Documents and Settings\Adam Knox\Desktop\SKATE WORLD UNCLEAN\public_html\images\xmb_ultra\bbrules.gif <-- Skate world /public_html/images/xmb_ultra bbrules.gif
2004.08.26 15:54 B E:\Documents and Settings\Adam Knox\Desktop\SKATE WORLD UNCLEAN\public_html\images\xmb_ultra\closeav.gif <-- Skate world /public_html/images/xmb_ultra closeav.gif
2004.08.26 15:54 B E:\Documents and Settings\Adam Knox\Desktop\SKATE WORLD UNCLEAN\public_html\images\xmb_ultra\dot_folder.gif <-- Skate world /public_html/images/xmb_ultra dot_folder.gif
2004.08.26 15:54 B E:\Documents and Settings\Adam Knox\Desktop\SKATE WORLD UNCLEAN\public_html\images\xmb_ultra\dot_folder_new_poll.gif <-- Skate world /public_html/images/xmb_ultra dot_folder_new_poll.gif
2004.08.26 15:54 B E:\Documents and Settings\Adam Knox\Desktop\SKATE WORLD UNCLEAN\public_html\images\xmb_ultra\dot_folder_poll.gif <-- Skate world /public_html/images/xmb_ultra dot_folder_poll.gif
2004.08.26 15:54 B E:\Documents and Settings\Adam Knox\Desktop\SKATE WORLD UNCLEAN\public_html\images\xmb_ultra\dot_hot_folder.gif <-- Skate world /public_html/images/xmb_ultra dot_hot_folder.gif
2004.08.26 15:54 B E:\Documents and Settings\Adam Knox\Desktop\SKATE WORLD UNCLEAN\public_html\images\xmb_ultra\dot_hot_red_folder.gif <-- Skate world /public_html/images/xmb_ultra dot_hot_red_folder.gif
2004.08.26 15:54 B E:\Documents and Settings\Adam Knox\Desktop\SKATE WORLD UNCLEAN\public_html\images\xmb_ultra\dot_red_folder.gif <-- Skate world /public_html/images/xmb_ultra dot_red_folder.gif
2004.08.26 15:54 B E:\Documents and Settings\Adam Knox\Desktop\SKATE WORLD UNCLEAN\public_html\images\xmb_ultra\edit.gif <-- Skate world /public_html/images/xmb_ultra edit.gif
2004.08.26 15:54 B E:\Documents and Settings\Adam Knox\Desktop\SKATE WORLD UNCLEAN\public_html\images\xmb_ultra\email.gif <-- Skate world /public_html/images/xmb_ultra email.gif
2004.08.26 15:54 B E:\Documents and Settings\Adam Knox\Desktop\SKATE WORLD UNCLEAN\public_html\images\xmb_ultra\faq.gif <-- Skate world /public_html/images/xmb_ultra faq.gif
2004.08.26 15:54 B E:\Documents and Settings\Adam Knox\Desktop\SKATE WORLD UNCLEAN\public_html\images\xmb_ultra\find.gif <-- Skate world /public_html/images/xmb_ultra find.gif
2004.08.26 15:54 B E:\Documents and Settings\Adam Knox\Desktop\SKATE WORLD UNCLEAN\public_html\images\xmb_ultra\folder.gif <-- Skate world /public_html/images/xmb_ultra folder.gif
2004.08.26 15:54 B E:\Documents and Settings\Adam Knox\Desktop\SKATE WORLD UNCLEAN\public_html\images\xmb_ultra\folder_new_poll.gif <-- Skate world /public_html/images/xmb_ultra folder_new_poll.gif
2004.08.26 15:54 B E:\Documents and Settings\Adam Knox\Desktop\SKATE WORLD UNCLEAN\public_html\images\xmb_ultra\folder_poll.gif <-- Skate world /public_html/images/xmb_ultra folder_poll.gif
2004.08.26 15:54 B E:\Documents and Settings\Adam Knox\Desktop\SKATE WORLD UNCLEAN\public_html\images\xmb_ultra\forum_new.gif <-- Skate world /public_html/images/xmb_ultra forum_new.gif
2004.08.26 15:54 B E:\Documents and Settings\Adam Knox\Desktop\SKATE WORLD UNCLEAN\public_html\images\xmb_ultra\forum_old.gif <-- Skate world /public_html/images/xmb_ultra forum_old.gif
2004.08.26 15:54 B E:\Documents and Settings\Adam Knox\Desktop\SKATE WORLD UNCLEAN\public_html\images\xmb_ultra\games.gif <-- Skate world /public_html/images/xmb_ultra games.gif
2004.08.26 15:54 B E:\Documents and Settings\Adam Knox\Desktop\SKATE WORLD UNCLEAN\public_html\images\xmb_ultra\headerback.gif <-- Skate world /public_html/images/xmb_ultra headerback.gif
2004.08.26 15:54 B E:\Documents and Settings\Adam Knox\Desktop\SKATE WORLD UNCLEAN\public_html\images\xmb_ultra\headerback2.gif <-- Skate world /public_html/images/xmb_ultra headerback2.gif
2004.08.26 15:54 B E:\Documents and Settings\Adam Knox\Desktop\SKATE WORLD UNCLEAN\public_html\images\xmb_ultra\headerback3.gif <-- Skate world /public_html/images/xmb_ultra headerback3.gif
2004.08.26 15:54 B E:\Documents and Settings\Adam Knox\Desktop\SKATE WORLD UNCLEAN\public_html\images\xmb_ultra\home.gif <-- Skate world /public_html/images/xmb_ultra home.gif
2004.08.26 15:54 B E:\Documents and Settings\Adam Knox\Desktop\SKATE WORLD UNCLEAN\public_html\images\xmb_ultra\hot_folder.gif <-- Skate world /public_html/images/xmb_ultra hot_folder.gif
2004.08.26 15:54 B E:\Documents and Settings\Adam Knox\Desktop\SKATE WORLD UNCLEAN\public_html\images\xmb_ultra\hot_red_folder.gif <-- Skate world /public_html/images/xmb_ultra hot_red_folder.gif
2004.08.26 15:54 B E:\Documents and Settings\Adam Knox\Desktop\SKATE WORLD UNCLEAN\public_html\images\xmb_ultra\icq_add.gif <-- Skate world /public_html/images/xmb_ultra icq_add.gif
2004.08.26 15:54 B E:\Documents and Settings\Adam Knox\Desktop\SKATE WORLD UNCLEAN\public_html\images\xmb_ultra\inbox.gif <-- Skate world /public_html/images/xmb_ultra inbox.gif
2004.08.26 15:54 B E:\Documents and Settings\Adam Knox\Desktop\SKATE WORLD UNCLEAN\public_html\images\xmb_ultra\ip.gif <-- Skate world /public_html/images/xmb_ultra ip.gif
2004.08.26 15:54 B E:\Documents and Settings\Adam Knox\Desktop\SKATE WORLD UNCLEAN\public_html\images\xmb_ultra\ipost.gif <-- Skate world /public_html/images/xmb_ultra ipost.gif
2004.08.26 15:54 B E:\Documents and Settings\Adam Knox\Desktop\SKATE WORLD UNCLEAN\public_html\images\xmb_ultra\lastpost.gif <-- Skate world /public_html/images/xmb_ultra lastpost.gif
2004.08.26 15:55 B E:\Documents and Settings\Adam Knox\Desktop\SKATE WORLD UNCLEAN\public_html\images\xmb_ultra\lock_folder.gif <-- Skate world /public_html/images/xmb_ultra lock_folder.gif
2004.08.26 15:55 B E:\Documents and Settings\Adam Knox\Desktop\SKATE WORLD UNCLEAN\public_html\images\xmb_ultra\locku2u.gif <-- Skate world /public_html/images/xmb_ultra locku2u.gif
2004.08.26 15:55 B E:\Documents and Settings\Adam Knox\Desktop\SKATE WORLD UNCLEAN\public_html\images\xmb_ultra\logo.jpg <-- Skate world /public_html/images/xmb_ultra logo.jpg
2004.08.26 15:55 B E:\Documents and Settings\Adam Knox\Desktop\SKATE WORLD UNCLEAN\public_html\images\xmb_ultra\members_list.gif <-- Skate world /public_html/images/xmb_ultra members_list.gif
2004.08.26 15:55 B E:\Documents and Settings\Adam Knox\Desktop\SKATE WORLD UNCLEAN\public_html\images\xmb_ultra\msn.gif <-- Skate world /public_html/images/xmb_ultra msn.gif
2004.08.26 15:55 B E:\Documents and Settings\Adam Knox\Desktop\SKATE WORLD UNCLEAN\public_html\images\xmb_ultra\newtopic.gif <-- Skate world /public_html/images/xmb_ultra newtopic.gif
2004.08.26 15:55 B E:\Documents and Settings\Adam Knox\Desktop\SKATE WORLD UNCLEAN\public_html\images\xmb_ultra\newu2u.gif <-- Skate world /public_html/images/xmb_ultra newu2u.gif
2004.08.26 15:55 B E:\Documents and Settings\Adam Knox\Desktop\SKATE WORLD UNCLEAN\public_html\images\xmb_ultra\online.gif <-- Skate world /public_html/images/xmb_ultra online.gif
2004.08.26 15:55 B E:\Documents and Settings\Adam Knox\Desktop\SKATE WORLD UNCLEAN\public_html\images\xmb_ultra\openav.gif <-- Skate world /public_html/images/xmb_ultra openav.gif
2004.08.26 15:55 B E:\Documents and Settings\Adam Knox\Desktop\SKATE WORLD UNCLEAN\public_html\images\xmb_ultra\outbox.gif <-- Skate world /public_html/images/xmb_ultra outbox.gif
2004.08.26 15:55 B E:\Documents and Settings\Adam Knox\Desktop\SKATE WORLD UNCLEAN\public_html\images\xmb_ultra\pin.gif <-- Skate world /public_html/images/xmb_ultra pin.gif
2004.08.26 15:55 B E:\Documents and Settings\Adam Knox\Desktop\SKATE WORLD UNCLEAN\public_html\images\xmb_ultra\pixel.gif <-- Skate world /public_html/images/xmb_ultra pixel.gif
2004.08.26 15:55 B E:\Documents and Settings\Adam Knox\Desktop\SKATE WORLD UNCLEAN\public_html\images\xmb_ultra\poll.gif <-- Skate world /public_html/images/xmb_ultra poll.gif
2004.08.26 15:55 B E:\Documents and Settings\Adam Knox\Desktop\SKATE WORLD UNCLEAN\public_html\images\xmb_ultra\pollbar-e.gif <-- Skate world /public_html/images/xmb_ultra pollbar-e.gif
2004.08.26 15:55 B E:\Documents and Settings\Adam Knox\Desktop\SKATE WORLD UNCLEAN\public_html\images\xmb_ultra\pollbar-s.gif <-- Skate world /public_html/images/xmb_ultra pollbar-s.gif
2004.08.26 15:55 B E:\Documents and Settings\Adam Knox\Desktop\SKATE WORLD UNCLEAN\public_html\images\xmb_ultra\pollbar.gif <-- Skate world /public_html/images/xmb_ultra pollbar.gif
2004.08.26 15:55 B E:\Documents and Settings\Adam Knox\Desktop\SKATE WORLD UNCLEAN\public_html\images\xmb_ultra\pollsmall.gif <-- Skate world /public_html/images/xmb_ultra pollsmall.gif
2004.08.26 15:55 B E:\Documents and Settings\Adam Knox\Desktop\SKATE WORLD UNCLEAN\public_html\images\xmb_ultra\profile.gif <-- Skate world /public_html/images/xmb_ultra profile.gif
2004.08.26 15:55 B E:\Documents and Settings\Adam Knox\Desktop\SKATE WORLD UNCLEAN\public_html\images\xmb_ultra\PSD_BUTTON_1.psd <-- Skate world /public_html/images/xmb_ultra PSD_BUTTON_1.psd
2004.08.26 15:55 B E:\Documents and Settings\Adam Knox\Desktop\SKATE WORLD UNCLEAN\public_html\images\xmb_ultra\PSD_LOGO_1.psd <-- Skate world /public_html/images/xmb_ultra PSD_LOGO_1.psd
2004.08.26 15:55 B E:\Documents and Settings\Adam Knox\Desktop\SKATE WORLD UNCLEAN\public_html\images\xmb_ultra\quote.gif <-- Skate world /public_html/images/xmb_ultra quote.gif
2004.08.26 15:55 B E:\Documents and Settings\Adam Knox\Desktop\SKATE WORLD UNCLEAN\public_html\images\xmb_ultra\red_folder.gif <-- Skate world /public_html/images/xmb_ultra red_folder.gif
2004.08.26 15:55 B E:\Documents and Settings\Adam Knox\Desktop\SKATE WORLD UNCLEAN\public_html\images\xmb_ultra\reply.gif <-- Skate world /public_html/images/xmb_ultra reply.gif
2004.08.26 15:55 B E:\Documents and Settings\Adam Knox\Desktop\SKATE WORLD UNCLEAN\public_html\images\xmb_ultra\report.gif <-- Skate world /public_html/images/xmb_ultra report.gif
2004.08.26 15:55 B E:\Documents and Settings\Adam Knox\Desktop\SKATE WORLD UNCLEAN\public_html\images\xmb_ultra\search.gif <-- Skate world /public_html/images/xmb_ultra search.gif
2004.08.26 15:55 B E:\Documents and Settings\Adam Knox\Desktop\SKATE WORLD UNCLEAN\public_html\images\xmb_ultra\site.gif <-- Skate world /public_html/images/xmb_ultra site.gif
2004.08.26 15:55 B E:\Documents and Settings\Adam Knox\Desktop\SKATE WORLD UNCLEAN\public_html\images\xmb_ultra\solve.gif <-- Skate world /public_html/images/xmb_ultra solve.gif
2004.08.26 15:55 B E:\Documents and Settings\Adam Knox\Desktop\SKATE WORLD UNCLEAN\public_html\images\xmb_ultra\space.gif <-- Skate world /public_html/images/xmb_ultra space.gif
2004.08.26 15:55 B E:\Documents and Settings\Adam Knox\Desktop\SKATE WORLD UNCLEAN\public_html\images\xmb_ultra\star.gif <-- Skate world /public_html/images/xmb_ultra star.gif
2004.08.26 15:55 B E:\Documents and Settings\Adam Knox\Desktop\SKATE WORLD UNCLEAN\public_html\images\xmb_ultra\stats.gif <-- Skate world /public_html/images/xmb_ultra stats.gif
2004.08.26 15:55 B E:\Documents and Settings\Adam Knox\Desktop\SKATE WORLD UNCLEAN\public_html\images\xmb_ultra\Thumbs.db <-- Skate world /public_html/images/xmb_ultra Thumbs.db
2004.08.26 15:55 B E:\Documents and Settings\Adam Knox\Desktop\SKATE WORLD UNCLEAN\public_html\images\xmb_ultra\todays_posts.gif <-- Skate world /public_html/images/xmb_ultra todays_posts.gif
2004.08.26 15:55 B E:\Documents and Settings\Adam Knox\Desktop\SKATE WORLD UNCLEAN\public_html\images\xmb_ultra\topav.gif <-- Skate world /public_html/images/xmb_ultra topav.gif
2004.08.26 15:55 B E:\Documents and Settings\Adam Knox\Desktop\SKATE WORLD UNCLEAN\public_html\images\xmb_ultra\u2u.gif <-- Skate world /public_html/images/xmb_ultra u2u.gif
2004.08.26 15:55 B E:\Documents and Settings\Adam Knox\Desktop\SKATE WORLD UNCLEAN\public_html\images\xmb_ultra\unsolve.gif <-- Skate world /public_html/images/xmb_ultra unsolve.gif
2004.08.26 15:55 B E:\Documents and Settings\Adam Knox\Desktop\SKATE WORLD UNCLEAN\public_html\images\xmb_ultra\xmb_ultra.xmb <-- Skate world /public_html/images/xmb_ultra xmb_ultra.xmb
2004.08.26 15:55 B E:\Documents and Settings\Adam Knox\Desktop\SKATE WORLD UNCLEAN\public_html\images\xmb_ultra\yahoo.gif <-- Skate world /public_html/images/xmb_ultra yahoo.gif
2004.08.26 21:31 B E:\Documents and Settings\Adam Knox\Desktop\Skate world redone\forum\images\xmb_ultra\address.gif --> ftp.skate-world.net /public_html/forum/images/xmb_ultra address.gif
2004.08.26 21:31 B E:\Documents and Settings\Adam Knox\Desktop\Skate world redone\forum\images\xmb_ultra\aim.gif --> ftp.skate-world.net /public_html/forum/images/xmb_ultra aim.gif
2004.08.26 21:31 B E:\Documents and Settings\Adam Knox\Desktop\Skate world redone\forum\images\xmb_ultra\arrow_dw.gif --> ftp.skate-world.net /public_html/forum/images/xmb_ultra arrow_dw.gif
2004.08.26 21:31 B E:\Documents and Settings\Adam Knox\Desktop\Skate world redone\forum\images\xmb_ultra\arrow_up.gif --> ftp.skate-world.net /public_html/forum/images/xmb_ultra arrow_up.gif
2004.08.26 21:31 B E:\Documents and Settings\Adam Knox\Desktop\Skate world redone\forum\images\xmb_ultra\avatars.gif --> ftp.skate-world.net /public_html/forum/images/xmb_ultra avatars.gif
2004.08.26 21:32 B E:\Documents and Settings\Adam Knox\Desktop\Skate world redone\forum\images\xmb_ultra\barback.jpg --> ftp.skate-world.net /public_html/forum/images/xmb_ultra barback.jpg
2004.08.26 21:32 B E:\Documents and Settings\Adam Knox\Desktop\Skate world redone\forum\images\xmb_ultra\bb_bold.gif --> ftp.skate-world.net /public_html/forum/images/xmb_ultra bb_bold.gif
2004.08.26 21:32 B E:\Documents and Settings\Adam Knox\Desktop\Skate world redone\forum\images\xmb_ultra\bb_center.gif --> ftp.skate-world.net /public_html/forum/images/xmb_ultra bb_center.gif
2004.08.26 21:32 B E:\Documents and Settings\Adam Knox\Desktop\Skate world redone\forum\images\xmb_ultra\bb_code.gif --> ftp.skate-world.net /public_html/forum/images/xmb_ultra bb_code.gif
2004.08.26 21:32 B E:\Documents and Settings\Adam Knox\Desktop\Skate world redone\forum\images\xmb_ultra\bb_email.gif --> ftp.skate-world.net /public_html/forum/images/xmb_ultra bb_email.gif
2004.08.26 21:32 B E:\Documents and Settings\Adam Knox\Desktop\Skate world redone\forum\images\xmb_ultra\bb_image.gif --> ftp.skate-world.net /public_html/forum/images/xmb_ultra bb_image.gif
2004.08.26 21:32 B E:\Documents and Settings\Adam Knox\Desktop\Skate world redone\forum\images\xmb_ultra\bb_italicize.gif --> ftp.skate-world.net /public_html/forum/images/xmb_ultra bb_italicize.gif
2004.08.26 21:32 B E:\Documents and Settings\Adam Knox\Desktop\Skate world redone\forum\images\xmb_ultra\bb_list.gif --> ftp.skate-world.net /public_html/forum/images/xmb_ultra bb_list.gif
2004.08.26 21:32 B E:\Documents and Settings\Adam Knox\Desktop\Skate world redone\forum\images\xmb_ultra\bb_quote.gif --> ftp.skate-world.net /public_html/forum/images/xmb_ultra bb_quote.gif
2004.08.26 21:32 B E:\Documents and Settings\Adam Knox\Desktop\Skate world redone\forum\images\xmb_ultra\bb_underline.gif --> ftp.skate-world.net /public_html/forum/images/xmb_ultra bb_underline.gif
2004.08.26 21:32 B E:\Documents and Settings\Adam Knox\Desktop\Skate world redone\forum\images\xmb_ultra\bb_url.gif --> ftp.skate-world.net /public_html/forum/images/xmb_ultra bb_url.gif
2004.08.26 21:32 B E:\Documents and Settings\Adam Knox\Desktop\Skate world redone\forum\images\xmb_ultra\bbrules.gif --> ftp.skate-world.net /public_html/forum/images/xmb_ultra bbrules.gif
2004.08.26 21:32 B E:\Documents and Settings\Adam Knox\Desktop\Skate world redone\forum\images\xmb_ultra\closeav.gif --> ftp.skate-world.net /public_html/forum/images/xmb_ultra closeav.gif
2004.08.26 21:32 B E:\Documents and Settings\Adam Knox\Desktop\Skate world redone\forum\images\xmb_ultra\dot_folder.gif --> ftp.skate-world.net /public_html/forum/images/xmb_ultra dot_folder.gif
2004.08.26 21:32 B E:\Documents and Settings\Adam Knox\Desktop\Skate world redone\forum\images\xmb_ultra\dot_folder_new_poll.gif --> ftp.skate-world.net /public_html/forum/images/xmb_ultra dot_folder_new_poll.gif
2004.08.26 21:32 B E:\Documents and Settings\Adam Knox\Desktop\Skate world redone\forum\images\xmb_ultra\dot_folder_poll.gif --> ftp.skate-world.net /public_html/forum/images/xmb_ultra dot_folder_poll.gif
2004.08.26 21:32 B E:\Documents and Settings\Adam Knox\Desktop\Skate world redone\forum\images\xmb_ultra\dot_hot_folder.gif --> ftp.skate-world.net /public_html/forum/images/xmb_ultra dot_hot_folder.gif
2004.08.26 21:32 B E:\Documents and Settings\Adam Knox\Desktop\Skate world redone\forum\images\xmb_ultra\dot_hot_red_folder.gif --> ftp.skate-world.net /public_html/forum/images/xmb_ultra dot_hot_red_folder.gif
2004.08.26 21:32 B E:\Documents and Settings\Adam Knox\Desktop\Skate world redone\forum\images\xmb_ultra\dot_red_folder.gif --> ftp.skate-world.net /public_html/forum/images/xmb_ultra dot_red_folder.gif
2004.08.26 21:32 B E:\Documents and Settings\Adam Knox\Desktop\Skate world redone\forum\images\xmb_ultra\edit.gif --> ftp.skate-world.net /public_html/forum/images/xmb_ultra edit.gif
2004.08.26 21:32 B E:\Documents and Settings\Adam Knox\Desktop\Skate world redone\forum\images\xmb_ultra\email.gif --> ftp.skate-world.net /public_html/forum/images/xmb_ultra email.gif
2004.08.26 21:32 B E:\Documents and Settings\Adam Knox\Desktop\Skate world redone\forum\images\xmb_ultra\faq.gif --> ftp.skate-world.net /public_html/forum/images/xmb_ultra faq.gif
2004.08.26 21:32 B E:\Documents and Settings\Adam Knox\Desktop\Skate world redone\forum\images\xmb_ultra\find.gif --> ftp.skate-world.net /public_html/forum/images/xmb_ultra find.gif
2004.08.26 21:32 B E:\Documents and Settings\Adam Knox\Desktop\Skate world redone\forum\images\xmb_ultra\folder.gif --> ftp.skate-world.net /public_html/forum/images/xmb_ultra folder.gif
2004.08.26 21:32 B E:\Documents and Settings\Adam Knox\Desktop\Skate world redone\forum\images\xmb_ultra\folder_new_poll.gif --> ftp.skate-world.net /public_html/forum/images/xmb_ultra folder_new_poll.gif
2004.08.26 21:32 B E:\Documents and Settings\Adam Knox\Desktop\Skate world redone\forum\images\xmb_ultra\folder_poll.gif --> ftp.skate-world.net /public_html/forum/images/xmb_ultra folder_poll.gif
2004.08.26 21:32 B E:\Documents and Settings\Adam Knox\Desktop\Skate world redone\forum\images\xmb_ultra\forum_new.gif --> ftp.skate-world.net /public_html/forum/images/xmb_ultra forum_new.gif
2004.08.26 21:32 B E:\Documents and Settings\Adam Knox\Desktop\Skate world redone\forum\images\xmb_ultra\forum_old.gif --> ftp.skate-world.net /public_html/forum/images/xmb_ultra forum_old.gif
2004.08.26 21:32 B E:\Documents and Settings\Adam Knox\Desktop\Skate world redone\forum\images\xmb_ultra\games.gif --> ftp.skate-world.net /public_html/forum/images/xmb_ultra games.gif
2004.08.26 21:32 B E:\Documents and Settings\Adam Knox\Desktop\Skate world redone\forum\images\xmb_ultra\headerback.gif --> ftp.skate-world.net /public_html/forum/images/xmb_ultra headerback.gif
2004.08.26 21:32 B E:\Documents and Settings\Adam Knox\Desktop\Skate world redone\forum\images\xmb_ultra\headerback2.gif --> ftp.skate-world.net /public_html/forum/images/xmb_ultra headerback2.gif
2004.08.26 21:32 B E:\Documents and Settings\Adam Knox\Desktop\Skate world redone\forum\images\xmb_ultra\headerback3.gif --> ftp.skate-world.net /public_html/forum/images/xmb_ultra headerback3.gif
2004.08.26 21:32 B E:\Documents and Settings\Adam Knox\Desktop\Skate world redone\forum\images\xmb_ultra\home.gif --> ftp.skate-world.net /public_html/forum/images/xmb_ultra home.gif
2004.08.26 21:32 B E:\Documents and Settings\Adam Knox\Desktop\Skate world redone\forum\images\xmb_ultra\hot_folder.gif --> ftp.skate-world.net /public_html/forum/images/xmb_ultra hot_folder.gif
2004.08.26 21:32 B E:\Documents and Settings\Adam Knox\Desktop\Skate world redone\forum\images\xmb_ultra\hot_red_folder.gif --> ftp.skate-world.net /public_html/forum/images/xmb_ultra hot_red_folder.gif
2004.08.26 21:32 B E:\Documents and Settings\Adam Knox\Desktop\Skate world redone\forum\images\xmb_ultra\icq_add.gif --> ftp.skate-world.net /public_html/forum/images/xmb_ultra icq_add.gif
2004.08.26 21:32 B E:\Documents and Settings\Adam Knox\Desktop\Skate world redone\forum\images\xmb_ultra\inbox.gif --> ftp.skate-world.net /public_html/forum/images/xmb_ultra inbox.gif
2004.08.26 21:32 B E:\Documents and Settings\Adam Knox\Desktop\Skate world redone\forum\images\xmb_ultra\ip.gif --> ftp.skate-world.net /public_html/forum/images/xmb_ultra ip.gif
2004.08.26 21:32 B E:\Documents and Settings\Adam Knox\Desktop\Skate world redone\forum\images\xmb_ultra\ipost.gif --> ftp.skate-world.net /public_html/forum/images/xmb_ultra ipost.gif
2004.08.26 21:32 B E:\Documents and Settings\Adam Knox\Desktop\Skate world redone\forum\images\xmb_ultra\lastpost.gif --> ftp.skate-world.net /public_html/forum/images/xmb_ultra lastpost.gif
2004.08.26 21:32 B E:\Documents and Settings\Adam Knox\Desktop\Skate world redone\forum\images\xmb_ultra\lock_folder.gif --> ftp.skate-world.net /public_html/forum/images/xmb_ultra lock_folder.gif
2004.08.26 21:32 B E:\Documents and Settings\Adam Knox\Desktop\Skate world redone\forum\images\xmb_ultra\locku2u.gif --> ftp.skate-world.net /public_html/forum/images/xmb_ultra locku2u.gif
2004.08.26 21:32 B E:\Documents and Settings\Adam Knox\Desktop\Skate world redone\forum\images\xmb_ultra\logo.jpg --> ftp.skate-world.net /public_html/forum/images/xmb_ultra logo.jpg
2004.08.26 21:32 B E:\Documents and Settings\Adam Knox\Desktop\Skate world redone\forum\images\xmb_ultra\members_list.gif --> ftp.skate-world.net /public_html/forum/images/xmb_ultra members_list.gif
2004.08.26 21:32 B E:\Documents and Settings\Adam Knox\Desktop\Skate world redone\forum\images\xmb_ultra\msn.gif --> ftp.skate-world.net /public_html/forum/images/xmb_ultra msn.gif
2004.08.26 21:32 B E:\Documents and Settings\Adam Knox\Desktop\Skate world redone\forum\images\xmb_ultra\newtopic.gif --> ftp.skate-world.net /public_html/forum/images/xmb_ultra newtopic.gif
2004.08.26 21:32 B E:\Documents and Settings\Adam Knox\Desktop\Skate world redone\forum\images\xmb_ultra\newu2u.gif --> ftp.skate-world.net /public_html/forum/images/xmb_ultra newu2u.gif
2004.08.26 21:32 B E:\Documents and Settings\Adam Knox\Desktop\Skate world redone\forum\images\xmb_ultra\online.gif --> ftp.skate-world.net /public_html/forum/images/xmb_ultra online.gif
2004.08.26 21:32 B E:\Documents and Settings\Adam Knox\Desktop\Skate world redone\forum\images\xmb_ultra\openav.gif --> ftp.skate-world.net /public_html/forum/images/xmb_ultra openav.gif
2004.08.26 21:32 B E:\Documents and Settings\Adam Knox\Desktop\Skate world redone\forum\images\xmb_ultra\outbox.gif --> ftp.skate-world.net /public_html/forum/images/xmb_ultra outbox.gif
2004.08.26 21:32 B E:\Documents and Settings\Adam Knox\Desktop\Skate world redone\forum\images\xmb_ultra\pin.gif --> ftp.skate-world.net /public_html/forum/images/xmb_ultra pin.gif
2004.08.26 21:32 B E:\Documents and Settings\Adam Knox\Desktop\Skate world redone\forum\images\xmb_ultra\pixel.gif --> ftp.skate-world.net /public_html/forum/images/xmb_ultra pixel.gif
2004.08.26 21:32 B E:\Documents and Settings\Adam Knox\Desktop\Skate world redone\forum\images\xmb_ultra\poll.gif --> ftp.skate-world.net /public_html/forum/images/xmb_ultra poll.gif
2004.08.26 21:32 B E:\Documents and Settings\Adam Knox\Desktop\Skate world redone\forum\images\xmb_ultra\pollbar-e.gif --> ftp.skate-world.net /public_html/forum/images/xmb_ultra pollbar-e.gif
2004.08.26 21:32 B E:\Documents and Settings\Adam Knox\Desktop\Skate world redone\forum\images\xmb_ultra\pollbar-s.gif --> ftp.skate-world.net /public_html/forum/images/xmb_ultra pollbar-s.gif
2004.08.26 21:32 B E:\Documents and Settings\Adam Knox\Desktop\Skate world redone\forum\images\xmb_ultra\pollbar.gif --> ftp.skate-world.net /public_html/forum/images/xmb_ultra pollbar.gif
2004.08.26 21:32 B E:\Documents and Settings\Adam Knox\Desktop\Skate world redone\forum\images\xmb_ultra\pollsmall.gif --> ftp.skate-world.net /public_html/forum/images/xmb_ultra pollsmall.gif
2004.08.26 21:32 B E:\Documents and Settings\Adam Knox\Desktop\Skate world redone\forum\images\xmb_ultra\profile.gif --> ftp.skate-world.net /public_html/forum/images/xmb_ultra profile.gif
2004.08.26 21:32 B E:\Documents and Settings\Adam Knox\Desktop\Skate world redone\forum\images\xmb_ultra\PSD_BUTTON_1.psd --> ftp.skate-world.net /public_html/forum/images/xmb_ultra PSD_BUTTON_1.psd
2004.08.26 21:32 B E:\Documents and Settings\Adam Knox\Desktop\Skate world redone\forum\images\xmb_ultra\PSD_LOGO_1.psd --> ftp.skate-world.net /public_html/forum/images/xmb_ultra PSD_LOGO_1.psd
2004.08.26 21:32 B E:\Documents and Settings\Adam Knox\Desktop\Skate world redone\forum\images\xmb_ultra\quote.gif --> ftp.skate-world.net /public_html/forum/images/xmb_ultra quote.gif
2004.08.26 21:32 B E:\Documents and Settings\Adam Knox\Desktop\Skate world redone\forum\images\xmb_ultra\red_folder.gif --> ftp.skate-world.net /public_html/forum/images/xmb_ultra red_folder.gif
2004.08.26 21:32 B E:\Documents and Settings\Adam Knox\Desktop\Skate world redone\forum\images\xmb_ultra\reply.gif --> ftp.skate-world.net /public_html/forum/images/xmb_ultra reply.gif
2004.08.26 21:32 B E:\Documents and Settings\Adam Knox\Desktop\Skate world redone\forum\images\xmb_ultra\report.gif --> ftp.skate-world.net /public_html/forum/images/xmb_ultra report.gif
2004.08.26 21:33 B E:\Documents and Settings\Adam Knox\Desktop\Skate world redone\forum\images\xmb_ultra\search.gif --> ftp.skate-world.net /public_html/forum/images/xmb_ultra search.gif
2004.08.26 21:33 B E:\Documents and Settings\Adam Knox\Desktop\Skate world redone\forum\images\xmb_ultra\site.gif --> ftp.skate-world.net /public_html/forum/images/xmb_ultra site.gif
2004.08.26 21:33 B E:\Documents and Settings\Adam Knox\Desktop\Skate world redone\forum\images\xmb_ultra\solve.gif --> ftp.skate-world.net /public_html/forum/images/xmb_ultra solve.gif
2004.08.26 21:33 B E:\Documents and Settings\Adam Knox\Desktop\Skate world redone\forum\images\xmb_ultra\space.gif --> ftp.skate-world.net /public_html/forum/images/xmb_ultra space.gif
2004.08.26 21:33 B E:\Documents and Settings\Adam Knox\Desktop\Skate world redone\forum\images\xmb_ultra\star.gif --> ftp.skate-world.net /public_html/forum/images/xmb_ultra star.gif
2004.08.26 21:33 B E:\Documents and Settings\Adam Knox\Desktop\Skate world redone\forum\images\xmb_ultra\stats.gif --> ftp.skate-world.net /public_html/forum/images/xmb_ultra stats.gif
2004.08.26 21:33 B E:\Documents and Settings\Adam Knox\Desktop\Skate world redone\forum\images\xmb_ultra\Thumbs.db --> ftp.skate-world.net /public_html/forum/images/xmb_ultra Thumbs.db
2004.08.26 21:33 B E:\Documents and Settings\Adam Knox\Desktop\Skate world redone\forum\images\xmb_ultra\todays_posts.gif --> ftp.skate-world.net /public_html/forum/images/xmb_ultra todays_posts.gif
2004.08.26 21:33 B E:\Documents and Settings\Adam Knox\Desktop\Skate world redone\forum\images\xmb_ultra\topav.gif --> ftp.skate-world.net /public_html/forum/images/xmb_ultra topav.gif
2004.08.26 21:33 B E:\Documents and Settings\Adam Knox\Desktop\Skate world redone\forum\images\xmb_ultra\u2u.gif --> ftp.skate-world.net /public_html/forum/images/xmb_ultra u2u.gif
2004.08.26 21:33 B E:\Documents and Settings\Adam Knox\Desktop\Skate world redone\forum\images\xmb_ultra\unsolve.gif --> ftp.skate-world.net /public_html/forum/images/xmb_ultra unsolve.gif
2004.09.20 16:42 B E:\Documents and Settings\Adam Knox\My Documents\Skate World\backup\forum\images\xmb_ultra\WS_FTP.LOG <-- Skate world Temporary /public_html/forum/images/xmb_ultra WS_FTP.LOG
2004.09.20 16:42 B E:\Documents and Settings\Adam Knox\My Documents\Skate World\backup\forum\images\xmb_ultra\xmb_ultra.xmb <-- Skate world Temporary /public_html/forum/images/xmb_ultra xmb_ultra.xmb
2004.09.20 16:42 B E:\Documents and Settings\Adam Knox\My Documents\Skate World\backup\forum\images\xmb_ultra\yahoo.gif <-- Skate world Temporary /public_html/forum/images/xmb_ultra yahoo.gif
2004.10.03 13:19 B G:\Documents and Settings\bilbo\My Documents\SwitchSkate\Skate World\backup\FOLDERS\forum\images\xmb_ultra\address.gif --> host215.ipowerweb.com /public_html/forum/images/xmb_ultra address.gif
2004.10.03 13:19 B G:\Documents and Settings\bilbo\My Documents\SwitchSkate\Skate World\backup\FOLDERS\forum\images\xmb_ultra\aim.gif --> host215.ipowerweb.com /public_html/forum/images/xmb_ultra aim.gif
2004.10.03 13:19 B G:\Documents and Settings\bilbo\My Documents\SwitchSkate\Skate World\backup\FOLDERS\forum\images\xmb_ultra\arrow_dw.gif --> host215.ipowerweb.com /public_html/forum/images/xmb_ultra arrow_dw.gif
2004.10.03 13:19 B G:\Documents and Settings\bilbo\My Documents\SwitchSkate\Skate World\backup\FOLDERS\forum\images\xmb_ultra\arrow_up.gif --> host215.ipowerweb.com /public_html/forum/images/xmb_ultra arrow_up.gif
2004.10.03 13:19 B G:\Documents and Settings\bilbo\My Documents\SwitchSkate\Skate World\backup\FOLDERS\forum\images\xmb_ultra\avatars.gif --> host215.ipowerweb.com /public_html/forum/images/xmb_ultra avatars.gif
2004.10.03 13:19 B G:\Documents and Settings\bilbo\My Documents\SwitchSkate\Skate World\backup\FOLDERS\forum\images\xmb_ultra\barback.jpg --> host215.ipowerweb.com /public_html/forum/images/xmb_ultra barback.jpg
2004.10.03 13:19 B G:\Documents and Settings\bilbo\My Documents\SwitchSkate\Skate World\backup\FOLDERS\forum\images\xmb_ultra\bb_bold.gif --> host215.ipowerweb.com /public_html/forum/images/xmb_ultra bb_bold.gif
2004.10.03 13:19 B G:\Documents and Settings\bilbo\My Documents\SwitchSkate\Skate World\backup\FOLDERS\forum\images\xmb_ultra\bb_center.gif --> host215.ipowerweb.com /public_html/forum/images/xmb_ultra bb_center.gif
2004.10.03 13:19 B G:\Documents and Settings\bilbo\My Documents\SwitchSkate\Skate World\backup\FOLDERS\forum\images\xmb_ultra\bb_code.gif --> host215.ipowerweb.com /public_html/forum/images/xmb_ultra bb_code.gif
2004.10.03 13:19 B G:\Documents and Settings\bilbo\My Documents\SwitchSkate\Skate World\backup\FOLDERS\forum\images\xmb_ultra\bb_email.gif --> host215.ipowerweb.com /public_html/forum/images/xmb_ultra bb_email.gif
2004.10.03 13:19 B G:\Documents and Settings\bilbo\My Documents\SwitchSkate\Skate World\backup\FOLDERS\forum\images\xmb_ultra\bb_image.gif --> host215.ipowerweb.com /public_html/forum/images/xmb_ultra bb_image.gif
2004.10.03 13:19 B G:\Documents and Settings\bilbo\My Documents\SwitchSkate\Skate World\backup\FOLDERS\forum\images\xmb_ultra\bb_italicize.gif --> host215.ipowerweb.com /public_html/forum/images/xmb_ultra bb_italicize.gif
2004.10.03 13:19 B G:\Documents and Settings\bilbo\My Documents\SwitchSkate\Skate World\backup\FOLDERS\forum\images\xmb_ultra\bb_list.gif --> host215.ipowerweb.com /public_html/forum/images/xmb_ultra bb_list.gif
2004.10.03 13:19 B G:\Documents and Settings\bilbo\My Documents\SwitchSkate\Skate World\backup\FOLDERS\forum\images\xmb_ultra\bb_quote.gif --> host215.ipowerweb.com /public_html/forum/images/xmb_ultra bb_quote.gif
2004.10.03 13:19 B G:\Documents and Settings\bilbo\My Documents\SwitchSkate\Skate World\backup\FOLDERS\forum\images\xmb_ultra\bb_underline.gif --> host215.ipowerweb.com /public_html/forum/images/xmb_ultra bb_underline.gif
2004.10.03 13:19 B G:\Documents and Settings\bilbo\My Documents\SwitchSkate\Skate World\backup\FOLDERS\forum\images\xmb_ultra\bb_url.gif --> host215.ipowerweb.com /public_html/forum/images/xmb_ultra bb_url.gif
2004.10.03 13:19 B G:\Documents and Settings\bilbo\My Documents\SwitchSkate\Skate World\backup\FOLDERS\forum\images\xmb_ultra\bbrules.gif --> host215.ipowerweb.com /public_html/forum/images/xmb_ultra bbrules.gif
2004.10.03 13:19 B G:\Documents and Settings\bilbo\My Documents\SwitchSkate\Skate World\backup\FOLDERS\forum\images\xmb_ultra\closeav.gif --> host215.ipowerweb.com /public_html/forum/images/xmb_ultra closeav.gif
2004.10.03 13:19 B G:\Documents and Settings\bilbo\My Documents\SwitchSkate\Skate World\backup\FOLDERS\forum\images\xmb_ultra\dot_folder.gif --> host215.ipowerweb.com /public_html/forum/images/xmb_ultra dot_folder.gif
2004.10.03 13:19 B G:\Documents and Settings\bilbo\My Documents\SwitchSkate\Skate World\backup\FOLDERS\forum\images\xmb_ultra\dot_folder_new_poll.gif --> host215.ipowerweb.com /public_html/forum/images/xmb_ultra dot_folder_new_poll.gif
2004.10.03 13:19 B G:\Documents and Settings\bilbo\My Documents\SwitchSkate\Skate World\backup\FOLDERS\forum\images\xmb_ultra\dot_folder_poll.gif --> host215.ipowerweb.com /public_html/forum/images/xmb_ultra dot_folder_poll.gif
2004.10.03 13:19 B G:\Documents and Settings\bilbo\My Documents\SwitchSkate\Skate World\backup\FOLDERS\forum\images\xmb_ultra\dot_hot_folder.gif --> host215.ipowerweb.com /public_html/forum/images/xmb_ultra dot_hot_folder.gif
2004.10.03 13:19 B G:\Documents and Settings\bilbo\My Documents\SwitchSkate\Skate World\backup\FOLDERS\forum\images\xmb_ultra\dot_hot_red_folder.gif --> host215.ipowerweb.com /public_html/forum/images/xmb_ultra dot_hot_red_folder.gif
2004.10.03 13:19 B G:\Documents and Settings\bilbo\My Documents\SwitchSkate\Skate World\backup\FOLDERS\forum\images\xmb_ultra\dot_red_folder.gif --> host215.ipowerweb.com /public_html/forum/images/xmb_ultra dot_red_folder.gif
2004.10.03 13:19 B G:\Documents and Settings\bilbo\My Documents\SwitchSkate\Skate World\backup\FOLDERS\forum\images\xmb_ultra\edit.gif --> host215.ipowerweb.com /public_html/forum/images/xmb_ultra edit.gif
2004.10.03 13:19 B G:\Documents and Settings\bilbo\My Documents\SwitchSkate\Skate World\backup\FOLDERS\forum\images\xmb_ultra\email.gif --> host215.ipowerweb.com /public_html/forum/images/xmb_ultra email.gif
2004.10.03 13:19 B G:\Documents and Settings\bilbo\My Documents\SwitchSkate\Skate World\backup\FOLDERS\forum\images\xmb_ultra\faq.gif --> host215.ipowerweb.com /public_html/forum/images/xmb_ultra faq.gif
2004.10.03 13:19 B G:\Documents and Settings\bilbo\My Documents\SwitchSkate\Skate World\backup\FOLDERS\forum\images\xmb_ultra\find.gif --> host215.ipowerweb.com /public_html/forum/images/xmb_ultra find.gif
2004.10.03 13:19 B G:\Documents and Settings\bilbo\My Documents\SwitchSkate\Skate World\backup\FOLDERS\forum\images\xmb_ultra\folder.gif --> host215.ipowerweb.com /public_html/forum/images/xmb_ultra folder.gif
2004.10.03 13:19 B G:\Documents and Settings\bilbo\My Documents\SwitchSkate\Skate World\backup\FOLDERS\forum\images\xmb_ultra\folder_new_poll.gif --> host215.ipowerweb.com /public_html/forum/images/xmb_ultra folder_new_poll.gif
2004.10.03 13:19 B G:\Documents and Settings\bilbo\My Documents\SwitchSkate\Skate World\backup\FOLDERS\forum\images\xmb_ultra\folder_poll.gif --> host215.ipowerweb.com /public_html/forum/images/xmb_ultra folder_poll.gif
2004.10.03 13:19 B G:\Documents and Settings\bilbo\My Documents\SwitchSkate\Skate World\backup\FOLDERS\forum\images\xmb_ultra\forum_new.gif --> host215.ipowerweb.com /public_html/forum/images/xmb_ultra forum_new.gif
2004.10.03 13:19 B G:\Documents and Settings\bilbo\My Documents\SwitchSkate\Skate World\backup\FOLDERS\forum\images\xmb_ultra\forum_old.gif --> host215.ipowerweb.com /public_html/forum/images/xmb_ultra forum_old.gif
2004.10.03 13:19 B G:\Documents and Settings\bilbo\My Documents\SwitchSkate\Skate World\backup\FOLDERS\forum\images\xmb_ultra\games.gif --> host215.ipowerweb.com /public_html/forum/images/xmb_ultra games.gif
2004.10.03 13:20 B G:\Documents and Settings\bilbo\My Documents\SwitchSkate\Skate World\backup\FOLDERS\forum\images\xmb_ultra\headerback.gif --> host215.ipowerweb.com /public_html/forum/images/xmb_ultra headerback.gif
2004.10.03 13:20 B G:\Documents and Settings\bilbo\My Documents\SwitchSkate\Skate World\backup\FOLDERS\forum\images\xmb_ultra\headerback2.gif --> host215.ipowerweb.com /public_html/forum/images/xmb_ultra headerback2.gif
2004.10.03 13:20 B G:\Documents and Settings\bilbo\My Documents\SwitchSkate\Skate World\backup\FOLDERS\forum\images\xmb_ultra\headerback3.gif --> host215.ipowerweb.com /public_html/forum/images/xmb_ultra headerback3.gif
2004.10.03 13:20 B G:\Documents and Settings\bilbo\My Documents\SwitchSkate\Skate World\backup\FOLDERS\forum\images\xmb_ultra\home.gif --> host215.ipowerweb.com /public_html/forum/images/xmb_ultra home.gif
2004.10.03 13:20 B G:\Documents and Settings\bilbo\My Documents\SwitchSkate\Skate World\backup\FOLDERS\forum\images\xmb_ultra\hot_folder.gif --> host215.ipowerweb.com /public_html/forum/images/xmb_ultra hot_folder.gif
2004.10.03 13:20 B G:\Documents and Settings\bilbo\My Documents\SwitchSkate\Skate World\backup\FOLDERS\forum\images\xmb_ultra\hot_red_folder.gif --> host215.ipowerweb.com /public_html/forum/images/xmb_ultra hot_red_folder.gif
2004.10.03 13:20 B G:\Documents and Settings\bilbo\My Documents\SwitchSkate\Skate World\backup\FOLDERS\forum\images\xmb_ultra\icq_add.gif --> host215.ipowerweb.com /public_html/forum/images/xmb_ultra icq_add.gif
2004.10.03 13:20 B G:\Documents and Settings\bilbo\My Documents\SwitchSkate\Skate World\backup\FOLDERS\forum\images\xmb_ultra\inbox.gif --> host215.ipowerweb.com /public_html/forum/images/xmb_ultra inbox.gif
2004.10.03 13:20 B G:\Documents and Settings\bilbo\My Documents\SwitchSkate\Skate World\backup\FOLDERS\forum\images\xmb_ultra\ip.gif --> host215.ipowerweb.com /public_html/forum/images/xmb_ultra ip.gif
2004.10.03 13:20 B G:\Documents and Settings\bilbo\My Documents\SwitchSkate\Skate World\backup\FOLDERS\forum\images\xmb_ultra\ipost.gif --> host215.ipowerweb.com /public_html/forum/images/xmb_ultra ipost.gif
2004.10.03 13:20 B G:\Documents and Settings\bilbo\My Documents\SwitchSkate\Skate World\backup\FOLDERS\forum\images\xmb_ultra\lastpost.gif --> host215.ipowerweb.com /public_html/forum/images/xmb_ultra lastpost.gif
2004.10.03 13:20 B G:\Documents and Settings\bilbo\My Documents\SwitchSkate\Skate World\backup\FOLDERS\forum\images\xmb_ultra\lock_folder.gif --> host215.ipowerweb.com /public_html/forum/images/xmb_ultra lock_folder.gif
2004.10.03 13:20 B G:\Documents and Settings\bilbo\My Documents\SwitchSkate\Skate World\backup\FOLDERS\forum\images\xmb_ultra\locku2u.gif --> host215.ipowerweb.com /public_html/forum/images/xmb_ultra locku2u.gif
2004.10.03 13:20 B G:\Documents and Settings\bilbo\My Documents\SwitchSkate\Skate World\backup\FOLDERS\forum\images\xmb_ultra\logo.jpg --> host215.ipowerweb.com /public_html/forum/images/xmb_ultra logo.jpg
2004.10.03 13:20 B G:\Documents and Settings\bilbo\My Documents\SwitchSkate\Skate World\backup\FOLDERS\forum\images\xmb_ultra\members_list.gif --> host215.ipowerweb.com /public_html/forum/images/xmb_ultra members_list.gif
2004.10.03 13:20 B G:\Documents and Settings\bilbo\My Documents\SwitchSkate\Skate World\backup\FOLDERS\forum\images\xmb_ultra\msn.gif --> host215.ipowerweb.com /public_html/forum/images/xmb_ultra msn.gif
2004.10.03 13:20 B G:\Documents and Settings\bilbo\My Documents\SwitchSkate\Skate World\backup\FOLDERS\forum\images\xmb_ultra\newtopic.gif --> host215.ipowerweb.com /public_html/forum/images/xmb_ultra newtopic.gif
2004.10.03 13:20 B G:\Documents and Settings\bilbo\My Documents\SwitchSkate\Skate World\backup\FOLDERS\forum\images\xmb_ultra\newu2u.gif --> host215.ipowerweb.com /public_html/forum/images/xmb_ultra newu2u.gif
2004.10.03 13:20 B G:\Documents and Settings\bilbo\My Documents\SwitchSkate\Skate World\backup\FOLDERS\forum\images\xmb_ultra\online.gif --> host215.ipowerweb.com /public_html/forum/images/xmb_ultra online.gif
2004.10.03 13:20 B G:\Documents and Settings\bilbo\My Documents\SwitchSkate\Skate World\backup\FOLDERS\forum\images\xmb_ultra\openav.gif --> host215.ipowerweb.com /public_html/forum/images/xmb_ultra openav.gif
2004.10.03 13:20 B G:\Documents and Settings\bilbo\My Documents\SwitchSkate\Skate World\backup\FOLDERS\forum\images\xmb_ultra\outbox.gif --> host215.ipowerweb.com /public_html/forum/images/xmb_ultra outbox.gif
2004.10.03 13:20 B G:\Documents and Settings\bilbo\My Documents\SwitchSkate\Skate World\backup\FOLDERS\forum\images\xmb_ultra\pin.gif --> host215.ipowerweb.com /public_html/forum/images/xmb_ultra pin.gif
2004.10.03 13:20 B G:\Documents and Settings\bilbo\My Documents\SwitchSkate\Skate World\backup\FOLDERS\forum\images\xmb_ultra\pixel.gif --> host215.ipowerweb.com /public_html/forum/images/xmb_ultra pixel.gif
2004.10.03 13:20 B G:\Documents and Settings\bilbo\My Documents\SwitchSkate\Skate World\backup\FOLDERS\forum\images\xmb_ultra\poll.gif --> host215.ipowerweb.com /public_html/forum/images/xmb_ultra poll.gif
2004.10.03 13:20 B G:\Documents and Settings\bilbo\My Documents\SwitchSkate\Skate World\backup\FOLDERS\forum\images\xmb_ultra\pollbar-e.gif --> host215.ipowerweb.com /public_html/forum/images/xmb_ultra pollbar-e.gif
2004.10.03 13:20 B G:\Documents and Settings\bilbo\My Documents\SwitchSkate\Skate World\backup\FOLDERS\forum\images\xmb_ultra\pollbar-s.gif --> host215.ipowerweb.com /public_html/forum/images/xmb_ultra pollbar-s.gif
2004.10.03 13:20 B G:\Documents and Settings\bilbo\My Documents\SwitchSkate\Skate World\backup\FOLDERS\forum\images\xmb_ultra\pollbar.gif --> host215.ipowerweb.com /public_html/forum/images/xmb_ultra pollbar.gif
2004.10.03 13:20 B G:\Documents and Settings\bilbo\My Documents\SwitchSkate\Skate World\backup\FOLDERS\forum\images\xmb_ultra\pollsmall.gif --> host215.ipowerweb.com /public_html/forum/images/xmb_ultra pollsmall.gif
2004.10.03 13:20 B G:\Documents and Settings\bilbo\My Documents\SwitchSkate\Skate World\backup\FOLDERS\forum\images\xmb_ultra\profile.gif --> host215.ipowerweb.com /public_html/forum/images/xmb_ultra profile.gif
2004.10.03 13:20 B G:\Documents and Settings\bilbo\My Documents\SwitchSkate\Skate World\backup\FOLDERS\forum\images\xmb_ultra\PSD_BUTTON_1.psd --> host215.ipowerweb.com /public_html/forum/images/xmb_ultra PSD_BUTTON_1.psd
2004.10.03 13:20 B G:\Documents and Settings\bilbo\My Documents\SwitchSkate\Skate World\backup\FOLDERS\forum\images\xmb_ultra\PSD_LOGO_1.psd --> host215.ipowerweb.com /public_html/forum/images/xmb_ultra PSD_LOGO_1.psd
2004.10.03 13:20 B G:\Documents and Settings\bilbo\My Documents\SwitchSkate\Skate World\backup\FOLDERS\forum\images\xmb_ultra\quote.gif --> host215.ipowerweb.com /public_html/forum/images/xmb_ultra quote.gif
2004.10.03 13:20 B G:\Documents and Settings\bilbo\My Documents\SwitchSkate\Skate World\backup\FOLDERS\forum\images\xmb_ultra\red_folder.gif --> host215.ipowerweb.com /public_html/forum/images/xmb_ultra red_folder.gif
2004.10.03 13:20 B G:\Documents and Settings\bilbo\My Documents\SwitchSkate\Skate World\backup\FOLDERS\forum\images\xmb_ultra\reply.gif --> host215.ipowerweb.com /public_html/forum/images/xmb_ultra reply.gif
2004.10.03 13:20 B G:\Documents and Settings\bilbo\My Documents\SwitchSkate\Skate World\backup\FOLDERS\forum\images\xmb_ultra\report.gif --> host215.ipowerweb.com /public_html/forum/images/xmb_ultra report.gif
2004.10.03 13:20 B G:\Documents and Settings\bilbo\My Documents\SwitchSkate\Skate World\backup\FOLDERS\forum\images\xmb_ultra\search.gif --> host215.ipowerweb.com /public_html/forum/images/xmb_ultra search.gif
2004.10.03 13:20 B G:\Documents and Settings\bilbo\My Documents\SwitchSkate\Skate World\backup\FOLDERS\forum\images\xmb_ultra\site.gif --> host215.ipowerweb.com /public_html/forum/images/xmb_ultra site.gif
2004.10.03 13:20 B G:\Documents and Settings\bilbo\My Documents\SwitchSkate\Skate World\backup\FOLDERS\forum\images\xmb_ultra\solve.gif --> host215.ipowerweb.com /public_html/forum/images/xmb_ultra solve.gif
2004.10.03 13:20 B G:\Documents and Settings\bilbo\My Documents\SwitchSkate\Skate World\backup\FOLDERS\forum\images\xmb_ultra\space.gif --> host215.ipowerweb.com /public_html/forum/images/xmb_ultra space.gif
2004.10.03 13:20 B G:\Documents and Settings\bilbo\My Documents\SwitchSkate\Skate World\backup\FOLDERS\forum\images\xmb_ultra\star.gif --> host215.ipowerweb.com /public_html/forum/images/xmb_ultra star.gif
2004.10.03 13:20 B G:\Documents and Settings\bilbo\My Documents\SwitchSkate\Skate World\backup\FOLDERS\forum\images\xmb_ultra\stats.gif --> host215.ipowerweb.com /public_html/forum/images/xmb_ultra stats.gif
2004.10.03 13:20 B G:\Documents and Settings\bilbo\My Documents\SwitchSkate\Skate World\backup\FOLDERS\forum\images\xmb_ultra\Thumbs.db --> host215.ipowerweb.com /public_html/forum/images/xmb_ultra Thumbs.db
2004.10.03 13:20 B G:\Documents and Settings\bilbo\My Documents\SwitchSkate\Skate World\backup\FOLDERS\forum\images\xmb_ultra\todays_posts.gif --> host215.ipowerweb.com /public_html/forum/images/xmb_ultra todays_posts.gif
2004.10.03 13:20 B G:\Documents and Settings\bilbo\My Documents\SwitchSkate\Skate World\backup\FOLDERS\forum\images\xmb_ultra\topav.gif --> host215.ipowerweb.com /public_html/forum/images/xmb_ultra topav.gif
2004.10.03 13:20 B G:\Documents and Settings\bilbo\My Documents\SwitchSkate\Skate World\backup\FOLDERS\forum\images\xmb_ultra\u2u.gif --> host215.ipowerweb.com /public_html/forum/images/xmb_ultra u2u.gif
2004.10.03 13:20 B G:\Documents and Settings\bilbo\My Documents\SwitchSkate\Skate World\backup\FOLDERS\forum\images\xmb_ultra\unsolve.gif --> host215.ipowerweb.com /public_html/forum/images/xmb_ultra unsolve.gif
2004.10.03 13:21 B G:\Documents and Settings\bilbo\My Documents\SwitchSkate\Skate World\backup\FOLDERS\forum\images\xmb_ultra\WS_FTP.LOG --> host215.ipowerweb.com /public_html/forum/images/xmb_ultra WS_FTP.LOG
2004.10.03 13:21 B G:\Documents and Settings\bilbo\My Documents\SwitchSkate\Skate World\backup\FOLDERS\forum\images\xmb_ultra\xmb_ultra.xmb --> host215.ipowerweb.com /public_html/forum/images/xmb_ultra xmb_ultra.xmb
2004.10.03 13:21 B G:\Documents and Settings\bilbo\My Documents\SwitchSkate\Skate World\backup\FOLDERS\forum\images\xmb_ultra\yahoo.gif --> host215.ipowerweb.com /public_html/forum/images/xmb_ultra yahoo.gif
