2004.09.20 15:40 B E:\Documents and Settings\Adam Knox\My Documents\Skate World\backup\adam\qbasic\qbasic\desktop\qb\BAS7ADVR.HLP <-- Skate world Temporary /public_html/adam/qbasic/qbasic/desktop/qb BAS7ADVR.HLP
2004.09.20 15:40 B E:\Documents and Settings\Adam Knox\My Documents\Skate World\backup\adam\qbasic\qbasic\desktop\qb\BAS7ENER.HLP <-- Skate world Temporary /public_html/adam/qbasic/qbasic/desktop/qb BAS7ENER.HLP
2004.09.20 15:40 B E:\Documents and Settings\Adam Knox\My Documents\Skate World\backup\adam\qbasic\qbasic\desktop\qb\BAS7EX.HLP <-- Skate world Temporary /public_html/adam/qbasic/qbasic/desktop/qb BAS7EX.HLP
2004.09.20 15:41 B E:\Documents and Settings\Adam Knox\My Documents\Skate World\backup\adam\qbasic\qbasic\desktop\qb\BAS7QCK.HLP <-- Skate world Temporary /public_html/adam/qbasic/qbasic/desktop/qb BAS7QCK.HLP
2004.09.20 15:41 B E:\Documents and Settings\Adam Knox\My Documents\Skate World\backup\adam\qbasic\qbasic\desktop\qb\BC.EXE <-- Skate world Temporary /public_html/adam/qbasic/qbasic/desktop/qb BC.EXE
2004.09.20 15:41 B E:\Documents and Settings\Adam Knox\My Documents\Skate World\backup\adam\qbasic\qbasic\desktop\qb\BC.HLP <-- Skate world Temporary /public_html/adam/qbasic/qbasic/desktop/qb BC.HLP
2004.09.20 15:41 B E:\Documents and Settings\Adam Knox\My Documents\Skate World\backup\adam\qbasic\qbasic\desktop\qb\BCL71AFR.LIB <-- Skate world Temporary /public_html/adam/qbasic/qbasic/desktop/qb BCL71AFR.LIB
2004.09.20 15:41 B E:\Documents and Settings\Adam Knox\My Documents\Skate World\backup\adam\qbasic\qbasic\desktop\qb\BCL71ANR.LIB <-- Skate world Temporary /public_html/adam/qbasic/qbasic/desktop/qb BCL71ANR.LIB
2004.09.20 15:41 B E:\Documents and Settings\Adam Knox\My Documents\Skate World\backup\adam\qbasic\qbasic\desktop\qb\BCL71EFR.LIB <-- Skate world Temporary /public_html/adam/qbasic/qbasic/desktop/qb BCL71EFR.LIB
2004.09.20 15:41 B E:\Documents and Settings\Adam Knox\My Documents\Skate World\backup\adam\qbasic\qbasic\desktop\qb\BCL71ENR.LIB <-- Skate world Temporary /public_html/adam/qbasic/qbasic/desktop/qb BCL71ENR.LIB
2004.09.20 15:41 B E:\Documents and Settings\Adam Knox\My Documents\Skate World\backup\adam\qbasic\qbasic\desktop\qb\BRT71AFR.LIB <-- Skate world Temporary /public_html/adam/qbasic/qbasic/desktop/qb BRT71AFR.LIB
2004.09.20 15:42 B E:\Documents and Settings\Adam Knox\My Documents\Skate World\backup\adam\qbasic\qbasic\desktop\qb\BRT71ANR.LIB <-- Skate world Temporary /public_html/adam/qbasic/qbasic/desktop/qb BRT71ANR.LIB
2004.09.20 15:42 B E:\Documents and Settings\Adam Knox\My Documents\Skate World\backup\adam\qbasic\qbasic\desktop\qb\BRT71EFR.LIB <-- Skate world Temporary /public_html/adam/qbasic/qbasic/desktop/qb BRT71EFR.LIB
2004.09.20 15:42 B E:\Documents and Settings\Adam Knox\My Documents\Skate World\backup\adam\qbasic\qbasic\desktop\qb\BRT71ENR.LIB <-- Skate world Temporary /public_html/adam/qbasic/qbasic/desktop/qb BRT71ENR.LIB
2004.09.20 15:42 B E:\Documents and Settings\Adam Knox\My Documents\Skate World\backup\adam\qbasic\qbasic\desktop\qb\CHRTBEFR.QLB <-- Skate world Temporary /public_html/adam/qbasic/qbasic/desktop/qb CHRTBEFR.QLB
2004.09.20 15:42 B E:\Documents and Settings\Adam Knox\My Documents\Skate World\backup\adam\qbasic\qbasic\desktop\qb\FINANCER.QLB <-- Skate world Temporary /public_html/adam/qbasic/qbasic/desktop/qb FINANCER.QLB
2004.09.20 15:42 B E:\Documents and Settings\Adam Knox\My Documents\Skate World\backup\adam\qbasic\qbasic\desktop\qb\FONTBEFR.QLB <-- Skate world Temporary /public_html/adam/qbasic/qbasic/desktop/qb FONTBEFR.QLB
2004.09.20 15:42 B E:\Documents and Settings\Adam Knox\My Documents\Skate World\backup\adam\qbasic\qbasic\desktop\qb\HELPMAKE.EXE <-- Skate world Temporary /public_html/adam/qbasic/qbasic/desktop/qb HELPMAKE.EXE
2004.09.20 15:42 B E:\Documents and Settings\Adam Knox\My Documents\Skate World\backup\adam\qbasic\qbasic\desktop\qb\INTRPT.LIB <-- Skate world Temporary /public_html/adam/qbasic/qbasic/desktop/qb INTRPT.LIB
2004.09.20 15:42 B E:\Documents and Settings\Adam Knox\My Documents\Skate World\backup\adam\qbasic\qbasic\desktop\qb\INTRPT.QLB <-- Skate world Temporary /public_html/adam/qbasic/qbasic/desktop/qb INTRPT.QLB
2004.09.20 15:42 B E:\Documents and Settings\Adam Knox\My Documents\Skate World\backup\adam\qbasic\qbasic\desktop\qb\LIB.EXE <-- Skate world Temporary /public_html/adam/qbasic/qbasic/desktop/qb LIB.EXE
2004.09.20 15:42 B E:\Documents and Settings\Adam Knox\My Documents\Skate World\backup\adam\qbasic\qbasic\desktop\qb\LINK.EXE <-- Skate world Temporary /public_html/adam/qbasic/qbasic/desktop/qb LINK.EXE
2004.09.20 15:42 B E:\Documents and Settings\Adam Knox\My Documents\Skate World\backup\adam\qbasic\qbasic\desktop\qb\LINK.HLP <-- Skate world Temporary /public_html/adam/qbasic/qbasic/desktop/qb LINK.HLP
2004.09.20 15:42 B E:\Documents and Settings\Adam Knox\My Documents\Skate World\backup\adam\qbasic\qbasic\desktop\qb\MAKE.EXE <-- Skate world Temporary /public_html/adam/qbasic/qbasic/desktop/qb MAKE.EXE
2004.09.20 15:42 B E:\Documents and Settings\Adam Knox\My Documents\Skate World\backup\adam\qbasic\qbasic\desktop\qb\MATBEFR.QLB <-- Skate world Temporary /public_html/adam/qbasic/qbasic/desktop/qb MATBEFR.QLB
2004.09.20 15:42 B E:\Documents and Settings\Adam Knox\My Documents\Skate World\backup\adam\qbasic\qbasic\desktop\qb\OLDQB.EXE <-- Skate world Temporary /public_html/adam/qbasic/qbasic/desktop/qb OLDQB.EXE
2004.09.20 15:42 B E:\Documents and Settings\Adam Knox\My Documents\Skate World\backup\adam\qbasic\qbasic\desktop\qb\QB.EXE <-- Skate world Temporary /public_html/adam/qbasic/qbasic/desktop/qb QB.EXE
2004.09.20 15:42 B E:\Documents and Settings\Adam Knox\My Documents\Skate World\backup\adam\qbasic\qbasic\desktop\qb\QB.PIF <-- Skate world Temporary /public_html/adam/qbasic/qbasic/desktop/qb QB.PIF
2004.09.20 15:42 B E:\Documents and Settings\Adam Knox\My Documents\Skate World\backup\adam\qbasic\qbasic\desktop\qb\QBX.INI <-- Skate world Temporary /public_html/adam/qbasic/qbasic/desktop/qb QBX.INI
2004.09.20 15:42 B E:\Documents and Settings\Adam Knox\My Documents\Skate World\backup\adam\qbasic\qbasic\desktop\qb\QBX.LIB <-- Skate world Temporary /public_html/adam/qbasic/qbasic/desktop/qb QBX.LIB
2004.09.20 15:42 B E:\Documents and Settings\Adam Knox\My Documents\Skate World\backup\adam\qbasic\qbasic\desktop\qb\QBX.QLB <-- Skate world Temporary /public_html/adam/qbasic/qbasic/desktop/qb QBX.QLB
2004.09.20 15:42 B E:\Documents and Settings\Adam Knox\My Documents\Skate World\backup\adam\qbasic\qbasic\desktop\qb\QBXQLB.LIB <-- Skate world Temporary /public_html/adam/qbasic/qbasic/desktop/qb QBXQLB.LIB
2004.09.20 15:43 B E:\Documents and Settings\Adam Knox\My Documents\Skate World\backup\adam\qbasic\qbasic\desktop\qb\QH.EXE <-- Skate world Temporary /public_html/adam/qbasic/qbasic/desktop/qb QH.EXE
2004.09.20 15:43 B E:\Documents and Settings\Adam Knox\My Documents\Skate World\backup\adam\qbasic\qbasic\desktop\qb\QH.HLP <-- Skate world Temporary /public_html/adam/qbasic/qbasic/desktop/qb QH.HLP
2004.09.20 15:43 B E:\Documents and Settings\Adam Knox\My Documents\Skate World\backup\adam\qbasic\qbasic\desktop\qb\TASM.EXE <-- Skate world Temporary /public_html/adam/qbasic/qbasic/desktop/qb TASM.EXE
2004.09.20 15:43 B E:\Documents and Settings\Adam Knox\My Documents\Skate World\backup\adam\qbasic\qbasic\desktop\qb\UNLIB.EXE <-- Skate world Temporary /public_html/adam/qbasic/qbasic/desktop/qb UNLIB.EXE
2004.09.20 15:43 B E:\Documents and Settings\Adam Knox\My Documents\Skate World\backup\adam\qbasic\qbasic\desktop\qb\UNPACK.EXE <-- Skate world Temporary /public_html/adam/qbasic/qbasic/desktop/qb UNPACK.EXE
2004.09.20 15:43 B E:\Documents and Settings\Adam Knox\My Documents\Skate World\backup\adam\qbasic\qbasic\desktop\qb\UPDLIB.EXE <-- Skate world Temporary /public_html/adam/qbasic/qbasic/desktop/qb UPDLIB.EXE
2004.09.20 15:43 B E:\Documents and Settings\Adam Knox\My Documents\Skate World\backup\adam\qbasic\qbasic\desktop\qb\UTILERR.HLP <-- Skate world Temporary /public_html/adam/qbasic/qbasic/desktop/qb UTILERR.HLP
2004.09.20 15:43 B E:\Documents and Settings\Adam Knox\My Documents\Skate World\backup\adam\qbasic\qbasic\desktop\qb\UTILS.HLP <-- Skate world Temporary /public_html/adam/qbasic/qbasic/desktop/qb UTILS.HLP
2004.09.20 15:43 B E:\Documents and Settings\Adam Knox\My Documents\Skate World\backup\adam\qbasic\qbasic\desktop\qb\WHEREIS.EXE <-- Skate world Temporary /public_html/adam/qbasic/qbasic/desktop/qb WHEREIS.EXE
2004.10.02 19:54 B G:\Documents and Settings\bilbo\My Documents\Skate World\backup\FOLDERS\adam\qbasic\qbasic\desktop\qb\BAS7ADVR.HLP --> host215.ipowerweb.com /public_html/adam/qbasic/qbasic/desktop/qb BAS7ADVR.HLP
2004.10.02 19:54 B G:\Documents and Settings\bilbo\My Documents\Skate World\backup\FOLDERS\adam\qbasic\qbasic\desktop\qb\BAS7ENER.HLP --> host215.ipowerweb.com /public_html/adam/qbasic/qbasic/desktop/qb BAS7ENER.HLP
2004.10.02 19:55 B G:\Documents and Settings\bilbo\My Documents\Skate World\backup\FOLDERS\adam\qbasic\qbasic\desktop\qb\BAS7EX.HLP --> host215.ipowerweb.com /public_html/adam/qbasic/qbasic/desktop/qb BAS7EX.HLP
2004.10.02 19:55 B G:\Documents and Settings\bilbo\My Documents\Skate World\backup\FOLDERS\adam\qbasic\qbasic\desktop\qb\BAS7QCK.HLP --> host215.ipowerweb.com /public_html/adam/qbasic/qbasic/desktop/qb BAS7QCK.HLP
2004.10.02 19:55 B G:\Documents and Settings\bilbo\My Documents\Skate World\backup\FOLDERS\adam\qbasic\qbasic\desktop\qb\BC.EXE --> host215.ipowerweb.com /public_html/adam/qbasic/qbasic/desktop/qb BC.EXE
2004.10.02 19:55 B G:\Documents and Settings\bilbo\My Documents\Skate World\backup\FOLDERS\adam\qbasic\qbasic\desktop\qb\BC.HLP --> host215.ipowerweb.com /public_html/adam/qbasic/qbasic/desktop/qb BC.HLP
2004.10.02 19:56 B G:\Documents and Settings\bilbo\My Documents\Skate World\backup\FOLDERS\adam\qbasic\qbasic\desktop\qb\BCL71AFR.LIB --> host215.ipowerweb.com /public_html/adam/qbasic/qbasic/desktop/qb BCL71AFR.LIB
2004.10.02 19:56 B G:\Documents and Settings\bilbo\My Documents\Skate World\backup\FOLDERS\adam\qbasic\qbasic\desktop\qb\BCL71ANR.LIB --> host215.ipowerweb.com /public_html/adam/qbasic/qbasic/desktop/qb BCL71ANR.LIB
2004.10.02 19:56 B G:\Documents and Settings\bilbo\My Documents\Skate World\backup\FOLDERS\adam\qbasic\qbasic\desktop\qb\BCL71EFR.LIB --> host215.ipowerweb.com /public_html/adam/qbasic/qbasic/desktop/qb BCL71EFR.LIB
2004.10.02 19:57 B G:\Documents and Settings\bilbo\My Documents\Skate World\backup\FOLDERS\adam\qbasic\qbasic\desktop\qb\BCL71ENR.LIB --> host215.ipowerweb.com /public_html/adam/qbasic/qbasic/desktop/qb BCL71ENR.LIB
2004.10.02 19:57 B G:\Documents and Settings\bilbo\My Documents\Skate World\backup\FOLDERS\adam\qbasic\qbasic\desktop\qb\BRT71AFR.LIB --> host215.ipowerweb.com /public_html/adam/qbasic/qbasic/desktop/qb BRT71AFR.LIB
2004.10.02 19:57 B G:\Documents and Settings\bilbo\My Documents\Skate World\backup\FOLDERS\adam\qbasic\qbasic\desktop\qb\BRT71ANR.LIB --> host215.ipowerweb.com /public_html/adam/qbasic/qbasic/desktop/qb BRT71ANR.LIB
2004.10.02 19:57 B G:\Documents and Settings\bilbo\My Documents\Skate World\backup\FOLDERS\adam\qbasic\qbasic\desktop\qb\BRT71EFR.LIB --> host215.ipowerweb.com /public_html/adam/qbasic/qbasic/desktop/qb BRT71EFR.LIB
2004.10.02 19:57 B G:\Documents and Settings\bilbo\My Documents\Skate World\backup\FOLDERS\adam\qbasic\qbasic\desktop\qb\BRT71ENR.LIB --> host215.ipowerweb.com /public_html/adam/qbasic/qbasic/desktop/qb BRT71ENR.LIB
2004.10.02 19:57 B G:\Documents and Settings\bilbo\My Documents\Skate World\backup\FOLDERS\adam\qbasic\qbasic\desktop\qb\CHRTBEFR.QLB --> host215.ipowerweb.com /public_html/adam/qbasic/qbasic/desktop/qb CHRTBEFR.QLB
2004.10.02 19:57 B G:\Documents and Settings\bilbo\My Documents\Skate World\backup\FOLDERS\adam\qbasic\qbasic\desktop\qb\FINANCER.QLB --> host215.ipowerweb.com /public_html/adam/qbasic/qbasic/desktop/qb FINANCER.QLB
2004.10.02 19:57 B G:\Documents and Settings\bilbo\My Documents\Skate World\backup\FOLDERS\adam\qbasic\qbasic\desktop\qb\FONTBEFR.QLB --> host215.ipowerweb.com /public_html/adam/qbasic/qbasic/desktop/qb FONTBEFR.QLB
2004.10.02 19:57 B G:\Documents and Settings\bilbo\My Documents\Skate World\backup\FOLDERS\adam\qbasic\qbasic\desktop\qb\HELPMAKE.EXE --> host215.ipowerweb.com /public_html/adam/qbasic/qbasic/desktop/qb HELPMAKE.EXE
2004.10.02 19:57 B G:\Documents and Settings\bilbo\My Documents\Skate World\backup\FOLDERS\adam\qbasic\qbasic\desktop\qb\INTRPT.LIB --> host215.ipowerweb.com /public_html/adam/qbasic/qbasic/desktop/qb INTRPT.LIB
2004.10.02 19:57 B G:\Documents and Settings\bilbo\My Documents\Skate World\backup\FOLDERS\adam\qbasic\qbasic\desktop\qb\INTRPT.QLB --> host215.ipowerweb.com /public_html/adam/qbasic/qbasic/desktop/qb INTRPT.QLB
2004.10.02 19:57 B G:\Documents and Settings\bilbo\My Documents\Skate World\backup\FOLDERS\adam\qbasic\qbasic\desktop\qb\LIB.EXE --> host215.ipowerweb.com /public_html/adam/qbasic/qbasic/desktop/qb LIB.EXE
2004.10.02 19:57 B G:\Documents and Settings\bilbo\My Documents\Skate World\backup\FOLDERS\adam\qbasic\qbasic\desktop\qb\LINK.EXE --> host215.ipowerweb.com /public_html/adam/qbasic/qbasic/desktop/qb LINK.EXE
2004.10.02 19:58 B G:\Documents and Settings\bilbo\My Documents\Skate World\backup\FOLDERS\adam\qbasic\qbasic\desktop\qb\LINK.HLP --> host215.ipowerweb.com /public_html/adam/qbasic/qbasic/desktop/qb LINK.HLP
2004.10.02 19:58 B G:\Documents and Settings\bilbo\My Documents\Skate World\backup\FOLDERS\adam\qbasic\qbasic\desktop\qb\MAKE.EXE --> host215.ipowerweb.com /public_html/adam/qbasic/qbasic/desktop/qb MAKE.EXE
2004.10.02 19:58 B G:\Documents and Settings\bilbo\My Documents\Skate World\backup\FOLDERS\adam\qbasic\qbasic\desktop\qb\MATBEFR.QLB --> host215.ipowerweb.com /public_html/adam/qbasic/qbasic/desktop/qb MATBEFR.QLB
2004.10.02 19:58 B G:\Documents and Settings\bilbo\My Documents\Skate World\backup\FOLDERS\adam\qbasic\qbasic\desktop\qb\OLDQB.EXE --> host215.ipowerweb.com /public_html/adam/qbasic/qbasic/desktop/qb OLDQB.EXE
2004.10.02 19:58 B G:\Documents and Settings\bilbo\My Documents\Skate World\backup\FOLDERS\adam\qbasic\qbasic\desktop\qb\QB.EXE --> host215.ipowerweb.com /public_html/adam/qbasic/qbasic/desktop/qb QB.EXE
2004.10.02 19:58 B G:\Documents and Settings\bilbo\My Documents\Skate World\backup\FOLDERS\adam\qbasic\qbasic\desktop\qb\QB.PIF --> host215.ipowerweb.com /public_html/adam/qbasic/qbasic/desktop/qb QB.PIF
2004.10.02 19:58 B G:\Documents and Settings\bilbo\My Documents\Skate World\backup\FOLDERS\adam\qbasic\qbasic\desktop\qb\QBX.INI --> host215.ipowerweb.com /public_html/adam/qbasic/qbasic/desktop/qb QBX.INI
2004.10.02 19:58 B G:\Documents and Settings\bilbo\My Documents\Skate World\backup\FOLDERS\adam\qbasic\qbasic\desktop\qb\QBX.LIB --> host215.ipowerweb.com /public_html/adam/qbasic/qbasic/desktop/qb QBX.LIB
2004.10.02 19:58 B G:\Documents and Settings\bilbo\My Documents\Skate World\backup\FOLDERS\adam\qbasic\qbasic\desktop\qb\QBX.QLB --> host215.ipowerweb.com /public_html/adam/qbasic/qbasic/desktop/qb QBX.QLB
2004.10.02 19:59 B G:\Documents and Settings\bilbo\My Documents\Skate World\backup\FOLDERS\adam\qbasic\qbasic\desktop\qb\QBXQLB.LIB --> host215.ipowerweb.com /public_html/adam/qbasic/qbasic/desktop/qb QBXQLB.LIB
2004.10.02 19:59 B G:\Documents and Settings\bilbo\My Documents\Skate World\backup\FOLDERS\adam\qbasic\qbasic\desktop\qb\QH.EXE --> host215.ipowerweb.com /public_html/adam/qbasic/qbasic/desktop/qb QH.EXE
2004.10.02 19:59 B G:\Documents and Settings\bilbo\My Documents\Skate World\backup\FOLDERS\adam\qbasic\qbasic\desktop\qb\QH.HLP --> host215.ipowerweb.com /public_html/adam/qbasic/qbasic/desktop/qb QH.HLP
2004.10.02 19:59 B G:\Documents and Settings\bilbo\My Documents\Skate World\backup\FOLDERS\adam\qbasic\qbasic\desktop\qb\TASM.EXE --> host215.ipowerweb.com /public_html/adam/qbasic/qbasic/desktop/qb TASM.EXE
2004.10.02 19:59 B G:\Documents and Settings\bilbo\My Documents\Skate World\backup\FOLDERS\adam\qbasic\qbasic\desktop\qb\UNLIB.EXE --> host215.ipowerweb.com /public_html/adam/qbasic/qbasic/desktop/qb UNLIB.EXE
2004.10.02 19:59 B G:\Documents and Settings\bilbo\My Documents\Skate World\backup\FOLDERS\adam\qbasic\qbasic\desktop\qb\UNPACK.EXE --> host215.ipowerweb.com /public_html/adam/qbasic/qbasic/desktop/qb UNPACK.EXE
2004.10.02 19:59 B G:\Documents and Settings\bilbo\My Documents\Skate World\backup\FOLDERS\adam\qbasic\qbasic\desktop\qb\UPDLIB.EXE --> host215.ipowerweb.com /public_html/adam/qbasic/qbasic/desktop/qb UPDLIB.EXE
2004.10.02 19:59 B G:\Documents and Settings\bilbo\My Documents\Skate World\backup\FOLDERS\adam\qbasic\qbasic\desktop\qb\UTILERR.HLP --> host215.ipowerweb.com /public_html/adam/qbasic/qbasic/desktop/qb UTILERR.HLP
2004.10.02 19:59 B G:\Documents and Settings\bilbo\My Documents\Skate World\backup\FOLDERS\adam\qbasic\qbasic\desktop\qb\UTILS.HLP --> host215.ipowerweb.com /public_html/adam/qbasic/qbasic/desktop/qb UTILS.HLP
2004.10.02 20:00 B G:\Documents and Settings\bilbo\My Documents\Skate World\backup\FOLDERS\adam\qbasic\qbasic\desktop\qb\WHEREIS.EXE --> host215.ipowerweb.com /public_html/adam/qbasic/qbasic/desktop/qb WHEREIS.EXE
2004.10.02 20:00 B G:\Documents and Settings\bilbo\My Documents\Skate World\backup\FOLDERS\adam\qbasic\qbasic\desktop\qb\WS_FTP.LOG --> host215.ipowerweb.com /public_html/adam/qbasic/qbasic/desktop/qb WS_FTP.LOG
