2004.10.02 20:41 B G:\Documents and Settings\bilbo\My Documents\Skate World\backup\FOLDERS\forum\images\reflections\headerback.gif --> host215.ipowerweb.com /public_html/forum/images/reflections headerback.gif
2004.10.02 20:41 B G:\Documents and Settings\bilbo\My Documents\Skate World\backup\FOLDERS\forum\images\reflections\home.gif --> host215.ipowerweb.com /public_html/forum/images/reflections home.gif
2004.10.02 20:41 B G:\Documents and Settings\bilbo\My Documents\Skate World\backup\FOLDERS\forum\images\reflections\hot_folder.gif --> host215.ipowerweb.com /public_html/forum/images/reflections hot_folder.gif
2004.10.02 20:41 B G:\Documents and Settings\bilbo\My Documents\Skate World\backup\FOLDERS\forum\images\reflections\hot_red_folder.gif --> host215.ipowerweb.com /public_html/forum/images/reflections hot_red_folder.gif
2004.10.02 20:41 B G:\Documents and Settings\bilbo\My Documents\Skate World\backup\FOLDERS\forum\images\reflections\icq_add.gif --> host215.ipowerweb.com /public_html/forum/images/reflections icq_add.gif
2004.10.02 20:41 B G:\Documents and Settings\bilbo\My Documents\Skate World\backup\FOLDERS\forum\images\reflections\inbox.gif --> host215.ipowerweb.com /public_html/forum/images/reflections inbox.gif
2004.10.02 20:41 B G:\Documents and Settings\bilbo\My Documents\Skate World\backup\FOLDERS\forum\images\reflections\ip.gif --> host215.ipowerweb.com /public_html/forum/images/reflections ip.gif
2004.10.02 20:41 B G:\Documents and Settings\bilbo\My Documents\Skate World\backup\FOLDERS\forum\images\reflections\ipost.gif --> host215.ipowerweb.com /public_html/forum/images/reflections ipost.gif
2004.10.02 20:41 B G:\Documents and Settings\bilbo\My Documents\Skate World\backup\FOLDERS\forum\images\reflections\lastpost.gif --> host215.ipowerweb.com /public_html/forum/images/reflections lastpost.gif
2004.10.02 20:41 B G:\Documents and Settings\bilbo\My Documents\Skate World\backup\FOLDERS\forum\images\reflections\lock_folder.gif --> host215.ipowerweb.com /public_html/forum/images/reflections lock_folder.gif
2004.10.02 20:41 B G:\Documents and Settings\bilbo\My Documents\Skate World\backup\FOLDERS\forum\images\reflections\locku2u.gif --> host215.ipowerweb.com /public_html/forum/images/reflections locku2u.gif
2004.10.02 20:41 B G:\Documents and Settings\bilbo\My Documents\Skate World\backup\FOLDERS\forum\images\reflections\logo.jpg --> host215.ipowerweb.com /public_html/forum/images/reflections logo.jpg
2004.10.02 20:41 B G:\Documents and Settings\bilbo\My Documents\Skate World\backup\FOLDERS\forum\images\reflections\logo2.gif --> host215.ipowerweb.com /public_html/forum/images/reflections logo2.gif
2004.10.02 20:41 B G:\Documents and Settings\bilbo\My Documents\Skate World\backup\FOLDERS\forum\images\reflections\logo_blank.psd --> host215.ipowerweb.com /public_html/forum/images/reflections logo_blank.psd
2004.10.02 20:41 B G:\Documents and Settings\bilbo\My Documents\Skate World\backup\FOLDERS\forum\images\reflections\members_list.gif --> host215.ipowerweb.com /public_html/forum/images/reflections members_list.gif
2004.10.02 20:41 B G:\Documents and Settings\bilbo\My Documents\Skate World\backup\FOLDERS\forum\images\reflections\msn.gif --> host215.ipowerweb.com /public_html/forum/images/reflections msn.gif
2004.10.02 20:41 B G:\Documents and Settings\bilbo\My Documents\Skate World\backup\FOLDERS\forum\images\reflections\newtopic.gif --> host215.ipowerweb.com /public_html/forum/images/reflections newtopic.gif
2004.10.02 20:41 B G:\Documents and Settings\bilbo\My Documents\Skate World\backup\FOLDERS\forum\images\reflections\newu2u.gif --> host215.ipowerweb.com /public_html/forum/images/reflections newu2u.gif
2004.10.02 20:41 B G:\Documents and Settings\bilbo\My Documents\Skate World\backup\FOLDERS\forum\images\reflections\online.gif --> host215.ipowerweb.com /public_html/forum/images/reflections online.gif
2004.10.02 20:41 B G:\Documents and Settings\bilbo\My Documents\Skate World\backup\FOLDERS\forum\images\reflections\openav.gif --> host215.ipowerweb.com /public_html/forum/images/reflections openav.gif
2004.10.02 20:41 B G:\Documents and Settings\bilbo\My Documents\Skate World\backup\FOLDERS\forum\images\reflections\outbox.gif --> host215.ipowerweb.com /public_html/forum/images/reflections outbox.gif
2004.10.02 20:41 B G:\Documents and Settings\bilbo\My Documents\Skate World\backup\FOLDERS\forum\images\reflections\pin.gif --> host215.ipowerweb.com /public_html/forum/images/reflections pin.gif
2004.10.02 20:41 B G:\Documents and Settings\bilbo\My Documents\Skate World\backup\FOLDERS\forum\images\reflections\pixel.gif --> host215.ipowerweb.com /public_html/forum/images/reflections pixel.gif
2004.10.02 20:41 B G:\Documents and Settings\bilbo\My Documents\Skate World\backup\FOLDERS\forum\images\reflections\poll.gif --> host215.ipowerweb.com /public_html/forum/images/reflections poll.gif
2004.10.02 20:41 B G:\Documents and Settings\bilbo\My Documents\Skate World\backup\FOLDERS\forum\images\reflections\pollbar-e.gif --> host215.ipowerweb.com /public_html/forum/images/reflections pollbar-e.gif
2004.10.02 20:41 B G:\Documents and Settings\bilbo\My Documents\Skate World\backup\FOLDERS\forum\images\reflections\pollbar-s.gif --> host215.ipowerweb.com /public_html/forum/images/reflections pollbar-s.gif
2004.10.02 20:41 B G:\Documents and Settings\bilbo\My Documents\Skate World\backup\FOLDERS\forum\images\reflections\pollbar.gif --> host215.ipowerweb.com /public_html/forum/images/reflections pollbar.gif
2004.10.02 20:41 B G:\Documents and Settings\bilbo\My Documents\Skate World\backup\FOLDERS\forum\images\reflections\pollsmall.gif --> host215.ipowerweb.com /public_html/forum/images/reflections pollsmall.gif
2004.10.02 20:41 B G:\Documents and Settings\bilbo\My Documents\Skate World\backup\FOLDERS\forum\images\reflections\profile.gif --> host215.ipowerweb.com /public_html/forum/images/reflections profile.gif
2004.10.02 20:41 B G:\Documents and Settings\bilbo\My Documents\Skate World\backup\FOLDERS\forum\images\reflections\quote.gif --> host215.ipowerweb.com /public_html/forum/images/reflections quote.gif
2004.10.02 20:41 B G:\Documents and Settings\bilbo\My Documents\Skate World\backup\FOLDERS\forum\images\reflections\red_folder.gif --> host215.ipowerweb.com /public_html/forum/images/reflections red_folder.gif
2004.10.02 20:41 B G:\Documents and Settings\bilbo\My Documents\Skate World\backup\FOLDERS\forum\images\reflections\ref_bg.jpg --> host215.ipowerweb.com /public_html/forum/images/reflections ref_bg.jpg
2004.10.02 20:41 B G:\Documents and Settings\bilbo\My Documents\Skate World\backup\FOLDERS\forum\images\reflections\reflections --> host215.ipowerweb.com /public_html/forum/images/reflections reflections
2004.10.02 20:41 B G:\Documents and Settings\bilbo\My Documents\Skate World\backup\FOLDERS\forum\images\reflections\reply.gif --> host215.ipowerweb.com /public_html/forum/images/reflections reply.gif
2004.10.02 20:41 B G:\Documents and Settings\bilbo\My Documents\Skate World\backup\FOLDERS\forum\images\reflections\report.gif --> host215.ipowerweb.com /public_html/forum/images/reflections report.gif
2004.10.02 20:41 B G:\Documents and Settings\bilbo\My Documents\Skate World\backup\FOLDERS\forum\images\reflections\search.gif --> host215.ipowerweb.com /public_html/forum/images/reflections search.gif
2004.10.02 20:41 B G:\Documents and Settings\bilbo\My Documents\Skate World\backup\FOLDERS\forum\images\reflections\send.gif --> host215.ipowerweb.com /public_html/forum/images/reflections send.gif
2004.10.02 20:41 B G:\Documents and Settings\bilbo\My Documents\Skate World\backup\FOLDERS\forum\images\reflections\site.gif --> host215.ipowerweb.com /public_html/forum/images/reflections site.gif
2004.10.02 20:41 B G:\Documents and Settings\bilbo\My Documents\Skate World\backup\FOLDERS\forum\images\reflections\solve.gif --> host215.ipowerweb.com /public_html/forum/images/reflections solve.gif
2004.10.02 20:41 B G:\Documents and Settings\bilbo\My Documents\Skate World\backup\FOLDERS\forum\images\reflections\space.gif --> host215.ipowerweb.com /public_html/forum/images/reflections space.gif
2004.10.02 20:41 B G:\Documents and Settings\bilbo\My Documents\Skate World\backup\FOLDERS\forum\images\reflections\star.gif --> host215.ipowerweb.com /public_html/forum/images/reflections star.gif
2004.10.02 20:41 B G:\Documents and Settings\bilbo\My Documents\Skate World\backup\FOLDERS\forum\images\reflections\stats.gif --> host215.ipowerweb.com /public_html/forum/images/reflections stats.gif
2004.10.02 20:41 B G:\Documents and Settings\bilbo\My Documents\Skate World\backup\FOLDERS\forum\images\reflections\Thumbs.db --> host215.ipowerweb.com /public_html/forum/images/reflections Thumbs.db
2004.10.02 20:41 B G:\Documents and Settings\bilbo\My Documents\Skate World\backup\FOLDERS\forum\images\reflections\todays_posts.gif --> host215.ipowerweb.com /public_html/forum/images/reflections todays_posts.gif
2004.10.02 20:41 B G:\Documents and Settings\bilbo\My Documents\Skate World\backup\FOLDERS\forum\images\reflections\topav.gif --> host215.ipowerweb.com /public_html/forum/images/reflections topav.gif
2004.10.02 20:41 B G:\Documents and Settings\bilbo\My Documents\Skate World\backup\FOLDERS\forum\images\reflections\u2u.gif --> host215.ipowerweb.com /public_html/forum/images/reflections u2u.gif
2004.10.02 20:41 B G:\Documents and Settings\bilbo\My Documents\Skate World\backup\FOLDERS\forum\images\reflections\unsolve.gif --> host215.ipowerweb.com /public_html/forum/images/reflections unsolve.gif
2004.10.02 20:41 B G:\Documents and Settings\bilbo\My Documents\Skate World\backup\FOLDERS\forum\images\reflections\WS_FTP.LOG --> host215.ipowerweb.com /public_html/forum/images/reflections WS_FTP.LOG
2004.10.02 20:41 B G:\Documents and Settings\bilbo\My Documents\Skate World\backup\FOLDERS\forum\images\reflections\yahoo.gif --> host215.ipowerweb.com /public_html/forum/images/reflections yahoo.gif
2004.10.03 13:18 B G:\Documents and Settings\bilbo\My Documents\SwitchSkate\Skate World\backup\FOLDERS\forum\images\reflections\WS_FTP.LOG --> host215.ipowerweb.com /public_html/forum/images/reflections WS_FTP.LOG
