2004.08.26 15:54 B E:\Documents and Settings\Adam Knox\Desktop\SKATE WORLD UNCLEAN\public_html\images\usersonline\online_admin.gif <-- Skate world /public_html/images/usersonline online_admin.gif
2004.08.26 15:54 B E:\Documents and Settings\Adam Knox\Desktop\SKATE WORLD UNCLEAN\public_html\images\usersonline\online_guest.gif <-- Skate world /public_html/images/usersonline online_guest.gif
2004.08.26 15:54 B E:\Documents and Settings\Adam Knox\Desktop\SKATE WORLD UNCLEAN\public_html\images\usersonline\online_mem.gif <-- Skate world /public_html/images/usersonline online_mem.gif
2004.08.26 15:54 B E:\Documents and Settings\Adam Knox\Desktop\SKATE WORLD UNCLEAN\public_html\images\usersonline\online_mod.gif <-- Skate world /public_html/images/usersonline online_mod.gif
2004.08.26 15:54 B E:\Documents and Settings\Adam Knox\Desktop\SKATE WORLD UNCLEAN\public_html\images\usersonline\online_supadmin.gif <-- Skate world /public_html/images/usersonline online_supadmin.gif
2004.08.26 15:54 B E:\Documents and Settings\Adam Knox\Desktop\SKATE WORLD UNCLEAN\public_html\images\usersonline\online_supmod.gif <-- Skate world /public_html/images/usersonline online_supmod.gif
2004.08.26 21:31 B E:\Documents and Settings\Adam Knox\Desktop\Skate world redone\forum\images\usersonline\online_admin.gif --> ftp.skate-world.net /public_html/forum/images/usersonline online_admin.gif
2004.08.26 21:31 B E:\Documents and Settings\Adam Knox\Desktop\Skate world redone\forum\images\usersonline\online_guest.gif --> ftp.skate-world.net /public_html/forum/images/usersonline online_guest.gif
2004.08.26 21:31 B E:\Documents and Settings\Adam Knox\Desktop\Skate world redone\forum\images\usersonline\online_mem.gif --> ftp.skate-world.net /public_html/forum/images/usersonline online_mem.gif
2004.08.26 21:31 B E:\Documents and Settings\Adam Knox\Desktop\Skate world redone\forum\images\usersonline\online_mod.gif --> ftp.skate-world.net /public_html/forum/images/usersonline online_mod.gif
2004.08.26 21:31 B E:\Documents and Settings\Adam Knox\Desktop\Skate world redone\forum\images\usersonline\online_supadmin.gif --> ftp.skate-world.net /public_html/forum/images/usersonline online_supadmin.gif
2004.08.26 21:31 B E:\Documents and Settings\Adam Knox\Desktop\Skate world redone\forum\images\usersonline\online_supmod.gif --> ftp.skate-world.net /public_html/forum/images/usersonline online_supmod.gif
2004.09.20 16:41 B E:\Documents and Settings\Adam Knox\My Documents\Skate World\backup\forum\images\usersonline\WS_FTP.LOG <-- Skate world Temporary /public_html/forum/images/usersonline WS_FTP.LOG
2004.10.03 13:19 B G:\Documents and Settings\bilbo\My Documents\SwitchSkate\Skate World\backup\FOLDERS\forum\images\usersonline\online_admin.gif --> host215.ipowerweb.com /public_html/forum/images/usersonline online_admin.gif
2004.10.03 13:19 B G:\Documents and Settings\bilbo\My Documents\SwitchSkate\Skate World\backup\FOLDERS\forum\images\usersonline\online_guest.gif --> host215.ipowerweb.com /public_html/forum/images/usersonline online_guest.gif
2004.10.03 13:19 B G:\Documents and Settings\bilbo\My Documents\SwitchSkate\Skate World\backup\FOLDERS\forum\images\usersonline\online_mem.gif --> host215.ipowerweb.com /public_html/forum/images/usersonline online_mem.gif
2004.10.03 13:19 B G:\Documents and Settings\bilbo\My Documents\SwitchSkate\Skate World\backup\FOLDERS\forum\images\usersonline\online_mod.gif --> host215.ipowerweb.com /public_html/forum/images/usersonline online_mod.gif
2004.10.03 13:19 B G:\Documents and Settings\bilbo\My Documents\SwitchSkate\Skate World\backup\FOLDERS\forum\images\usersonline\online_supadmin.gif --> host215.ipowerweb.com /public_html/forum/images/usersonline online_supadmin.gif
2004.10.03 13:19 B G:\Documents and Settings\bilbo\My Documents\SwitchSkate\Skate World\backup\FOLDERS\forum\images\usersonline\online_supmod.gif --> host215.ipowerweb.com /public_html/forum/images/usersonline online_supmod.gif
2004.10.03 13:19 B G:\Documents and Settings\bilbo\My Documents\SwitchSkate\Skate World\backup\FOLDERS\forum\images\usersonline\WS_FTP.LOG --> host215.ipowerweb.com /public_html/forum/images/usersonline WS_FTP.LOG
