2003.10.10 16:34 B E:\Documents and Settings\Adam Knox\My Documents\skate-world.net\ibforum\ivb1-3\skin graphics\1\add.gif <-- skate-world.net /public_html/forum/style_images/1 add.gif
2003.10.10 16:35 B E:\Documents and Settings\Adam Knox\My Documents\skate-world.net\ibforum\ivb1-3\skin graphics\1\addresscard.gif <-- skate-world.net /public_html/forum/style_images/1 addresscard.gif
2003.10.10 16:35 B E:\Documents and Settings\Adam Knox\My Documents\skate-world.net\ibforum\ivb1-3\skin graphics\1\atb_calendar.gif <-- skate-world.net /public_html/forum/style_images/1 atb_calendar.gif
2003.10.10 16:35 B E:\Documents and Settings\Adam Knox\My Documents\skate-world.net\ibforum\ivb1-3\skin graphics\1\atb_chat.gif <-- skate-world.net /public_html/forum/style_images/1 atb_chat.gif
2003.10.10 16:35 B E:\Documents and Settings\Adam Knox\My Documents\skate-world.net\ibforum\ivb1-3\skin graphics\1\atb_help.gif <-- skate-world.net /public_html/forum/style_images/1 atb_help.gif
2003.10.10 16:35 B E:\Documents and Settings\Adam Knox\My Documents\skate-world.net\ibforum\ivb1-3\skin graphics\1\atb_members.gif <-- skate-world.net /public_html/forum/style_images/1 atb_members.gif
2003.10.10 16:35 B E:\Documents and Settings\Adam Knox\My Documents\skate-world.net\ibforum\ivb1-3\skin graphics\1\atb_search.gif <-- skate-world.net /public_html/forum/style_images/1 atb_search.gif
2003.10.10 16:35 B E:\Documents and Settings\Adam Knox\My Documents\skate-world.net\ibforum\ivb1-3\skin graphics\1\bar.gif <-- skate-world.net /public_html/forum/style_images/1 bar.gif
2003.10.10 16:35 B E:\Documents and Settings\Adam Knox\My Documents\skate-world.net\ibforum\ivb1-3\skin graphics\1\bar_left.gif <-- skate-world.net /public_html/forum/style_images/1 bar_left.gif
2003.10.10 16:35 B E:\Documents and Settings\Adam Knox\My Documents\skate-world.net\ibforum\ivb1-3\skin graphics\1\bar_right.gif <-- skate-world.net /public_html/forum/style_images/1 bar_right.gif
2003.10.10 16:35 B E:\Documents and Settings\Adam Knox\My Documents\skate-world.net\ibforum\ivb1-3\skin graphics\1\bc_new.gif <-- skate-world.net /public_html/forum/style_images/1 bc_new.gif
2003.10.10 16:35 B E:\Documents and Settings\Adam Knox\My Documents\skate-world.net\ibforum\ivb1-3\skin graphics\1\bc_nonew.gif <-- skate-world.net /public_html/forum/style_images/1 bc_nonew.gif
2003.10.10 16:35 B E:\Documents and Settings\Adam Knox\My Documents\skate-world.net\ibforum\ivb1-3\skin graphics\1\bf_new.gif <-- skate-world.net /public_html/forum/style_images/1 bf_new.gif
2003.10.10 16:35 B E:\Documents and Settings\Adam Knox\My Documents\skate-world.net\ibforum\ivb1-3\skin graphics\1\bf_nonew.gif <-- skate-world.net /public_html/forum/style_images/1 bf_nonew.gif
2003.10.10 16:35 B E:\Documents and Settings\Adam Knox\My Documents\skate-world.net\ibforum\ivb1-3\skin graphics\1\bf_readonly.gif <-- skate-world.net /public_html/forum/style_images/1 bf_readonly.gif
2003.10.10 16:35 B E:\Documents and Settings\Adam Knox\My Documents\skate-world.net\ibforum\ivb1-3\skin graphics\1\birthdays.gif <-- skate-world.net /public_html/forum/style_images/1 birthdays.gif
2003.10.10 16:35 B E:\Documents and Settings\Adam Knox\My Documents\skate-world.net\ibforum\ivb1-3\skin graphics\1\br_new.gif <-- skate-world.net /public_html/forum/style_images/1 br_new.gif
2003.10.10 16:35 B E:\Documents and Settings\Adam Knox\My Documents\skate-world.net\ibforum\ivb1-3\skin graphics\1\br_nonew.gif <-- skate-world.net /public_html/forum/style_images/1 br_nonew.gif
2003.10.10 16:35 B E:\Documents and Settings\Adam Knox\My Documents\skate-world.net\ibforum\ivb1-3\skin graphics\1\br_redirect.gif <-- skate-world.net /public_html/forum/style_images/1 br_redirect.gif
2003.10.10 16:35 B E:\Documents and Settings\Adam Knox\My Documents\skate-world.net\ibforum\ivb1-3\skin graphics\1\cal_newevent.gif <-- skate-world.net /public_html/forum/style_images/1 cal_newevent.gif
2003.10.10 16:35 B E:\Documents and Settings\Adam Knox\My Documents\skate-world.net\ibforum\ivb1-3\skin graphics\1\camera.gif <-- skate-world.net /public_html/forum/style_images/1 camera.gif
2003.10.10 16:35 B E:\Documents and Settings\Adam Knox\My Documents\skate-world.net\ibforum\ivb1-3\skin graphics\1\cs_email.gif <-- skate-world.net /public_html/forum/style_images/1 cs_email.gif
2003.10.10 16:35 B E:\Documents and Settings\Adam Knox\My Documents\skate-world.net\ibforum\ivb1-3\skin graphics\1\cs_page.gif <-- skate-world.net /public_html/forum/style_images/1 cs_page.gif
2003.10.10 16:35 B E:\Documents and Settings\Adam Knox\My Documents\skate-world.net\ibforum\ivb1-3\skin graphics\1\cs_print.gif <-- skate-world.net /public_html/forum/style_images/1 cs_print.gif
2003.10.10 16:35 B E:\Documents and Settings\Adam Knox\My Documents\skate-world.net\ibforum\ivb1-3\skin graphics\1\f_closed.gif <-- skate-world.net /public_html/forum/style_images/1 f_closed.gif
2003.10.10 16:35 B E:\Documents and Settings\Adam Knox\My Documents\skate-world.net\ibforum\ivb1-3\skin graphics\1\f_hot.gif <-- skate-world.net /public_html/forum/style_images/1 f_hot.gif
2003.10.10 16:35 B E:\Documents and Settings\Adam Knox\My Documents\skate-world.net\ibforum\ivb1-3\skin graphics\1\f_hot_dot.gif <-- skate-world.net /public_html/forum/style_images/1 f_hot_dot.gif
2003.10.10 16:35 B E:\Documents and Settings\Adam Knox\My Documents\skate-world.net\ibforum\ivb1-3\skin graphics\1\f_hot_no.gif <-- skate-world.net /public_html/forum/style_images/1 f_hot_no.gif
2003.10.10 16:35 B E:\Documents and Settings\Adam Knox\My Documents\skate-world.net\ibforum\ivb1-3\skin graphics\1\f_hot_no_dot.gif <-- skate-world.net /public_html/forum/style_images/1 f_hot_no_dot.gif
2003.10.10 16:35 B E:\Documents and Settings\Adam Knox\My Documents\skate-world.net\ibforum\ivb1-3\skin graphics\1\f_moved.gif <-- skate-world.net /public_html/forum/style_images/1 f_moved.gif
2003.10.10 16:35 B E:\Documents and Settings\Adam Knox\My Documents\skate-world.net\ibforum\ivb1-3\skin graphics\1\f_norm.gif <-- skate-world.net /public_html/forum/style_images/1 f_norm.gif
2003.10.10 16:36 B E:\Documents and Settings\Adam Knox\My Documents\skate-world.net\ibforum\ivb1-3\skin graphics\1\f_norm_dot.gif <-- skate-world.net /public_html/forum/style_images/1 f_norm_dot.gif
2003.10.10 16:36 B E:\Documents and Settings\Adam Knox\My Documents\skate-world.net\ibforum\ivb1-3\skin graphics\1\f_norm_no.gif <-- skate-world.net /public_html/forum/style_images/1 f_norm_no.gif
2003.10.10 16:36 B E:\Documents and Settings\Adam Knox\My Documents\skate-world.net\ibforum\ivb1-3\skin graphics\1\f_norm_no_dot.gif <-- skate-world.net /public_html/forum/style_images/1 f_norm_no_dot.gif
2003.10.10 16:36 B E:\Documents and Settings\Adam Knox\My Documents\skate-world.net\ibforum\ivb1-3\skin graphics\1\f_pinned.gif <-- skate-world.net /public_html/forum/style_images/1 f_pinned.gif
2003.10.10 16:36 B E:\Documents and Settings\Adam Knox\My Documents\skate-world.net\ibforum\ivb1-3\skin graphics\1\f_poll.gif <-- skate-world.net /public_html/forum/style_images/1 f_poll.gif
2003.10.10 16:36 B E:\Documents and Settings\Adam Knox\My Documents\skate-world.net\ibforum\ivb1-3\skin graphics\1\f_poll_dot.gif <-- skate-world.net /public_html/forum/style_images/1 f_poll_dot.gif
2003.10.10 16:36 B E:\Documents and Settings\Adam Knox\My Documents\skate-world.net\ibforum\ivb1-3\skin graphics\1\f_poll_no.gif <-- skate-world.net /public_html/forum/style_images/1 f_poll_no.gif
2003.10.10 16:36 B E:\Documents and Settings\Adam Knox\My Documents\skate-world.net\ibforum\ivb1-3\skin graphics\1\f_poll_no_dot.gif <-- skate-world.net /public_html/forum/style_images/1 f_poll_no_dot.gif
2003.10.10 16:36 B E:\Documents and Settings\Adam Knox\My Documents\skate-world.net\ibforum\ivb1-3\skin graphics\1\forum_rules.gif <-- skate-world.net /public_html/forum/style_images/1 forum_rules.gif
2003.10.10 16:36 B E:\Documents and Settings\Adam Knox\My Documents\skate-world.net\ibforum\ivb1-3\skin graphics\1\header_tile.gif <-- skate-world.net /public_html/forum/style_images/1 header_tile.gif
2003.10.10 16:36 B E:\Documents and Settings\Adam Knox\My Documents\skate-world.net\ibforum\ivb1-3\skin graphics\1\icon1.gif <-- skate-world.net /public_html/forum/style_images/1 icon1.gif
2003.10.10 16:36 B E:\Documents and Settings\Adam Knox\My Documents\skate-world.net\ibforum\ivb1-3\skin graphics\1\icon10.gif <-- skate-world.net /public_html/forum/style_images/1 icon10.gif
2003.10.10 16:36 B E:\Documents and Settings\Adam Knox\My Documents\skate-world.net\ibforum\ivb1-3\skin graphics\1\icon11.gif <-- skate-world.net /public_html/forum/style_images/1 icon11.gif
2003.10.10 16:36 B E:\Documents and Settings\Adam Knox\My Documents\skate-world.net\ibforum\ivb1-3\skin graphics\1\icon12.gif <-- skate-world.net /public_html/forum/style_images/1 icon12.gif
2003.10.10 16:36 B E:\Documents and Settings\Adam Knox\My Documents\skate-world.net\ibforum\ivb1-3\skin graphics\1\icon13.gif <-- skate-world.net /public_html/forum/style_images/1 icon13.gif
2003.10.10 16:36 B E:\Documents and Settings\Adam Knox\My Documents\skate-world.net\ibforum\ivb1-3\skin graphics\1\icon14.gif <-- skate-world.net /public_html/forum/style_images/1 icon14.gif
2003.10.10 16:36 B E:\Documents and Settings\Adam Knox\My Documents\skate-world.net\ibforum\ivb1-3\skin graphics\1\icon2.gif <-- skate-world.net /public_html/forum/style_images/1 icon2.gif
2003.10.10 16:36 B E:\Documents and Settings\Adam Knox\My Documents\skate-world.net\ibforum\ivb1-3\skin graphics\1\icon3.gif <-- skate-world.net /public_html/forum/style_images/1 icon3.gif
2003.10.10 16:36 B E:\Documents and Settings\Adam Knox\My Documents\skate-world.net\ibforum\ivb1-3\skin graphics\1\icon4.gif <-- skate-world.net /public_html/forum/style_images/1 icon4.gif
2003.10.10 16:36 B E:\Documents and Settings\Adam Knox\My Documents\skate-world.net\ibforum\ivb1-3\skin graphics\1\icon5.gif <-- skate-world.net /public_html/forum/style_images/1 icon5.gif
2003.10.10 16:36 B E:\Documents and Settings\Adam Knox\My Documents\skate-world.net\ibforum\ivb1-3\skin graphics\1\icon6.gif <-- skate-world.net /public_html/forum/style_images/1 icon6.gif
2003.10.10 16:36 B E:\Documents and Settings\Adam Knox\My Documents\skate-world.net\ibforum\ivb1-3\skin graphics\1\icon7.gif <-- skate-world.net /public_html/forum/style_images/1 icon7.gif
2003.10.10 16:36 B E:\Documents and Settings\Adam Knox\My Documents\skate-world.net\ibforum\ivb1-3\skin graphics\1\icon8.gif <-- skate-world.net /public_html/forum/style_images/1 icon8.gif
2003.10.10 16:36 B E:\Documents and Settings\Adam Knox\My Documents\skate-world.net\ibforum\ivb1-3\skin graphics\1\icon9.gif <-- skate-world.net /public_html/forum/style_images/1 icon9.gif
2003.10.10 16:36 B E:\Documents and Settings\Adam Knox\My Documents\skate-world.net\ibforum\ivb1-3\skin graphics\1\icon_div.gif <-- skate-world.net /public_html/forum/style_images/1 icon_div.gif
2003.10.10 16:36 B E:\Documents and Settings\Adam Knox\My Documents\skate-world.net\ibforum\ivb1-3\skin graphics\1\icon_msg_new.gif <-- skate-world.net /public_html/forum/style_images/1 icon_msg_new.gif
2003.10.10 16:36 B E:\Documents and Settings\Adam Knox\My Documents\skate-world.net\ibforum\ivb1-3\skin graphics\1\icon_msg_new_dis.gif <-- skate-world.net /public_html/forum/style_images/1 icon_msg_new_dis.gif
2003.10.10 16:37 B E:\Documents and Settings\Adam Knox\My Documents\skate-world.net\ibforum\ivb1-3\skin graphics\1\icon_msg_nonew.gif <-- skate-world.net /public_html/forum/style_images/1 icon_msg_nonew.gif
2003.10.10 16:37 B E:\Documents and Settings\Adam Knox\My Documents\skate-world.net\ibforum\ivb1-3\skin graphics\1\icon_msg_nonew_dis.gif <-- skate-world.net /public_html/forum/style_images/1 icon_msg_nonew_dis.gif
2003.10.10 16:37 B E:\Documents and Settings\Adam Knox\My Documents\skate-world.net\ibforum\ivb1-3\skin graphics\1\index.html <-- skate-world.net /public_html/forum/style_images/1 index.html
2003.10.10 16:37 B E:\Documents and Settings\Adam Knox\My Documents\skate-world.net\ibforum\ivb1-3\skin graphics\1\lastpost.gif <-- skate-world.net /public_html/forum/style_images/1 lastpost.gif
2003.10.10 16:37 B E:\Documents and Settings\Adam Knox\My Documents\skate-world.net\ibforum\ivb1-3\skin graphics\1\logo4.gif <-- skate-world.net /public_html/forum/style_images/1 logo4.gif
2003.10.10 16:37 B E:\Documents and Settings\Adam Knox\My Documents\skate-world.net\ibforum\ivb1-3\skin graphics\1\nav.gif <-- skate-world.net /public_html/forum/style_images/1 nav.gif
2003.10.10 16:37 B E:\Documents and Settings\Adam Knox\My Documents\skate-world.net\ibforum\ivb1-3\skin graphics\1\nav_m.gif <-- skate-world.net /public_html/forum/style_images/1 nav_m.gif
2003.10.10 16:37 B E:\Documents and Settings\Adam Knox\My Documents\skate-world.net\ibforum\ivb1-3\skin graphics\1\nav_m_dark.gif <-- skate-world.net /public_html/forum/style_images/1 nav_m_dark.gif
2003.10.10 16:37 B E:\Documents and Settings\Adam Knox\My Documents\skate-world.net\ibforum\ivb1-3\skin graphics\1\newpost.gif <-- skate-world.net /public_html/forum/style_images/1 newpost.gif
2003.10.10 16:37 B E:\Documents and Settings\Adam Knox\My Documents\skate-world.net\ibforum\ivb1-3\skin graphics\1\nophoto.gif <-- skate-world.net /public_html/forum/style_images/1 nophoto.gif
2003.10.10 16:37 B E:\Documents and Settings\Adam Knox\My Documents\skate-world.net\ibforum\ivb1-3\skin graphics\1\p_aim.gif <-- skate-world.net /public_html/forum/style_images/1 p_aim.gif
2003.10.10 16:37 B E:\Documents and Settings\Adam Knox\My Documents\skate-world.net\ibforum\ivb1-3\skin graphics\1\p_delete.gif <-- skate-world.net /public_html/forum/style_images/1 p_delete.gif
2003.10.10 16:37 B E:\Documents and Settings\Adam Knox\My Documents\skate-world.net\ibforum\ivb1-3\skin graphics\1\p_edit.gif <-- skate-world.net /public_html/forum/style_images/1 p_edit.gif
2003.10.10 16:37 B E:\Documents and Settings\Adam Knox\My Documents\skate-world.net\ibforum\ivb1-3\skin graphics\1\p_email.gif <-- skate-world.net /public_html/forum/style_images/1 p_email.gif
2003.10.10 16:37 B E:\Documents and Settings\Adam Knox\My Documents\skate-world.net\ibforum\ivb1-3\skin graphics\1\p_icq.gif <-- skate-world.net /public_html/forum/style_images/1 p_icq.gif
2003.10.10 16:37 B E:\Documents and Settings\Adam Knox\My Documents\skate-world.net\ibforum\ivb1-3\skin graphics\1\p_im.gif <-- skate-world.net /public_html/forum/style_images/1 p_im.gif
2003.10.10 16:37 B E:\Documents and Settings\Adam Knox\My Documents\skate-world.net\ibforum\ivb1-3\skin graphics\1\p_msn.gif <-- skate-world.net /public_html/forum/style_images/1 p_msn.gif
2003.10.10 16:37 B E:\Documents and Settings\Adam Knox\My Documents\skate-world.net\ibforum\ivb1-3\skin graphics\1\p_pm.gif <-- skate-world.net /public_html/forum/style_images/1 p_pm.gif
2003.10.10 16:37 B E:\Documents and Settings\Adam Knox\My Documents\skate-world.net\ibforum\ivb1-3\skin graphics\1\p_quote.gif <-- skate-world.net /public_html/forum/style_images/1 p_quote.gif
2003.10.10 16:37 B E:\Documents and Settings\Adam Knox\My Documents\skate-world.net\ibforum\ivb1-3\skin graphics\1\p_report.gif <-- skate-world.net /public_html/forum/style_images/1 p_report.gif
2003.10.10 16:37 B E:\Documents and Settings\Adam Knox\My Documents\skate-world.net\ibforum\ivb1-3\skin graphics\1\p_up.gif <-- skate-world.net /public_html/forum/style_images/1 p_up.gif
2003.10.10 16:37 B E:\Documents and Settings\Adam Knox\My Documents\skate-world.net\ibforum\ivb1-3\skin graphics\1\p_www.gif <-- skate-world.net /public_html/forum/style_images/1 p_www.gif
2003.10.10 16:37 B E:\Documents and Settings\Adam Knox\My Documents\skate-world.net\ibforum\ivb1-3\skin graphics\1\p_yim.gif <-- skate-world.net /public_html/forum/style_images/1 p_yim.gif
2003.10.10 16:37 B E:\Documents and Settings\Adam Knox\My Documents\skate-world.net\ibforum\ivb1-3\skin graphics\1\pip.gif <-- skate-world.net /public_html/forum/style_images/1 pip.gif
2003.10.10 16:37 B E:\Documents and Settings\Adam Knox\My Documents\skate-world.net\ibforum\ivb1-3\skin graphics\1\qr_close.gif <-- skate-world.net /public_html/forum/style_images/1 qr_close.gif
2003.10.10 16:37 B E:\Documents and Settings\Adam Knox\My Documents\skate-world.net\ibforum\ivb1-3\skin graphics\1\qr_down.gif <-- skate-world.net /public_html/forum/style_images/1 qr_down.gif
2003.10.10 16:37 B E:\Documents and Settings\Adam Knox\My Documents\skate-world.net\ibforum\ivb1-3\skin graphics\1\remove.gif <-- skate-world.net /public_html/forum/style_images/1 remove.gif
2003.10.10 16:37 B E:\Documents and Settings\Adam Knox\My Documents\skate-world.net\ibforum\ivb1-3\skin graphics\1\spacer.gif <-- skate-world.net /public_html/forum/style_images/1 spacer.gif
2003.10.10 16:37 B E:\Documents and Settings\Adam Knox\My Documents\skate-world.net\ibforum\ivb1-3\skin graphics\1\stats.gif <-- skate-world.net /public_html/forum/style_images/1 stats.gif
2003.10.10 16:38 B E:\Documents and Settings\Adam Knox\My Documents\skate-world.net\ibforum\ivb1-3\skin graphics\1\t_closed.gif <-- skate-world.net /public_html/forum/style_images/1 t_closed.gif
2003.10.10 16:38 B E:\Documents and Settings\Adam Knox\My Documents\skate-world.net\ibforum\ivb1-3\skin graphics\1\t_moved.gif <-- skate-world.net /public_html/forum/style_images/1 t_moved.gif
2003.10.10 16:38 B E:\Documents and Settings\Adam Knox\My Documents\skate-world.net\ibforum\ivb1-3\skin graphics\1\t_new.gif <-- skate-world.net /public_html/forum/style_images/1 t_new.gif
2003.10.10 16:38 B E:\Documents and Settings\Adam Knox\My Documents\skate-world.net\ibforum\ivb1-3\skin graphics\1\t_options.gif <-- skate-world.net /public_html/forum/style_images/1 t_options.gif
2003.10.10 16:38 B E:\Documents and Settings\Adam Knox\My Documents\skate-world.net\ibforum\ivb1-3\skin graphics\1\t_poll.gif <-- skate-world.net /public_html/forum/style_images/1 t_poll.gif
2003.10.10 16:38 B E:\Documents and Settings\Adam Knox\My Documents\skate-world.net\ibforum\ivb1-3\skin graphics\1\t_qr-small.gif <-- skate-world.net /public_html/forum/style_images/1 t_qr-small.gif
2003.10.10 16:38 B E:\Documents and Settings\Adam Knox\My Documents\skate-world.net\ibforum\ivb1-3\skin graphics\1\t_qr.gif <-- skate-world.net /public_html/forum/style_images/1 t_qr.gif
2003.10.10 16:38 B E:\Documents and Settings\Adam Knox\My Documents\skate-world.net\ibforum\ivb1-3\skin graphics\1\t_reply.gif <-- skate-world.net /public_html/forum/style_images/1 t_reply.gif
2003.10.10 16:38 B E:\Documents and Settings\Adam Knox\My Documents\skate-world.net\ibforum\ivb1-3\skin graphics\1\tile_back.gif <-- skate-world.net /public_html/forum/style_images/1 tile_back.gif
2003.10.10 16:38 B E:\Documents and Settings\Adam Knox\My Documents\skate-world.net\ibforum\ivb1-3\skin graphics\1\tile_back_small.gif <-- skate-world.net /public_html/forum/style_images/1 tile_back_small.gif
2003.10.10 16:38 B E:\Documents and Settings\Adam Knox\My Documents\skate-world.net\ibforum\ivb1-3\skin graphics\1\tile_sub.gif <-- skate-world.net /public_html/forum/style_images/1 tile_sub.gif
2003.10.10 16:38 B E:\Documents and Settings\Adam Knox\My Documents\skate-world.net\ibforum\ivb1-3\skin graphics\1\user.gif <-- skate-world.net /public_html/forum/style_images/1 user.gif
2003.10.10 16:38 B E:\Documents and Settings\Adam Knox\My Documents\skate-world.net\ibforum\ivb1-3\skin graphics\1\warn0.gif <-- skate-world.net /public_html/forum/style_images/1 warn0.gif
2003.10.10 16:38 B E:\Documents and Settings\Adam Knox\My Documents\skate-world.net\ibforum\ivb1-3\skin graphics\1\warn1.gif <-- skate-world.net /public_html/forum/style_images/1 warn1.gif
2003.10.10 16:38 B E:\Documents and Settings\Adam Knox\My Documents\skate-world.net\ibforum\ivb1-3\skin graphics\1\warn2.gif <-- skate-world.net /public_html/forum/style_images/1 warn2.gif
2003.10.10 16:38 B E:\Documents and Settings\Adam Knox\My Documents\skate-world.net\ibforum\ivb1-3\skin graphics\1\warn3.gif <-- skate-world.net /public_html/forum/style_images/1 warn3.gif
2003.10.10 16:38 B E:\Documents and Settings\Adam Knox\My Documents\skate-world.net\ibforum\ivb1-3\skin graphics\1\warn4.gif <-- skate-world.net /public_html/forum/style_images/1 warn4.gif
2003.10.10 16:38 B E:\Documents and Settings\Adam Knox\My Documents\skate-world.net\ibforum\ivb1-3\skin graphics\1\warn5.gif <-- skate-world.net /public_html/forum/style_images/1 warn5.gif
2003.10.10 16:38 B E:\Documents and Settings\Adam Knox\My Documents\skate-world.net\ibforum\ivb1-3\skin graphics\1\warn_add.gif <-- skate-world.net /public_html/forum/style_images/1 warn_add.gif
2003.10.10 16:38 B E:\Documents and Settings\Adam Knox\My Documents\skate-world.net\ibforum\ivb1-3\skin graphics\1\warn_minus.gif <-- skate-world.net /public_html/forum/style_images/1 warn_minus.gif
