2004.08.24 20:37 B E:\Documents and Settings\Adam Knox\Desktop\last skate world\photoshop\design2\images\index_01.gif --> ftp.skate-world.net /public_html/images index_01.gif
2004.08.24 20:37 B E:\Documents and Settings\Adam Knox\Desktop\last skate world\photoshop\design2\images\index_02.gif --> ftp.skate-world.net /public_html/images index_02.gif
2004.08.24 20:37 B E:\Documents and Settings\Adam Knox\Desktop\last skate world\photoshop\design2\images\index_03.gif --> ftp.skate-world.net /public_html/images index_03.gif
2004.08.24 20:37 B E:\Documents and Settings\Adam Knox\Desktop\last skate world\photoshop\design2\images\index_04.gif --> ftp.skate-world.net /public_html/images index_04.gif
2004.08.24 20:37 B E:\Documents and Settings\Adam Knox\Desktop\last skate world\photoshop\design2\images\index_05.gif --> ftp.skate-world.net /public_html/images index_05.gif
2004.08.24 20:37 B E:\Documents and Settings\Adam Knox\Desktop\last skate world\photoshop\design2\images\index_06.gif --> ftp.skate-world.net /public_html/images index_06.gif
2004.08.24 20:37 B E:\Documents and Settings\Adam Knox\Desktop\last skate world\photoshop\design2\images\index_07.gif --> ftp.skate-world.net /public_html/images index_07.gif
2004.08.24 20:37 B E:\Documents and Settings\Adam Knox\Desktop\last skate world\photoshop\design2\images\index_08.gif --> ftp.skate-world.net /public_html/images index_08.gif
2004.08.24 20:37 B E:\Documents and Settings\Adam Knox\Desktop\last skate world\photoshop\design2\images\index_09.gif --> ftp.skate-world.net /public_html/images index_09.gif
2004.08.24 20:37 B E:\Documents and Settings\Adam Knox\Desktop\last skate world\photoshop\design2\images\index_10.gif --> ftp.skate-world.net /public_html/images index_10.gif
2004.08.24 20:37 B E:\Documents and Settings\Adam Knox\Desktop\last skate world\photoshop\design2\images\index_11.gif --> ftp.skate-world.net /public_html/images index_11.gif
2004.08.24 20:37 B E:\Documents and Settings\Adam Knox\Desktop\last skate world\photoshop\design2\images\index_12.gif --> ftp.skate-world.net /public_html/images index_12.gif
2004.08.24 20:37 B E:\Documents and Settings\Adam Knox\Desktop\last skate world\photoshop\design2\images\index_13.gif --> ftp.skate-world.net /public_html/images index_13.gif
2004.08.24 20:37 B E:\Documents and Settings\Adam Knox\Desktop\last skate world\photoshop\design2\images\index_14.gif --> ftp.skate-world.net /public_html/images index_14.gif
2004.08.24 20:37 B E:\Documents and Settings\Adam Knox\Desktop\last skate world\photoshop\design2\images\index_15.gif --> ftp.skate-world.net /public_html/images index_15.gif
2004.08.24 20:37 B E:\Documents and Settings\Adam Knox\Desktop\last skate world\photoshop\design2\images\index_16.gif --> ftp.skate-world.net /public_html/images index_16.gif
2004.08.24 20:37 B E:\Documents and Settings\Adam Knox\Desktop\last skate world\photoshop\design2\images\index_17.gif --> ftp.skate-world.net /public_html/images index_17.gif
2004.08.24 20:37 B E:\Documents and Settings\Adam Knox\Desktop\last skate world\photoshop\design2\images\index_18.gif --> ftp.skate-world.net /public_html/images index_18.gif
2004.08.24 20:37 B E:\Documents and Settings\Adam Knox\Desktop\last skate world\photoshop\design2\images\index_19.gif --> ftp.skate-world.net /public_html/images index_19.gif
2004.08.24 20:37 B E:\Documents and Settings\Adam Knox\Desktop\last skate world\photoshop\design2\images\index_20.gif --> ftp.skate-world.net /public_html/images index_20.gif
2004.08.24 20:37 B E:\Documents and Settings\Adam Knox\Desktop\last skate world\photoshop\design2\images\index_21.gif --> ftp.skate-world.net /public_html/images index_21.gif
2004.08.24 20:37 B E:\Documents and Settings\Adam Knox\Desktop\last skate world\photoshop\design2\images\index_22.gif --> ftp.skate-world.net /public_html/images index_22.gif
2004.08.24 20:37 B E:\Documents and Settings\Adam Knox\Desktop\last skate world\photoshop\design2\images\index_23.gif --> ftp.skate-world.net /public_html/images index_23.gif
2004.08.24 20:37 B E:\Documents and Settings\Adam Knox\Desktop\last skate world\photoshop\design2\images\index_24.gif --> ftp.skate-world.net /public_html/images index_24.gif
2004.08.24 20:37 B E:\Documents and Settings\Adam Knox\Desktop\last skate world\photoshop\design2\images\index_25.gif --> ftp.skate-world.net /public_html/images index_25.gif
2004.08.24 20:37 B E:\Documents and Settings\Adam Knox\Desktop\last skate world\photoshop\design2\images\index_26.gif --> ftp.skate-world.net /public_html/images index_26.gif
2004.08.24 20:37 B E:\Documents and Settings\Adam Knox\Desktop\last skate world\photoshop\design2\images\index_27.gif --> ftp.skate-world.net /public_html/images index_27.gif
2004.08.24 20:37 B E:\Documents and Settings\Adam Knox\Desktop\last skate world\photoshop\design2\images\index_28.gif --> ftp.skate-world.net /public_html/images index_28.gif
2004.08.24 20:37 B E:\Documents and Settings\Adam Knox\Desktop\last skate world\photoshop\design2\images\index_29.gif --> ftp.skate-world.net /public_html/images index_29.gif
2004.08.24 20:37 B E:\Documents and Settings\Adam Knox\Desktop\last skate world\photoshop\design2\images\index_30.gif --> ftp.skate-world.net /public_html/images index_30.gif
2004.08.24 20:37 B E:\Documents and Settings\Adam Knox\Desktop\last skate world\photoshop\design2\images\index_31.gif --> ftp.skate-world.net /public_html/images index_31.gif
2004.08.24 20:37 B E:\Documents and Settings\Adam Knox\Desktop\last skate world\photoshop\design2\images\index_32.gif --> ftp.skate-world.net /public_html/images index_32.gif
2004.08.24 20:37 B E:\Documents and Settings\Adam Knox\Desktop\last skate world\photoshop\design2\images\index_33.gif --> ftp.skate-world.net /public_html/images index_33.gif
2004.08.24 20:37 B E:\Documents and Settings\Adam Knox\Desktop\last skate world\photoshop\design2\images\index_34.gif --> ftp.skate-world.net /public_html/images index_34.gif
2004.08.24 20:37 B E:\Documents and Settings\Adam Knox\Desktop\last skate world\photoshop\design2\images\index_35.gif --> ftp.skate-world.net /public_html/images index_35.gif
2004.08.24 20:37 B E:\Documents and Settings\Adam Knox\Desktop\last skate world\photoshop\design2\images\index_36.gif --> ftp.skate-world.net /public_html/images index_36.gif
2004.08.24 20:37 B E:\Documents and Settings\Adam Knox\Desktop\last skate world\photoshop\design2\images\index_37.gif --> ftp.skate-world.net /public_html/images index_37.gif
2004.08.24 20:37 B E:\Documents and Settings\Adam Knox\Desktop\last skate world\photoshop\design2\images\index_38.gif --> ftp.skate-world.net /public_html/images index_38.gif
2004.08.24 20:37 B E:\Documents and Settings\Adam Knox\Desktop\last skate world\photoshop\design2\images\index_39.gif --> ftp.skate-world.net /public_html/images index_39.gif
2004.08.24 20:37 B E:\Documents and Settings\Adam Knox\Desktop\last skate world\photoshop\design2\images\index_40.gif --> ftp.skate-world.net /public_html/images index_40.gif
2004.08.24 20:37 B E:\Documents and Settings\Adam Knox\Desktop\last skate world\photoshop\design2\images\index_41.gif --> ftp.skate-world.net /public_html/images index_41.gif
2004.08.24 20:37 B E:\Documents and Settings\Adam Knox\Desktop\last skate world\photoshop\design2\images\index_42.gif --> ftp.skate-world.net /public_html/images index_42.gif
2004.08.24 20:37 B E:\Documents and Settings\Adam Knox\Desktop\last skate world\photoshop\design2\images\index_43.gif --> ftp.skate-world.net /public_html/images index_43.gif
2004.08.24 20:37 B E:\Documents and Settings\Adam Knox\Desktop\last skate world\photoshop\design2\images\index_44.gif --> ftp.skate-world.net /public_html/images index_44.gif
2004.08.24 20:37 B E:\Documents and Settings\Adam Knox\Desktop\last skate world\photoshop\design2\images\index_45.gif --> ftp.skate-world.net /public_html/images index_45.gif
2004.08.24 20:37 B E:\Documents and Settings\Adam Knox\Desktop\last skate world\photoshop\design2\images\index_46.gif --> ftp.skate-world.net /public_html/images index_46.gif
2004.08.24 20:38 B E:\Documents and Settings\Adam Knox\Desktop\last skate world\photoshop\design2\images\index_47.gif --> ftp.skate-world.net /public_html/images index_47.gif
2004.08.24 20:38 B E:\Documents and Settings\Adam Knox\Desktop\last skate world\photoshop\design2\images\index_48.gif --> ftp.skate-world.net /public_html/images index_48.gif
2004.08.24 20:38 B E:\Documents and Settings\Adam Knox\Desktop\last skate world\photoshop\design2\images\index_49.gif --> ftp.skate-world.net /public_html/images index_49.gif
2004.08.24 20:38 B E:\Documents and Settings\Adam Knox\Desktop\last skate world\photoshop\design2\images\index_50.gif --> ftp.skate-world.net /public_html/images index_50.gif
2004.08.24 20:38 B E:\Documents and Settings\Adam Knox\Desktop\last skate world\photoshop\design2\images\index_51.gif --> ftp.skate-world.net /public_html/images index_51.gif
2004.08.24 20:38 B E:\Documents and Settings\Adam Knox\Desktop\last skate world\photoshop\design2\images\index_52.gif --> ftp.skate-world.net /public_html/images index_52.gif
2004.08.24 20:38 B E:\Documents and Settings\Adam Knox\Desktop\last skate world\photoshop\design2\images\index_53.gif --> ftp.skate-world.net /public_html/images index_53.gif
2004.08.24 20:38 B E:\Documents and Settings\Adam Knox\Desktop\last skate world\photoshop\design2\images\index_54.gif --> ftp.skate-world.net /public_html/images index_54.gif
2004.08.24 20:38 B E:\Documents and Settings\Adam Knox\Desktop\last skate world\photoshop\design2\images\spacer.gif --> ftp.skate-world.net /public_html/images spacer.gif
2004.08.26 13:09 B E:\Documents and Settings\Adam Knox\Desktop\last skate world\photoshop\design2\images\WS_FTP.LOG --> ftp.skate-world.net /public_html/images WS_FTP.LOG
2004.08.27 01:49 B E:\Documents and Settings\Adam Knox\Desktop\skate world\1 Current Design\V15\images\main_01.gif --> ftp.skate-world.net /public_html/images main_01.gif
2004.08.27 01:49 B E:\Documents and Settings\Adam Knox\Desktop\skate world\1 Current Design\V15\images\main_02.gif --> ftp.skate-world.net /public_html/images main_02.gif
2004.08.27 01:49 B E:\Documents and Settings\Adam Knox\Desktop\skate world\1 Current Design\V15\images\main_03.gif --> ftp.skate-world.net /public_html/images main_03.gif
2004.08.27 01:49 B E:\Documents and Settings\Adam Knox\Desktop\skate world\1 Current Design\V15\images\main_04.gif --> ftp.skate-world.net /public_html/images main_04.gif
2004.08.27 01:49 B E:\Documents and Settings\Adam Knox\Desktop\skate world\1 Current Design\V15\images\main_05.gif --> ftp.skate-world.net /public_html/images main_05.gif
2004.08.27 01:49 B E:\Documents and Settings\Adam Knox\Desktop\skate world\1 Current Design\V15\images\main_06.gif --> ftp.skate-world.net /public_html/images main_06.gif
2004.08.27 01:49 B E:\Documents and Settings\Adam Knox\Desktop\skate world\1 Current Design\V15\images\main_07.gif --> ftp.skate-world.net /public_html/images main_07.gif
2004.08.27 01:49 B E:\Documents and Settings\Adam Knox\Desktop\skate world\1 Current Design\V15\images\main_08.gif --> ftp.skate-world.net /public_html/images main_08.gif
2004.08.27 01:49 B E:\Documents and Settings\Adam Knox\Desktop\skate world\1 Current Design\V15\images\main_09.gif --> ftp.skate-world.net /public_html/images main_09.gif
2004.08.27 01:49 B E:\Documents and Settings\Adam Knox\Desktop\skate world\1 Current Design\V15\images\main_10.gif --> ftp.skate-world.net /public_html/images main_10.gif
2004.08.27 01:49 B E:\Documents and Settings\Adam Knox\Desktop\skate world\1 Current Design\V15\images\main_11.gif --> ftp.skate-world.net /public_html/images main_11.gif
2004.08.27 01:49 B E:\Documents and Settings\Adam Knox\Desktop\skate world\1 Current Design\V15\images\main_12.gif --> ftp.skate-world.net /public_html/images main_12.gif
2004.08.27 01:49 B E:\Documents and Settings\Adam Knox\Desktop\skate world\1 Current Design\V15\images\main_13.gif --> ftp.skate-world.net /public_html/images main_13.gif
2004.08.27 01:49 B E:\Documents and Settings\Adam Knox\Desktop\skate world\1 Current Design\V15\images\spacer.gif --> ftp.skate-world.net /public_html/images spacer.gif
2004.08.27 01:49 B E:\Documents and Settings\Adam Knox\Desktop\skate world\1 Current Design\V15\images\splash_01.gif --> ftp.skate-world.net /public_html/images splash_01.gif
2004.08.27 01:49 B E:\Documents and Settings\Adam Knox\Desktop\skate world\1 Current Design\V15\images\splash_02.gif --> ftp.skate-world.net /public_html/images splash_02.gif
2004.08.27 01:49 B E:\Documents and Settings\Adam Knox\Desktop\skate world\1 Current Design\V15\images\splash_03-over.gif --> ftp.skate-world.net /public_html/images splash_03-over.gif
2004.08.27 01:49 B E:\Documents and Settings\Adam Knox\Desktop\skate world\1 Current Design\V15\images\splash_03.gif --> ftp.skate-world.net /public_html/images splash_03.gif
2004.08.27 01:49 B E:\Documents and Settings\Adam Knox\Desktop\skate world\1 Current Design\V15\images\splash_04.gif --> ftp.skate-world.net /public_html/images splash_04.gif
2004.08.27 01:49 B E:\Documents and Settings\Adam Knox\Desktop\skate world\1 Current Design\V15\images\splash_05-splash_03_over.gif --> ftp.skate-world.net /public_html/images splash_05-splash_03_over.gif
2004.08.27 01:49 B E:\Documents and Settings\Adam Knox\Desktop\skate world\1 Current Design\V15\images\splash_05.gif --> ftp.skate-world.net /public_html/images splash_05.gif
2004.08.27 01:49 B E:\Documents and Settings\Adam Knox\Desktop\skate world\1 Current Design\V15\images\splash_06.gif --> ftp.skate-world.net /public_html/images splash_06.gif
2004.08.27 01:49 B E:\Documents and Settings\Adam Knox\Desktop\skate world\1 Current Design\V15\images\splash_07-over.gif --> ftp.skate-world.net /public_html/images splash_07-over.gif
2004.08.27 01:49 B E:\Documents and Settings\Adam Knox\Desktop\skate world\1 Current Design\V15\images\splash_07.gif --> ftp.skate-world.net /public_html/images splash_07.gif
2004.08.27 01:49 B E:\Documents and Settings\Adam Knox\Desktop\skate world\1 Current Design\V15\images\splash_08-splash_07_over.gif --> ftp.skate-world.net /public_html/images splash_08-splash_07_over.gif
2004.08.27 01:49 B E:\Documents and Settings\Adam Knox\Desktop\skate world\1 Current Design\V15\images\splash_08.gif --> ftp.skate-world.net /public_html/images splash_08.gif
2004.08.27 01:49 B E:\Documents and Settings\Adam Knox\Desktop\skate world\1 Current Design\V15\images\splash_09-splash_07_over.gif --> ftp.skate-world.net /public_html/images splash_09-splash_07_over.gif
2004.08.27 01:49 B E:\Documents and Settings\Adam Knox\Desktop\skate world\1 Current Design\V15\images\splash_09.gif --> ftp.skate-world.net /public_html/images splash_09.gif
2004.08.27 01:49 B E:\Documents and Settings\Adam Knox\Desktop\skate world\1 Current Design\V15\images\splash_10.gif --> ftp.skate-world.net /public_html/images splash_10.gif
2004.08.27 01:49 B E:\Documents and Settings\Adam Knox\Desktop\skate world\1 Current Design\V15\images\splash_11-over.gif --> ftp.skate-world.net /public_html/images splash_11-over.gif
2004.08.27 01:49 B E:\Documents and Settings\Adam Knox\Desktop\skate world\1 Current Design\V15\images\splash_11.gif --> ftp.skate-world.net /public_html/images splash_11.gif
2004.08.27 01:49 B E:\Documents and Settings\Adam Knox\Desktop\skate world\1 Current Design\V15\images\splash_12.gif --> ftp.skate-world.net /public_html/images splash_12.gif
2004.08.27 01:49 B E:\Documents and Settings\Adam Knox\Desktop\skate world\1 Current Design\V15\images\splash_13-splash_11_over.gif --> ftp.skate-world.net /public_html/images splash_13-splash_11_over.gif
2004.08.27 01:49 B E:\Documents and Settings\Adam Knox\Desktop\skate world\1 Current Design\V15\images\splash_13.gif --> ftp.skate-world.net /public_html/images splash_13.gif
2004.08.27 23:22 B E:\Documents and Settings\Adam Knox\Desktop\Skate World\1 Current Design\V15\images\main_01.gif --> ftp.skate-world.net /public_html/images main_01.gif
2004.08.27 23:22 B E:\Documents and Settings\Adam Knox\Desktop\Skate World\1 Current Design\V15\images\main_02.gif --> ftp.skate-world.net /public_html/images main_02.gif
2004.08.27 23:22 B E:\Documents and Settings\Adam Knox\Desktop\Skate World\1 Current Design\V15\images\main_03.gif --> ftp.skate-world.net /public_html/images main_03.gif
2004.08.27 23:22 B E:\Documents and Settings\Adam Knox\Desktop\Skate World\1 Current Design\V15\images\main_04.gif --> ftp.skate-world.net /public_html/images main_04.gif
2004.08.27 23:22 B E:\Documents and Settings\Adam Knox\Desktop\Skate World\1 Current Design\V15\images\main_05.gif --> ftp.skate-world.net /public_html/images main_05.gif
2004.08.27 23:22 B E:\Documents and Settings\Adam Knox\Desktop\Skate World\1 Current Design\V15\images\main_06.gif --> ftp.skate-world.net /public_html/images main_06.gif
2004.08.27 23:22 B E:\Documents and Settings\Adam Knox\Desktop\Skate World\1 Current Design\V15\images\main_07.gif --> ftp.skate-world.net /public_html/images main_07.gif
2004.08.27 23:22 B E:\Documents and Settings\Adam Knox\Desktop\Skate World\1 Current Design\V15\images\main_08.gif --> ftp.skate-world.net /public_html/images main_08.gif
2004.08.27 23:22 B E:\Documents and Settings\Adam Knox\Desktop\Skate World\1 Current Design\V15\images\main_09.gif --> ftp.skate-world.net /public_html/images main_09.gif
2004.08.27 23:22 B E:\Documents and Settings\Adam Knox\Desktop\Skate World\1 Current Design\V15\images\main_10.gif --> ftp.skate-world.net /public_html/images main_10.gif
2004.08.27 23:22 B E:\Documents and Settings\Adam Knox\Desktop\Skate World\1 Current Design\V15\images\main_11.gif --> ftp.skate-world.net /public_html/images main_11.gif
2004.08.27 23:22 B E:\Documents and Settings\Adam Knox\Desktop\Skate World\1 Current Design\V15\images\main_12.gif --> ftp.skate-world.net /public_html/images main_12.gif
2004.08.27 23:22 B E:\Documents and Settings\Adam Knox\Desktop\Skate World\1 Current Design\V15\images\main_13.gif --> ftp.skate-world.net /public_html/images main_13.gif
2004.08.27 23:22 B E:\Documents and Settings\Adam Knox\Desktop\Skate World\1 Current Design\V15\images\spacer.gif --> ftp.skate-world.net /public_html/images spacer.gif
2004.08.27 23:22 B E:\Documents and Settings\Adam Knox\Desktop\Skate World\1 Current Design\V15\images\splash_01.gif --> ftp.skate-world.net /public_html/images splash_01.gif
2004.08.27 23:22 B E:\Documents and Settings\Adam Knox\Desktop\Skate World\1 Current Design\V15\images\splash_02.gif --> ftp.skate-world.net /public_html/images splash_02.gif
2004.08.27 23:22 B E:\Documents and Settings\Adam Knox\Desktop\Skate World\1 Current Design\V15\images\splash_03-over.gif --> ftp.skate-world.net /public_html/images splash_03-over.gif
2004.08.27 23:23 B E:\Documents and Settings\Adam Knox\Desktop\Skate World\1 Current Design\V15\images\splash_03.gif --> ftp.skate-world.net /public_html/images splash_03.gif
2004.08.27 23:23 B E:\Documents and Settings\Adam Knox\Desktop\Skate World\1 Current Design\V15\images\splash_04.gif --> ftp.skate-world.net /public_html/images splash_04.gif
2004.08.27 23:23 B E:\Documents and Settings\Adam Knox\Desktop\Skate World\1 Current Design\V15\images\splash_05-splash_03_over.gif --> ftp.skate-world.net /public_html/images splash_05-splash_03_over.gif
2004.08.27 23:23 B E:\Documents and Settings\Adam Knox\Desktop\Skate World\1 Current Design\V15\images\splash_05.gif --> ftp.skate-world.net /public_html/images splash_05.gif
2004.08.27 23:23 B E:\Documents and Settings\Adam Knox\Desktop\Skate World\1 Current Design\V15\images\splash_06.gif --> ftp.skate-world.net /public_html/images splash_06.gif
2004.08.27 23:23 B E:\Documents and Settings\Adam Knox\Desktop\Skate World\1 Current Design\V15\images\splash_07-over.gif --> ftp.skate-world.net /public_html/images splash_07-over.gif
2004.08.27 23:23 B E:\Documents and Settings\Adam Knox\Desktop\Skate World\1 Current Design\V15\images\splash_07.gif --> ftp.skate-world.net /public_html/images splash_07.gif
2004.08.27 23:23 B E:\Documents and Settings\Adam Knox\Desktop\Skate World\1 Current Design\V15\images\splash_08-splash_07_over.gif --> ftp.skate-world.net /public_html/images splash_08-splash_07_over.gif
2004.08.27 23:23 B E:\Documents and Settings\Adam Knox\Desktop\Skate World\1 Current Design\V15\images\splash_08.gif --> ftp.skate-world.net /public_html/images splash_08.gif
2004.08.27 23:23 B E:\Documents and Settings\Adam Knox\Desktop\Skate World\1 Current Design\V15\images\splash_09-splash_07_over.gif --> ftp.skate-world.net /public_html/images splash_09-splash_07_over.gif
2004.08.27 23:23 B E:\Documents and Settings\Adam Knox\Desktop\Skate World\1 Current Design\V15\images\splash_09.gif --> ftp.skate-world.net /public_html/images splash_09.gif
2004.08.27 23:23 B E:\Documents and Settings\Adam Knox\Desktop\Skate World\1 Current Design\V15\images\splash_10.gif --> ftp.skate-world.net /public_html/images splash_10.gif
2004.08.27 23:23 B E:\Documents and Settings\Adam Knox\Desktop\Skate World\1 Current Design\V15\images\splash_11-over.gif --> ftp.skate-world.net /public_html/images splash_11-over.gif
2004.08.27 23:23 B E:\Documents and Settings\Adam Knox\Desktop\Skate World\1 Current Design\V15\images\splash_11.gif --> ftp.skate-world.net /public_html/images splash_11.gif
2004.08.27 23:23 B E:\Documents and Settings\Adam Knox\Desktop\Skate World\1 Current Design\V15\images\splash_12.gif --> ftp.skate-world.net /public_html/images splash_12.gif
2004.08.27 23:23 B E:\Documents and Settings\Adam Knox\Desktop\Skate World\1 Current Design\V15\images\splash_13-splash_11_over.gif --> ftp.skate-world.net /public_html/images splash_13-splash_11_over.gif
2004.08.27 23:23 B E:\Documents and Settings\Adam Knox\Desktop\Skate World\1 Current Design\V15\images\splash_13.gif --> ftp.skate-world.net /public_html/images splash_13.gif
2004.08.27 23:23 B E:\Documents and Settings\Adam Knox\Desktop\Skate World\1 Current Design\V15\images\WS_FTP.LOG --> ftp.skate-world.net /public_html/images WS_FTP.LOG
