2004.08.26 21:12 B E:\Documents and Settings\Adam Knox\Desktop\Skate World\7 Images\1 banners\300_50_1.gif --> ftp.skate-world.net /public_html/banners 300_50_1.gif
2004.08.26 21:12 B E:\Documents and Settings\Adam Knox\Desktop\Skate World\7 Images\1 banners\300_70_1.gif --> ftp.skate-world.net /public_html/banners 300_70_1.gif
2004.08.26 21:12 B E:\Documents and Settings\Adam Knox\Desktop\Skate World\7 Images\1 banners\330_60_1.gif --> ftp.skate-world.net /public_html/banners 330_60_1.gif
2004.08.26 21:12 B E:\Documents and Settings\Adam Knox\Desktop\Skate World\7 Images\1 banners\350_60_1.gif --> ftp.skate-world.net /public_html/banners 350_60_1.gif
2004.08.26 21:13 B E:\Documents and Settings\Adam Knox\Desktop\Skate World\7 Images\1 banners\350_60_1.png --> ftp.skate-world.net /public_html/banners 350_60_1.png
2004.08.26 21:13 B E:\Documents and Settings\Adam Knox\Desktop\Skate World\7 Images\1 banners\350_60_2.gif --> ftp.skate-world.net /public_html/banners 350_60_2.gif
2004.08.26 21:13 B E:\Documents and Settings\Adam Knox\Desktop\Skate World\7 Images\1 banners\350_60_2.png --> ftp.skate-world.net /public_html/banners 350_60_2.png
2004.08.26 21:13 B E:\Documents and Settings\Adam Knox\Desktop\Skate World\7 Images\1 banners\440_60_1.gif --> ftp.skate-world.net /public_html/banners 440_60_1.gif
2004.08.26 21:13 B E:\Documents and Settings\Adam Knox\Desktop\Skate World\7 Images\1 banners\468_60_1.gif --> ftp.skate-world.net /public_html/banners 468_60_1.gif
2004.08.26 21:13 B E:\Documents and Settings\Adam Knox\Desktop\Skate World\7 Images\1 banners\468_60_2.gif --> ftp.skate-world.net /public_html/banners 468_60_2.gif
2004.08.26 21:13 B E:\Documents and Settings\Adam Knox\Desktop\Skate World\7 Images\1 banners\468_60_3.gif --> ftp.skate-world.net /public_html/banners 468_60_3.gif
2004.08.26 21:13 B E:\Documents and Settings\Adam Knox\Desktop\Skate World\7 Images\1 banners\500_50_1.gif --> ftp.skate-world.net /public_html/banners 500_50_1.gif
2004.08.26 21:13 B E:\Documents and Settings\Adam Knox\Desktop\Skate World\7 Images\1 banners\618_79_1.jpg --> ftp.skate-world.net /public_html/banners 618_79_1.jpg
2004.08.26 21:13 B E:\Documents and Settings\Adam Knox\Desktop\Skate World\7 Images\1 banners\70_400_1.gif --> ftp.skate-world.net /public_html/banners 70_400_1.gif
2004.08.26 21:13 B E:\Documents and Settings\Adam Knox\Desktop\Skate World\7 Images\1 banners\88_11_1.gif --> ftp.skate-world.net /public_html/banners 88_11_1.gif
2004.08.26 21:13 B E:\Documents and Settings\Adam Knox\Desktop\Skate World\7 Images\1 banners\88_11_1.png --> ftp.skate-world.net /public_html/banners 88_11_1.png
2004.08.26 21:13 B E:\Documents and Settings\Adam Knox\Desktop\Skate World\7 Images\1 banners\88_11_2.gif --> ftp.skate-world.net /public_html/banners 88_11_2.gif
2004.08.26 21:13 B E:\Documents and Settings\Adam Knox\Desktop\Skate World\7 Images\1 banners\88_11_2.png --> ftp.skate-world.net /public_html/banners 88_11_2.png
2004.08.26 21:13 B E:\Documents and Settings\Adam Knox\Desktop\Skate World\7 Images\1 banners\88_11_3.gif --> ftp.skate-world.net /public_html/banners 88_11_3.gif
2004.08.26 21:13 B E:\Documents and Settings\Adam Knox\Desktop\Skate World\7 Images\1 banners\88_11_3.png --> ftp.skate-world.net /public_html/banners 88_11_3.png
2004.08.26 21:13 B E:\Documents and Settings\Adam Knox\Desktop\Skate World\7 Images\1 banners\88_31_1.gif --> ftp.skate-world.net /public_html/banners 88_31_1.gif
2004.08.26 21:13 B E:\Documents and Settings\Adam Knox\Desktop\Skate World\7 Images\1 banners\88_31_1.png --> ftp.skate-world.net /public_html/banners 88_31_1.png
2004.08.26 21:13 B E:\Documents and Settings\Adam Knox\Desktop\Skate World\7 Images\1 banners\88_31_2.gif --> ftp.skate-world.net /public_html/banners 88_31_2.gif
2004.08.26 21:13 B E:\Documents and Settings\Adam Knox\Desktop\Skate World\7 Images\1 banners\88_31_2.png --> ftp.skate-world.net /public_html/banners 88_31_2.png
2004.08.26 21:13 B E:\Documents and Settings\Adam Knox\Desktop\Skate World\7 Images\1 banners\88_31_3.gif --> ftp.skate-world.net /public_html/banners 88_31_3.gif
2004.08.26 21:13 B E:\Documents and Settings\Adam Knox\Desktop\Skate World\7 Images\1 banners\88_31_3.png --> ftp.skate-world.net /public_html/banners 88_31_3.png
2004.08.26 21:13 B E:\Documents and Settings\Adam Knox\Desktop\Skate World\7 Images\1 banners\88_31_4.gif --> ftp.skate-world.net /public_html/banners 88_31_4.gif
2004.08.26 21:13 B E:\Documents and Settings\Adam Knox\Desktop\Skate World\7 Images\1 banners\88_31_5.gif --> ftp.skate-world.net /public_html/banners 88_31_5.gif
2004.08.26 21:13 B E:\Documents and Settings\Adam Knox\Desktop\Skate World\7 Images\1 banners\88_31_6.gif --> ftp.skate-world.net /public_html/banners 88_31_6.gif
2004.08.27 13:03 B E:\Documents and Settings\Adam Knox\Desktop\Skate World\7 Images\1 banners\300_50_1.gif --> ftp.skate-world.net /public_html/1 banners 300_50_1.gif
2004.08.27 13:03 B E:\Documents and Settings\Adam Knox\Desktop\Skate World\7 Images\1 banners\300_70_1.gif --> ftp.skate-world.net /public_html/1 banners 300_70_1.gif
2004.08.27 13:03 B E:\Documents and Settings\Adam Knox\Desktop\Skate World\7 Images\1 banners\330_60_1.gif --> ftp.skate-world.net /public_html/1 banners 330_60_1.gif
2004.08.27 13:03 B E:\Documents and Settings\Adam Knox\Desktop\Skate World\7 Images\1 banners\350_50_1.gif --> ftp.skate-world.net /public_html/1 banners 350_50_1.gif
2004.08.27 13:03 B E:\Documents and Settings\Adam Knox\Desktop\Skate World\7 Images\1 banners\350_60_1.gif --> ftp.skate-world.net /public_html/1 banners 350_60_1.gif
2004.08.27 13:03 B E:\Documents and Settings\Adam Knox\Desktop\Skate World\7 Images\1 banners\350_60_1.png --> ftp.skate-world.net /public_html/1 banners 350_60_1.png
2004.08.27 13:03 B E:\Documents and Settings\Adam Knox\Desktop\Skate World\7 Images\1 banners\350_60_2.gif --> ftp.skate-world.net /public_html/1 banners 350_60_2.gif
2004.08.27 13:03 B E:\Documents and Settings\Adam Knox\Desktop\Skate World\7 Images\1 banners\350_60_2.png --> ftp.skate-world.net /public_html/1 banners 350_60_2.png
2004.08.27 13:03 B E:\Documents and Settings\Adam Knox\Desktop\Skate World\7 Images\1 banners\440_60_1.gif --> ftp.skate-world.net /public_html/1 banners 440_60_1.gif
2004.08.27 13:03 B E:\Documents and Settings\Adam Knox\Desktop\Skate World\7 Images\1 banners\468_60_1.gif --> ftp.skate-world.net /public_html/1 banners 468_60_1.gif
2004.08.27 13:03 B E:\Documents and Settings\Adam Knox\Desktop\Skate World\7 Images\1 banners\468_60_2.gif --> ftp.skate-world.net /public_html/1 banners 468_60_2.gif
2004.08.27 13:03 B E:\Documents and Settings\Adam Knox\Desktop\Skate World\7 Images\1 banners\468_60_3.gif --> ftp.skate-world.net /public_html/1 banners 468_60_3.gif
2004.08.27 13:04 B E:\Documents and Settings\Adam Knox\Desktop\Skate World\7 Images\1 banners\500_50_1.gif --> ftp.skate-world.net /public_html/1 banners 500_50_1.gif
2004.08.27 13:04 B E:\Documents and Settings\Adam Knox\Desktop\Skate World\7 Images\1 banners\618_79_1.jpg --> ftp.skate-world.net /public_html/1 banners 618_79_1.jpg
2004.08.27 13:04 B E:\Documents and Settings\Adam Knox\Desktop\Skate World\7 Images\1 banners\70_400_1.gif --> ftp.skate-world.net /public_html/1 banners 70_400_1.gif
2004.08.27 13:04 B E:\Documents and Settings\Adam Knox\Desktop\Skate World\7 Images\1 banners\88_11_1.gif --> ftp.skate-world.net /public_html/1 banners 88_11_1.gif
2004.08.27 13:04 B E:\Documents and Settings\Adam Knox\Desktop\Skate World\7 Images\1 banners\88_11_1.png --> ftp.skate-world.net /public_html/1 banners 88_11_1.png
2004.08.27 13:04 B E:\Documents and Settings\Adam Knox\Desktop\Skate World\7 Images\1 banners\88_11_2.gif --> ftp.skate-world.net /public_html/1 banners 88_11_2.gif
2004.08.27 13:04 B E:\Documents and Settings\Adam Knox\Desktop\Skate World\7 Images\1 banners\88_11_2.png --> ftp.skate-world.net /public_html/1 banners 88_11_2.png
2004.08.27 13:04 B E:\Documents and Settings\Adam Knox\Desktop\Skate World\7 Images\1 banners\88_11_3.gif --> ftp.skate-world.net /public_html/1 banners 88_11_3.gif
2004.08.27 13:04 B E:\Documents and Settings\Adam Knox\Desktop\Skate World\7 Images\1 banners\88_11_3.png --> ftp.skate-world.net /public_html/1 banners 88_11_3.png
2004.08.27 13:04 B E:\Documents and Settings\Adam Knox\Desktop\Skate World\7 Images\1 banners\88_31_1.gif --> ftp.skate-world.net /public_html/1 banners 88_31_1.gif
2004.08.27 13:04 B E:\Documents and Settings\Adam Knox\Desktop\Skate World\7 Images\1 banners\88_31_1.png --> ftp.skate-world.net /public_html/1 banners 88_31_1.png
2004.08.27 13:04 B E:\Documents and Settings\Adam Knox\Desktop\Skate World\7 Images\1 banners\88_31_2.gif --> ftp.skate-world.net /public_html/1 banners 88_31_2.gif
2004.08.27 13:04 B E:\Documents and Settings\Adam Knox\Desktop\Skate World\7 Images\1 banners\88_31_2.png --> ftp.skate-world.net /public_html/1 banners 88_31_2.png
2004.08.27 13:04 B E:\Documents and Settings\Adam Knox\Desktop\Skate World\7 Images\1 banners\88_31_3.gif --> ftp.skate-world.net /public_html/1 banners 88_31_3.gif
2004.08.27 13:04 B E:\Documents and Settings\Adam Knox\Desktop\Skate World\7 Images\1 banners\88_31_3.png --> ftp.skate-world.net /public_html/1 banners 88_31_3.png
2004.08.27 13:04 B E:\Documents and Settings\Adam Knox\Desktop\Skate World\7 Images\1 banners\88_31_4.gif --> ftp.skate-world.net /public_html/1 banners 88_31_4.gif
2004.08.27 13:04 B E:\Documents and Settings\Adam Knox\Desktop\Skate World\7 Images\1 banners\88_31_5.gif --> ftp.skate-world.net /public_html/1 banners 88_31_5.gif
2004.08.27 13:04 B E:\Documents and Settings\Adam Knox\Desktop\Skate World\7 Images\1 banners\88_31_6.gif --> ftp.skate-world.net /public_html/1 banners 88_31_6.gif
2004.08.27 13:04 B E:\Documents and Settings\Adam Knox\Desktop\Skate World\7 Images\1 banners\Thumbs.db --> ftp.skate-world.net /public_html/1 banners Thumbs.db
2004.08.27 13:04 B E:\Documents and Settings\Adam Knox\Desktop\Skate World\7 Images\1 banners\WS_FTP.LOG --> ftp.skate-world.net /public_html/1 banners WS_FTP.LOG
2004.08.27 13:05 B E:\Documents and Settings\Adam Knox\Desktop\Skate World\7 Images\1 banners\88_31_2.gif --> ftp.skate-world.net /public_html/banners 88_31_2.gif
2004.08.27 13:05 B E:\Documents and Settings\Adam Knox\Desktop\Skate World\7 Images\1 banners\88_31_1.gif --> ftp.skate-world.net /public_html/banners 88_31_1.gif
2004.08.27 15:50 B E:\Documents and Settings\Adam Knox\Desktop\Skate World\7 Images\1 banners\minibutton.gif --> ftp.skate-world.net /public_html/banners minibutton.gif
2004.08.27 15:50 B E:\Documents and Settings\Adam Knox\Desktop\Skate World\7 Images\1 banners\88_31_3.gif <-- Skate world /public_html/banners 88_31_3.gif
