2004.08.26 15:43 B E:\Documents and Settings\Adam Knox\Desktop\SKATE WORLD UNCLEAN\public_html\images\demiZe Fire\aim.gif <-- Skate world /public_html/images/demiZe Fire aim.gif
2004.08.26 15:43 B E:\Documents and Settings\Adam Knox\Desktop\SKATE WORLD UNCLEAN\public_html\images\demiZe Fire\arrow_dw.gif <-- Skate world /public_html/images/demiZe Fire arrow_dw.gif
2004.08.26 15:43 B E:\Documents and Settings\Adam Knox\Desktop\SKATE WORLD UNCLEAN\public_html\images\demiZe Fire\arrow_up.gif <-- Skate world /public_html/images/demiZe Fire arrow_up.gif
2004.08.26 15:43 B E:\Documents and Settings\Adam Knox\Desktop\SKATE WORLD UNCLEAN\public_html\images\demiZe Fire\avatars.gif <-- Skate world /public_html/images/demiZe Fire avatars.gif
2004.08.26 15:43 B E:\Documents and Settings\Adam Knox\Desktop\SKATE WORLD UNCLEAN\public_html\images\demiZe Fire\bb_bold.gif <-- Skate world /public_html/images/demiZe Fire bb_bold.gif
2004.08.26 15:43 B E:\Documents and Settings\Adam Knox\Desktop\SKATE WORLD UNCLEAN\public_html\images\demiZe Fire\bb_center.gif <-- Skate world /public_html/images/demiZe Fire bb_center.gif
2004.08.26 15:43 B E:\Documents and Settings\Adam Knox\Desktop\SKATE WORLD UNCLEAN\public_html\images\demiZe Fire\bb_code.gif <-- Skate world /public_html/images/demiZe Fire bb_code.gif
2004.08.26 15:43 B E:\Documents and Settings\Adam Knox\Desktop\SKATE WORLD UNCLEAN\public_html\images\demiZe Fire\bb_email.gif <-- Skate world /public_html/images/demiZe Fire bb_email.gif
2004.08.26 15:43 B E:\Documents and Settings\Adam Knox\Desktop\SKATE WORLD UNCLEAN\public_html\images\demiZe Fire\bb_image.gif <-- Skate world /public_html/images/demiZe Fire bb_image.gif
2004.08.26 15:43 B E:\Documents and Settings\Adam Knox\Desktop\SKATE WORLD UNCLEAN\public_html\images\demiZe Fire\bb_italicize.gif <-- Skate world /public_html/images/demiZe Fire bb_italicize.gif
2004.08.26 15:43 B E:\Documents and Settings\Adam Knox\Desktop\SKATE WORLD UNCLEAN\public_html\images\demiZe Fire\bb_list.gif <-- Skate world /public_html/images/demiZe Fire bb_list.gif
2004.08.26 15:43 B E:\Documents and Settings\Adam Knox\Desktop\SKATE WORLD UNCLEAN\public_html\images\demiZe Fire\bb_quote.gif <-- Skate world /public_html/images/demiZe Fire bb_quote.gif
2004.08.26 15:43 B E:\Documents and Settings\Adam Knox\Desktop\SKATE WORLD UNCLEAN\public_html\images\demiZe Fire\bb_underline.gif <-- Skate world /public_html/images/demiZe Fire bb_underline.gif
2004.08.26 15:43 B E:\Documents and Settings\Adam Knox\Desktop\SKATE WORLD UNCLEAN\public_html\images\demiZe Fire\bb_url.gif <-- Skate world /public_html/images/demiZe Fire bb_url.gif
2004.08.26 15:43 B E:\Documents and Settings\Adam Knox\Desktop\SKATE WORLD UNCLEAN\public_html\images\demiZe Fire\catbar.gif <-- Skate world /public_html/images/demiZe Fire catbar.gif
2004.08.26 15:43 B E:\Documents and Settings\Adam Knox\Desktop\SKATE WORLD UNCLEAN\public_html\images\demiZe Fire\closeav.gif <-- Skate world /public_html/images/demiZe Fire closeav.gif
2004.08.26 15:43 B E:\Documents and Settings\Adam Knox\Desktop\SKATE WORLD UNCLEAN\public_html\images\demiZe Fire\demiZe Fire-theme.xmb <-- Skate world /public_html/images/demiZe Fire demiZe Fire-theme.xmb
2004.08.26 15:43 B E:\Documents and Settings\Adam Knox\Desktop\SKATE WORLD UNCLEAN\public_html\images\demiZe Fire\dot_folder.gif <-- Skate world /public_html/images/demiZe Fire dot_folder.gif
2004.08.26 15:43 B E:\Documents and Settings\Adam Knox\Desktop\SKATE WORLD UNCLEAN\public_html\images\demiZe Fire\dot_folder_new_poll.gif <-- Skate world /public_html/images/demiZe Fire dot_folder_new_poll.gif
2004.08.26 15:43 B E:\Documents and Settings\Adam Knox\Desktop\SKATE WORLD UNCLEAN\public_html\images\demiZe Fire\dot_folder_poll.gif <-- Skate world /public_html/images/demiZe Fire dot_folder_poll.gif
2004.08.26 15:43 B E:\Documents and Settings\Adam Knox\Desktop\SKATE WORLD UNCLEAN\public_html\images\demiZe Fire\dot_hot_folder.gif <-- Skate world /public_html/images/demiZe Fire dot_hot_folder.gif
2004.08.26 15:43 B E:\Documents and Settings\Adam Knox\Desktop\SKATE WORLD UNCLEAN\public_html\images\demiZe Fire\dot_hot_red_folder.gif <-- Skate world /public_html/images/demiZe Fire dot_hot_red_folder.gif
2004.08.26 15:43 B E:\Documents and Settings\Adam Knox\Desktop\SKATE WORLD UNCLEAN\public_html\images\demiZe Fire\dot_red_folder.gif <-- Skate world /public_html/images/demiZe Fire dot_red_folder.gif
2004.08.26 15:43 B E:\Documents and Settings\Adam Knox\Desktop\SKATE WORLD UNCLEAN\public_html\images\demiZe Fire\edit.gif <-- Skate world /public_html/images/demiZe Fire edit.gif
2004.08.26 15:43 B E:\Documents and Settings\Adam Knox\Desktop\SKATE WORLD UNCLEAN\public_html\images\demiZe Fire\email.gif <-- Skate world /public_html/images/demiZe Fire email.gif
2004.08.26 15:43 B E:\Documents and Settings\Adam Knox\Desktop\SKATE WORLD UNCLEAN\public_html\images\demiZe Fire\find.gif <-- Skate world /public_html/images/demiZe Fire find.gif
2004.08.26 15:43 B E:\Documents and Settings\Adam Knox\Desktop\SKATE WORLD UNCLEAN\public_html\images\demiZe Fire\folder.gif <-- Skate world /public_html/images/demiZe Fire folder.gif
2004.08.26 15:43 B E:\Documents and Settings\Adam Knox\Desktop\SKATE WORLD UNCLEAN\public_html\images\demiZe Fire\folder_new_poll.gif <-- Skate world /public_html/images/demiZe Fire folder_new_poll.gif
2004.08.26 15:43 B E:\Documents and Settings\Adam Knox\Desktop\SKATE WORLD UNCLEAN\public_html\images\demiZe Fire\folder_poll.gif <-- Skate world /public_html/images/demiZe Fire folder_poll.gif
2004.08.26 15:43 B E:\Documents and Settings\Adam Knox\Desktop\SKATE WORLD UNCLEAN\public_html\images\demiZe Fire\headerback.gif <-- Skate world /public_html/images/demiZe Fire headerback.gif
2004.08.26 15:43 B E:\Documents and Settings\Adam Knox\Desktop\SKATE WORLD UNCLEAN\public_html\images\demiZe Fire\headerback2.gif <-- Skate world /public_html/images/demiZe Fire headerback2.gif
2004.08.26 15:43 B E:\Documents and Settings\Adam Knox\Desktop\SKATE WORLD UNCLEAN\public_html\images\demiZe Fire\hot_folder.gif <-- Skate world /public_html/images/demiZe Fire hot_folder.gif
2004.08.26 15:43 B E:\Documents and Settings\Adam Knox\Desktop\SKATE WORLD UNCLEAN\public_html\images\demiZe Fire\hot_red_folder.gif <-- Skate world /public_html/images/demiZe Fire hot_red_folder.gif
2004.08.26 15:43 B E:\Documents and Settings\Adam Knox\Desktop\SKATE WORLD UNCLEAN\public_html\images\demiZe Fire\icq_add.gif <-- Skate world /public_html/images/demiZe Fire icq_add.gif
2004.08.26 15:43 B E:\Documents and Settings\Adam Knox\Desktop\SKATE WORLD UNCLEAN\public_html\images\demiZe Fire\index.html <-- Skate world /public_html/images/demiZe Fire index.html
2004.08.26 15:43 B E:\Documents and Settings\Adam Knox\Desktop\SKATE WORLD UNCLEAN\public_html\images\demiZe Fire\ip.gif <-- Skate world /public_html/images/demiZe Fire ip.gif
2004.08.26 15:43 B E:\Documents and Settings\Adam Knox\Desktop\SKATE WORLD UNCLEAN\public_html\images\demiZe Fire\ipost.gif <-- Skate world /public_html/images/demiZe Fire ipost.gif
2004.08.26 15:43 B E:\Documents and Settings\Adam Knox\Desktop\SKATE WORLD UNCLEAN\public_html\images\demiZe Fire\lastpost.gif <-- Skate world /public_html/images/demiZe Fire lastpost.gif
2004.08.26 15:43 B E:\Documents and Settings\Adam Knox\Desktop\SKATE WORLD UNCLEAN\public_html\images\demiZe Fire\lock_folder.gif <-- Skate world /public_html/images/demiZe Fire lock_folder.gif
2004.08.26 15:43 B E:\Documents and Settings\Adam Knox\Desktop\SKATE WORLD UNCLEAN\public_html\images\demiZe Fire\moved_folder.gif <-- Skate world /public_html/images/demiZe Fire moved_folder.gif
2004.08.26 15:43 B E:\Documents and Settings\Adam Knox\Desktop\SKATE WORLD UNCLEAN\public_html\images\demiZe Fire\msn.gif <-- Skate world /public_html/images/demiZe Fire msn.gif
2004.08.26 15:43 B E:\Documents and Settings\Adam Knox\Desktop\SKATE WORLD UNCLEAN\public_html\images\demiZe Fire\newtopic.gif <-- Skate world /public_html/images/demiZe Fire newtopic.gif
2004.08.26 15:43 B E:\Documents and Settings\Adam Knox\Desktop\SKATE WORLD UNCLEAN\public_html\images\demiZe Fire\online.gif <-- Skate world /public_html/images/demiZe Fire online.gif
2004.08.26 15:43 B E:\Documents and Settings\Adam Knox\Desktop\SKATE WORLD UNCLEAN\public_html\images\demiZe Fire\openav.gif <-- Skate world /public_html/images/demiZe Fire openav.gif
2004.08.26 15:43 B E:\Documents and Settings\Adam Knox\Desktop\SKATE WORLD UNCLEAN\public_html\images\demiZe Fire\pin.gif <-- Skate world /public_html/images/demiZe Fire pin.gif
2004.08.26 15:43 B E:\Documents and Settings\Adam Knox\Desktop\SKATE WORLD UNCLEAN\public_html\images\demiZe Fire\pixel.gif <-- Skate world /public_html/images/demiZe Fire pixel.gif
2004.08.26 15:43 B E:\Documents and Settings\Adam Knox\Desktop\SKATE WORLD UNCLEAN\public_html\images\demiZe Fire\poll.gif <-- Skate world /public_html/images/demiZe Fire poll.gif
2004.08.26 15:43 B E:\Documents and Settings\Adam Knox\Desktop\SKATE WORLD UNCLEAN\public_html\images\demiZe Fire\pollbar-e.gif <-- Skate world /public_html/images/demiZe Fire pollbar-e.gif
2004.08.26 15:43 B E:\Documents and Settings\Adam Knox\Desktop\SKATE WORLD UNCLEAN\public_html\images\demiZe Fire\pollbar-s.gif <-- Skate world /public_html/images/demiZe Fire pollbar-s.gif
2004.08.26 15:43 B E:\Documents and Settings\Adam Knox\Desktop\SKATE WORLD UNCLEAN\public_html\images\demiZe Fire\pollbar.gif <-- Skate world /public_html/images/demiZe Fire pollbar.gif
2004.08.26 15:43 B E:\Documents and Settings\Adam Knox\Desktop\SKATE WORLD UNCLEAN\public_html\images\demiZe Fire\pollsmall.gif <-- Skate world /public_html/images/demiZe Fire pollsmall.gif
2004.08.26 15:43 B E:\Documents and Settings\Adam Knox\Desktop\SKATE WORLD UNCLEAN\public_html\images\demiZe Fire\profile.gif <-- Skate world /public_html/images/demiZe Fire profile.gif
2004.08.26 15:43 B E:\Documents and Settings\Adam Knox\Desktop\SKATE WORLD UNCLEAN\public_html\images\demiZe Fire\quote.gif <-- Skate world /public_html/images/demiZe Fire quote.gif
2004.08.26 15:43 B E:\Documents and Settings\Adam Knox\Desktop\SKATE WORLD UNCLEAN\public_html\images\demiZe Fire\red_folder.gif <-- Skate world /public_html/images/demiZe Fire red_folder.gif
2004.08.26 15:43 B E:\Documents and Settings\Adam Knox\Desktop\SKATE WORLD UNCLEAN\public_html\images\demiZe Fire\reply.gif <-- Skate world /public_html/images/demiZe Fire reply.gif
2004.08.26 15:43 B E:\Documents and Settings\Adam Knox\Desktop\SKATE WORLD UNCLEAN\public_html\images\demiZe Fire\report.gif <-- Skate world /public_html/images/demiZe Fire report.gif
2004.08.26 15:43 B E:\Documents and Settings\Adam Knox\Desktop\SKATE WORLD UNCLEAN\public_html\images\demiZe Fire\resolved.gif <-- Skate world /public_html/images/demiZe Fire resolved.gif
2004.08.26 15:43 B E:\Documents and Settings\Adam Knox\Desktop\SKATE WORLD UNCLEAN\public_html\images\demiZe Fire\send.gif <-- Skate world /public_html/images/demiZe Fire send.gif
2004.08.26 15:43 B E:\Documents and Settings\Adam Knox\Desktop\SKATE WORLD UNCLEAN\public_html\images\demiZe Fire\site.gif <-- Skate world /public_html/images/demiZe Fire site.gif
2004.08.26 15:43 B E:\Documents and Settings\Adam Knox\Desktop\SKATE WORLD UNCLEAN\public_html\images\demiZe Fire\star.gif <-- Skate world /public_html/images/demiZe Fire star.gif
2004.08.26 15:43 B E:\Documents and Settings\Adam Knox\Desktop\SKATE WORLD UNCLEAN\public_html\images\demiZe Fire\stats.gif <-- Skate world /public_html/images/demiZe Fire stats.gif
2004.08.26 15:43 B E:\Documents and Settings\Adam Knox\Desktop\SKATE WORLD UNCLEAN\public_html\images\demiZe Fire\Thumbs.db <-- Skate world /public_html/images/demiZe Fire Thumbs.db
2004.08.26 15:43 B E:\Documents and Settings\Adam Knox\Desktop\SKATE WORLD UNCLEAN\public_html\images\demiZe Fire\topav.gif <-- Skate world /public_html/images/demiZe Fire topav.gif
2004.08.26 15:43 B E:\Documents and Settings\Adam Knox\Desktop\SKATE WORLD UNCLEAN\public_html\images\demiZe Fire\u2u.gif <-- Skate world /public_html/images/demiZe Fire u2u.gif
2004.08.26 15:43 B E:\Documents and Settings\Adam Knox\Desktop\SKATE WORLD UNCLEAN\public_html\images\demiZe Fire\unresolved.gif <-- Skate world /public_html/images/demiZe Fire unresolved.gif
2004.08.26 15:43 B E:\Documents and Settings\Adam Knox\Desktop\SKATE WORLD UNCLEAN\public_html\images\demiZe Fire\xmbheader.gif <-- Skate world /public_html/images/demiZe Fire xmbheader.gif
2004.08.26 15:43 B E:\Documents and Settings\Adam Knox\Desktop\SKATE WORLD UNCLEAN\public_html\images\demiZe Fire\yahoo.gif <-- Skate world /public_html/images/demiZe Fire yahoo.gif
2004.08.26 21:24 B E:\Documents and Settings\Adam Knox\Desktop\Skate world redone\forum\images\demiZe Fire\aim.gif --> ftp.skate-world.net /public_html/forum/images/demiZe Fire aim.gif
2004.08.26 21:24 B E:\Documents and Settings\Adam Knox\Desktop\Skate world redone\forum\images\demiZe Fire\arrow_dw.gif --> ftp.skate-world.net /public_html/forum/images/demiZe Fire arrow_dw.gif
2004.08.26 21:24 B E:\Documents and Settings\Adam Knox\Desktop\Skate world redone\forum\images\demiZe Fire\arrow_up.gif --> ftp.skate-world.net /public_html/forum/images/demiZe Fire arrow_up.gif
2004.08.26 21:24 B E:\Documents and Settings\Adam Knox\Desktop\Skate world redone\forum\images\demiZe Fire\avatars.gif --> ftp.skate-world.net /public_html/forum/images/demiZe Fire avatars.gif
2004.08.26 21:24 B E:\Documents and Settings\Adam Knox\Desktop\Skate world redone\forum\images\demiZe Fire\bb_bold.gif --> ftp.skate-world.net /public_html/forum/images/demiZe Fire bb_bold.gif
2004.08.26 21:24 B E:\Documents and Settings\Adam Knox\Desktop\Skate world redone\forum\images\demiZe Fire\bb_center.gif --> ftp.skate-world.net /public_html/forum/images/demiZe Fire bb_center.gif
2004.08.26 21:24 B E:\Documents and Settings\Adam Knox\Desktop\Skate world redone\forum\images\demiZe Fire\bb_code.gif --> ftp.skate-world.net /public_html/forum/images/demiZe Fire bb_code.gif
2004.08.26 21:24 B E:\Documents and Settings\Adam Knox\Desktop\Skate world redone\forum\images\demiZe Fire\bb_email.gif --> ftp.skate-world.net /public_html/forum/images/demiZe Fire bb_email.gif
2004.08.26 21:24 B E:\Documents and Settings\Adam Knox\Desktop\Skate world redone\forum\images\demiZe Fire\bb_image.gif --> ftp.skate-world.net /public_html/forum/images/demiZe Fire bb_image.gif
2004.08.26 21:24 B E:\Documents and Settings\Adam Knox\Desktop\Skate world redone\forum\images\demiZe Fire\bb_italicize.gif --> ftp.skate-world.net /public_html/forum/images/demiZe Fire bb_italicize.gif
2004.08.26 21:24 B E:\Documents and Settings\Adam Knox\Desktop\Skate world redone\forum\images\demiZe Fire\bb_list.gif --> ftp.skate-world.net /public_html/forum/images/demiZe Fire bb_list.gif
2004.08.26 21:24 B E:\Documents and Settings\Adam Knox\Desktop\Skate world redone\forum\images\demiZe Fire\bb_quote.gif --> ftp.skate-world.net /public_html/forum/images/demiZe Fire bb_quote.gif
2004.08.26 21:24 B E:\Documents and Settings\Adam Knox\Desktop\Skate world redone\forum\images\demiZe Fire\bb_underline.gif --> ftp.skate-world.net /public_html/forum/images/demiZe Fire bb_underline.gif
2004.08.26 21:24 B E:\Documents and Settings\Adam Knox\Desktop\Skate world redone\forum\images\demiZe Fire\bb_url.gif --> ftp.skate-world.net /public_html/forum/images/demiZe Fire bb_url.gif
2004.08.26 21:24 B E:\Documents and Settings\Adam Knox\Desktop\Skate world redone\forum\images\demiZe Fire\catbar.gif --> ftp.skate-world.net /public_html/forum/images/demiZe Fire catbar.gif
2004.08.26 21:24 B E:\Documents and Settings\Adam Knox\Desktop\Skate world redone\forum\images\demiZe Fire\closeav.gif --> ftp.skate-world.net /public_html/forum/images/demiZe Fire closeav.gif
2004.08.26 21:24 B E:\Documents and Settings\Adam Knox\Desktop\Skate world redone\forum\images\demiZe Fire\demiZe Fire-theme.xmb --> ftp.skate-world.net /public_html/forum/images/demiZe Fire demiZe Fire-theme.xmb
2004.08.26 21:24 B E:\Documents and Settings\Adam Knox\Desktop\Skate world redone\forum\images\demiZe Fire\dot_folder.gif --> ftp.skate-world.net /public_html/forum/images/demiZe Fire dot_folder.gif
2004.08.26 21:24 B E:\Documents and Settings\Adam Knox\Desktop\Skate world redone\forum\images\demiZe Fire\dot_folder_new_poll.gif --> ftp.skate-world.net /public_html/forum/images/demiZe Fire dot_folder_new_poll.gif
2004.08.26 21:24 B E:\Documents and Settings\Adam Knox\Desktop\Skate world redone\forum\images\demiZe Fire\dot_folder_poll.gif --> ftp.skate-world.net /public_html/forum/images/demiZe Fire dot_folder_poll.gif
2004.08.26 21:24 B E:\Documents and Settings\Adam Knox\Desktop\Skate world redone\forum\images\demiZe Fire\dot_hot_folder.gif --> ftp.skate-world.net /public_html/forum/images/demiZe Fire dot_hot_folder.gif
2004.08.26 21:24 B E:\Documents and Settings\Adam Knox\Desktop\Skate world redone\forum\images\demiZe Fire\dot_hot_red_folder.gif --> ftp.skate-world.net /public_html/forum/images/demiZe Fire dot_hot_red_folder.gif
2004.08.26 21:24 B E:\Documents and Settings\Adam Knox\Desktop\Skate world redone\forum\images\demiZe Fire\dot_red_folder.gif --> ftp.skate-world.net /public_html/forum/images/demiZe Fire dot_red_folder.gif
2004.08.26 21:24 B E:\Documents and Settings\Adam Knox\Desktop\Skate world redone\forum\images\demiZe Fire\edit.gif --> ftp.skate-world.net /public_html/forum/images/demiZe Fire edit.gif
2004.08.26 21:24 B E:\Documents and Settings\Adam Knox\Desktop\Skate world redone\forum\images\demiZe Fire\email.gif --> ftp.skate-world.net /public_html/forum/images/demiZe Fire email.gif
2004.08.26 21:24 B E:\Documents and Settings\Adam Knox\Desktop\Skate world redone\forum\images\demiZe Fire\find.gif --> ftp.skate-world.net /public_html/forum/images/demiZe Fire find.gif
2004.08.26 21:24 B E:\Documents and Settings\Adam Knox\Desktop\Skate world redone\forum\images\demiZe Fire\folder.gif --> ftp.skate-world.net /public_html/forum/images/demiZe Fire folder.gif
2004.08.26 21:24 B E:\Documents and Settings\Adam Knox\Desktop\Skate world redone\forum\images\demiZe Fire\folder_new_poll.gif --> ftp.skate-world.net /public_html/forum/images/demiZe Fire folder_new_poll.gif
2004.08.26 21:24 B E:\Documents and Settings\Adam Knox\Desktop\Skate world redone\forum\images\demiZe Fire\folder_poll.gif --> ftp.skate-world.net /public_html/forum/images/demiZe Fire folder_poll.gif
2004.08.26 21:24 B E:\Documents and Settings\Adam Knox\Desktop\Skate world redone\forum\images\demiZe Fire\headerback.gif --> ftp.skate-world.net /public_html/forum/images/demiZe Fire headerback.gif
2004.08.26 21:25 B E:\Documents and Settings\Adam Knox\Desktop\Skate world redone\forum\images\demiZe Fire\headerback2.gif --> ftp.skate-world.net /public_html/forum/images/demiZe Fire headerback2.gif
2004.08.26 21:25 B E:\Documents and Settings\Adam Knox\Desktop\Skate world redone\forum\images\demiZe Fire\hot_folder.gif --> ftp.skate-world.net /public_html/forum/images/demiZe Fire hot_folder.gif
2004.08.26 21:25 B E:\Documents and Settings\Adam Knox\Desktop\Skate world redone\forum\images\demiZe Fire\hot_red_folder.gif --> ftp.skate-world.net /public_html/forum/images/demiZe Fire hot_red_folder.gif
2004.08.26 21:25 B E:\Documents and Settings\Adam Knox\Desktop\Skate world redone\forum\images\demiZe Fire\icq_add.gif --> ftp.skate-world.net /public_html/forum/images/demiZe Fire icq_add.gif
2004.08.26 21:25 B E:\Documents and Settings\Adam Knox\Desktop\Skate world redone\forum\images\demiZe Fire\index.html --> ftp.skate-world.net /public_html/forum/images/demiZe Fire index.html
2004.08.26 21:25 B E:\Documents and Settings\Adam Knox\Desktop\Skate world redone\forum\images\demiZe Fire\ip.gif --> ftp.skate-world.net /public_html/forum/images/demiZe Fire ip.gif
2004.08.26 21:25 B E:\Documents and Settings\Adam Knox\Desktop\Skate world redone\forum\images\demiZe Fire\ipost.gif --> ftp.skate-world.net /public_html/forum/images/demiZe Fire ipost.gif
2004.08.26 21:25 B E:\Documents and Settings\Adam Knox\Desktop\Skate world redone\forum\images\demiZe Fire\lastpost.gif --> ftp.skate-world.net /public_html/forum/images/demiZe Fire lastpost.gif
2004.08.26 21:25 B E:\Documents and Settings\Adam Knox\Desktop\Skate world redone\forum\images\demiZe Fire\lock_folder.gif --> ftp.skate-world.net /public_html/forum/images/demiZe Fire lock_folder.gif
2004.08.26 21:25 B E:\Documents and Settings\Adam Knox\Desktop\Skate world redone\forum\images\demiZe Fire\moved_folder.gif --> ftp.skate-world.net /public_html/forum/images/demiZe Fire moved_folder.gif
2004.08.26 21:25 B E:\Documents and Settings\Adam Knox\Desktop\Skate world redone\forum\images\demiZe Fire\msn.gif --> ftp.skate-world.net /public_html/forum/images/demiZe Fire msn.gif
2004.08.26 21:25 B E:\Documents and Settings\Adam Knox\Desktop\Skate world redone\forum\images\demiZe Fire\newtopic.gif --> ftp.skate-world.net /public_html/forum/images/demiZe Fire newtopic.gif
2004.08.26 21:25 B E:\Documents and Settings\Adam Knox\Desktop\Skate world redone\forum\images\demiZe Fire\online.gif --> ftp.skate-world.net /public_html/forum/images/demiZe Fire online.gif
2004.08.26 21:25 B E:\Documents and Settings\Adam Knox\Desktop\Skate world redone\forum\images\demiZe Fire\openav.gif --> ftp.skate-world.net /public_html/forum/images/demiZe Fire openav.gif
2004.08.26 21:25 B E:\Documents and Settings\Adam Knox\Desktop\Skate world redone\forum\images\demiZe Fire\pin.gif --> ftp.skate-world.net /public_html/forum/images/demiZe Fire pin.gif
2004.08.26 21:25 B E:\Documents and Settings\Adam Knox\Desktop\Skate world redone\forum\images\demiZe Fire\pixel.gif --> ftp.skate-world.net /public_html/forum/images/demiZe Fire pixel.gif
2004.08.26 21:25 B E:\Documents and Settings\Adam Knox\Desktop\Skate world redone\forum\images\demiZe Fire\poll.gif --> ftp.skate-world.net /public_html/forum/images/demiZe Fire poll.gif
2004.08.26 21:25 B E:\Documents and Settings\Adam Knox\Desktop\Skate world redone\forum\images\demiZe Fire\pollbar-e.gif --> ftp.skate-world.net /public_html/forum/images/demiZe Fire pollbar-e.gif
2004.08.26 21:25 B E:\Documents and Settings\Adam Knox\Desktop\Skate world redone\forum\images\demiZe Fire\pollbar-s.gif --> ftp.skate-world.net /public_html/forum/images/demiZe Fire pollbar-s.gif
2004.08.26 21:25 B E:\Documents and Settings\Adam Knox\Desktop\Skate world redone\forum\images\demiZe Fire\pollbar.gif --> ftp.skate-world.net /public_html/forum/images/demiZe Fire pollbar.gif
2004.08.26 21:25 B E:\Documents and Settings\Adam Knox\Desktop\Skate world redone\forum\images\demiZe Fire\pollsmall.gif --> ftp.skate-world.net /public_html/forum/images/demiZe Fire pollsmall.gif
2004.08.26 21:25 B E:\Documents and Settings\Adam Knox\Desktop\Skate world redone\forum\images\demiZe Fire\profile.gif --> ftp.skate-world.net /public_html/forum/images/demiZe Fire profile.gif
2004.08.26 21:25 B E:\Documents and Settings\Adam Knox\Desktop\Skate world redone\forum\images\demiZe Fire\quote.gif --> ftp.skate-world.net /public_html/forum/images/demiZe Fire quote.gif
2004.08.26 21:25 B E:\Documents and Settings\Adam Knox\Desktop\Skate world redone\forum\images\demiZe Fire\red_folder.gif --> ftp.skate-world.net /public_html/forum/images/demiZe Fire red_folder.gif
2004.08.26 21:25 B E:\Documents and Settings\Adam Knox\Desktop\Skate world redone\forum\images\demiZe Fire\reply.gif --> ftp.skate-world.net /public_html/forum/images/demiZe Fire reply.gif
2004.08.26 21:25 B E:\Documents and Settings\Adam Knox\Desktop\Skate world redone\forum\images\demiZe Fire\report.gif --> ftp.skate-world.net /public_html/forum/images/demiZe Fire report.gif
2004.08.26 21:25 B E:\Documents and Settings\Adam Knox\Desktop\Skate world redone\forum\images\demiZe Fire\resolved.gif --> ftp.skate-world.net /public_html/forum/images/demiZe Fire resolved.gif
2004.08.26 21:25 B E:\Documents and Settings\Adam Knox\Desktop\Skate world redone\forum\images\demiZe Fire\send.gif --> ftp.skate-world.net /public_html/forum/images/demiZe Fire send.gif
2004.08.26 21:25 B E:\Documents and Settings\Adam Knox\Desktop\Skate world redone\forum\images\demiZe Fire\site.gif --> ftp.skate-world.net /public_html/forum/images/demiZe Fire site.gif
2004.08.26 21:25 B E:\Documents and Settings\Adam Knox\Desktop\Skate world redone\forum\images\demiZe Fire\star.gif --> ftp.skate-world.net /public_html/forum/images/demiZe Fire star.gif
2004.08.26 21:25 B E:\Documents and Settings\Adam Knox\Desktop\Skate world redone\forum\images\demiZe Fire\stats.gif --> ftp.skate-world.net /public_html/forum/images/demiZe Fire stats.gif
2004.08.26 21:25 B E:\Documents and Settings\Adam Knox\Desktop\Skate world redone\forum\images\demiZe Fire\Thumbs.db --> ftp.skate-world.net /public_html/forum/images/demiZe Fire Thumbs.db
2004.08.26 21:25 B E:\Documents and Settings\Adam Knox\Desktop\Skate world redone\forum\images\demiZe Fire\topav.gif --> ftp.skate-world.net /public_html/forum/images/demiZe Fire topav.gif
2004.08.26 21:25 B E:\Documents and Settings\Adam Knox\Desktop\Skate world redone\forum\images\demiZe Fire\u2u.gif --> ftp.skate-world.net /public_html/forum/images/demiZe Fire u2u.gif
2004.08.26 21:25 B E:\Documents and Settings\Adam Knox\Desktop\Skate world redone\forum\images\demiZe Fire\unresolved.gif --> ftp.skate-world.net /public_html/forum/images/demiZe Fire unresolved.gif
2004.09.20 16:35 B E:\Documents and Settings\Adam Knox\My Documents\Skate World\backup\forum\images\demiZe Fire\WS_FTP.LOG <-- Skate world Temporary /public_html/forum/images/demiZe Fire WS_FTP.LOG
2004.09.20 16:35 B E:\Documents and Settings\Adam Knox\My Documents\Skate World\backup\forum\images\demiZe Fire\xmbheader.gif <-- Skate world Temporary /public_html/forum/images/demiZe Fire xmbheader.gif
2004.09.20 16:35 B E:\Documents and Settings\Adam Knox\My Documents\Skate World\backup\forum\images\demiZe Fire\yahoo.gif <-- Skate world Temporary /public_html/forum/images/demiZe Fire yahoo.gif
2004.10.02 20:24 B G:\Documents and Settings\bilbo\My Documents\Skate World\backup\FOLDERS\forum\images\demiZe Fire\aim.gif --> host215.ipowerweb.com /public_html/forum/images/demiZe Fire aim.gif
2004.10.02 20:24 B G:\Documents and Settings\bilbo\My Documents\Skate World\backup\FOLDERS\forum\images\demiZe Fire\arrow_dw.gif --> host215.ipowerweb.com /public_html/forum/images/demiZe Fire arrow_dw.gif
2004.10.02 20:24 B G:\Documents and Settings\bilbo\My Documents\Skate World\backup\FOLDERS\forum\images\demiZe Fire\arrow_up.gif --> host215.ipowerweb.com /public_html/forum/images/demiZe Fire arrow_up.gif
2004.10.02 20:24 B G:\Documents and Settings\bilbo\My Documents\Skate World\backup\FOLDERS\forum\images\demiZe Fire\avatars.gif --> host215.ipowerweb.com /public_html/forum/images/demiZe Fire avatars.gif
2004.10.02 20:24 B G:\Documents and Settings\bilbo\My Documents\Skate World\backup\FOLDERS\forum\images\demiZe Fire\bb_bold.gif --> host215.ipowerweb.com /public_html/forum/images/demiZe Fire bb_bold.gif
2004.10.02 20:24 B G:\Documents and Settings\bilbo\My Documents\Skate World\backup\FOLDERS\forum\images\demiZe Fire\bb_center.gif --> host215.ipowerweb.com /public_html/forum/images/demiZe Fire bb_center.gif
2004.10.02 20:24 B G:\Documents and Settings\bilbo\My Documents\Skate World\backup\FOLDERS\forum\images\demiZe Fire\bb_code.gif --> host215.ipowerweb.com /public_html/forum/images/demiZe Fire bb_code.gif
2004.10.02 20:24 B G:\Documents and Settings\bilbo\My Documents\Skate World\backup\FOLDERS\forum\images\demiZe Fire\bb_email.gif --> host215.ipowerweb.com /public_html/forum/images/demiZe Fire bb_email.gif
2004.10.02 20:24 B G:\Documents and Settings\bilbo\My Documents\Skate World\backup\FOLDERS\forum\images\demiZe Fire\bb_image.gif --> host215.ipowerweb.com /public_html/forum/images/demiZe Fire bb_image.gif
2004.10.02 20:24 B G:\Documents and Settings\bilbo\My Documents\Skate World\backup\FOLDERS\forum\images\demiZe Fire\bb_italicize.gif --> host215.ipowerweb.com /public_html/forum/images/demiZe Fire bb_italicize.gif
2004.10.02 20:24 B G:\Documents and Settings\bilbo\My Documents\Skate World\backup\FOLDERS\forum\images\demiZe Fire\bb_list.gif --> host215.ipowerweb.com /public_html/forum/images/demiZe Fire bb_list.gif
2004.10.02 20:24 B G:\Documents and Settings\bilbo\My Documents\Skate World\backup\FOLDERS\forum\images\demiZe Fire\bb_quote.gif --> host215.ipowerweb.com /public_html/forum/images/demiZe Fire bb_quote.gif
2004.10.02 20:24 B G:\Documents and Settings\bilbo\My Documents\Skate World\backup\FOLDERS\forum\images\demiZe Fire\bb_underline.gif --> host215.ipowerweb.com /public_html/forum/images/demiZe Fire bb_underline.gif
2004.10.02 20:24 B G:\Documents and Settings\bilbo\My Documents\Skate World\backup\FOLDERS\forum\images\demiZe Fire\bb_url.gif --> host215.ipowerweb.com /public_html/forum/images/demiZe Fire bb_url.gif
2004.10.02 20:24 B G:\Documents and Settings\bilbo\My Documents\Skate World\backup\FOLDERS\forum\images\demiZe Fire\catbar.gif --> host215.ipowerweb.com /public_html/forum/images/demiZe Fire catbar.gif
2004.10.02 20:24 B G:\Documents and Settings\bilbo\My Documents\Skate World\backup\FOLDERS\forum\images\demiZe Fire\closeav.gif --> host215.ipowerweb.com /public_html/forum/images/demiZe Fire closeav.gif
2004.10.02 20:24 B G:\Documents and Settings\bilbo\My Documents\Skate World\backup\FOLDERS\forum\images\demiZe Fire\demiZe Fire-theme.xmb --> host215.ipowerweb.com /public_html/forum/images/demiZe Fire demiZe Fire-theme.xmb
2004.10.02 20:24 B G:\Documents and Settings\bilbo\My Documents\Skate World\backup\FOLDERS\forum\images\demiZe Fire\dot_folder.gif --> host215.ipowerweb.com /public_html/forum/images/demiZe Fire dot_folder.gif
2004.10.02 20:24 B G:\Documents and Settings\bilbo\My Documents\Skate World\backup\FOLDERS\forum\images\demiZe Fire\dot_folder_new_poll.gif --> host215.ipowerweb.com /public_html/forum/images/demiZe Fire dot_folder_new_poll.gif
2004.10.02 20:24 B G:\Documents and Settings\bilbo\My Documents\Skate World\backup\FOLDERS\forum\images\demiZe Fire\dot_folder_poll.gif --> host215.ipowerweb.com /public_html/forum/images/demiZe Fire dot_folder_poll.gif
2004.10.02 20:24 B G:\Documents and Settings\bilbo\My Documents\Skate World\backup\FOLDERS\forum\images\demiZe Fire\dot_hot_folder.gif --> host215.ipowerweb.com /public_html/forum/images/demiZe Fire dot_hot_folder.gif
2004.10.02 20:24 B G:\Documents and Settings\bilbo\My Documents\Skate World\backup\FOLDERS\forum\images\demiZe Fire\dot_hot_red_folder.gif --> host215.ipowerweb.com /public_html/forum/images/demiZe Fire dot_hot_red_folder.gif
2004.10.02 20:24 B G:\Documents and Settings\bilbo\My Documents\Skate World\backup\FOLDERS\forum\images\demiZe Fire\dot_red_folder.gif --> host215.ipowerweb.com /public_html/forum/images/demiZe Fire dot_red_folder.gif
2004.10.02 20:25 B G:\Documents and Settings\bilbo\My Documents\Skate World\backup\FOLDERS\forum\images\demiZe Fire\edit.gif --> host215.ipowerweb.com /public_html/forum/images/demiZe Fire edit.gif
2004.10.02 20:25 B G:\Documents and Settings\bilbo\My Documents\Skate World\backup\FOLDERS\forum\images\demiZe Fire\email.gif --> host215.ipowerweb.com /public_html/forum/images/demiZe Fire email.gif
2004.10.02 20:25 B G:\Documents and Settings\bilbo\My Documents\Skate World\backup\FOLDERS\forum\images\demiZe Fire\find.gif --> host215.ipowerweb.com /public_html/forum/images/demiZe Fire find.gif
2004.10.02 20:25 B G:\Documents and Settings\bilbo\My Documents\Skate World\backup\FOLDERS\forum\images\demiZe Fire\folder.gif --> host215.ipowerweb.com /public_html/forum/images/demiZe Fire folder.gif
2004.10.02 20:25 B G:\Documents and Settings\bilbo\My Documents\Skate World\backup\FOLDERS\forum\images\demiZe Fire\folder_new_poll.gif --> host215.ipowerweb.com /public_html/forum/images/demiZe Fire folder_new_poll.gif
2004.10.02 20:25 B G:\Documents and Settings\bilbo\My Documents\Skate World\backup\FOLDERS\forum\images\demiZe Fire\folder_poll.gif --> host215.ipowerweb.com /public_html/forum/images/demiZe Fire folder_poll.gif
2004.10.02 20:25 B G:\Documents and Settings\bilbo\My Documents\Skate World\backup\FOLDERS\forum\images\demiZe Fire\headerback.gif --> host215.ipowerweb.com /public_html/forum/images/demiZe Fire headerback.gif
2004.10.02 20:25 B G:\Documents and Settings\bilbo\My Documents\Skate World\backup\FOLDERS\forum\images\demiZe Fire\headerback2.gif --> host215.ipowerweb.com /public_html/forum/images/demiZe Fire headerback2.gif
2004.10.02 20:25 B G:\Documents and Settings\bilbo\My Documents\Skate World\backup\FOLDERS\forum\images\demiZe Fire\hot_folder.gif --> host215.ipowerweb.com /public_html/forum/images/demiZe Fire hot_folder.gif
2004.10.02 20:25 B G:\Documents and Settings\bilbo\My Documents\Skate World\backup\FOLDERS\forum\images\demiZe Fire\hot_red_folder.gif --> host215.ipowerweb.com /public_html/forum/images/demiZe Fire hot_red_folder.gif
2004.10.02 20:25 B G:\Documents and Settings\bilbo\My Documents\Skate World\backup\FOLDERS\forum\images\demiZe Fire\icq_add.gif --> host215.ipowerweb.com /public_html/forum/images/demiZe Fire icq_add.gif
2004.10.02 20:25 B G:\Documents and Settings\bilbo\My Documents\Skate World\backup\FOLDERS\forum\images\demiZe Fire\index.html --> host215.ipowerweb.com /public_html/forum/images/demiZe Fire index.html
2004.10.02 20:25 B G:\Documents and Settings\bilbo\My Documents\Skate World\backup\FOLDERS\forum\images\demiZe Fire\ip.gif --> host215.ipowerweb.com /public_html/forum/images/demiZe Fire ip.gif
2004.10.02 20:25 B G:\Documents and Settings\bilbo\My Documents\Skate World\backup\FOLDERS\forum\images\demiZe Fire\ipost.gif --> host215.ipowerweb.com /public_html/forum/images/demiZe Fire ipost.gif
2004.10.02 20:25 B G:\Documents and Settings\bilbo\My Documents\Skate World\backup\FOLDERS\forum\images\demiZe Fire\lastpost.gif --> host215.ipowerweb.com /public_html/forum/images/demiZe Fire lastpost.gif
2004.10.02 20:25 B G:\Documents and Settings\bilbo\My Documents\Skate World\backup\FOLDERS\forum\images\demiZe Fire\lock_folder.gif --> host215.ipowerweb.com /public_html/forum/images/demiZe Fire lock_folder.gif
2004.10.02 20:25 B G:\Documents and Settings\bilbo\My Documents\Skate World\backup\FOLDERS\forum\images\demiZe Fire\moved_folder.gif --> host215.ipowerweb.com /public_html/forum/images/demiZe Fire moved_folder.gif
2004.10.02 20:25 B G:\Documents and Settings\bilbo\My Documents\Skate World\backup\FOLDERS\forum\images\demiZe Fire\msn.gif --> host215.ipowerweb.com /public_html/forum/images/demiZe Fire msn.gif
2004.10.02 20:25 B G:\Documents and Settings\bilbo\My Documents\Skate World\backup\FOLDERS\forum\images\demiZe Fire\newtopic.gif --> host215.ipowerweb.com /public_html/forum/images/demiZe Fire newtopic.gif
2004.10.02 20:25 B G:\Documents and Settings\bilbo\My Documents\Skate World\backup\FOLDERS\forum\images\demiZe Fire\online.gif --> host215.ipowerweb.com /public_html/forum/images/demiZe Fire online.gif
2004.10.02 20:25 B G:\Documents and Settings\bilbo\My Documents\Skate World\backup\FOLDERS\forum\images\demiZe Fire\openav.gif --> host215.ipowerweb.com /public_html/forum/images/demiZe Fire openav.gif
2004.10.02 20:25 B G:\Documents and Settings\bilbo\My Documents\Skate World\backup\FOLDERS\forum\images\demiZe Fire\pin.gif --> host215.ipowerweb.com /public_html/forum/images/demiZe Fire pin.gif
2004.10.02 20:25 B G:\Documents and Settings\bilbo\My Documents\Skate World\backup\FOLDERS\forum\images\demiZe Fire\pixel.gif --> host215.ipowerweb.com /public_html/forum/images/demiZe Fire pixel.gif
2004.10.02 20:25 B G:\Documents and Settings\bilbo\My Documents\Skate World\backup\FOLDERS\forum\images\demiZe Fire\poll.gif --> host215.ipowerweb.com /public_html/forum/images/demiZe Fire poll.gif
2004.10.02 20:25 B G:\Documents and Settings\bilbo\My Documents\Skate World\backup\FOLDERS\forum\images\demiZe Fire\pollbar-e.gif --> host215.ipowerweb.com /public_html/forum/images/demiZe Fire pollbar-e.gif
2004.10.02 20:25 B G:\Documents and Settings\bilbo\My Documents\Skate World\backup\FOLDERS\forum\images\demiZe Fire\pollbar-s.gif --> host215.ipowerweb.com /public_html/forum/images/demiZe Fire pollbar-s.gif
2004.10.02 20:25 B G:\Documents and Settings\bilbo\My Documents\Skate World\backup\FOLDERS\forum\images\demiZe Fire\pollbar.gif --> host215.ipowerweb.com /public_html/forum/images/demiZe Fire pollbar.gif
2004.10.02 20:25 B G:\Documents and Settings\bilbo\My Documents\Skate World\backup\FOLDERS\forum\images\demiZe Fire\pollsmall.gif --> host215.ipowerweb.com /public_html/forum/images/demiZe Fire pollsmall.gif
2004.10.02 20:25 B G:\Documents and Settings\bilbo\My Documents\Skate World\backup\FOLDERS\forum\images\demiZe Fire\profile.gif --> host215.ipowerweb.com /public_html/forum/images/demiZe Fire profile.gif
2004.10.02 20:25 B G:\Documents and Settings\bilbo\My Documents\Skate World\backup\FOLDERS\forum\images\demiZe Fire\quote.gif --> host215.ipowerweb.com /public_html/forum/images/demiZe Fire quote.gif
2004.10.02 20:25 B G:\Documents and Settings\bilbo\My Documents\Skate World\backup\FOLDERS\forum\images\demiZe Fire\red_folder.gif --> host215.ipowerweb.com /public_html/forum/images/demiZe Fire red_folder.gif
2004.10.02 20:25 B G:\Documents and Settings\bilbo\My Documents\Skate World\backup\FOLDERS\forum\images\demiZe Fire\reply.gif --> host215.ipowerweb.com /public_html/forum/images/demiZe Fire reply.gif
2004.10.02 20:25 B G:\Documents and Settings\bilbo\My Documents\Skate World\backup\FOLDERS\forum\images\demiZe Fire\report.gif --> host215.ipowerweb.com /public_html/forum/images/demiZe Fire report.gif
2004.10.02 20:25 B G:\Documents and Settings\bilbo\My Documents\Skate World\backup\FOLDERS\forum\images\demiZe Fire\resolved.gif --> host215.ipowerweb.com /public_html/forum/images/demiZe Fire resolved.gif
2004.10.02 20:25 B G:\Documents and Settings\bilbo\My Documents\Skate World\backup\FOLDERS\forum\images\demiZe Fire\send.gif --> host215.ipowerweb.com /public_html/forum/images/demiZe Fire send.gif
2004.10.02 20:25 B G:\Documents and Settings\bilbo\My Documents\Skate World\backup\FOLDERS\forum\images\demiZe Fire\site.gif --> host215.ipowerweb.com /public_html/forum/images/demiZe Fire site.gif
2004.10.02 20:25 B G:\Documents and Settings\bilbo\My Documents\Skate World\backup\FOLDERS\forum\images\demiZe Fire\star.gif --> host215.ipowerweb.com /public_html/forum/images/demiZe Fire star.gif
2004.10.02 20:25 B G:\Documents and Settings\bilbo\My Documents\Skate World\backup\FOLDERS\forum\images\demiZe Fire\stats.gif --> host215.ipowerweb.com /public_html/forum/images/demiZe Fire stats.gif
2004.10.02 20:25 B G:\Documents and Settings\bilbo\My Documents\Skate World\backup\FOLDERS\forum\images\demiZe Fire\Thumbs.db --> host215.ipowerweb.com /public_html/forum/images/demiZe Fire Thumbs.db
2004.10.02 20:25 B G:\Documents and Settings\bilbo\My Documents\Skate World\backup\FOLDERS\forum\images\demiZe Fire\topav.gif --> host215.ipowerweb.com /public_html/forum/images/demiZe Fire topav.gif
2004.10.02 20:25 B G:\Documents and Settings\bilbo\My Documents\Skate World\backup\FOLDERS\forum\images\demiZe Fire\u2u.gif --> host215.ipowerweb.com /public_html/forum/images/demiZe Fire u2u.gif
2004.10.02 20:25 B G:\Documents and Settings\bilbo\My Documents\Skate World\backup\FOLDERS\forum\images\demiZe Fire\unresolved.gif --> host215.ipowerweb.com /public_html/forum/images/demiZe Fire unresolved.gif
2004.10.02 20:25 B G:\Documents and Settings\bilbo\My Documents\Skate World\backup\FOLDERS\forum\images\demiZe Fire\WS_FTP.LOG --> host215.ipowerweb.com /public_html/forum/images/demiZe Fire WS_FTP.LOG
2004.10.02 20:25 B G:\Documents and Settings\bilbo\My Documents\Skate World\backup\FOLDERS\forum\images\demiZe Fire\xmbheader.gif --> host215.ipowerweb.com /public_html/forum/images/demiZe Fire xmbheader.gif
2004.10.02 20:25 B G:\Documents and Settings\bilbo\My Documents\Skate World\backup\FOLDERS\forum\images\demiZe Fire\yahoo.gif --> host215.ipowerweb.com /public_html/forum/images/demiZe Fire yahoo.gif
2004.10.02 20:32 B G:\Documents and Settings\bilbo\My Documents\Skate World\backup\FOLDERS\forum\images\demiZe Fire\WS_FTP.LOG --> host215.ipowerweb.com /public_html/forum/images/demiZe Fire WS_FTP.LOG
