2003.11.15 12:53 B E:\Documents and Settings\Adam Knox\My Documents\Web Sites\future skate world\html\current design\content\adam_pics.html --> ftp.skate-world.net /public_html/betasite/content adam_pics.html
2003.11.15 12:53 B E:\Documents and Settings\Adam Knox\My Documents\Web Sites\future skate world\html\current design\content\adam_vids.html --> ftp.skate-world.net /public_html/betasite/content adam_vids.html
2003.11.15 12:54 B E:\Documents and Settings\Adam Knox\My Documents\Web Sites\future skate world\html\current design\content\blank.html --> ftp.skate-world.net /public_html/betasite/content blank.html
2003.11.15 12:54 B E:\Documents and Settings\Adam Knox\My Documents\Web Sites\future skate world\html\current design\content\jobs.html --> ftp.skate-world.net /public_html/betasite/content jobs.html
2003.11.15 12:54 B E:\Documents and Settings\Adam Knox\My Documents\Web Sites\future skate world\html\current design\content\nav.html --> ftp.skate-world.net /public_html/betasite/content nav.html
2003.11.15 12:54 B E:\Documents and Settings\Adam Knox\My Documents\Web Sites\future skate world\html\current design\content\newsfornow.html --> ftp.skate-world.net /public_html/betasite/content newsfornow.html
2003.11.15 12:54 B E:\Documents and Settings\Adam Knox\My Documents\Web Sites\future skate world\html\current design\content\pictures.html --> ftp.skate-world.net /public_html/betasite/content pictures.html
2003.11.15 12:54 B E:\Documents and Settings\Adam Knox\My Documents\Web Sites\future skate world\html\current design\content\reviews.html --> ftp.skate-world.net /public_html/betasite/content reviews.html
2003.11.15 12:54 B E:\Documents and Settings\Adam Knox\My Documents\Web Sites\future skate world\html\current design\content\skate_team.html --> ftp.skate-world.net /public_html/betasite/content skate_team.html
2003.11.15 12:54 B E:\Documents and Settings\Adam Knox\My Documents\Web Sites\future skate world\html\current design\content\trick_tips.html --> ftp.skate-world.net /public_html/betasite/content trick_tips.html
2003.11.15 12:54 B E:\Documents and Settings\Adam Knox\My Documents\Web Sites\future skate world\html\current design\content\videos.html --> ftp.skate-world.net /public_html/betasite/content videos.html
2003.11.16 01:23 B E:\Documents and Settings\Adam Knox\My Documents\Web Sites\future skate world\html\current design\site\content\adam_pics.html --> ftp.skate-world.net /public_html/betasite/site/content adam_pics.html
2003.11.16 01:23 B E:\Documents and Settings\Adam Knox\My Documents\Web Sites\future skate world\html\current design\site\content\adam_vids.html --> ftp.skate-world.net /public_html/betasite/site/content adam_vids.html
2003.11.16 01:23 B E:\Documents and Settings\Adam Knox\My Documents\Web Sites\future skate world\html\current design\site\content\blank.html --> ftp.skate-world.net /public_html/betasite/site/content blank.html
2003.11.16 01:23 B E:\Documents and Settings\Adam Knox\My Documents\Web Sites\future skate world\html\current design\site\content\jobs.html --> ftp.skate-world.net /public_html/betasite/site/content jobs.html
2003.11.16 01:23 B E:\Documents and Settings\Adam Knox\My Documents\Web Sites\future skate world\html\current design\site\content\nav.html --> ftp.skate-world.net /public_html/betasite/site/content nav.html
2003.11.16 01:23 B E:\Documents and Settings\Adam Knox\My Documents\Web Sites\future skate world\html\current design\site\content\newsfornow.html --> ftp.skate-world.net /public_html/betasite/site/content newsfornow.html
2003.11.16 01:23 B E:\Documents and Settings\Adam Knox\My Documents\Web Sites\future skate world\html\current design\site\content\pictures.html --> ftp.skate-world.net /public_html/betasite/site/content pictures.html
2003.11.16 01:23 B E:\Documents and Settings\Adam Knox\My Documents\Web Sites\future skate world\html\current design\site\content\reviews.html --> ftp.skate-world.net /public_html/betasite/site/content reviews.html
2003.11.16 01:23 B E:\Documents and Settings\Adam Knox\My Documents\Web Sites\future skate world\html\current design\site\content\skate_team.html --> ftp.skate-world.net /public_html/betasite/site/content skate_team.html
2003.11.16 01:23 B E:\Documents and Settings\Adam Knox\My Documents\Web Sites\future skate world\html\current design\site\content\trick_tips.html --> ftp.skate-world.net /public_html/betasite/site/content trick_tips.html
2003.11.16 01:23 B E:\Documents and Settings\Adam Knox\My Documents\Web Sites\future skate world\html\current design\site\content\videos.html --> ftp.skate-world.net /public_html/betasite/site/content videos.html
2003.11.16 01:23 B E:\Documents and Settings\Adam Knox\My Documents\Web Sites\future skate world\html\current design\site\content\WS_FTP.LOG --> ftp.skate-world.net /public_html/betasite/site/content WS_FTP.LOG
2003.11.29 13:45 B E:\Documents and Settings\Adam Knox\My Documents\Web Sites\future skate world\html\current design\site\content\adam_pics.html --> ftp.skate-world.net /public_html/site/content adam_pics.html
2003.11.29 13:45 B E:\Documents and Settings\Adam Knox\My Documents\Web Sites\future skate world\html\current design\site\content\adam_vids.html --> ftp.skate-world.net /public_html/site/content adam_vids.html
2003.11.29 13:45 B E:\Documents and Settings\Adam Knox\My Documents\Web Sites\future skate world\html\current design\site\content\affiliates_home.html --> ftp.skate-world.net /public_html/site/content affiliates_home.html
2003.11.29 13:45 B E:\Documents and Settings\Adam Knox\My Documents\Web Sites\future skate world\html\current design\site\content\blank.html --> ftp.skate-world.net /public_html/site/content blank.html
2003.11.29 13:45 B E:\Documents and Settings\Adam Knox\My Documents\Web Sites\future skate world\html\current design\site\content\disabled.html --> ftp.skate-world.net /public_html/site/content disabled.html
2003.11.29 13:45 B E:\Documents and Settings\Adam Knox\My Documents\Web Sites\future skate world\html\current design\site\content\jobs.html --> ftp.skate-world.net /public_html/site/content jobs.html
2003.11.29 13:45 B E:\Documents and Settings\Adam Knox\My Documents\Web Sites\future skate world\html\current design\site\content\nav.html --> ftp.skate-world.net /public_html/site/content nav.html
2003.11.29 13:45 B E:\Documents and Settings\Adam Knox\My Documents\Web Sites\future skate world\html\current design\site\content\newsfornow.html --> ftp.skate-world.net /public_html/site/content newsfornow.html
2003.11.29 13:45 B E:\Documents and Settings\Adam Knox\My Documents\Web Sites\future skate world\html\current design\site\content\pictures.html --> ftp.skate-world.net /public_html/site/content pictures.html
2003.11.29 13:45 B E:\Documents and Settings\Adam Knox\My Documents\Web Sites\future skate world\html\current design\site\content\reviews.html --> ftp.skate-world.net /public_html/site/content reviews.html
2003.11.29 13:45 B E:\Documents and Settings\Adam Knox\My Documents\Web Sites\future skate world\html\current design\site\content\skate_team.html --> ftp.skate-world.net /public_html/site/content skate_team.html
2003.11.29 13:45 B E:\Documents and Settings\Adam Knox\My Documents\Web Sites\future skate world\html\current design\site\content\submit.html --> ftp.skate-world.net /public_html/site/content submit.html
2003.11.29 13:45 B E:\Documents and Settings\Adam Knox\My Documents\Web Sites\future skate world\html\current design\site\content\trick_tips.html --> ftp.skate-world.net /public_html/site/content trick_tips.html
2003.11.29 13:45 B E:\Documents and Settings\Adam Knox\My Documents\Web Sites\future skate world\html\current design\site\content\videos.html --> ftp.skate-world.net /public_html/site/content videos.html
2003.11.29 13:45 B E:\Documents and Settings\Adam Knox\My Documents\Web Sites\future skate world\html\current design\site\content\vote_home.html --> ftp.skate-world.net /public_html/site/content vote_home.html
2003.11.29 13:45 B E:\Documents and Settings\Adam Knox\My Documents\Web Sites\future skate world\html\current design\site\content\WS_FTP.LOG --> ftp.skate-world.net /public_html/site/content WS_FTP.LOG
2003.12.02 20:33 B E:\Documents and Settings\Adam Knox\My Documents\Web Sites\future skate world\html\current design\site\content\newsfornow.html --> ftp.skate-world.net /public_html/site/content newsfornow.html
2003.12.13 14:30 B E:\Documents and Settings\Adam Knox\My Documents\Web Sites\future skate world\html\current design\site\content\newsfornow.html --> ftp.skate-world.net /public_html/site/content newsfornow.html
2003.12.15 18:52 B E:\Documents and Settings\Adam Knox\My Documents\Web Sites\future skate world\html\current design\site\content\nav.html --> ftp.skate-world.net /public_html/site/content nav.html
2003.12.17 18:39 B E:\Documents and Settings\Adam Knox\My Documents\Web Sites\future skate world\html\current design\site\content\vote_home.html --> ftp.skate-world.net /public_html/site/content vote_home.html
2003.12.17 18:39 B E:\Documents and Settings\Adam Knox\My Documents\Web Sites\future skate world\html\current design\site\content\newsfornow.html --> ftp.skate-world.net /public_html/site/content newsfornow.html
2003.12.18 19:43 B E:\Documents and Settings\Adam Knox\My Documents\Web Sites\future skate world\html\current design\site\content\newsfornow.html --> ftp.skate-world.net /public_html/site/content newsfornow.html
2004.01.03 15:47 B E:\Documents and Settings\Adam Knox\My Documents\Web Sites\skate world\html\current design\site\content\newsfornow.html --> ftp.skate-world.net /public_html/site/content newsfornow.html
