2004.08.16 12:00 B E:\Documents and Settings\Adam Knox\Desktop\last skate world\XMB 1.9 Hacks\Avatar Gallery\memcp.php <-- Skate world /public_html memcp.php
2004.08.16 12:17 B E:\Documents and Settings\Adam Knox\Desktop\last skate world\XMB 1.9 Hacks\Avatar Gallery\avatars.php --> ftp.skate-world.net /public_html avatars.php
2004.08.16 12:19 B E:\Documents and Settings\Adam Knox\Desktop\last skate world\XMB 1.9 Hacks\Avatar Gallery\avatars.gif --> ftp.skate-world.net /public_html/images/blazin avatars.gif
2004.08.16 12:19 B E:\Documents and Settings\Adam Knox\Desktop\last skate world\XMB 1.9 Hacks\Avatar Gallery\topav.gif --> ftp.skate-world.net /public_html/images/blazin topav.gif
2004.08.16 12:19 B E:\Documents and Settings\Adam Knox\Desktop\last skate world\XMB 1.9 Hacks\Avatar Gallery\openav.gif --> ftp.skate-world.net /public_html/images/blazin openav.gif
2004.08.16 12:19 B E:\Documents and Settings\Adam Knox\Desktop\last skate world\XMB 1.9 Hacks\Avatar Gallery\closeav.gif --> ftp.skate-world.net /public_html/images/blazin closeav.gif
2004.08.16 12:19 B E:\Documents and Settings\Adam Knox\Desktop\last skate world\XMB 1.9 Hacks\Avatar Gallery\avatars.gif --> ftp.skate-world.net /public_html/images/demiZe Fire avatars.gif
2004.08.16 12:19 B E:\Documents and Settings\Adam Knox\Desktop\last skate world\XMB 1.9 Hacks\Avatar Gallery\topav.gif --> ftp.skate-world.net /public_html/images/demiZe Fire topav.gif
2004.08.16 12:19 B E:\Documents and Settings\Adam Knox\Desktop\last skate world\XMB 1.9 Hacks\Avatar Gallery\openav.gif --> ftp.skate-world.net /public_html/images/demiZe Fire openav.gif
2004.08.16 12:19 B E:\Documents and Settings\Adam Knox\Desktop\last skate world\XMB 1.9 Hacks\Avatar Gallery\closeav.gif --> ftp.skate-world.net /public_html/images/demiZe Fire closeav.gif
2004.08.16 12:19 B E:\Documents and Settings\Adam Knox\Desktop\last skate world\XMB 1.9 Hacks\Avatar Gallery\avatars.gif --> ftp.skate-world.net /public_html/images/demiZe Spliff avatars.gif
2004.08.16 12:19 B E:\Documents and Settings\Adam Knox\Desktop\last skate world\XMB 1.9 Hacks\Avatar Gallery\topav.gif --> ftp.skate-world.net /public_html/images/demiZe Spliff topav.gif
2004.08.16 12:19 B E:\Documents and Settings\Adam Knox\Desktop\last skate world\XMB 1.9 Hacks\Avatar Gallery\openav.gif --> ftp.skate-world.net /public_html/images/demiZe Spliff openav.gif
2004.08.16 12:19 B E:\Documents and Settings\Adam Knox\Desktop\last skate world\XMB 1.9 Hacks\Avatar Gallery\closeav.gif --> ftp.skate-world.net /public_html/images/demiZe Spliff closeav.gif
2004.08.16 12:19 B E:\Documents and Settings\Adam Knox\Desktop\last skate world\XMB 1.9 Hacks\Avatar Gallery\avatars.gif --> ftp.skate-world.net /public_html/images/designx avatars.gif
2004.08.16 12:19 B E:\Documents and Settings\Adam Knox\Desktop\last skate world\XMB 1.9 Hacks\Avatar Gallery\topav.gif --> ftp.skate-world.net /public_html/images/designx topav.gif
2004.08.16 12:20 B E:\Documents and Settings\Adam Knox\Desktop\last skate world\XMB 1.9 Hacks\Avatar Gallery\openav.gif --> ftp.skate-world.net /public_html/images/designx openav.gif
2004.08.16 12:20 B E:\Documents and Settings\Adam Knox\Desktop\last skate world\XMB 1.9 Hacks\Avatar Gallery\closeav.gif --> ftp.skate-world.net /public_html/images/designx closeav.gif
2004.08.16 12:20 B E:\Documents and Settings\Adam Knox\Desktop\last skate world\XMB 1.9 Hacks\Avatar Gallery\avatars.gif --> ftp.skate-world.net /public_html/images/enker avatars.gif
2004.08.16 12:20 B E:\Documents and Settings\Adam Knox\Desktop\last skate world\XMB 1.9 Hacks\Avatar Gallery\topav.gif --> ftp.skate-world.net /public_html/images/enker topav.gif
2004.08.16 12:20 B E:\Documents and Settings\Adam Knox\Desktop\last skate world\XMB 1.9 Hacks\Avatar Gallery\openav.gif --> ftp.skate-world.net /public_html/images/enker openav.gif
2004.08.16 12:20 B E:\Documents and Settings\Adam Knox\Desktop\last skate world\XMB 1.9 Hacks\Avatar Gallery\closeav.gif --> ftp.skate-world.net /public_html/images/enker closeav.gif
2004.08.16 12:20 B E:\Documents and Settings\Adam Knox\Desktop\last skate world\XMB 1.9 Hacks\Avatar Gallery\avatars.gif --> ftp.skate-world.net /public_html/images/greyalliance avatars.gif
2004.08.16 12:20 B E:\Documents and Settings\Adam Knox\Desktop\last skate world\XMB 1.9 Hacks\Avatar Gallery\topav.gif --> ftp.skate-world.net /public_html/images/greyalliance topav.gif
2004.08.16 12:20 B E:\Documents and Settings\Adam Knox\Desktop\last skate world\XMB 1.9 Hacks\Avatar Gallery\openav.gif --> ftp.skate-world.net /public_html/images/greyalliance openav.gif
2004.08.16 12:20 B E:\Documents and Settings\Adam Knox\Desktop\last skate world\XMB 1.9 Hacks\Avatar Gallery\closeav.gif --> ftp.skate-world.net /public_html/images/greyalliance closeav.gif
2004.08.16 12:20 B E:\Documents and Settings\Adam Knox\Desktop\last skate world\XMB 1.9 Hacks\Avatar Gallery\avatars.gif --> ftp.skate-world.net /public_html/images/iconic avatars.gif
2004.08.16 12:20 B E:\Documents and Settings\Adam Knox\Desktop\last skate world\XMB 1.9 Hacks\Avatar Gallery\topav.gif --> ftp.skate-world.net /public_html/images/iconic topav.gif
2004.08.16 12:20 B E:\Documents and Settings\Adam Knox\Desktop\last skate world\XMB 1.9 Hacks\Avatar Gallery\openav.gif --> ftp.skate-world.net /public_html/images/iconic openav.gif
2004.08.16 12:20 B E:\Documents and Settings\Adam Knox\Desktop\last skate world\XMB 1.9 Hacks\Avatar Gallery\closeav.gif --> ftp.skate-world.net /public_html/images/iconic closeav.gif
2004.08.16 12:20 B E:\Documents and Settings\Adam Knox\Desktop\last skate world\XMB 1.9 Hacks\Avatar Gallery\avatars.gif --> ftp.skate-world.net /public_html/images/reborn avatars.gif
2004.08.16 12:20 B E:\Documents and Settings\Adam Knox\Desktop\last skate world\XMB 1.9 Hacks\Avatar Gallery\topav.gif --> ftp.skate-world.net /public_html/images/reborn topav.gif
2004.08.16 12:20 B E:\Documents and Settings\Adam Knox\Desktop\last skate world\XMB 1.9 Hacks\Avatar Gallery\openav.gif --> ftp.skate-world.net /public_html/images/reborn openav.gif
2004.08.16 12:20 B E:\Documents and Settings\Adam Knox\Desktop\last skate world\XMB 1.9 Hacks\Avatar Gallery\closeav.gif --> ftp.skate-world.net /public_html/images/reborn closeav.gif
2004.08.16 12:21 B E:\Documents and Settings\Adam Knox\Desktop\last skate world\XMB 1.9 Hacks\Avatar Gallery\avatars.gif --> ftp.skate-world.net /public_html/images/reflections avatars.gif
2004.08.16 12:21 B E:\Documents and Settings\Adam Knox\Desktop\last skate world\XMB 1.9 Hacks\Avatar Gallery\topav.gif --> ftp.skate-world.net /public_html/images/reflections topav.gif
2004.08.16 12:21 B E:\Documents and Settings\Adam Knox\Desktop\last skate world\XMB 1.9 Hacks\Avatar Gallery\openav.gif --> ftp.skate-world.net /public_html/images/reflections openav.gif
2004.08.16 12:21 B E:\Documents and Settings\Adam Knox\Desktop\last skate world\XMB 1.9 Hacks\Avatar Gallery\closeav.gif --> ftp.skate-world.net /public_html/images/reflections closeav.gif
2004.08.16 12:21 B E:\Documents and Settings\Adam Knox\Desktop\last skate world\XMB 1.9 Hacks\Avatar Gallery\avatars.gif --> ftp.skate-world.net /public_html/images/xmb_ultra avatars.gif
2004.08.16 12:21 B E:\Documents and Settings\Adam Knox\Desktop\last skate world\XMB 1.9 Hacks\Avatar Gallery\topav.gif --> ftp.skate-world.net /public_html/images/xmb_ultra topav.gif
2004.08.16 12:21 B E:\Documents and Settings\Adam Knox\Desktop\last skate world\XMB 1.9 Hacks\Avatar Gallery\openav.gif --> ftp.skate-world.net /public_html/images/xmb_ultra openav.gif
2004.08.16 12:21 B E:\Documents and Settings\Adam Knox\Desktop\last skate world\XMB 1.9 Hacks\Avatar Gallery\closeav.gif --> ftp.skate-world.net /public_html/images/xmb_ultra closeav.gif
2004.08.16 12:21 B E:\Documents and Settings\Adam Knox\Desktop\last skate world\XMB 1.9 Hacks\Avatar Gallery\avatars.gif --> ftp.skate-world.net /public_html/images/xmb_xtreme avatars.gif
2004.08.16 12:21 B E:\Documents and Settings\Adam Knox\Desktop\last skate world\XMB 1.9 Hacks\Avatar Gallery\topav.gif --> ftp.skate-world.net /public_html/images/xmb_xtreme topav.gif
2004.08.16 12:21 B E:\Documents and Settings\Adam Knox\Desktop\last skate world\XMB 1.9 Hacks\Avatar Gallery\openav.gif --> ftp.skate-world.net /public_html/images/xmb_xtreme openav.gif
2004.08.16 12:21 B E:\Documents and Settings\Adam Knox\Desktop\last skate world\XMB 1.9 Hacks\Avatar Gallery\closeav.gif --> ftp.skate-world.net /public_html/images/xmb_xtreme closeav.gif
2004.08.16 12:21 B E:\Documents and Settings\Adam Knox\Desktop\last skate world\XMB 1.9 Hacks\Avatar Gallery\avatars.gif --> ftp.skate-world.net /public_html/images/xmbsgold avatars.gif
2004.08.16 12:21 B E:\Documents and Settings\Adam Knox\Desktop\last skate world\XMB 1.9 Hacks\Avatar Gallery\topav.gif --> ftp.skate-world.net /public_html/images/xmbsgold topav.gif
2004.08.16 12:21 B E:\Documents and Settings\Adam Knox\Desktop\last skate world\XMB 1.9 Hacks\Avatar Gallery\openav.gif --> ftp.skate-world.net /public_html/images/xmbsgold openav.gif
2004.08.16 12:21 B E:\Documents and Settings\Adam Knox\Desktop\last skate world\XMB 1.9 Hacks\Avatar Gallery\closeav.gif --> ftp.skate-world.net /public_html/images/xmbsgold closeav.gif
2004.08.16 12:21 B E:\Documents and Settings\Adam Knox\Desktop\last skate world\XMB 1.9 Hacks\Avatar Gallery\avatars.gif --> ftp.skate-world.net /public_html/images/xpsilver avatars.gif
2004.08.16 12:21 B E:\Documents and Settings\Adam Knox\Desktop\last skate world\XMB 1.9 Hacks\Avatar Gallery\topav.gif --> ftp.skate-world.net /public_html/images/xpsilver topav.gif
2004.08.16 12:21 B E:\Documents and Settings\Adam Knox\Desktop\last skate world\XMB 1.9 Hacks\Avatar Gallery\openav.gif --> ftp.skate-world.net /public_html/images/xpsilver openav.gif
2004.08.16 12:21 B E:\Documents and Settings\Adam Knox\Desktop\last skate world\XMB 1.9 Hacks\Avatar Gallery\closeav.gif --> ftp.skate-world.net /public_html/images/xpsilver closeav.gif
2004.08.16 12:22 B E:\Documents and Settings\Adam Knox\Desktop\last skate world\XMB 1.9 Hacks\Avatar Gallery\avatars.gif --> ftp.skate-world.net /public_html/images/zelda avatars.gif
2004.08.16 12:22 B E:\Documents and Settings\Adam Knox\Desktop\last skate world\XMB 1.9 Hacks\Avatar Gallery\topav.gif --> ftp.skate-world.net /public_html/images/zelda topav.gif
2004.08.16 12:22 B E:\Documents and Settings\Adam Knox\Desktop\last skate world\XMB 1.9 Hacks\Avatar Gallery\openav.gif --> ftp.skate-world.net /public_html/images/zelda openav.gif
2004.08.16 12:22 B E:\Documents and Settings\Adam Knox\Desktop\last skate world\XMB 1.9 Hacks\Avatar Gallery\closeav.gif --> ftp.skate-world.net /public_html/images/zelda closeav.gif
2004.08.16 12:27 B E:\Documents and Settings\Adam Knox\Desktop\last skate world\XMB 1.9 Hacks\Avatar Gallery\avatars.php --> ftp.skate-world.net /public_html avatars.php
2004.08.16 12:30 B E:\Documents and Settings\Adam Knox\Desktop\last skate world\XMB 1.9 Hacks\Avatar Gallery\avatars.php --> ftp.skate-world.net /public_html avatars.php
2004.08.16 12:30 B E:\Documents and Settings\Adam Knox\Desktop\last skate world\XMB 1.9 Hacks\Avatar Gallery\avatars.php --> ftp.skate-world.net /public_html avatars.php
