2004.05.26 20:02 B E:\Documents and Settings\Adam Knox\Desktop\shop hack\instshop.php --> ftp.skate-world.net /public_html/forum instshop.php
2004.05.26 20:02 B E:\Documents and Settings\Adam Knox\Desktop\shop hack\shop.php --> ftp.skate-world.net /public_html/forum shop.php
2004.05.26 20:02 B E:\Documents and Settings\Adam Knox\Desktop\shop hack\shop_admin.php --> ftp.skate-world.net /public_html/forum shop_admin.php
2004.05.26 20:02 B E:\Documents and Settings\Adam Knox\Desktop\shop hack\shop_auction_item.php --> ftp.skate-world.net /public_html/forum shop_auction_item.php
2004.05.26 20:02 B E:\Documents and Settings\Adam Knox\Desktop\shop hack\shop_bank.php --> ftp.skate-world.net /public_html/forum shop_bank.php
2004.05.26 20:02 B E:\Documents and Settings\Adam Knox\Desktop\shop hack\shop_category.php --> ftp.skate-world.net /public_html/forum shop_category.php
2004.05.26 20:02 B E:\Documents and Settings\Adam Knox\Desktop\shop hack\shop_edit.php --> ftp.skate-world.net /public_html/forum shop_edit.php
2004.05.26 20:02 B E:\Documents and Settings\Adam Knox\Desktop\shop hack\shop_item.php --> ftp.skate-world.net /public_html/forum shop_item.php
2004.05.26 20:02 B E:\Documents and Settings\Adam Knox\Desktop\shop hack\shop_search.php --> ftp.skate-world.net /public_html/forum shop_search.php
2004.05.26 20:02 B E:\Documents and Settings\Adam Knox\Desktop\shop hack\shop_stats.php --> ftp.skate-world.net /public_html/forum shop_stats.php
2004.05.26 20:03 B E:\Documents and Settings\Adam Knox\Desktop\shop hack\templates2.xmb --> ftp.skate-world.net /public_html/forum templates2.xmb
2004.05.26 20:29 B E:\Documents and Settings\Adam Knox\Desktop\shop hack\shop_admin.php --> ftp.skate-world.net /public_html/forum shop_admin.php
2004.05.26 20:33 B E:\Documents and Settings\Adam Knox\Desktop\shop hack\shop_admin.php --> ftp.skate-world.net /public_html/forum shop_admin.php
2004.05.27 15:16 B E:\Documents and Settings\Adam Knox\Desktop\shop hack\shop_admin.php --> ftp.skate-world.net /public_html/forum shop_admin.php
2004.05.27 15:19 B E:\Documents and Settings\Adam Knox\Desktop\shop hack\shop_admin.php --> ftp.skate-world.net /public_html/forum shop_admin.php
2004.05.27 16:19 B E:\Documents and Settings\Adam Knox\Desktop\shop hack\English.shop.php --> ftp.skate-world.net /public_html/forum/lang English.shop.php
2004.06.08 16:24 B E:\Documents and Settings\Adam Knox\Desktop\XMB 1.9 Hacks\Shop Hack\shop.php --> ftp.skate-world.net /public_html shop.php
2004.06.08 16:24 B E:\Documents and Settings\Adam Knox\Desktop\XMB 1.9 Hacks\Shop Hack\shop_admin.php --> ftp.skate-world.net /public_html shop_admin.php
2004.06.08 16:24 B E:\Documents and Settings\Adam Knox\Desktop\XMB 1.9 Hacks\Shop Hack\shop_auction_item.php --> ftp.skate-world.net /public_html shop_auction_item.php
2004.06.08 16:24 B E:\Documents and Settings\Adam Knox\Desktop\XMB 1.9 Hacks\Shop Hack\shop_bank.php --> ftp.skate-world.net /public_html shop_bank.php
2004.06.08 16:24 B E:\Documents and Settings\Adam Knox\Desktop\XMB 1.9 Hacks\Shop Hack\shop_category.php --> ftp.skate-world.net /public_html shop_category.php
2004.06.08 16:24 B E:\Documents and Settings\Adam Knox\Desktop\XMB 1.9 Hacks\Shop Hack\shop_edit.php --> ftp.skate-world.net /public_html shop_edit.php
2004.06.08 16:24 B E:\Documents and Settings\Adam Knox\Desktop\XMB 1.9 Hacks\Shop Hack\shop_item.php --> ftp.skate-world.net /public_html shop_item.php
2004.06.08 16:24 B E:\Documents and Settings\Adam Knox\Desktop\XMB 1.9 Hacks\Shop Hack\shop_search.php --> ftp.skate-world.net /public_html shop_search.php
2004.06.08 16:24 B E:\Documents and Settings\Adam Knox\Desktop\XMB 1.9 Hacks\Shop Hack\shop_stats.php --> ftp.skate-world.net /public_html shop_stats.php
