2004.03.31 18:48 B E:\Documents and Settings\Adam Knox\My Documents\Web Sites\skate world\html\future designs\design 4\news\upload\archive.php --> ftp.skate-world.net /public_html/news/upload archive.php
2004.03.31 18:48 B E:\Documents and Settings\Adam Knox\My Documents\Web Sites\skate world\html\future designs\design 4\news\upload\badwords.txt --> ftp.skate-world.net /public_html/news/upload badwords.txt
2004.03.31 18:48 B E:\Documents and Settings\Adam Knox\My Documents\Web Sites\skate world\html\future designs\design 4\news\upload\banned.php --> ftp.skate-world.net /public_html/news/upload banned.php
2004.03.31 18:48 B E:\Documents and Settings\Adam Knox\My Documents\Web Sites\skate world\html\future designs\design 4\news\upload\comments.php --> ftp.skate-world.net /public_html/news/upload comments.php
2004.03.31 18:48 B E:\Documents and Settings\Adam Knox\My Documents\Web Sites\skate world\html\future designs\design 4\news\upload\config.php --> ftp.skate-world.net /public_html/news/upload config.php
2004.03.31 18:48 B E:\Documents and Settings\Adam Knox\My Documents\Web Sites\skate world\html\future designs\design 4\news\upload\db_convertor.php --> ftp.skate-world.net /public_html/news/upload db_convertor.php
2004.03.31 18:48 B E:\Documents and Settings\Adam Knox\My Documents\Web Sites\skate world\html\future designs\design 4\news\upload\flood.php --> ftp.skate-world.net /public_html/news/upload flood.php
2004.03.31 18:48 B E:\Documents and Settings\Adam Knox\My Documents\Web Sites\skate world\html\future designs\design 4\news\upload\fullnews.php --> ftp.skate-world.net /public_html/news/upload fullnews.php
2004.03.31 18:48 B E:\Documents and Settings\Adam Knox\My Documents\Web Sites\skate world\html\future designs\design 4\news\upload\functions.php --> ftp.skate-world.net /public_html/news/upload functions.php
2004.03.31 18:48 B E:\Documents and Settings\Adam Knox\My Documents\Web Sites\skate world\html\future designs\design 4\news\upload\fusionnews.xml --> ftp.skate-world.net /public_html/news/upload fusionnews.xml
2004.03.31 18:48 B E:\Documents and Settings\Adam Knox\My Documents\Web Sites\skate world\html\future designs\design 4\news\upload\headlines.php --> ftp.skate-world.net /public_html/news/upload headlines.php
2004.03.31 18:48 B E:\Documents and Settings\Adam Knox\My Documents\Web Sites\skate world\html\future designs\design 4\news\upload\index.php --> ftp.skate-world.net /public_html/news/upload index.php
2004.03.31 18:48 B E:\Documents and Settings\Adam Knox\My Documents\Web Sites\skate world\html\future designs\design 4\news\upload\installer.php --> ftp.skate-world.net /public_html/news/upload installer.php
2004.03.31 18:48 B E:\Documents and Settings\Adam Knox\My Documents\Web Sites\skate world\html\future designs\design 4\news\upload\jsfunc.js --> ftp.skate-world.net /public_html/news/upload jsfunc.js
2004.03.31 18:49 B E:\Documents and Settings\Adam Knox\My Documents\Web Sites\skate world\html\future designs\design 4\news\upload\language.db --> ftp.skate-world.net /public_html/news/upload language.db
2004.03.31 18:49 B E:\Documents and Settings\Adam Knox\My Documents\Web Sites\skate world\html\future designs\design 4\news\upload\news.php --> ftp.skate-world.net /public_html/news/upload news.php
2004.03.31 18:49 B E:\Documents and Settings\Adam Knox\My Documents\Web Sites\skate world\html\future designs\design 4\news\upload\search.php --> ftp.skate-world.net /public_html/news/upload search.php
2004.03.31 18:49 B E:\Documents and Settings\Adam Knox\My Documents\Web Sites\skate world\html\future designs\design 4\news\upload\send.php --> ftp.skate-world.net /public_html/news/upload send.php
2004.03.31 18:49 B E:\Documents and Settings\Adam Knox\My Documents\Web Sites\skate world\html\future designs\design 4\news\upload\smillies.db --> ftp.skate-world.net /public_html/news/upload smillies.db
2004.03.31 18:49 B E:\Documents and Settings\Adam Knox\My Documents\Web Sites\skate world\html\future designs\design 4\news\upload\upload.php --> ftp.skate-world.net /public_html/news/upload upload.php
2004.03.31 18:49 B E:\Documents and Settings\Adam Knox\My Documents\Web Sites\skate world\html\future designs\design 4\news\upload\users.php --> ftp.skate-world.net /public_html/news/upload users.php
2004.03.31 19:03 B E:\Documents and Settings\Adam Knox\My Documents\Web Sites\skate world\html\future designs\design 4\news\upload\config.php --> ftp.skate-world.net /public_html/news/upload config.php
2004.03.31 19:04 B E:\Documents and Settings\Adam Knox\My Documents\Web Sites\skate world\html\future designs\design 4\news\upload\config.php --> ftp.skate-world.net /public_html/news/upload config.php
2004.03.31 19:06 B E:\Documents and Settings\Adam Knox\My Documents\Web Sites\skate world\html\future designs\design 4\news\upload\db_convertor.php --> ftp.skate-world.net /public_html/news/upload db_convertor.php
2004.03.31 19:07 B E:\Documents and Settings\Adam Knox\My Documents\Web Sites\skate world\html\future designs\design 4\news\upload\installer.php --> ftp.skate-world.net /public_html/news/upload installer.php
2004.03.31 19:10 B E:\Documents and Settings\Adam Knox\My Documents\Web Sites\skate world\html\future designs\design 4\news\upload\index.php --> ftp.skate-world.net /public_html/news/upload index.php
2004.03.31 19:21 B E:\Documents and Settings\Adam Knox\My Documents\Web Sites\skate world\html\future designs\design 4\news\upload\fullnews.php --> ftp.skate-world.net /public_html/news/upload fullnews.php
2004.03.31 19:27 B E:\Documents and Settings\Adam Knox\My Documents\Web Sites\skate world\html\future designs\design 4\news\upload\news.php --> ftp.skate-world.net /public_html news.php
