2004.07.07 17:17 B E:\Documents and Settings\Adam Knox\Desktop\last skate world\XMB 1.9 Hacks\themes\designx\address.gif --> ftp.skate-world.net /public_html/images/designx address.gif
2004.07.07 17:17 B E:\Documents and Settings\Adam Knox\Desktop\last skate world\XMB 1.9 Hacks\themes\designx\aim.gif --> ftp.skate-world.net /public_html/images/designx aim.gif
2004.07.07 17:17 B E:\Documents and Settings\Adam Knox\Desktop\last skate world\XMB 1.9 Hacks\themes\designx\arrow_dw.gif --> ftp.skate-world.net /public_html/images/designx arrow_dw.gif
2004.07.07 17:17 B E:\Documents and Settings\Adam Knox\Desktop\last skate world\XMB 1.9 Hacks\themes\designx\arrow_up.gif --> ftp.skate-world.net /public_html/images/designx arrow_up.gif
2004.07.07 17:17 B E:\Documents and Settings\Adam Knox\Desktop\last skate world\XMB 1.9 Hacks\themes\designx\bb_bold.gif --> ftp.skate-world.net /public_html/images/designx bb_bold.gif
2004.07.07 17:17 B E:\Documents and Settings\Adam Knox\Desktop\last skate world\XMB 1.9 Hacks\themes\designx\bb_center.gif --> ftp.skate-world.net /public_html/images/designx bb_center.gif
2004.07.07 17:17 B E:\Documents and Settings\Adam Knox\Desktop\last skate world\XMB 1.9 Hacks\themes\designx\bb_code.gif --> ftp.skate-world.net /public_html/images/designx bb_code.gif
2004.07.07 17:17 B E:\Documents and Settings\Adam Knox\Desktop\last skate world\XMB 1.9 Hacks\themes\designx\bb_email.gif --> ftp.skate-world.net /public_html/images/designx bb_email.gif
2004.07.07 17:17 B E:\Documents and Settings\Adam Knox\Desktop\last skate world\XMB 1.9 Hacks\themes\designx\bb_image.gif --> ftp.skate-world.net /public_html/images/designx bb_image.gif
2004.07.07 17:17 B E:\Documents and Settings\Adam Knox\Desktop\last skate world\XMB 1.9 Hacks\themes\designx\bb_italicize.gif --> ftp.skate-world.net /public_html/images/designx bb_italicize.gif
2004.07.07 17:17 B E:\Documents and Settings\Adam Knox\Desktop\last skate world\XMB 1.9 Hacks\themes\designx\bb_list.gif --> ftp.skate-world.net /public_html/images/designx bb_list.gif
2004.07.07 17:17 B E:\Documents and Settings\Adam Knox\Desktop\last skate world\XMB 1.9 Hacks\themes\designx\bb_quote.gif --> ftp.skate-world.net /public_html/images/designx bb_quote.gif
2004.07.07 17:17 B E:\Documents and Settings\Adam Knox\Desktop\last skate world\XMB 1.9 Hacks\themes\designx\bb_underline.gif --> ftp.skate-world.net /public_html/images/designx bb_underline.gif
2004.07.07 17:17 B E:\Documents and Settings\Adam Knox\Desktop\last skate world\XMB 1.9 Hacks\themes\designx\bb_url.gif --> ftp.skate-world.net /public_html/images/designx bb_url.gif
2004.07.07 17:17 B E:\Documents and Settings\Adam Knox\Desktop\last skate world\XMB 1.9 Hacks\themes\designx\bbrules.gif --> ftp.skate-world.net /public_html/images/designx bbrules.gif
2004.07.07 17:17 B E:\Documents and Settings\Adam Knox\Desktop\last skate world\XMB 1.9 Hacks\themes\designx\categ.gif --> ftp.skate-world.net /public_html/images/designx categ.gif
2004.07.07 17:17 B E:\Documents and Settings\Adam Knox\Desktop\last skate world\XMB 1.9 Hacks\themes\designx\desbg.gif --> ftp.skate-world.net /public_html/images/designx desbg.gif
2004.07.07 17:17 B E:\Documents and Settings\Adam Knox\Desktop\last skate world\XMB 1.9 Hacks\themes\designx\designx.xmb --> ftp.skate-world.net /public_html/images/designx designx.xmb
2004.07.07 17:17 B E:\Documents and Settings\Adam Knox\Desktop\last skate world\XMB 1.9 Hacks\themes\designx\dot_folder.gif --> ftp.skate-world.net /public_html/images/designx dot_folder.gif
2004.07.07 17:17 B E:\Documents and Settings\Adam Knox\Desktop\last skate world\XMB 1.9 Hacks\themes\designx\dot_hot_folder.gif --> ftp.skate-world.net /public_html/images/designx dot_hot_folder.gif
2004.07.07 17:17 B E:\Documents and Settings\Adam Knox\Desktop\last skate world\XMB 1.9 Hacks\themes\designx\dot_hot_red_folder.gif --> ftp.skate-world.net /public_html/images/designx dot_hot_red_folder.gif
2004.07.07 17:17 B E:\Documents and Settings\Adam Knox\Desktop\last skate world\XMB 1.9 Hacks\themes\designx\dot_red_folder.gif --> ftp.skate-world.net /public_html/images/designx dot_red_folder.gif
2004.07.07 17:17 B E:\Documents and Settings\Adam Knox\Desktop\last skate world\XMB 1.9 Hacks\themes\designx\edit.gif --> ftp.skate-world.net /public_html/images/designx edit.gif
2004.07.07 17:17 B E:\Documents and Settings\Adam Knox\Desktop\last skate world\XMB 1.9 Hacks\themes\designx\email.gif --> ftp.skate-world.net /public_html/images/designx email.gif
2004.07.07 17:17 B E:\Documents and Settings\Adam Knox\Desktop\last skate world\XMB 1.9 Hacks\themes\designx\faq.gif --> ftp.skate-world.net /public_html/images/designx faq.gif
2004.07.07 17:17 B E:\Documents and Settings\Adam Knox\Desktop\last skate world\XMB 1.9 Hacks\themes\designx\find.gif --> ftp.skate-world.net /public_html/images/designx find.gif
2004.07.07 17:17 B E:\Documents and Settings\Adam Knox\Desktop\last skate world\XMB 1.9 Hacks\themes\designx\folder.gif --> ftp.skate-world.net /public_html/images/designx folder.gif
2004.07.07 17:17 B E:\Documents and Settings\Adam Knox\Desktop\last skate world\XMB 1.9 Hacks\themes\designx\home.gif --> ftp.skate-world.net /public_html/images/designx home.gif
2004.07.07 17:17 B E:\Documents and Settings\Adam Knox\Desktop\last skate world\XMB 1.9 Hacks\themes\designx\hot_folder.gif --> ftp.skate-world.net /public_html/images/designx hot_folder.gif
2004.07.07 17:17 B E:\Documents and Settings\Adam Knox\Desktop\last skate world\XMB 1.9 Hacks\themes\designx\hot_red_folder.gif --> ftp.skate-world.net /public_html/images/designx hot_red_folder.gif
2004.07.07 17:17 B E:\Documents and Settings\Adam Knox\Desktop\last skate world\XMB 1.9 Hacks\themes\designx\icq_add.gif --> ftp.skate-world.net /public_html/images/designx icq_add.gif
2004.07.07 17:17 B E:\Documents and Settings\Adam Knox\Desktop\last skate world\XMB 1.9 Hacks\themes\designx\inbox.gif --> ftp.skate-world.net /public_html/images/designx inbox.gif
2004.07.07 17:17 B E:\Documents and Settings\Adam Knox\Desktop\last skate world\XMB 1.9 Hacks\themes\designx\ip.gif --> ftp.skate-world.net /public_html/images/designx ip.gif
2004.07.07 17:17 B E:\Documents and Settings\Adam Knox\Desktop\last skate world\XMB 1.9 Hacks\themes\designx\ipost.gif --> ftp.skate-world.net /public_html/images/designx ipost.gif
2004.07.07 17:17 B E:\Documents and Settings\Adam Knox\Desktop\last skate world\XMB 1.9 Hacks\themes\designx\lastpost.gif --> ftp.skate-world.net /public_html/images/designx lastpost.gif
2004.07.07 17:17 B E:\Documents and Settings\Adam Knox\Desktop\last skate world\XMB 1.9 Hacks\themes\designx\lock_folder.gif --> ftp.skate-world.net /public_html/images/designx lock_folder.gif
2004.07.07 17:17 B E:\Documents and Settings\Adam Knox\Desktop\last skate world\XMB 1.9 Hacks\themes\designx\locku2u.gif --> ftp.skate-world.net /public_html/images/designx locku2u.gif
2004.07.07 17:17 B E:\Documents and Settings\Adam Knox\Desktop\last skate world\XMB 1.9 Hacks\themes\designx\members_list.gif --> ftp.skate-world.net /public_html/images/designx members_list.gif
2004.07.07 17:17 B E:\Documents and Settings\Adam Knox\Desktop\last skate world\XMB 1.9 Hacks\themes\designx\msn.gif --> ftp.skate-world.net /public_html/images/designx msn.gif
2004.07.07 17:17 B E:\Documents and Settings\Adam Knox\Desktop\last skate world\XMB 1.9 Hacks\themes\designx\newtopic.gif --> ftp.skate-world.net /public_html/images/designx newtopic.gif
2004.07.07 17:17 B E:\Documents and Settings\Adam Knox\Desktop\last skate world\XMB 1.9 Hacks\themes\designx\newu2u.gif --> ftp.skate-world.net /public_html/images/designx newu2u.gif
2004.07.07 17:17 B E:\Documents and Settings\Adam Knox\Desktop\last skate world\XMB 1.9 Hacks\themes\designx\online.gif --> ftp.skate-world.net /public_html/images/designx online.gif
2004.07.07 17:17 B E:\Documents and Settings\Adam Knox\Desktop\last skate world\XMB 1.9 Hacks\themes\designx\outbox.gif --> ftp.skate-world.net /public_html/images/designx outbox.gif
2004.07.07 17:17 B E:\Documents and Settings\Adam Knox\Desktop\last skate world\XMB 1.9 Hacks\themes\designx\poll.gif --> ftp.skate-world.net /public_html/images/designx poll.gif
2004.07.07 17:17 B E:\Documents and Settings\Adam Knox\Desktop\last skate world\XMB 1.9 Hacks\themes\designx\pollbar-e.gif --> ftp.skate-world.net /public_html/images/designx pollbar-e.gif
2004.07.07 17:17 B E:\Documents and Settings\Adam Knox\Desktop\last skate world\XMB 1.9 Hacks\themes\designx\pollbar-s.gif --> ftp.skate-world.net /public_html/images/designx pollbar-s.gif
2004.07.07 17:17 B E:\Documents and Settings\Adam Knox\Desktop\last skate world\XMB 1.9 Hacks\themes\designx\pollbar.gif --> ftp.skate-world.net /public_html/images/designx pollbar.gif
2004.07.07 17:17 B E:\Documents and Settings\Adam Knox\Desktop\last skate world\XMB 1.9 Hacks\themes\designx\profile.gif --> ftp.skate-world.net /public_html/images/designx profile.gif
2004.07.07 17:17 B E:\Documents and Settings\Adam Knox\Desktop\last skate world\XMB 1.9 Hacks\themes\designx\quote.gif --> ftp.skate-world.net /public_html/images/designx quote.gif
2004.07.07 17:17 B E:\Documents and Settings\Adam Knox\Desktop\last skate world\XMB 1.9 Hacks\themes\designx\red_folder.gif --> ftp.skate-world.net /public_html/images/designx red_folder.gif
2004.07.07 17:17 B E:\Documents and Settings\Adam Knox\Desktop\last skate world\XMB 1.9 Hacks\themes\designx\reply.gif --> ftp.skate-world.net /public_html/images/designx reply.gif
2004.07.07 17:17 B E:\Documents and Settings\Adam Knox\Desktop\last skate world\XMB 1.9 Hacks\themes\designx\report.gif --> ftp.skate-world.net /public_html/images/designx report.gif
2004.07.07 17:17 B E:\Documents and Settings\Adam Knox\Desktop\last skate world\XMB 1.9 Hacks\themes\designx\search.gif --> ftp.skate-world.net /public_html/images/designx search.gif
2004.07.07 17:17 B E:\Documents and Settings\Adam Knox\Desktop\last skate world\XMB 1.9 Hacks\themes\designx\site.gif --> ftp.skate-world.net /public_html/images/designx site.gif
2004.07.07 17:17 B E:\Documents and Settings\Adam Knox\Desktop\last skate world\XMB 1.9 Hacks\themes\designx\star.gif --> ftp.skate-world.net /public_html/images/designx star.gif
2004.07.07 17:17 B E:\Documents and Settings\Adam Knox\Desktop\last skate world\XMB 1.9 Hacks\themes\designx\stats.gif --> ftp.skate-world.net /public_html/images/designx stats.gif
2004.07.07 17:17 B E:\Documents and Settings\Adam Knox\Desktop\last skate world\XMB 1.9 Hacks\themes\designx\Thumbs.db --> ftp.skate-world.net /public_html/images/designx Thumbs.db
2004.07.07 17:17 B E:\Documents and Settings\Adam Knox\Desktop\last skate world\XMB 1.9 Hacks\themes\designx\todays_posts.gif --> ftp.skate-world.net /public_html/images/designx todays_posts.gif
2004.07.07 17:17 B E:\Documents and Settings\Adam Knox\Desktop\last skate world\XMB 1.9 Hacks\themes\designx\u2u.gif --> ftp.skate-world.net /public_html/images/designx u2u.gif
2004.07.07 17:17 B E:\Documents and Settings\Adam Knox\Desktop\last skate world\XMB 1.9 Hacks\themes\designx\xmbheader.gif --> ftp.skate-world.net /public_html/images/designx xmbheader.gif
2004.07.07 17:17 B E:\Documents and Settings\Adam Knox\Desktop\last skate world\XMB 1.9 Hacks\themes\designx\yahoo.gif --> ftp.skate-world.net /public_html/images/designx yahoo.gif
2004.07.07 17:34 B E:\Documents and Settings\Adam Knox\Desktop\last skate world\XMB 1.9 Hacks\themes\designx\desbg.gif --> ftp.skate-world.net /public_html/images/designx desbg.gif
2004.07.08 17:32 B E:\Documents and Settings\Adam Knox\Desktop\last skate world\XMB 1.9 Hacks\themes\designx\desbg.gif --> ftp.skate-world.net /public_html/images/designx desbg.gif
2004.07.08 17:34 B E:\Documents and Settings\Adam Knox\Desktop\last skate world\XMB 1.9 Hacks\themes\designx\desbg.gif --> ftp.skate-world.net /public_html/images/designx desbg.gif
2004.07.08 17:35 B E:\Documents and Settings\Adam Knox\Desktop\last skate world\XMB 1.9 Hacks\themes\designx\desbg.psd --> ftp.skate-world.net /public_html/images/designx desbg.psd
2004.07.09 18:22 B E:\Documents and Settings\Adam Knox\Desktop\last skate world\XMB 1.9 Hacks\themes\designx\send.gif --> ftp.skate-world.net /public_html/images/designx send.gif
