2004.05.28 18:04 B E:\Documents and Settings\Adam Knox\My Documents\Web Sites\skate world\forumsite\images\shop\admin.gif <-- Skate world /public_html/forum/images/shop admin.gif
2004.05.28 18:04 B E:\Documents and Settings\Adam Knox\My Documents\Web Sites\skate world\forumsite\images\shop\delete.gif <-- Skate world /public_html/forum/images/shop delete.gif
2004.05.28 18:04 B E:\Documents and Settings\Adam Knox\My Documents\Web Sites\skate world\forumsite\images\shop\editcat.gif <-- Skate world /public_html/forum/images/shop editcat.gif
2004.05.28 18:04 B E:\Documents and Settings\Adam Knox\My Documents\Web Sites\skate world\forumsite\images\shop\edititem.gif <-- Skate world /public_html/forum/images/shop edititem.gif
2004.05.28 18:04 B E:\Documents and Settings\Adam Knox\My Documents\Web Sites\skate world\forumsite\images\shop\newcat.gif <-- Skate world /public_html/forum/images/shop newcat.gif
2004.05.28 18:04 B E:\Documents and Settings\Adam Knox\My Documents\Web Sites\skate world\forumsite\images\shop\newitem.gif <-- Skate world /public_html/forum/images/shop newitem.gif
2004.05.28 18:04 B E:\Documents and Settings\Adam Knox\My Documents\Web Sites\skate world\forumsite\images\shop\noitempic.gif <-- Skate world /public_html/forum/images/shop noitempic.gif
2004.05.28 18:04 B E:\Documents and Settings\Adam Knox\My Documents\Web Sites\skate world\forumsite\images\shop\picture.gif <-- Skate world /public_html/forum/images/shop picture.gif
2004.05.28 18:04 B E:\Documents and Settings\Adam Knox\My Documents\Web Sites\skate world\forumsite\images\shop\rate.gif <-- Skate world /public_html/forum/images/shop rate.gif
2004.05.28 18:04 B E:\Documents and Settings\Adam Knox\My Documents\Web Sites\skate world\forumsite\images\shop\search.gif <-- Skate world /public_html/forum/images/shop search.gif
2004.05.28 18:04 B E:\Documents and Settings\Adam Knox\My Documents\Web Sites\skate world\forumsite\images\shop\stats.gif <-- Skate world /public_html/forum/images/shop stats.gif
2004.05.28 18:04 B E:\Documents and Settings\Adam Knox\My Documents\Web Sites\skate world\forumsite\images\shop\Thumbs.db <-- Skate world /public_html/forum/images/shop Thumbs.db
2004.05.28 18:04 B E:\Documents and Settings\Adam Knox\My Documents\Web Sites\skate world\forumsite\images\shop\warning.gif <-- Skate world /public_html/forum/images/shop warning.gif
2004.05.28 18:20 B E:\Documents and Settings\Adam Knox\My Documents\Web Sites\skate world\forumsite\images\shop\admin.gif --> ftp.skate-world.net /public_html/images/shop admin.gif
2004.05.28 18:20 B E:\Documents and Settings\Adam Knox\My Documents\Web Sites\skate world\forumsite\images\shop\delete.gif --> ftp.skate-world.net /public_html/images/shop delete.gif
2004.05.28 18:20 B E:\Documents and Settings\Adam Knox\My Documents\Web Sites\skate world\forumsite\images\shop\editcat.gif --> ftp.skate-world.net /public_html/images/shop editcat.gif
2004.05.28 18:20 B E:\Documents and Settings\Adam Knox\My Documents\Web Sites\skate world\forumsite\images\shop\edititem.gif --> ftp.skate-world.net /public_html/images/shop edititem.gif
2004.05.28 18:20 B E:\Documents and Settings\Adam Knox\My Documents\Web Sites\skate world\forumsite\images\shop\newcat.gif --> ftp.skate-world.net /public_html/images/shop newcat.gif
2004.05.28 18:20 B E:\Documents and Settings\Adam Knox\My Documents\Web Sites\skate world\forumsite\images\shop\newitem.gif --> ftp.skate-world.net /public_html/images/shop newitem.gif
2004.05.28 18:20 B E:\Documents and Settings\Adam Knox\My Documents\Web Sites\skate world\forumsite\images\shop\noitempic.gif --> ftp.skate-world.net /public_html/images/shop noitempic.gif
2004.05.28 18:20 B E:\Documents and Settings\Adam Knox\My Documents\Web Sites\skate world\forumsite\images\shop\picture.gif --> ftp.skate-world.net /public_html/images/shop picture.gif
2004.05.28 18:20 B E:\Documents and Settings\Adam Knox\My Documents\Web Sites\skate world\forumsite\images\shop\rate.gif --> ftp.skate-world.net /public_html/images/shop rate.gif
2004.05.28 18:20 B E:\Documents and Settings\Adam Knox\My Documents\Web Sites\skate world\forumsite\images\shop\search.gif --> ftp.skate-world.net /public_html/images/shop search.gif
2004.05.28 18:20 B E:\Documents and Settings\Adam Knox\My Documents\Web Sites\skate world\forumsite\images\shop\stats.gif --> ftp.skate-world.net /public_html/images/shop stats.gif
2004.05.28 18:20 B E:\Documents and Settings\Adam Knox\My Documents\Web Sites\skate world\forumsite\images\shop\Thumbs.db --> ftp.skate-world.net /public_html/images/shop Thumbs.db
2004.05.28 18:20 B E:\Documents and Settings\Adam Knox\My Documents\Web Sites\skate world\forumsite\images\shop\warning.gif --> ftp.skate-world.net /public_html/images/shop warning.gif
2004.08.26 15:52 B E:\Documents and Settings\Adam Knox\Desktop\SKATE WORLD UNCLEAN\public_html\images\shop\WS_FTP.LOG <-- Skate world /public_html/images/shop WS_FTP.LOG
2004.08.26 21:30 B E:\Documents and Settings\Adam Knox\Desktop\Skate world redone\forum\images\shop\admin.gif --> ftp.skate-world.net /public_html/forum/images/shop admin.gif
2004.08.26 21:30 B E:\Documents and Settings\Adam Knox\Desktop\Skate world redone\forum\images\shop\delete.gif --> ftp.skate-world.net /public_html/forum/images/shop delete.gif
2004.08.26 21:30 B E:\Documents and Settings\Adam Knox\Desktop\Skate world redone\forum\images\shop\editcat.gif --> ftp.skate-world.net /public_html/forum/images/shop editcat.gif
2004.08.26 21:30 B E:\Documents and Settings\Adam Knox\Desktop\Skate world redone\forum\images\shop\edititem.gif --> ftp.skate-world.net /public_html/forum/images/shop edititem.gif
2004.08.26 21:30 B E:\Documents and Settings\Adam Knox\Desktop\Skate world redone\forum\images\shop\newcat.gif --> ftp.skate-world.net /public_html/forum/images/shop newcat.gif
2004.08.26 21:30 B E:\Documents and Settings\Adam Knox\Desktop\Skate world redone\forum\images\shop\newitem.gif --> ftp.skate-world.net /public_html/forum/images/shop newitem.gif
2004.08.26 21:30 B E:\Documents and Settings\Adam Knox\Desktop\Skate world redone\forum\images\shop\noitempic.gif --> ftp.skate-world.net /public_html/forum/images/shop noitempic.gif
2004.08.26 21:30 B E:\Documents and Settings\Adam Knox\Desktop\Skate world redone\forum\images\shop\picture.gif --> ftp.skate-world.net /public_html/forum/images/shop picture.gif
2004.08.26 21:30 B E:\Documents and Settings\Adam Knox\Desktop\Skate world redone\forum\images\shop\rate.gif --> ftp.skate-world.net /public_html/forum/images/shop rate.gif
2004.08.26 21:30 B E:\Documents and Settings\Adam Knox\Desktop\Skate world redone\forum\images\shop\search.gif --> ftp.skate-world.net /public_html/forum/images/shop search.gif
2004.08.26 21:30 B E:\Documents and Settings\Adam Knox\Desktop\Skate world redone\forum\images\shop\stats.gif --> ftp.skate-world.net /public_html/forum/images/shop stats.gif
2004.08.26 21:30 B E:\Documents and Settings\Adam Knox\Desktop\Skate world redone\forum\images\shop\Thumbs.db --> ftp.skate-world.net /public_html/forum/images/shop Thumbs.db
2004.08.26 21:30 B E:\Documents and Settings\Adam Knox\Desktop\Skate world redone\forum\images\shop\warning.gif --> ftp.skate-world.net /public_html/forum/images/shop warning.gif
2004.09.20 16:40 B E:\Documents and Settings\Adam Knox\My Documents\Skate World\backup\forum\images\shop\WS_FTP.LOG <-- Skate world Temporary /public_html/forum/images/shop WS_FTP.LOG
2004.10.03 13:18 B G:\Documents and Settings\bilbo\My Documents\SwitchSkate\Skate World\backup\FOLDERS\forum\images\shop\admin.gif --> host215.ipowerweb.com /public_html/forum/images/shop admin.gif
2004.10.03 13:18 B G:\Documents and Settings\bilbo\My Documents\SwitchSkate\Skate World\backup\FOLDERS\forum\images\shop\delete.gif --> host215.ipowerweb.com /public_html/forum/images/shop delete.gif
2004.10.03 13:18 B G:\Documents and Settings\bilbo\My Documents\SwitchSkate\Skate World\backup\FOLDERS\forum\images\shop\editcat.gif --> host215.ipowerweb.com /public_html/forum/images/shop editcat.gif
2004.10.03 13:18 B G:\Documents and Settings\bilbo\My Documents\SwitchSkate\Skate World\backup\FOLDERS\forum\images\shop\edititem.gif --> host215.ipowerweb.com /public_html/forum/images/shop edititem.gif
2004.10.03 13:18 B G:\Documents and Settings\bilbo\My Documents\SwitchSkate\Skate World\backup\FOLDERS\forum\images\shop\newcat.gif --> host215.ipowerweb.com /public_html/forum/images/shop newcat.gif
2004.10.03 13:18 B G:\Documents and Settings\bilbo\My Documents\SwitchSkate\Skate World\backup\FOLDERS\forum\images\shop\newitem.gif --> host215.ipowerweb.com /public_html/forum/images/shop newitem.gif
2004.10.03 13:18 B G:\Documents and Settings\bilbo\My Documents\SwitchSkate\Skate World\backup\FOLDERS\forum\images\shop\noitempic.gif --> host215.ipowerweb.com /public_html/forum/images/shop noitempic.gif
2004.10.03 13:18 B G:\Documents and Settings\bilbo\My Documents\SwitchSkate\Skate World\backup\FOLDERS\forum\images\shop\picture.gif --> host215.ipowerweb.com /public_html/forum/images/shop picture.gif
2004.10.03 13:18 B G:\Documents and Settings\bilbo\My Documents\SwitchSkate\Skate World\backup\FOLDERS\forum\images\shop\rate.gif --> host215.ipowerweb.com /public_html/forum/images/shop rate.gif
2004.10.03 13:18 B G:\Documents and Settings\bilbo\My Documents\SwitchSkate\Skate World\backup\FOLDERS\forum\images\shop\search.gif --> host215.ipowerweb.com /public_html/forum/images/shop search.gif
2004.10.03 13:18 B G:\Documents and Settings\bilbo\My Documents\SwitchSkate\Skate World\backup\FOLDERS\forum\images\shop\stats.gif --> host215.ipowerweb.com /public_html/forum/images/shop stats.gif
2004.10.03 13:18 B G:\Documents and Settings\bilbo\My Documents\SwitchSkate\Skate World\backup\FOLDERS\forum\images\shop\Thumbs.db --> host215.ipowerweb.com /public_html/forum/images/shop Thumbs.db
2004.10.03 13:18 B G:\Documents and Settings\bilbo\My Documents\SwitchSkate\Skate World\backup\FOLDERS\forum\images\shop\warning.gif --> host215.ipowerweb.com /public_html/forum/images/shop warning.gif
2004.10.03 13:18 B G:\Documents and Settings\bilbo\My Documents\SwitchSkate\Skate World\backup\FOLDERS\forum\images\shop\WS_FTP.LOG --> host215.ipowerweb.com /public_html/forum/images/shop WS_FTP.LOG
