2003.09.19 07:28 B E:\Documents and Settings\Adam Knox\My Documents\skate-world.net\html\design_3\bio1.html --> skate-world.net /public_html bio1.html
2003.09.19 07:28 B E:\Documents and Settings\Adam Knox\My Documents\skate-world.net\html\design_3\bio1pic.html --> skate-world.net /public_html bio1pic.html
2003.09.19 07:28 B E:\Documents and Settings\Adam Knox\My Documents\skate-world.net\html\design_3\bio2.html --> skate-world.net /public_html bio2.html
2003.09.19 07:28 B E:\Documents and Settings\Adam Knox\My Documents\skate-world.net\html\design_3\bio2pic.html --> skate-world.net /public_html bio2pic.html
2003.09.19 07:28 B E:\Documents and Settings\Adam Knox\My Documents\skate-world.net\html\design_3\bio3.html --> skate-world.net /public_html bio3.html
2003.09.19 07:28 B E:\Documents and Settings\Adam Knox\My Documents\skate-world.net\html\design_3\bio3pic.html --> skate-world.net /public_html bio3pic.html
2003.09.19 07:28 B E:\Documents and Settings\Adam Knox\My Documents\skate-world.net\html\design_3\bio4.html --> skate-world.net /public_html bio4.html
2003.09.19 07:29 B E:\Documents and Settings\Adam Knox\My Documents\skate-world.net\html\design_3\bio4pic.html --> skate-world.net /public_html bio4pic.html
2003.09.19 07:29 B E:\Documents and Settings\Adam Knox\My Documents\skate-world.net\html\design_3\biosplit1.html --> skate-world.net /public_html biosplit1.html
2003.09.19 07:29 B E:\Documents and Settings\Adam Knox\My Documents\skate-world.net\html\design_3\biosplit2.html --> skate-world.net /public_html biosplit2.html
2003.09.19 07:29 B E:\Documents and Settings\Adam Knox\My Documents\skate-world.net\html\design_3\biosplit3.html --> skate-world.net /public_html biosplit3.html
2003.09.19 07:29 B E:\Documents and Settings\Adam Knox\My Documents\skate-world.net\html\design_3\biosplit4.html --> skate-world.net /public_html biosplit4.html
2003.09.19 07:29 B E:\Documents and Settings\Adam Knox\My Documents\skate-world.net\html\design_3\bottom.html --> skate-world.net /public_html bottom.html
2003.09.19 07:29 B E:\Documents and Settings\Adam Knox\My Documents\skate-world.net\html\design_3\home.html --> skate-world.net /public_html home.html
2003.09.19 07:29 B E:\Documents and Settings\Adam Knox\My Documents\skate-world.net\html\design_3\index.html --> skate-world.net /public_html index.html
2003.09.19 07:29 B E:\Documents and Settings\Adam Knox\My Documents\skate-world.net\html\design_3\join_skateteam.html --> skate-world.net /public_html join_skateteam.html
2003.09.19 07:29 B E:\Documents and Settings\Adam Knox\My Documents\skate-world.net\html\design_3\linked.html --> skate-world.net /public_html linked.html
2003.09.19 07:29 B E:\Documents and Settings\Adam Knox\My Documents\skate-world.net\html\design_3\links.html --> skate-world.net /public_html links.html
2003.09.19 07:29 B E:\Documents and Settings\Adam Knox\My Documents\skate-world.net\html\design_3\news.html --> skate-world.net /public_html news.html
2003.09.19 07:29 B E:\Documents and Settings\Adam Knox\My Documents\skate-world.net\html\design_3\pic1.html --> skate-world.net /public_html pic1.html
2003.09.19 07:29 B E:\Documents and Settings\Adam Knox\My Documents\skate-world.net\html\design_3\pic10.html --> skate-world.net /public_html pic10.html
2003.09.19 07:29 B E:\Documents and Settings\Adam Knox\My Documents\skate-world.net\html\design_3\pic11.html --> skate-world.net /public_html pic11.html
2003.09.19 07:29 B E:\Documents and Settings\Adam Knox\My Documents\skate-world.net\html\design_3\pic12.html --> skate-world.net /public_html pic12.html
2003.09.19 07:29 B E:\Documents and Settings\Adam Knox\My Documents\skate-world.net\html\design_3\pic13.html --> skate-world.net /public_html pic13.html
2003.09.19 07:29 B E:\Documents and Settings\Adam Knox\My Documents\skate-world.net\html\design_3\pic14.html --> skate-world.net /public_html pic14.html
2003.09.19 07:29 B E:\Documents and Settings\Adam Knox\My Documents\skate-world.net\html\design_3\pic15.html --> skate-world.net /public_html pic15.html
2003.09.19 07:29 B E:\Documents and Settings\Adam Knox\My Documents\skate-world.net\html\design_3\pic16.html --> skate-world.net /public_html pic16.html
2003.09.19 07:29 B E:\Documents and Settings\Adam Knox\My Documents\skate-world.net\html\design_3\pic17.html --> skate-world.net /public_html pic17.html
2003.09.19 07:29 B E:\Documents and Settings\Adam Knox\My Documents\skate-world.net\html\design_3\pic18.html --> skate-world.net /public_html pic18.html
2003.09.19 07:29 B E:\Documents and Settings\Adam Knox\My Documents\skate-world.net\html\design_3\pic19.html --> skate-world.net /public_html pic19.html
2003.09.19 07:29 B E:\Documents and Settings\Adam Knox\My Documents\skate-world.net\html\design_3\pic2.html --> skate-world.net /public_html pic2.html
2003.09.19 07:29 B E:\Documents and Settings\Adam Knox\My Documents\skate-world.net\html\design_3\pic3.html --> skate-world.net /public_html pic3.html
2003.09.19 07:29 B E:\Documents and Settings\Adam Knox\My Documents\skate-world.net\html\design_3\pic4.html --> skate-world.net /public_html pic4.html
2003.09.19 07:29 B E:\Documents and Settings\Adam Knox\My Documents\skate-world.net\html\design_3\pic5.html --> skate-world.net /public_html pic5.html
2003.09.19 07:29 B E:\Documents and Settings\Adam Knox\My Documents\skate-world.net\html\design_3\pic6.html --> skate-world.net /public_html pic6.html
2003.09.19 07:29 B E:\Documents and Settings\Adam Knox\My Documents\skate-world.net\html\design_3\pic7.html --> skate-world.net /public_html pic7.html
2003.09.19 07:29 B E:\Documents and Settings\Adam Knox\My Documents\skate-world.net\html\design_3\pic8.html --> skate-world.net /public_html pic8.html
2003.09.19 07:29 B E:\Documents and Settings\Adam Knox\My Documents\skate-world.net\html\design_3\pic9.html --> skate-world.net /public_html pic9.html
2003.09.19 07:30 B E:\Documents and Settings\Adam Knox\My Documents\skate-world.net\html\design_3\pro_pics.html --> skate-world.net /public_html pro_pics.html
2003.09.19 07:30 B E:\Documents and Settings\Adam Knox\My Documents\skate-world.net\html\design_3\ramp_plans.html --> skate-world.net /public_html ramp_plans.html
2003.09.19 07:30 B E:\Documents and Settings\Adam Knox\My Documents\skate-world.net\html\design_3\right.html --> skate-world.net /public_html right.html
2003.09.19 07:30 B E:\Documents and Settings\Adam Knox\My Documents\skate-world.net\html\design_3\skate_team.html --> skate-world.net /public_html skate_team.html
2003.09.19 07:30 B E:\Documents and Settings\Adam Knox\My Documents\skate-world.net\html\design_3\start.html --> skate-world.net /public_html start.html
2003.09.19 07:30 B E:\Documents and Settings\Adam Knox\My Documents\skate-world.net\html\design_3\start2.html --> skate-world.net /public_html start2.html
2003.09.19 07:30 B E:\Documents and Settings\Adam Knox\My Documents\skate-world.net\html\design_3\tagboard.html --> skate-world.net /public_html tagboard.html
2003.09.19 07:30 B E:\Documents and Settings\Adam Knox\My Documents\skate-world.net\html\design_3\trick_tips.html --> skate-world.net /public_html trick_tips.html
2003.09.19 07:30 B E:\Documents and Settings\Adam Knox\My Documents\skate-world.net\html\design_3\vids.html --> skate-world.net /public_html vids.html
2003.09.19 07:30 B E:\Documents and Settings\Adam Knox\My Documents\skate-world.net\html\design_3\y_pic_links.html --> skate-world.net /public_html y_pic_links.html
2003.09.19 07:30 B E:\Documents and Settings\Adam Knox\My Documents\skate-world.net\html\design_3\y_plans_links.html --> skate-world.net /public_html y_plans_links.html
2003.09.19 07:30 B E:\Documents and Settings\Adam Knox\My Documents\skate-world.net\html\design_3\y_pro_links.html --> skate-world.net /public_html y_pro_links.html
2003.09.19 07:30 B E:\Documents and Settings\Adam Knox\My Documents\skate-world.net\html\design_3\y_team_links.html --> skate-world.net /public_html y_team_links.html
2003.09.19 07:30 B E:\Documents and Settings\Adam Knox\My Documents\skate-world.net\html\design_3\y_tips_links.html --> skate-world.net /public_html y_tips_links.html
2003.09.19 07:30 B E:\Documents and Settings\Adam Knox\My Documents\skate-world.net\html\design_3\y_vid_links.html --> skate-world.net /public_html y_vid_links.html
2003.09.19 07:30 B E:\Documents and Settings\Adam Knox\My Documents\skate-world.net\html\design_3\your_links.html --> skate-world.net /public_html your_links.html
2003.09.19 07:30 B E:\Documents and Settings\Adam Knox\My Documents\skate-world.net\html\design_3\your_pic.html --> skate-world.net /public_html your_pic.html
2003.09.19 07:30 B E:\Documents and Settings\Adam Knox\My Documents\skate-world.net\html\design_3\your_pics.html --> skate-world.net /public_html your_pics.html
2003.09.19 07:30 B E:\Documents and Settings\Adam Knox\My Documents\skate-world.net\html\design_3\your_rampplan.html --> skate-world.net /public_html your_rampplan.html
2003.09.19 07:30 B E:\Documents and Settings\Adam Knox\My Documents\skate-world.net\html\design_3\your_vid.html --> skate-world.net /public_html your_vid.html
2003.09.19 07:37 B E:\Documents and Settings\Adam Knox\My Documents\skate-world.net\html\design_3\index.html --> skate-world.net /public_html index.html
2003.09.19 07:37 B E:\Documents and Settings\Adam Knox\My Documents\skate-world.net\html\design_3\index2.html --> skate-world.net /public_html index2.html
2003.09.19 07:38 B E:\Documents and Settings\Adam Knox\My Documents\skate-world.net\html\design_3\index.html --> skate-world.net /public_html index.html
2003.09.19 07:42 B E:\Documents and Settings\Adam Knox\My Documents\skate-world.net\html\design_3\y_team_links.html --> skate-world.net /public_html y_team_links.html
2003.09.19 07:46 B E:\Documents and Settings\Adam Knox\My Documents\skate-world.net\html\design_3\bottom.html --> skate-world.net /public_html bottom.html
2003.09.19 07:46 B E:\Documents and Settings\Adam Knox\My Documents\skate-world.net\html\design_3\bottom.html --> skate-world.net /public_html/buttonsbanners bottom.html
2003.09.19 07:47 B E:\Documents and Settings\Adam Knox\My Documents\skate-world.net\html\design_3\bottom.html --> skate-world.net /public_html bottom.html
2003.09.19 07:48 B E:\Documents and Settings\Adam Knox\My Documents\skate-world.net\html\design_3\y_team_links.html --> skate-world.net /public_html y_team_links.html
2003.09.21 11:52 B E:\Documents and Settings\Adam Knox\My Documents\skate-world.net\html\design_3\5-0grind.html --> skate-world.net /public_html 5-0grind.html
2003.09.21 11:53 B E:\Documents and Settings\Adam Knox\My Documents\skate-world.net\html\design_3\5-0stall.html --> skate-world.net /public_html 5-0stall.html
2003.09.21 11:53 B E:\Documents and Settings\Adam Knox\My Documents\skate-world.net\html\design_3\50-50grind.html --> skate-world.net /public_html 50-50grind.html
2003.09.21 11:53 B E:\Documents and Settings\Adam Knox\My Documents\skate-world.net\html\design_3\50-50stall.html --> skate-world.net /public_html 50-50stall.html
2003.09.21 11:53 B E:\Documents and Settings\Adam Knox\My Documents\skate-world.net\html\design_3\bio1.html --> skate-world.net /public_html bio1.html
2003.09.21 11:53 B E:\Documents and Settings\Adam Knox\My Documents\skate-world.net\html\design_3\bio1pic.html --> skate-world.net /public_html bio1pic.html
2003.09.21 11:53 B E:\Documents and Settings\Adam Knox\My Documents\skate-world.net\html\design_3\bio2.html --> skate-world.net /public_html bio2.html
2003.09.21 11:53 B E:\Documents and Settings\Adam Knox\My Documents\skate-world.net\html\design_3\bio2pic.html --> skate-world.net /public_html bio2pic.html
2003.09.21 11:53 B E:\Documents and Settings\Adam Knox\My Documents\skate-world.net\html\design_3\bio3.html --> skate-world.net /public_html bio3.html
2003.09.21 11:53 B E:\Documents and Settings\Adam Knox\My Documents\skate-world.net\html\design_3\bio3pic.html --> skate-world.net /public_html bio3pic.html
2003.09.21 11:53 B E:\Documents and Settings\Adam Knox\My Documents\skate-world.net\html\design_3\bio4.html --> skate-world.net /public_html bio4.html
2003.09.21 11:54 B E:\Documents and Settings\Adam Knox\My Documents\skate-world.net\html\design_3\bio4pic.html --> skate-world.net /public_html bio4pic.html
2003.09.21 11:54 B E:\Documents and Settings\Adam Knox\My Documents\skate-world.net\html\design_3\biosplit1.html --> skate-world.net /public_html biosplit1.html
2003.09.21 11:54 B E:\Documents and Settings\Adam Knox\My Documents\skate-world.net\html\design_3\biosplit2.html --> skate-world.net /public_html biosplit2.html
2003.09.21 11:54 B E:\Documents and Settings\Adam Knox\My Documents\skate-world.net\html\design_3\biosplit3.html --> skate-world.net /public_html biosplit3.html
2003.09.21 11:54 B E:\Documents and Settings\Adam Knox\My Documents\skate-world.net\html\design_3\biosplit4.html --> skate-world.net /public_html biosplit4.html
2003.09.21 11:54 B E:\Documents and Settings\Adam Knox\My Documents\skate-world.net\html\design_3\bluntstall.html --> skate-world.net /public_html bluntstall.html
2003.09.21 11:54 B E:\Documents and Settings\Adam Knox\My Documents\skate-world.net\html\design_3\boardslide.html --> skate-world.net /public_html boardslide.html
2003.09.21 11:54 B E:\Documents and Settings\Adam Knox\My Documents\skate-world.net\html\design_3\bottom.html --> skate-world.net /public_html bottom.html
2003.09.21 11:54 B E:\Documents and Settings\Adam Knox\My Documents\skate-world.net\html\design_3\casper.html --> skate-world.net /public_html casper.html
2003.09.21 11:54 B E:\Documents and Settings\Adam Knox\My Documents\skate-world.net\html\design_3\darkslide.html --> skate-world.net /public_html darkslide.html
2003.09.21 11:54 B E:\Documents and Settings\Adam Knox\My Documents\skate-world.net\html\design_3\feeblegrind.html --> skate-world.net /public_html feeblegrind.html
2003.09.21 11:54 B E:\Documents and Settings\Adam Knox\My Documents\skate-world.net\html\design_3\fs180.html --> skate-world.net /public_html fs180.html
2003.09.21 11:54 B E:\Documents and Settings\Adam Knox\My Documents\skate-world.net\html\design_3\heelflip.html --> skate-world.net /public_html heelflip.html
2003.09.21 11:55 B E:\Documents and Settings\Adam Knox\My Documents\skate-world.net\html\design_3\heelvarial.html --> skate-world.net /public_html heelvarial.html
2003.09.21 11:55 B E:\Documents and Settings\Adam Knox\My Documents\skate-world.net\html\design_3\home.html --> skate-world.net /public_html home.html
2003.09.21 11:55 B E:\Documents and Settings\Adam Knox\My Documents\skate-world.net\html\design_3\index.html --> skate-world.net /public_html index.html
2003.09.21 11:55 B E:\Documents and Settings\Adam Knox\My Documents\skate-world.net\html\design_3\index2.html --> skate-world.net /public_html index2.html
2003.09.21 11:55 B E:\Documents and Settings\Adam Knox\My Documents\skate-world.net\html\design_3\join_skateteam.html --> skate-world.net /public_html join_skateteam.html
2003.09.21 11:55 B E:\Documents and Settings\Adam Knox\My Documents\skate-world.net\html\design_3\kickflip.html --> skate-world.net /public_html kickflip.html
2003.09.21 11:55 B E:\Documents and Settings\Adam Knox\My Documents\skate-world.net\html\design_3\linked.html --> skate-world.net /public_html linked.html
2003.09.21 11:55 B E:\Documents and Settings\Adam Knox\My Documents\skate-world.net\html\design_3\links.html --> skate-world.net /public_html links.html
2003.09.21 11:55 B E:\Documents and Settings\Adam Knox\My Documents\skate-world.net\html\design_3\list.html --> skate-world.net /public_html list.html
2003.09.21 11:55 B E:\Documents and Settings\Adam Knox\My Documents\skate-world.net\html\design_3\manuel.html --> skate-world.net /public_html manuel.html
2003.09.21 11:55 B E:\Documents and Settings\Adam Knox\My Documents\skate-world.net\html\design_3\news.html --> skate-world.net /public_html news.html
2003.09.21 11:55 B E:\Documents and Settings\Adam Knox\My Documents\skate-world.net\html\design_3\nollie.html --> skate-world.net /public_html nollie.html
2003.09.21 11:55 B E:\Documents and Settings\Adam Knox\My Documents\skate-world.net\html\design_3\noseslide.html --> skate-world.net /public_html noseslide.html
2003.09.21 11:55 B E:\Documents and Settings\Adam Knox\My Documents\skate-world.net\html\design_3\nosestall.html --> skate-world.net /public_html nosestall.html
2003.09.21 11:55 B E:\Documents and Settings\Adam Knox\My Documents\skate-world.net\html\design_3\ollie.html --> skate-world.net /public_html ollie.html
2003.09.21 11:55 B E:\Documents and Settings\Adam Knox\My Documents\skate-world.net\html\design_3\pic1.html --> skate-world.net /public_html pic1.html
2003.09.21 11:55 B E:\Documents and Settings\Adam Knox\My Documents\skate-world.net\html\design_3\pic10.html --> skate-world.net /public_html pic10.html
2003.09.21 11:55 B E:\Documents and Settings\Adam Knox\My Documents\skate-world.net\html\design_3\pic11.html --> skate-world.net /public_html pic11.html
2003.09.21 11:55 B E:\Documents and Settings\Adam Knox\My Documents\skate-world.net\html\design_3\pic12.html --> skate-world.net /public_html pic12.html
2003.09.21 11:55 B E:\Documents and Settings\Adam Knox\My Documents\skate-world.net\html\design_3\pic13.html --> skate-world.net /public_html pic13.html
2003.09.21 11:55 B E:\Documents and Settings\Adam Knox\My Documents\skate-world.net\html\design_3\pic14.html --> skate-world.net /public_html pic14.html
2003.09.21 11:55 B E:\Documents and Settings\Adam Knox\My Documents\skate-world.net\html\design_3\pic15.html --> skate-world.net /public_html pic15.html
2003.09.21 11:56 B E:\Documents and Settings\Adam Knox\My Documents\skate-world.net\html\design_3\pic16.html --> skate-world.net /public_html pic16.html
2003.09.21 11:56 B E:\Documents and Settings\Adam Knox\My Documents\skate-world.net\html\design_3\pic17.html --> skate-world.net /public_html pic17.html
2003.09.21 11:56 B E:\Documents and Settings\Adam Knox\My Documents\skate-world.net\html\design_3\pic18.html --> skate-world.net /public_html pic18.html
2003.09.21 11:56 B E:\Documents and Settings\Adam Knox\My Documents\skate-world.net\html\design_3\pic19.html --> skate-world.net /public_html pic19.html
2003.09.21 11:56 B E:\Documents and Settings\Adam Knox\My Documents\skate-world.net\html\design_3\pic2.html --> skate-world.net /public_html pic2.html
2003.09.21 11:56 B E:\Documents and Settings\Adam Knox\My Documents\skate-world.net\html\design_3\pic3.html --> skate-world.net /public_html pic3.html
2003.09.21 11:56 B E:\Documents and Settings\Adam Knox\My Documents\skate-world.net\html\design_3\pic4.html --> skate-world.net /public_html pic4.html
2003.09.21 11:56 B E:\Documents and Settings\Adam Knox\My Documents\skate-world.net\html\design_3\pic5.html --> skate-world.net /public_html pic5.html
2003.09.21 11:56 B E:\Documents and Settings\Adam Knox\My Documents\skate-world.net\html\design_3\pic6.html --> skate-world.net /public_html pic6.html
2003.09.21 11:56 B E:\Documents and Settings\Adam Knox\My Documents\skate-world.net\html\design_3\pic7.html --> skate-world.net /public_html pic7.html
2003.09.21 11:56 B E:\Documents and Settings\Adam Knox\My Documents\skate-world.net\html\design_3\pic8.html --> skate-world.net /public_html pic8.html
2003.09.21 11:56 B E:\Documents and Settings\Adam Knox\My Documents\skate-world.net\html\design_3\pic9.html --> skate-world.net /public_html pic9.html
2003.09.21 11:56 B E:\Documents and Settings\Adam Knox\My Documents\skate-world.net\html\design_3\pro_pics.html --> skate-world.net /public_html pro_pics.html
2003.09.21 11:56 B E:\Documents and Settings\Adam Knox\My Documents\skate-world.net\html\design_3\ramp_plans.html --> skate-world.net /public_html ramp_plans.html
2003.09.21 11:56 B E:\Documents and Settings\Adam Knox\My Documents\skate-world.net\html\design_3\right.html --> skate-world.net /public_html right.html
2003.09.21 11:56 B E:\Documents and Settings\Adam Knox\My Documents\skate-world.net\html\design_3\saladgrind.html --> skate-world.net /public_html saladgrind.html
2003.09.21 11:56 B E:\Documents and Settings\Adam Knox\My Documents\skate-world.net\html\design_3\sequence1.html --> skate-world.net /public_html sequence1.html
2003.09.21 11:56 B E:\Documents and Settings\Adam Knox\My Documents\skate-world.net\html\design_3\sequence2.html --> skate-world.net /public_html sequence2.html
2003.09.21 11:56 B E:\Documents and Settings\Adam Knox\My Documents\skate-world.net\html\design_3\sequence3.html --> skate-world.net /public_html sequence3.html
2003.09.21 11:56 B E:\Documents and Settings\Adam Knox\My Documents\skate-world.net\html\design_3\sequence4.html --> skate-world.net /public_html sequence4.html
2003.09.21 11:56 B E:\Documents and Settings\Adam Knox\My Documents\skate-world.net\html\design_3\sequence5.html --> skate-world.net /public_html sequence5.html
2003.09.21 11:56 B E:\Documents and Settings\Adam Knox\My Documents\skate-world.net\html\design_3\sequence6.html --> skate-world.net /public_html sequence6.html
2003.09.21 11:56 B E:\Documents and Settings\Adam Knox\My Documents\skate-world.net\html\design_3\sequence7.html --> skate-world.net /public_html sequence7.html
2003.09.21 11:56 B E:\Documents and Settings\Adam Knox\My Documents\skate-world.net\html\design_3\sequence8.html --> skate-world.net /public_html sequence8.html
2003.09.21 11:56 B E:\Documents and Settings\Adam Knox\My Documents\skate-world.net\html\design_3\sequencetemplate.html --> skate-world.net /public_html sequencetemplate.html
2003.09.21 11:56 B E:\Documents and Settings\Adam Knox\My Documents\skate-world.net\html\design_3\sexchange.html --> skate-world.net /public_html sexchange.html
2003.09.21 11:56 B E:\Documents and Settings\Adam Knox\My Documents\skate-world.net\html\design_3\skate_team.html --> skate-world.net /public_html skate_team.html
2003.09.21 11:56 B E:\Documents and Settings\Adam Knox\My Documents\skate-world.net\html\design_3\smithgrind.html --> skate-world.net /public_html smithgrind.html
2003.09.21 11:56 B E:\Documents and Settings\Adam Knox\My Documents\skate-world.net\html\design_3\start.html --> skate-world.net /public_html start.html
2003.09.21 11:56 B E:\Documents and Settings\Adam Knox\My Documents\skate-world.net\html\design_3\start2.html --> skate-world.net /public_html start2.html
2003.09.21 11:56 B E:\Documents and Settings\Adam Knox\My Documents\skate-world.net\html\design_3\tagboard.html --> skate-world.net /public_html tagboard.html
2003.09.21 11:56 B E:\Documents and Settings\Adam Knox\My Documents\skate-world.net\html\design_3\tailslide.html --> skate-world.net /public_html tailslide.html
2003.09.21 11:56 B E:\Documents and Settings\Adam Knox\My Documents\skate-world.net\html\design_3\tailstall.html --> skate-world.net /public_html tailstall.html
2003.09.21 11:56 B E:\Documents and Settings\Adam Knox\My Documents\skate-world.net\html\design_3\trick_tips.html --> skate-world.net /public_html trick_tips.html
2003.09.21 11:56 B E:\Documents and Settings\Adam Knox\My Documents\skate-world.net\html\design_3\twistedflip.html --> skate-world.net /public_html twistedflip.html
2003.09.21 11:56 B E:\Documents and Settings\Adam Knox\My Documents\skate-world.net\html\design_3\vids.html --> skate-world.net /public_html vids.html
2003.09.21 11:56 B E:\Documents and Settings\Adam Knox\My Documents\skate-world.net\html\design_3\WS_FTP.LOG --> skate-world.net /public_html WS_FTP.LOG
2003.09.21 11:57 B E:\Documents and Settings\Adam Knox\My Documents\skate-world.net\html\design_3\y_pic_links.html --> skate-world.net /public_html y_pic_links.html
2003.09.21 11:57 B E:\Documents and Settings\Adam Knox\My Documents\skate-world.net\html\design_3\y_plans_links.html --> skate-world.net /public_html y_plans_links.html
2003.09.21 11:57 B E:\Documents and Settings\Adam Knox\My Documents\skate-world.net\html\design_3\y_pro_links.html --> skate-world.net /public_html y_pro_links.html
2003.09.21 11:57 B E:\Documents and Settings\Adam Knox\My Documents\skate-world.net\html\design_3\y_team_links.html --> skate-world.net /public_html y_team_links.html
2003.09.21 11:57 B E:\Documents and Settings\Adam Knox\My Documents\skate-world.net\html\design_3\y_tips_links.html --> skate-world.net /public_html y_tips_links.html
2003.09.21 11:57 B E:\Documents and Settings\Adam Knox\My Documents\skate-world.net\html\design_3\y_vid_links.html --> skate-world.net /public_html y_vid_links.html
2003.09.21 11:57 B E:\Documents and Settings\Adam Knox\My Documents\skate-world.net\html\design_3\your_linked.html --> skate-world.net /public_html your_linked.html
2003.09.21 11:57 B E:\Documents and Settings\Adam Knox\My Documents\skate-world.net\html\design_3\your_links.html --> skate-world.net /public_html your_links.html
2003.09.21 11:57 B E:\Documents and Settings\Adam Knox\My Documents\skate-world.net\html\design_3\your_pic.html --> skate-world.net /public_html your_pic.html
2003.09.21 11:57 B E:\Documents and Settings\Adam Knox\My Documents\skate-world.net\html\design_3\your_pics.html --> skate-world.net /public_html your_pics.html
2003.09.21 11:57 B E:\Documents and Settings\Adam Knox\My Documents\skate-world.net\html\design_3\your_rampplan.html --> skate-world.net /public_html your_rampplan.html
2003.09.21 11:57 B E:\Documents and Settings\Adam Knox\My Documents\skate-world.net\html\design_3\your_tip.html --> skate-world.net /public_html your_tip.html
2003.09.21 11:57 B E:\Documents and Settings\Adam Knox\My Documents\skate-world.net\html\design_3\your_vid.html --> skate-world.net /public_html your_vid.html
2003.09.22 16:21 B E:\Documents and Settings\Adam Knox\My Documents\skate-world.net\html\design_3\5-0grind.html --> skate-world.net /public_html 5-0grind.html
2003.09.22 16:21 B E:\Documents and Settings\Adam Knox\My Documents\skate-world.net\html\design_3\5-0stall.html --> skate-world.net /public_html 5-0stall.html
2003.09.22 16:21 B E:\Documents and Settings\Adam Knox\My Documents\skate-world.net\html\design_3\50-50grind.html --> skate-world.net /public_html 50-50grind.html
2003.09.22 16:21 B E:\Documents and Settings\Adam Knox\My Documents\skate-world.net\html\design_3\50-50stall.html --> skate-world.net /public_html 50-50stall.html
2003.09.22 16:21 B E:\Documents and Settings\Adam Knox\My Documents\skate-world.net\html\design_3\bio1.html --> skate-world.net /public_html bio1.html
2003.09.22 16:21 B E:\Documents and Settings\Adam Knox\My Documents\skate-world.net\html\design_3\bio1pic.html --> skate-world.net /public_html bio1pic.html
2003.09.22 16:21 B E:\Documents and Settings\Adam Knox\My Documents\skate-world.net\html\design_3\bio2.html --> skate-world.net /public_html bio2.html
2003.09.22 16:21 B E:\Documents and Settings\Adam Knox\My Documents\skate-world.net\html\design_3\bio2pic.html --> skate-world.net /public_html bio2pic.html
2003.09.22 16:21 B E:\Documents and Settings\Adam Knox\My Documents\skate-world.net\html\design_3\bio3.html --> skate-world.net /public_html bio3.html
2003.09.22 16:21 B E:\Documents and Settings\Adam Knox\My Documents\skate-world.net\html\design_3\bio3pic.html --> skate-world.net /public_html bio3pic.html
2003.09.22 16:21 B E:\Documents and Settings\Adam Knox\My Documents\skate-world.net\html\design_3\bio4.html --> skate-world.net /public_html bio4.html
2003.09.22 16:21 B E:\Documents and Settings\Adam Knox\My Documents\skate-world.net\html\design_3\bio4pic.html --> skate-world.net /public_html bio4pic.html
2003.09.22 16:22 B E:\Documents and Settings\Adam Knox\My Documents\skate-world.net\html\design_3\biosplit1.html --> skate-world.net /public_html biosplit1.html
2003.09.22 16:22 B E:\Documents and Settings\Adam Knox\My Documents\skate-world.net\html\design_3\biosplit2.html --> skate-world.net /public_html biosplit2.html
2003.09.22 16:22 B E:\Documents and Settings\Adam Knox\My Documents\skate-world.net\html\design_3\biosplit3.html --> skate-world.net /public_html biosplit3.html
2003.09.22 16:22 B E:\Documents and Settings\Adam Knox\My Documents\skate-world.net\html\design_3\biosplit4.html --> skate-world.net /public_html biosplit4.html
2003.09.22 16:22 B E:\Documents and Settings\Adam Knox\My Documents\skate-world.net\html\design_3\bluntstall.html --> skate-world.net /public_html bluntstall.html
2003.09.22 16:22 B E:\Documents and Settings\Adam Knox\My Documents\skate-world.net\html\design_3\boardslide.html --> skate-world.net /public_html boardslide.html
2003.09.22 16:22 B E:\Documents and Settings\Adam Knox\My Documents\skate-world.net\html\design_3\bottom.html --> skate-world.net /public_html bottom.html
2003.09.22 16:22 B E:\Documents and Settings\Adam Knox\My Documents\skate-world.net\html\design_3\casper.html --> skate-world.net /public_html casper.html
2003.09.22 16:22 B E:\Documents and Settings\Adam Knox\My Documents\skate-world.net\html\design_3\darkslide.html --> skate-world.net /public_html darkslide.html
2003.09.22 16:22 B E:\Documents and Settings\Adam Knox\My Documents\skate-world.net\html\design_3\feeblegrind.html --> skate-world.net /public_html feeblegrind.html
2003.09.22 16:22 B E:\Documents and Settings\Adam Knox\My Documents\skate-world.net\html\design_3\fs180.html --> skate-world.net /public_html fs180.html
2003.09.22 16:22 B E:\Documents and Settings\Adam Knox\My Documents\skate-world.net\html\design_3\heelflip.html --> skate-world.net /public_html heelflip.html
2003.09.22 16:22 B E:\Documents and Settings\Adam Knox\My Documents\skate-world.net\html\design_3\heelvarial.html --> skate-world.net /public_html heelvarial.html
2003.09.22 16:22 B E:\Documents and Settings\Adam Knox\My Documents\skate-world.net\html\design_3\home.html --> skate-world.net /public_html home.html
2003.09.22 16:22 B E:\Documents and Settings\Adam Knox\My Documents\skate-world.net\html\design_3\index.html --> skate-world.net /public_html index.html
2003.09.22 16:22 B E:\Documents and Settings\Adam Knox\My Documents\skate-world.net\html\design_3\index2.html --> skate-world.net /public_html index2.html
2003.09.22 16:22 B E:\Documents and Settings\Adam Knox\My Documents\skate-world.net\html\design_3\join_skateteam.html --> skate-world.net /public_html join_skateteam.html
2003.09.22 16:22 B E:\Documents and Settings\Adam Knox\My Documents\skate-world.net\html\design_3\kickflip.html --> skate-world.net /public_html kickflip.html
2003.09.22 16:22 B E:\Documents and Settings\Adam Knox\My Documents\skate-world.net\html\design_3\linked.html --> skate-world.net /public_html linked.html
2003.09.22 16:22 B E:\Documents and Settings\Adam Knox\My Documents\skate-world.net\html\design_3\links.html --> skate-world.net /public_html links.html
2003.09.22 16:22 B E:\Documents and Settings\Adam Knox\My Documents\skate-world.net\html\design_3\list.html --> skate-world.net /public_html list.html
2003.09.22 16:22 B E:\Documents and Settings\Adam Knox\My Documents\skate-world.net\html\design_3\manuel.html --> skate-world.net /public_html manuel.html
2003.09.22 16:22 B E:\Documents and Settings\Adam Knox\My Documents\skate-world.net\html\design_3\news.html --> skate-world.net /public_html news.html
2003.09.22 16:22 B E:\Documents and Settings\Adam Knox\My Documents\skate-world.net\html\design_3\nollie.html --> skate-world.net /public_html nollie.html
2003.09.22 16:22 B E:\Documents and Settings\Adam Knox\My Documents\skate-world.net\html\design_3\noseslide.html --> skate-world.net /public_html noseslide.html
2003.09.22 16:22 B E:\Documents and Settings\Adam Knox\My Documents\skate-world.net\html\design_3\nosestall.html --> skate-world.net /public_html nosestall.html
2003.09.22 16:22 B E:\Documents and Settings\Adam Knox\My Documents\skate-world.net\html\design_3\ollie.html --> skate-world.net /public_html ollie.html
2003.09.22 16:22 B E:\Documents and Settings\Adam Knox\My Documents\skate-world.net\html\design_3\pic1.html --> skate-world.net /public_html pic1.html
2003.09.22 16:22 B E:\Documents and Settings\Adam Knox\My Documents\skate-world.net\html\design_3\pic10.html --> skate-world.net /public_html pic10.html
2003.09.22 16:22 B E:\Documents and Settings\Adam Knox\My Documents\skate-world.net\html\design_3\pic11.html --> skate-world.net /public_html pic11.html
2003.09.22 16:22 B E:\Documents and Settings\Adam Knox\My Documents\skate-world.net\html\design_3\pic12.html --> skate-world.net /public_html pic12.html
2003.09.22 16:23 B E:\Documents and Settings\Adam Knox\My Documents\skate-world.net\html\design_3\pic13.html --> skate-world.net /public_html pic13.html
2003.09.22 16:23 B E:\Documents and Settings\Adam Knox\My Documents\skate-world.net\html\design_3\pic14.html --> skate-world.net /public_html pic14.html
2003.09.22 16:23 B E:\Documents and Settings\Adam Knox\My Documents\skate-world.net\html\design_3\pic15.html --> skate-world.net /public_html pic15.html
2003.09.22 16:23 B E:\Documents and Settings\Adam Knox\My Documents\skate-world.net\html\design_3\pic16.html --> skate-world.net /public_html pic16.html
2003.09.22 16:23 B E:\Documents and Settings\Adam Knox\My Documents\skate-world.net\html\design_3\pic17.html --> skate-world.net /public_html pic17.html
2003.09.22 16:23 B E:\Documents and Settings\Adam Knox\My Documents\skate-world.net\html\design_3\pic18.html --> skate-world.net /public_html pic18.html
2003.09.22 16:23 B E:\Documents and Settings\Adam Knox\My Documents\skate-world.net\html\design_3\pic19.html --> skate-world.net /public_html pic19.html
2003.09.22 16:23 B E:\Documents and Settings\Adam Knox\My Documents\skate-world.net\html\design_3\pic2.html --> skate-world.net /public_html pic2.html
2003.09.22 16:23 B E:\Documents and Settings\Adam Knox\My Documents\skate-world.net\html\design_3\pic3.html --> skate-world.net /public_html pic3.html
2003.09.22 16:23 B E:\Documents and Settings\Adam Knox\My Documents\skate-world.net\html\design_3\pic4.html --> skate-world.net /public_html pic4.html
2003.09.22 16:23 B E:\Documents and Settings\Adam Knox\My Documents\skate-world.net\html\design_3\pic5.html --> skate-world.net /public_html pic5.html
2003.09.22 16:23 B E:\Documents and Settings\Adam Knox\My Documents\skate-world.net\html\design_3\pic6.html --> skate-world.net /public_html pic6.html
2003.09.22 16:23 B E:\Documents and Settings\Adam Knox\My Documents\skate-world.net\html\design_3\pic7.html --> skate-world.net /public_html pic7.html
2003.09.22 16:23 B E:\Documents and Settings\Adam Knox\My Documents\skate-world.net\html\design_3\pic8.html --> skate-world.net /public_html pic8.html
2003.09.22 16:23 B E:\Documents and Settings\Adam Knox\My Documents\skate-world.net\html\design_3\pic9.html --> skate-world.net /public_html pic9.html
2003.09.22 16:23 B E:\Documents and Settings\Adam Knox\My Documents\skate-world.net\html\design_3\pro_pics.html --> skate-world.net /public_html pro_pics.html
2003.09.22 16:23 B E:\Documents and Settings\Adam Knox\My Documents\skate-world.net\html\design_3\ramp_plans.html --> skate-world.net /public_html ramp_plans.html
2003.09.22 16:23 B E:\Documents and Settings\Adam Knox\My Documents\skate-world.net\html\design_3\right.html --> skate-world.net /public_html right.html
2003.09.22 16:23 B E:\Documents and Settings\Adam Knox\My Documents\skate-world.net\html\design_3\saladgrind.html --> skate-world.net /public_html saladgrind.html
2003.09.22 16:23 B E:\Documents and Settings\Adam Knox\My Documents\skate-world.net\html\design_3\sequence1.html --> skate-world.net /public_html sequence1.html
2003.09.22 16:23 B E:\Documents and Settings\Adam Knox\My Documents\skate-world.net\html\design_3\sequence2.html --> skate-world.net /public_html sequence2.html
2003.09.22 16:23 B E:\Documents and Settings\Adam Knox\My Documents\skate-world.net\html\design_3\sequence3.html --> skate-world.net /public_html sequence3.html
2003.09.22 16:23 B E:\Documents and Settings\Adam Knox\My Documents\skate-world.net\html\design_3\sequence4.html --> skate-world.net /public_html sequence4.html
2003.09.22 16:23 B E:\Documents and Settings\Adam Knox\My Documents\skate-world.net\html\design_3\sequence5.html --> skate-world.net /public_html sequence5.html
2003.09.22 16:23 B E:\Documents and Settings\Adam Knox\My Documents\skate-world.net\html\design_3\sequence6.html --> skate-world.net /public_html sequence6.html
2003.09.22 16:23 B E:\Documents and Settings\Adam Knox\My Documents\skate-world.net\html\design_3\sequence7.html --> skate-world.net /public_html sequence7.html
2003.09.22 16:23 B E:\Documents and Settings\Adam Knox\My Documents\skate-world.net\html\design_3\sequence8.html --> skate-world.net /public_html sequence8.html
2003.09.22 16:24 B E:\Documents and Settings\Adam Knox\My Documents\skate-world.net\html\design_3\sequencetemplate.html --> skate-world.net /public_html sequencetemplate.html
2003.09.22 16:24 B E:\Documents and Settings\Adam Knox\My Documents\skate-world.net\html\design_3\sexchange.html --> skate-world.net /public_html sexchange.html
2003.09.22 16:24 B E:\Documents and Settings\Adam Knox\My Documents\skate-world.net\html\design_3\skate_team.html --> skate-world.net /public_html skate_team.html
2003.09.22 16:24 B E:\Documents and Settings\Adam Knox\My Documents\skate-world.net\html\design_3\smithgrind.html --> skate-world.net /public_html smithgrind.html
2003.09.22 16:24 B E:\Documents and Settings\Adam Knox\My Documents\skate-world.net\html\design_3\start.html --> skate-world.net /public_html start.html
2003.09.22 16:24 B E:\Documents and Settings\Adam Knox\My Documents\skate-world.net\html\design_3\start2.html --> skate-world.net /public_html start2.html
2003.09.22 16:24 B E:\Documents and Settings\Adam Knox\My Documents\skate-world.net\html\design_3\tagboard.html --> skate-world.net /public_html tagboard.html
2003.09.22 16:24 B E:\Documents and Settings\Adam Knox\My Documents\skate-world.net\html\design_3\tailslide.html --> skate-world.net /public_html tailslide.html
2003.09.22 16:24 B E:\Documents and Settings\Adam Knox\My Documents\skate-world.net\html\design_3\tailstall.html --> skate-world.net /public_html tailstall.html
2003.09.22 16:24 B E:\Documents and Settings\Adam Knox\My Documents\skate-world.net\html\design_3\trick_tips.html --> skate-world.net /public_html trick_tips.html
2003.09.22 16:24 B E:\Documents and Settings\Adam Knox\My Documents\skate-world.net\html\design_3\twistedflip.html --> skate-world.net /public_html twistedflip.html
2003.09.22 16:24 B E:\Documents and Settings\Adam Knox\My Documents\skate-world.net\html\design_3\vids.html --> skate-world.net /public_html vids.html
2003.09.22 16:24 B E:\Documents and Settings\Adam Knox\My Documents\skate-world.net\html\design_3\WS_FTP.LOG --> skate-world.net /public_html WS_FTP.LOG
2003.09.22 16:24 B E:\Documents and Settings\Adam Knox\My Documents\skate-world.net\html\design_3\y_pic_links.html --> skate-world.net /public_html y_pic_links.html
2003.09.22 16:24 B E:\Documents and Settings\Adam Knox\My Documents\skate-world.net\html\design_3\y_plans_links.html --> skate-world.net /public_html y_plans_links.html
2003.09.22 16:24 B E:\Documents and Settings\Adam Knox\My Documents\skate-world.net\html\design_3\y_pro_links.html --> skate-world.net /public_html y_pro_links.html
2003.09.22 16:24 B E:\Documents and Settings\Adam Knox\My Documents\skate-world.net\html\design_3\y_team_links.html --> skate-world.net /public_html y_team_links.html
2003.09.22 16:24 B E:\Documents and Settings\Adam Knox\My Documents\skate-world.net\html\design_3\y_tips_links.html --> skate-world.net /public_html y_tips_links.html
2003.09.22 16:24 B E:\Documents and Settings\Adam Knox\My Documents\skate-world.net\html\design_3\y_vid_links.html --> skate-world.net /public_html y_vid_links.html
2003.09.22 16:24 B E:\Documents and Settings\Adam Knox\My Documents\skate-world.net\html\design_3\your_linked.html --> skate-world.net /public_html your_linked.html
2003.09.22 16:24 B E:\Documents and Settings\Adam Knox\My Documents\skate-world.net\html\design_3\your_links.html --> skate-world.net /public_html your_links.html
2003.09.22 16:24 B E:\Documents and Settings\Adam Knox\My Documents\skate-world.net\html\design_3\your_pic.html --> skate-world.net /public_html your_pic.html
2003.09.22 16:24 B E:\Documents and Settings\Adam Knox\My Documents\skate-world.net\html\design_3\your_pics.html --> skate-world.net /public_html your_pics.html
2003.09.22 16:24 B E:\Documents and Settings\Adam Knox\My Documents\skate-world.net\html\design_3\your_rampplan.html --> skate-world.net /public_html your_rampplan.html
2003.09.22 16:24 B E:\Documents and Settings\Adam Knox\My Documents\skate-world.net\html\design_3\your_tip.html --> skate-world.net /public_html your_tip.html
2003.09.22 16:24 B E:\Documents and Settings\Adam Knox\My Documents\skate-world.net\html\design_3\your_vid.html --> skate-world.net /public_html your_vid.html
2003.09.22 16:40 B E:\Documents and Settings\Adam Knox\My Documents\skate-world.net\html\design_3\index.html --> skate-world.net /public_html index.html
2003.09.22 16:40 B E:\Documents and Settings\Adam Knox\My Documents\skate-world.net\html\design_3\index2.html --> skate-world.net /public_html index2.html
2003.09.26 15:41 B E:\Documents and Settings\Adam Knox\My Documents\skate-world.net\html\design_3\5-0grind.html --> skate-world.net /public_html 5-0grind.html
2003.09.26 15:41 B E:\Documents and Settings\Adam Knox\My Documents\skate-world.net\html\design_3\5-0stall.html --> skate-world.net /public_html 5-0stall.html
2003.09.26 15:41 B E:\Documents and Settings\Adam Knox\My Documents\skate-world.net\html\design_3\50-50grind.html --> skate-world.net /public_html 50-50grind.html
2003.09.26 15:41 B E:\Documents and Settings\Adam Knox\My Documents\skate-world.net\html\design_3\50-50stall.html --> skate-world.net /public_html 50-50stall.html
2003.09.26 15:41 B E:\Documents and Settings\Adam Knox\My Documents\skate-world.net\html\design_3\bio1.html --> skate-world.net /public_html bio1.html
2003.09.26 15:41 B E:\Documents and Settings\Adam Knox\My Documents\skate-world.net\html\design_3\bio1pic.html --> skate-world.net /public_html bio1pic.html
2003.09.26 15:41 B E:\Documents and Settings\Adam Knox\My Documents\skate-world.net\html\design_3\bio2.html --> skate-world.net /public_html bio2.html
2003.09.26 15:41 B E:\Documents and Settings\Adam Knox\My Documents\skate-world.net\html\design_3\bio2pic.html --> skate-world.net /public_html bio2pic.html
2003.09.26 15:42 B E:\Documents and Settings\Adam Knox\My Documents\skate-world.net\html\design_3\bio3.html --> skate-world.net /public_html bio3.html
2003.09.26 15:42 B E:\Documents and Settings\Adam Knox\My Documents\skate-world.net\html\design_3\bio3pic.html --> skate-world.net /public_html bio3pic.html
2003.09.26 15:42 B E:\Documents and Settings\Adam Knox\My Documents\skate-world.net\html\design_3\bio4.html --> skate-world.net /public_html bio4.html
2003.09.26 15:42 B E:\Documents and Settings\Adam Knox\My Documents\skate-world.net\html\design_3\bio4pic.html --> skate-world.net /public_html bio4pic.html
2003.09.26 15:42 B E:\Documents and Settings\Adam Knox\My Documents\skate-world.net\html\design_3\biosplit1.html --> skate-world.net /public_html biosplit1.html
2003.09.26 15:42 B E:\Documents and Settings\Adam Knox\My Documents\skate-world.net\html\design_3\biosplit2.html --> skate-world.net /public_html biosplit2.html
2003.09.26 15:42 B E:\Documents and Settings\Adam Knox\My Documents\skate-world.net\html\design_3\biosplit3.html --> skate-world.net /public_html biosplit3.html
2003.09.26 15:42 B E:\Documents and Settings\Adam Knox\My Documents\skate-world.net\html\design_3\biosplit4.html --> skate-world.net /public_html biosplit4.html
2003.09.26 15:42 B E:\Documents and Settings\Adam Knox\My Documents\skate-world.net\html\design_3\bluntstall.html --> skate-world.net /public_html bluntstall.html
2003.09.26 15:42 B E:\Documents and Settings\Adam Knox\My Documents\skate-world.net\html\design_3\boardslide.html --> skate-world.net /public_html boardslide.html
2003.09.26 15:42 B E:\Documents and Settings\Adam Knox\My Documents\skate-world.net\html\design_3\bottom.html --> skate-world.net /public_html bottom.html
2003.09.26 15:43 B E:\Documents and Settings\Adam Knox\My Documents\skate-world.net\html\design_3\casper.html --> skate-world.net /public_html casper.html
2003.09.26 15:43 B E:\Documents and Settings\Adam Knox\My Documents\skate-world.net\html\design_3\darkslide.html --> skate-world.net /public_html darkslide.html
2003.09.26 15:43 B E:\Documents and Settings\Adam Knox\My Documents\skate-world.net\html\design_3\feeblegrind.html --> skate-world.net /public_html feeblegrind.html
2003.09.26 15:43 B E:\Documents and Settings\Adam Knox\My Documents\skate-world.net\html\design_3\fs180.html --> skate-world.net /public_html fs180.html
2003.09.26 15:43 B E:\Documents and Settings\Adam Knox\My Documents\skate-world.net\html\design_3\heelflip.html --> skate-world.net /public_html heelflip.html
2003.09.26 15:43 B E:\Documents and Settings\Adam Knox\My Documents\skate-world.net\html\design_3\heelvarial.html --> skate-world.net /public_html heelvarial.html
2003.09.26 15:43 B E:\Documents and Settings\Adam Knox\My Documents\skate-world.net\html\design_3\home.html --> skate-world.net /public_html home.html
2003.09.26 15:43 B E:\Documents and Settings\Adam Knox\My Documents\skate-world.net\html\design_3\index.html --> skate-world.net /public_html index.html
2003.09.26 15:43 B E:\Documents and Settings\Adam Knox\My Documents\skate-world.net\html\design_3\index2.html --> skate-world.net /public_html index2.html
2003.09.26 15:43 B E:\Documents and Settings\Adam Knox\My Documents\skate-world.net\html\design_3\join_skateteam.html --> skate-world.net /public_html join_skateteam.html
2003.09.26 15:43 B E:\Documents and Settings\Adam Knox\My Documents\skate-world.net\html\design_3\kickflip.html --> skate-world.net /public_html kickflip.html
2003.09.26 15:43 B E:\Documents and Settings\Adam Knox\My Documents\skate-world.net\html\design_3\linked.html --> skate-world.net /public_html linked.html
2003.09.26 15:43 B E:\Documents and Settings\Adam Knox\My Documents\skate-world.net\html\design_3\links.html --> skate-world.net /public_html links.html
2003.09.26 15:43 B E:\Documents and Settings\Adam Knox\My Documents\skate-world.net\html\design_3\list.html --> skate-world.net /public_html list.html
2003.09.26 15:43 B E:\Documents and Settings\Adam Knox\My Documents\skate-world.net\html\design_3\manuel.html --> skate-world.net /public_html manuel.html
2003.09.26 15:43 B E:\Documents and Settings\Adam Knox\My Documents\skate-world.net\html\design_3\news.html --> skate-world.net /public_html news.html
2003.09.26 15:43 B E:\Documents and Settings\Adam Knox\My Documents\skate-world.net\html\design_3\nollie.html --> skate-world.net /public_html nollie.html
2003.09.26 15:44 B E:\Documents and Settings\Adam Knox\My Documents\skate-world.net\html\design_3\noseslide.html --> skate-world.net /public_html noseslide.html
2003.09.26 15:44 B E:\Documents and Settings\Adam Knox\My Documents\skate-world.net\html\design_3\nosestall.html --> skate-world.net /public_html nosestall.html
2003.09.26 15:44 B E:\Documents and Settings\Adam Knox\My Documents\skate-world.net\html\design_3\ollie.html --> skate-world.net /public_html ollie.html
2003.09.26 15:44 B E:\Documents and Settings\Adam Knox\My Documents\skate-world.net\html\design_3\pic1.html --> skate-world.net /public_html pic1.html
2003.09.26 15:44 B E:\Documents and Settings\Adam Knox\My Documents\skate-world.net\html\design_3\pic10.html --> skate-world.net /public_html pic10.html
2003.09.26 15:44 B E:\Documents and Settings\Adam Knox\My Documents\skate-world.net\html\design_3\pic11.html --> skate-world.net /public_html pic11.html
2003.09.26 15:44 B E:\Documents and Settings\Adam Knox\My Documents\skate-world.net\html\design_3\pic12.html --> skate-world.net /public_html pic12.html
2003.09.26 15:44 B E:\Documents and Settings\Adam Knox\My Documents\skate-world.net\html\design_3\pic13.html --> skate-world.net /public_html pic13.html
2003.09.26 15:44 B E:\Documents and Settings\Adam Knox\My Documents\skate-world.net\html\design_3\pic14.html --> skate-world.net /public_html pic14.html
2003.09.26 15:44 B E:\Documents and Settings\Adam Knox\My Documents\skate-world.net\html\design_3\pic15.html --> skate-world.net /public_html pic15.html
2003.09.26 15:44 B E:\Documents and Settings\Adam Knox\My Documents\skate-world.net\html\design_3\pic16.html --> skate-world.net /public_html pic16.html
2003.09.26 15:44 B E:\Documents and Settings\Adam Knox\My Documents\skate-world.net\html\design_3\pic17.html --> skate-world.net /public_html pic17.html
2003.09.26 15:44 B E:\Documents and Settings\Adam Knox\My Documents\skate-world.net\html\design_3\pic18.html --> skate-world.net /public_html pic18.html
2003.09.26 15:44 B E:\Documents and Settings\Adam Knox\My Documents\skate-world.net\html\design_3\pic19.html --> skate-world.net /public_html pic19.html
2003.09.26 15:44 B E:\Documents and Settings\Adam Knox\My Documents\skate-world.net\html\design_3\pic2.html --> skate-world.net /public_html pic2.html
2003.09.26 15:44 B E:\Documents and Settings\Adam Knox\My Documents\skate-world.net\html\design_3\pic3.html --> skate-world.net /public_html pic3.html
2003.09.26 15:44 B E:\Documents and Settings\Adam Knox\My Documents\skate-world.net\html\design_3\pic4.html --> skate-world.net /public_html pic4.html
2003.09.26 15:44 B E:\Documents and Settings\Adam Knox\My Documents\skate-world.net\html\design_3\pic5.html --> skate-world.net /public_html pic5.html
2003.09.26 15:44 B E:\Documents and Settings\Adam Knox\My Documents\skate-world.net\html\design_3\pic6.html --> skate-world.net /public_html pic6.html
2003.09.26 15:44 B E:\Documents and Settings\Adam Knox\My Documents\skate-world.net\html\design_3\pic7.html --> skate-world.net /public_html pic7.html
2003.09.26 15:44 B E:\Documents and Settings\Adam Knox\My Documents\skate-world.net\html\design_3\pic8.html --> skate-world.net /public_html pic8.html
2003.09.26 15:44 B E:\Documents and Settings\Adam Knox\My Documents\skate-world.net\html\design_3\pic9.html --> skate-world.net /public_html pic9.html
2003.09.26 15:45 B E:\Documents and Settings\Adam Knox\My Documents\skate-world.net\html\design_3\pro_pics.html --> skate-world.net /public_html pro_pics.html
2003.09.26 15:45 B E:\Documents and Settings\Adam Knox\My Documents\skate-world.net\html\design_3\ramp_plans.html --> skate-world.net /public_html ramp_plans.html
2003.09.26 15:45 B E:\Documents and Settings\Adam Knox\My Documents\skate-world.net\html\design_3\right.html --> skate-world.net /public_html right.html
2003.09.26 15:45 B E:\Documents and Settings\Adam Knox\My Documents\skate-world.net\html\design_3\saladgrind.html --> skate-world.net /public_html saladgrind.html
2003.09.26 15:45 B E:\Documents and Settings\Adam Knox\My Documents\skate-world.net\html\design_3\sequence1.html --> skate-world.net /public_html sequence1.html
2003.09.26 15:45 B E:\Documents and Settings\Adam Knox\My Documents\skate-world.net\html\design_3\sequence2.html --> skate-world.net /public_html sequence2.html
2003.09.26 15:45 B E:\Documents and Settings\Adam Knox\My Documents\skate-world.net\html\design_3\sequence3.html --> skate-world.net /public_html sequence3.html
2003.09.26 15:46 B E:\Documents and Settings\Adam Knox\My Documents\skate-world.net\html\design_3\sequence4.html --> skate-world.net /public_html sequence4.html
2003.09.26 15:46 B E:\Documents and Settings\Adam Knox\My Documents\skate-world.net\html\design_3\sequence5.html --> skate-world.net /public_html sequence5.html
2003.09.26 15:46 B E:\Documents and Settings\Adam Knox\My Documents\skate-world.net\html\design_3\sequence6.html --> skate-world.net /public_html sequence6.html
2003.09.26 15:46 B E:\Documents and Settings\Adam Knox\My Documents\skate-world.net\html\design_3\sequence7.html --> skate-world.net /public_html sequence7.html
2003.09.26 15:46 B E:\Documents and Settings\Adam Knox\My Documents\skate-world.net\html\design_3\sequence8.html --> skate-world.net /public_html sequence8.html
2003.09.26 15:46 B E:\Documents and Settings\Adam Knox\My Documents\skate-world.net\html\design_3\sequencetemplate.html --> skate-world.net /public_html sequencetemplate.html
2003.09.26 15:46 B E:\Documents and Settings\Adam Knox\My Documents\skate-world.net\html\design_3\sexchange.html --> skate-world.net /public_html sexchange.html
2003.09.26 15:46 B E:\Documents and Settings\Adam Knox\My Documents\skate-world.net\html\design_3\skate_team.html --> skate-world.net /public_html skate_team.html
2003.09.26 15:46 B E:\Documents and Settings\Adam Knox\My Documents\skate-world.net\html\design_3\smithgrind.html --> skate-world.net /public_html smithgrind.html
2003.09.26 15:47 B E:\Documents and Settings\Adam Knox\My Documents\skate-world.net\html\design_3\start.html --> skate-world.net /public_html start.html
2003.09.26 15:47 B E:\Documents and Settings\Adam Knox\My Documents\skate-world.net\html\design_3\start2.html --> skate-world.net /public_html start2.html
2003.09.26 15:47 B E:\Documents and Settings\Adam Knox\My Documents\skate-world.net\html\design_3\tagboard.html --> skate-world.net /public_html tagboard.html
2003.09.26 15:47 B E:\Documents and Settings\Adam Knox\My Documents\skate-world.net\html\design_3\tailslide.html --> skate-world.net /public_html tailslide.html
2003.09.26 15:47 B E:\Documents and Settings\Adam Knox\My Documents\skate-world.net\html\design_3\tailstall.html --> skate-world.net /public_html tailstall.html
2003.09.26 15:47 B E:\Documents and Settings\Adam Knox\My Documents\skate-world.net\html\design_3\trick_tips.html --> skate-world.net /public_html trick_tips.html
2003.09.26 15:47 B E:\Documents and Settings\Adam Knox\My Documents\skate-world.net\html\design_3\twistedflip.html --> skate-world.net /public_html twistedflip.html
2003.09.26 15:47 B E:\Documents and Settings\Adam Knox\My Documents\skate-world.net\html\design_3\vids.html --> skate-world.net /public_html vids.html
2003.09.26 15:48 B E:\Documents and Settings\Adam Knox\My Documents\skate-world.net\html\design_3\WS_FTP.LOG --> skate-world.net /public_html WS_FTP.LOG
2003.09.26 15:48 B E:\Documents and Settings\Adam Knox\My Documents\skate-world.net\html\design_3\y_pic_links.html --> skate-world.net /public_html y_pic_links.html
2003.09.26 15:48 B E:\Documents and Settings\Adam Knox\My Documents\skate-world.net\html\design_3\y_plans_links.html --> skate-world.net /public_html y_plans_links.html
2003.09.26 15:48 B E:\Documents and Settings\Adam Knox\My Documents\skate-world.net\html\design_3\y_pro_links.html --> skate-world.net /public_html y_pro_links.html
2003.09.26 15:49 B E:\Documents and Settings\Adam Knox\My Documents\skate-world.net\html\design_3\y_team_links.html --> skate-world.net /public_html y_team_links.html
2003.09.26 15:49 B E:\Documents and Settings\Adam Knox\My Documents\skate-world.net\html\design_3\y_tips_links.html --> skate-world.net /public_html y_tips_links.html
2003.09.26 15:49 B E:\Documents and Settings\Adam Knox\My Documents\skate-world.net\html\design_3\y_vid_links.html --> skate-world.net /public_html y_vid_links.html
2003.09.26 15:49 B E:\Documents and Settings\Adam Knox\My Documents\skate-world.net\html\design_3\your_linked.html --> skate-world.net /public_html your_linked.html
2003.09.26 15:49 B E:\Documents and Settings\Adam Knox\My Documents\skate-world.net\html\design_3\your_links.html --> skate-world.net /public_html your_links.html
2003.09.26 15:49 B E:\Documents and Settings\Adam Knox\My Documents\skate-world.net\html\design_3\your_pic.html --> skate-world.net /public_html your_pic.html
2003.09.26 15:49 B E:\Documents and Settings\Adam Knox\My Documents\skate-world.net\html\design_3\your_pics.html --> skate-world.net /public_html your_pics.html
2003.09.26 15:50 B E:\Documents and Settings\Adam Knox\My Documents\skate-world.net\html\design_3\your_rampplan.html --> skate-world.net /public_html your_rampplan.html
2003.09.26 15:50 B E:\Documents and Settings\Adam Knox\My Documents\skate-world.net\html\design_3\your_tip.html --> skate-world.net /public_html your_tip.html
2003.09.26 15:50 B E:\Documents and Settings\Adam Knox\My Documents\skate-world.net\html\design_3\your_vid.html --> skate-world.net /public_html your_vid.html
2003.09.27 12:42 B E:\Documents and Settings\Adam Knox\My Documents\skate-world.net\html\design_3\links.html --> skate-world.net /public_html links.html
2003.09.27 12:42 B E:\Documents and Settings\Adam Knox\My Documents\skate-world.net\html\design_3\noseslide.html --> skate-world.net /public_html noseslide.html
2003.09.27 12:42 B E:\Documents and Settings\Adam Knox\My Documents\skate-world.net\html\design_3\tailslide.html --> skate-world.net /public_html tailslide.html
2003.09.27 12:42 B E:\Documents and Settings\Adam Knox\My Documents\skate-world.net\html\design_3\boardslide.html --> skate-world.net /public_html boardslide.html
2003.10.04 18:25 B E:\Documents and Settings\Adam Knox\My Documents\skate-world.net\html\blues\links.html --> skate-world.net /public_html links.html
