2004.08.26 15:44 B E:\Documents and Settings\Adam Knox\Desktop\SKATE WORLD UNCLEAN\public_html\images\demiZe Spliff\aim.gif <-- Skate world /public_html/images/demiZe Spliff aim.gif
2004.08.26 15:44 B E:\Documents and Settings\Adam Knox\Desktop\SKATE WORLD UNCLEAN\public_html\images\demiZe Spliff\arrow_dw.gif <-- Skate world /public_html/images/demiZe Spliff arrow_dw.gif
2004.08.26 15:44 B E:\Documents and Settings\Adam Knox\Desktop\SKATE WORLD UNCLEAN\public_html\images\demiZe Spliff\arrow_up.gif <-- Skate world /public_html/images/demiZe Spliff arrow_up.gif
2004.08.26 15:44 B E:\Documents and Settings\Adam Knox\Desktop\SKATE WORLD UNCLEAN\public_html\images\demiZe Spliff\avatars.gif <-- Skate world /public_html/images/demiZe Spliff avatars.gif
2004.08.26 15:44 B E:\Documents and Settings\Adam Knox\Desktop\SKATE WORLD UNCLEAN\public_html\images\demiZe Spliff\bb_bold.gif <-- Skate world /public_html/images/demiZe Spliff bb_bold.gif
2004.08.26 15:44 B E:\Documents and Settings\Adam Knox\Desktop\SKATE WORLD UNCLEAN\public_html\images\demiZe Spliff\bb_center.gif <-- Skate world /public_html/images/demiZe Spliff bb_center.gif
2004.08.26 15:44 B E:\Documents and Settings\Adam Knox\Desktop\SKATE WORLD UNCLEAN\public_html\images\demiZe Spliff\bb_code.gif <-- Skate world /public_html/images/demiZe Spliff bb_code.gif
2004.08.26 15:44 B E:\Documents and Settings\Adam Knox\Desktop\SKATE WORLD UNCLEAN\public_html\images\demiZe Spliff\bb_email.gif <-- Skate world /public_html/images/demiZe Spliff bb_email.gif
2004.08.26 15:44 B E:\Documents and Settings\Adam Knox\Desktop\SKATE WORLD UNCLEAN\public_html\images\demiZe Spliff\bb_image.gif <-- Skate world /public_html/images/demiZe Spliff bb_image.gif
2004.08.26 15:44 B E:\Documents and Settings\Adam Knox\Desktop\SKATE WORLD UNCLEAN\public_html\images\demiZe Spliff\bb_italicize.gif <-- Skate world /public_html/images/demiZe Spliff bb_italicize.gif
2004.08.26 15:44 B E:\Documents and Settings\Adam Knox\Desktop\SKATE WORLD UNCLEAN\public_html\images\demiZe Spliff\bb_list.gif <-- Skate world /public_html/images/demiZe Spliff bb_list.gif
2004.08.26 15:44 B E:\Documents and Settings\Adam Knox\Desktop\SKATE WORLD UNCLEAN\public_html\images\demiZe Spliff\bb_quote.gif <-- Skate world /public_html/images/demiZe Spliff bb_quote.gif
2004.08.26 15:44 B E:\Documents and Settings\Adam Knox\Desktop\SKATE WORLD UNCLEAN\public_html\images\demiZe Spliff\bb_underline.gif <-- Skate world /public_html/images/demiZe Spliff bb_underline.gif
2004.08.26 15:44 B E:\Documents and Settings\Adam Knox\Desktop\SKATE WORLD UNCLEAN\public_html\images\demiZe Spliff\bb_url.gif <-- Skate world /public_html/images/demiZe Spliff bb_url.gif
2004.08.26 15:44 B E:\Documents and Settings\Adam Knox\Desktop\SKATE WORLD UNCLEAN\public_html\images\demiZe Spliff\catbar.gif <-- Skate world /public_html/images/demiZe Spliff catbar.gif
2004.08.26 15:44 B E:\Documents and Settings\Adam Knox\Desktop\SKATE WORLD UNCLEAN\public_html\images\demiZe Spliff\closeav.gif <-- Skate world /public_html/images/demiZe Spliff closeav.gif
2004.08.26 15:44 B E:\Documents and Settings\Adam Knox\Desktop\SKATE WORLD UNCLEAN\public_html\images\demiZe Spliff\Copyright.txt <-- Skate world /public_html/images/demiZe Spliff Copyright.txt
2004.08.26 15:44 B E:\Documents and Settings\Adam Knox\Desktop\SKATE WORLD UNCLEAN\public_html\images\demiZe Spliff\demiZe Spliff-theme.xmb <-- Skate world /public_html/images/demiZe Spliff demiZe Spliff-theme.xmb
2004.08.26 15:44 B E:\Documents and Settings\Adam Knox\Desktop\SKATE WORLD UNCLEAN\public_html\images\demiZe Spliff\dot_folder.gif <-- Skate world /public_html/images/demiZe Spliff dot_folder.gif
2004.08.26 15:44 B E:\Documents and Settings\Adam Knox\Desktop\SKATE WORLD UNCLEAN\public_html\images\demiZe Spliff\dot_folder_new_poll.gif <-- Skate world /public_html/images/demiZe Spliff dot_folder_new_poll.gif
2004.08.26 15:44 B E:\Documents and Settings\Adam Knox\Desktop\SKATE WORLD UNCLEAN\public_html\images\demiZe Spliff\dot_folder_poll.gif <-- Skate world /public_html/images/demiZe Spliff dot_folder_poll.gif
2004.08.26 15:44 B E:\Documents and Settings\Adam Knox\Desktop\SKATE WORLD UNCLEAN\public_html\images\demiZe Spliff\dot_hot_folder.gif <-- Skate world /public_html/images/demiZe Spliff dot_hot_folder.gif
2004.08.26 15:44 B E:\Documents and Settings\Adam Knox\Desktop\SKATE WORLD UNCLEAN\public_html\images\demiZe Spliff\dot_hot_red_folder.gif <-- Skate world /public_html/images/demiZe Spliff dot_hot_red_folder.gif
2004.08.26 15:44 B E:\Documents and Settings\Adam Knox\Desktop\SKATE WORLD UNCLEAN\public_html\images\demiZe Spliff\dot_red_folder.gif <-- Skate world /public_html/images/demiZe Spliff dot_red_folder.gif
2004.08.26 15:44 B E:\Documents and Settings\Adam Knox\Desktop\SKATE WORLD UNCLEAN\public_html\images\demiZe Spliff\edit.gif <-- Skate world /public_html/images/demiZe Spliff edit.gif
2004.08.26 15:45 B E:\Documents and Settings\Adam Knox\Desktop\SKATE WORLD UNCLEAN\public_html\images\demiZe Spliff\email.gif <-- Skate world /public_html/images/demiZe Spliff email.gif
2004.08.26 15:45 B E:\Documents and Settings\Adam Knox\Desktop\SKATE WORLD UNCLEAN\public_html\images\demiZe Spliff\find.gif <-- Skate world /public_html/images/demiZe Spliff find.gif
2004.08.26 15:45 B E:\Documents and Settings\Adam Knox\Desktop\SKATE WORLD UNCLEAN\public_html\images\demiZe Spliff\folder.gif <-- Skate world /public_html/images/demiZe Spliff folder.gif
2004.08.26 15:45 B E:\Documents and Settings\Adam Knox\Desktop\SKATE WORLD UNCLEAN\public_html\images\demiZe Spliff\folder_new_poll.gif <-- Skate world /public_html/images/demiZe Spliff folder_new_poll.gif
2004.08.26 15:45 B E:\Documents and Settings\Adam Knox\Desktop\SKATE WORLD UNCLEAN\public_html\images\demiZe Spliff\folder_poll.gif <-- Skate world /public_html/images/demiZe Spliff folder_poll.gif
2004.08.26 15:45 B E:\Documents and Settings\Adam Knox\Desktop\SKATE WORLD UNCLEAN\public_html\images\demiZe Spliff\headerback.gif <-- Skate world /public_html/images/demiZe Spliff headerback.gif
2004.08.26 15:45 B E:\Documents and Settings\Adam Knox\Desktop\SKATE WORLD UNCLEAN\public_html\images\demiZe Spliff\hot_folder.gif <-- Skate world /public_html/images/demiZe Spliff hot_folder.gif
2004.08.26 15:45 B E:\Documents and Settings\Adam Knox\Desktop\SKATE WORLD UNCLEAN\public_html\images\demiZe Spliff\hot_red_folder.gif <-- Skate world /public_html/images/demiZe Spliff hot_red_folder.gif
2004.08.26 15:45 B E:\Documents and Settings\Adam Knox\Desktop\SKATE WORLD UNCLEAN\public_html\images\demiZe Spliff\icq_add.gif <-- Skate world /public_html/images/demiZe Spliff icq_add.gif
2004.08.26 15:45 B E:\Documents and Settings\Adam Knox\Desktop\SKATE WORLD UNCLEAN\public_html\images\demiZe Spliff\index.html <-- Skate world /public_html/images/demiZe Spliff index.html
2004.08.26 15:45 B E:\Documents and Settings\Adam Knox\Desktop\SKATE WORLD UNCLEAN\public_html\images\demiZe Spliff\ip.gif <-- Skate world /public_html/images/demiZe Spliff ip.gif
2004.08.26 15:45 B E:\Documents and Settings\Adam Knox\Desktop\SKATE WORLD UNCLEAN\public_html\images\demiZe Spliff\ipost.gif <-- Skate world /public_html/images/demiZe Spliff ipost.gif
2004.08.26 15:45 B E:\Documents and Settings\Adam Knox\Desktop\SKATE WORLD UNCLEAN\public_html\images\demiZe Spliff\lastpost.gif <-- Skate world /public_html/images/demiZe Spliff lastpost.gif
2004.08.26 15:45 B E:\Documents and Settings\Adam Knox\Desktop\SKATE WORLD UNCLEAN\public_html\images\demiZe Spliff\lock_folder.gif <-- Skate world /public_html/images/demiZe Spliff lock_folder.gif
2004.08.26 15:45 B E:\Documents and Settings\Adam Knox\Desktop\SKATE WORLD UNCLEAN\public_html\images\demiZe Spliff\moved_folder.gif <-- Skate world /public_html/images/demiZe Spliff moved_folder.gif
2004.08.26 15:45 B E:\Documents and Settings\Adam Knox\Desktop\SKATE WORLD UNCLEAN\public_html\images\demiZe Spliff\msn.gif <-- Skate world /public_html/images/demiZe Spliff msn.gif
2004.08.26 15:45 B E:\Documents and Settings\Adam Knox\Desktop\SKATE WORLD UNCLEAN\public_html\images\demiZe Spliff\newtopic.gif <-- Skate world /public_html/images/demiZe Spliff newtopic.gif
2004.08.26 15:45 B E:\Documents and Settings\Adam Knox\Desktop\SKATE WORLD UNCLEAN\public_html\images\demiZe Spliff\online.gif <-- Skate world /public_html/images/demiZe Spliff online.gif
2004.08.26 15:45 B E:\Documents and Settings\Adam Knox\Desktop\SKATE WORLD UNCLEAN\public_html\images\demiZe Spliff\openav.gif <-- Skate world /public_html/images/demiZe Spliff openav.gif
2004.08.26 15:45 B E:\Documents and Settings\Adam Knox\Desktop\SKATE WORLD UNCLEAN\public_html\images\demiZe Spliff\pin.gif <-- Skate world /public_html/images/demiZe Spliff pin.gif
2004.08.26 15:45 B E:\Documents and Settings\Adam Knox\Desktop\SKATE WORLD UNCLEAN\public_html\images\demiZe Spliff\pixel.gif <-- Skate world /public_html/images/demiZe Spliff pixel.gif
2004.08.26 15:45 B E:\Documents and Settings\Adam Knox\Desktop\SKATE WORLD UNCLEAN\public_html\images\demiZe Spliff\poll.gif <-- Skate world /public_html/images/demiZe Spliff poll.gif
2004.08.26 15:45 B E:\Documents and Settings\Adam Knox\Desktop\SKATE WORLD UNCLEAN\public_html\images\demiZe Spliff\pollbar-e.gif <-- Skate world /public_html/images/demiZe Spliff pollbar-e.gif
2004.08.26 15:45 B E:\Documents and Settings\Adam Knox\Desktop\SKATE WORLD UNCLEAN\public_html\images\demiZe Spliff\pollbar-s.gif <-- Skate world /public_html/images/demiZe Spliff pollbar-s.gif
2004.08.26 15:45 B E:\Documents and Settings\Adam Knox\Desktop\SKATE WORLD UNCLEAN\public_html\images\demiZe Spliff\pollbar.gif <-- Skate world /public_html/images/demiZe Spliff pollbar.gif
2004.08.26 15:45 B E:\Documents and Settings\Adam Knox\Desktop\SKATE WORLD UNCLEAN\public_html\images\demiZe Spliff\pollsmall.gif <-- Skate world /public_html/images/demiZe Spliff pollsmall.gif
2004.08.26 15:45 B E:\Documents and Settings\Adam Knox\Desktop\SKATE WORLD UNCLEAN\public_html\images\demiZe Spliff\profile.gif <-- Skate world /public_html/images/demiZe Spliff profile.gif
2004.08.26 15:45 B E:\Documents and Settings\Adam Knox\Desktop\SKATE WORLD UNCLEAN\public_html\images\demiZe Spliff\quote.gif <-- Skate world /public_html/images/demiZe Spliff quote.gif
2004.08.26 15:45 B E:\Documents and Settings\Adam Knox\Desktop\SKATE WORLD UNCLEAN\public_html\images\demiZe Spliff\red_folder.gif <-- Skate world /public_html/images/demiZe Spliff red_folder.gif
2004.08.26 15:45 B E:\Documents and Settings\Adam Knox\Desktop\SKATE WORLD UNCLEAN\public_html\images\demiZe Spliff\reply.gif <-- Skate world /public_html/images/demiZe Spliff reply.gif
2004.08.26 15:45 B E:\Documents and Settings\Adam Knox\Desktop\SKATE WORLD UNCLEAN\public_html\images\demiZe Spliff\report.gif <-- Skate world /public_html/images/demiZe Spliff report.gif
2004.08.26 15:45 B E:\Documents and Settings\Adam Knox\Desktop\SKATE WORLD UNCLEAN\public_html\images\demiZe Spliff\resolved.gif <-- Skate world /public_html/images/demiZe Spliff resolved.gif
2004.08.26 15:45 B E:\Documents and Settings\Adam Knox\Desktop\SKATE WORLD UNCLEAN\public_html\images\demiZe Spliff\send.gif <-- Skate world /public_html/images/demiZe Spliff send.gif
2004.08.26 15:45 B E:\Documents and Settings\Adam Knox\Desktop\SKATE WORLD UNCLEAN\public_html\images\demiZe Spliff\site.gif <-- Skate world /public_html/images/demiZe Spliff site.gif
2004.08.26 15:45 B E:\Documents and Settings\Adam Knox\Desktop\SKATE WORLD UNCLEAN\public_html\images\demiZe Spliff\star.gif <-- Skate world /public_html/images/demiZe Spliff star.gif
2004.08.26 15:45 B E:\Documents and Settings\Adam Knox\Desktop\SKATE WORLD UNCLEAN\public_html\images\demiZe Spliff\stats.gif <-- Skate world /public_html/images/demiZe Spliff stats.gif
2004.08.26 15:45 B E:\Documents and Settings\Adam Knox\Desktop\SKATE WORLD UNCLEAN\public_html\images\demiZe Spliff\topav.gif <-- Skate world /public_html/images/demiZe Spliff topav.gif
2004.08.26 15:45 B E:\Documents and Settings\Adam Knox\Desktop\SKATE WORLD UNCLEAN\public_html\images\demiZe Spliff\u2u.gif <-- Skate world /public_html/images/demiZe Spliff u2u.gif
2004.08.26 15:45 B E:\Documents and Settings\Adam Knox\Desktop\SKATE WORLD UNCLEAN\public_html\images\demiZe Spliff\unresolved.gif <-- Skate world /public_html/images/demiZe Spliff unresolved.gif
2004.08.26 15:45 B E:\Documents and Settings\Adam Knox\Desktop\SKATE WORLD UNCLEAN\public_html\images\demiZe Spliff\xmbheader.gif <-- Skate world /public_html/images/demiZe Spliff xmbheader.gif
2004.08.26 15:45 B E:\Documents and Settings\Adam Knox\Desktop\SKATE WORLD UNCLEAN\public_html\images\demiZe Spliff\yahoo.gif <-- Skate world /public_html/images/demiZe Spliff yahoo.gif
2004.08.26 21:25 B E:\Documents and Settings\Adam Knox\Desktop\Skate world redone\forum\images\demiZe Spliff\aim.gif --> ftp.skate-world.net /public_html/forum/images/demiZe Spliff aim.gif
2004.08.26 21:25 B E:\Documents and Settings\Adam Knox\Desktop\Skate world redone\forum\images\demiZe Spliff\arrow_dw.gif --> ftp.skate-world.net /public_html/forum/images/demiZe Spliff arrow_dw.gif
2004.08.26 21:25 B E:\Documents and Settings\Adam Knox\Desktop\Skate world redone\forum\images\demiZe Spliff\arrow_up.gif --> ftp.skate-world.net /public_html/forum/images/demiZe Spliff arrow_up.gif
2004.08.26 21:25 B E:\Documents and Settings\Adam Knox\Desktop\Skate world redone\forum\images\demiZe Spliff\avatars.gif --> ftp.skate-world.net /public_html/forum/images/demiZe Spliff avatars.gif
2004.08.26 21:25 B E:\Documents and Settings\Adam Knox\Desktop\Skate world redone\forum\images\demiZe Spliff\bb_bold.gif --> ftp.skate-world.net /public_html/forum/images/demiZe Spliff bb_bold.gif
2004.08.26 21:25 B E:\Documents and Settings\Adam Knox\Desktop\Skate world redone\forum\images\demiZe Spliff\bb_center.gif --> ftp.skate-world.net /public_html/forum/images/demiZe Spliff bb_center.gif
2004.08.26 21:25 B E:\Documents and Settings\Adam Knox\Desktop\Skate world redone\forum\images\demiZe Spliff\bb_code.gif --> ftp.skate-world.net /public_html/forum/images/demiZe Spliff bb_code.gif
2004.08.26 21:25 B E:\Documents and Settings\Adam Knox\Desktop\Skate world redone\forum\images\demiZe Spliff\bb_email.gif --> ftp.skate-world.net /public_html/forum/images/demiZe Spliff bb_email.gif
2004.08.26 21:25 B E:\Documents and Settings\Adam Knox\Desktop\Skate world redone\forum\images\demiZe Spliff\bb_image.gif --> ftp.skate-world.net /public_html/forum/images/demiZe Spliff bb_image.gif
2004.08.26 21:25 B E:\Documents and Settings\Adam Knox\Desktop\Skate world redone\forum\images\demiZe Spliff\bb_italicize.gif --> ftp.skate-world.net /public_html/forum/images/demiZe Spliff bb_italicize.gif
2004.08.26 21:25 B E:\Documents and Settings\Adam Knox\Desktop\Skate world redone\forum\images\demiZe Spliff\bb_list.gif --> ftp.skate-world.net /public_html/forum/images/demiZe Spliff bb_list.gif
2004.08.26 21:25 B E:\Documents and Settings\Adam Knox\Desktop\Skate world redone\forum\images\demiZe Spliff\bb_quote.gif --> ftp.skate-world.net /public_html/forum/images/demiZe Spliff bb_quote.gif
2004.08.26 21:25 B E:\Documents and Settings\Adam Knox\Desktop\Skate world redone\forum\images\demiZe Spliff\bb_underline.gif --> ftp.skate-world.net /public_html/forum/images/demiZe Spliff bb_underline.gif
2004.08.26 21:25 B E:\Documents and Settings\Adam Knox\Desktop\Skate world redone\forum\images\demiZe Spliff\bb_url.gif --> ftp.skate-world.net /public_html/forum/images/demiZe Spliff bb_url.gif
2004.08.26 21:25 B E:\Documents and Settings\Adam Knox\Desktop\Skate world redone\forum\images\demiZe Spliff\catbar.gif --> ftp.skate-world.net /public_html/forum/images/demiZe Spliff catbar.gif
2004.08.26 21:25 B E:\Documents and Settings\Adam Knox\Desktop\Skate world redone\forum\images\demiZe Spliff\closeav.gif --> ftp.skate-world.net /public_html/forum/images/demiZe Spliff closeav.gif
2004.08.26 21:25 B E:\Documents and Settings\Adam Knox\Desktop\Skate world redone\forum\images\demiZe Spliff\Copyright.txt --> ftp.skate-world.net /public_html/forum/images/demiZe Spliff Copyright.txt
2004.08.26 21:25 B E:\Documents and Settings\Adam Knox\Desktop\Skate world redone\forum\images\demiZe Spliff\demiZe Spliff-theme.xmb --> ftp.skate-world.net /public_html/forum/images/demiZe Spliff demiZe Spliff-theme.xmb
2004.08.26 21:25 B E:\Documents and Settings\Adam Knox\Desktop\Skate world redone\forum\images\demiZe Spliff\dot_folder.gif --> ftp.skate-world.net /public_html/forum/images/demiZe Spliff dot_folder.gif
2004.08.26 21:25 B E:\Documents and Settings\Adam Knox\Desktop\Skate world redone\forum\images\demiZe Spliff\dot_folder_new_poll.gif --> ftp.skate-world.net /public_html/forum/images/demiZe Spliff dot_folder_new_poll.gif
2004.08.26 21:25 B E:\Documents and Settings\Adam Knox\Desktop\Skate world redone\forum\images\demiZe Spliff\dot_folder_poll.gif --> ftp.skate-world.net /public_html/forum/images/demiZe Spliff dot_folder_poll.gif
2004.08.26 21:25 B E:\Documents and Settings\Adam Knox\Desktop\Skate world redone\forum\images\demiZe Spliff\dot_hot_folder.gif --> ftp.skate-world.net /public_html/forum/images/demiZe Spliff dot_hot_folder.gif
2004.08.26 21:25 B E:\Documents and Settings\Adam Knox\Desktop\Skate world redone\forum\images\demiZe Spliff\dot_hot_red_folder.gif --> ftp.skate-world.net /public_html/forum/images/demiZe Spliff dot_hot_red_folder.gif
2004.08.26 21:25 B E:\Documents and Settings\Adam Knox\Desktop\Skate world redone\forum\images\demiZe Spliff\dot_red_folder.gif --> ftp.skate-world.net /public_html/forum/images/demiZe Spliff dot_red_folder.gif
2004.08.26 21:25 B E:\Documents and Settings\Adam Knox\Desktop\Skate world redone\forum\images\demiZe Spliff\edit.gif --> ftp.skate-world.net /public_html/forum/images/demiZe Spliff edit.gif
2004.08.26 21:25 B E:\Documents and Settings\Adam Knox\Desktop\Skate world redone\forum\images\demiZe Spliff\email.gif --> ftp.skate-world.net /public_html/forum/images/demiZe Spliff email.gif
2004.08.26 21:25 B E:\Documents and Settings\Adam Knox\Desktop\Skate world redone\forum\images\demiZe Spliff\find.gif --> ftp.skate-world.net /public_html/forum/images/demiZe Spliff find.gif
2004.08.26 21:25 B E:\Documents and Settings\Adam Knox\Desktop\Skate world redone\forum\images\demiZe Spliff\folder.gif --> ftp.skate-world.net /public_html/forum/images/demiZe Spliff folder.gif
2004.08.26 21:25 B E:\Documents and Settings\Adam Knox\Desktop\Skate world redone\forum\images\demiZe Spliff\folder_new_poll.gif --> ftp.skate-world.net /public_html/forum/images/demiZe Spliff folder_new_poll.gif
2004.08.26 21:25 B E:\Documents and Settings\Adam Knox\Desktop\Skate world redone\forum\images\demiZe Spliff\folder_poll.gif --> ftp.skate-world.net /public_html/forum/images/demiZe Spliff folder_poll.gif
2004.08.26 21:25 B E:\Documents and Settings\Adam Knox\Desktop\Skate world redone\forum\images\demiZe Spliff\headerback.gif --> ftp.skate-world.net /public_html/forum/images/demiZe Spliff headerback.gif
2004.08.26 21:25 B E:\Documents and Settings\Adam Knox\Desktop\Skate world redone\forum\images\demiZe Spliff\hot_folder.gif --> ftp.skate-world.net /public_html/forum/images/demiZe Spliff hot_folder.gif
2004.08.26 21:25 B E:\Documents and Settings\Adam Knox\Desktop\Skate world redone\forum\images\demiZe Spliff\hot_red_folder.gif --> ftp.skate-world.net /public_html/forum/images/demiZe Spliff hot_red_folder.gif
2004.08.26 21:25 B E:\Documents and Settings\Adam Knox\Desktop\Skate world redone\forum\images\demiZe Spliff\icq_add.gif --> ftp.skate-world.net /public_html/forum/images/demiZe Spliff icq_add.gif
2004.08.26 21:25 B E:\Documents and Settings\Adam Knox\Desktop\Skate world redone\forum\images\demiZe Spliff\index.html --> ftp.skate-world.net /public_html/forum/images/demiZe Spliff index.html
2004.08.26 21:25 B E:\Documents and Settings\Adam Knox\Desktop\Skate world redone\forum\images\demiZe Spliff\ip.gif --> ftp.skate-world.net /public_html/forum/images/demiZe Spliff ip.gif
2004.08.26 21:25 B E:\Documents and Settings\Adam Knox\Desktop\Skate world redone\forum\images\demiZe Spliff\ipost.gif --> ftp.skate-world.net /public_html/forum/images/demiZe Spliff ipost.gif
2004.08.26 21:25 B E:\Documents and Settings\Adam Knox\Desktop\Skate world redone\forum\images\demiZe Spliff\lastpost.gif --> ftp.skate-world.net /public_html/forum/images/demiZe Spliff lastpost.gif
2004.08.26 21:25 B E:\Documents and Settings\Adam Knox\Desktop\Skate world redone\forum\images\demiZe Spliff\lock_folder.gif --> ftp.skate-world.net /public_html/forum/images/demiZe Spliff lock_folder.gif
2004.08.26 21:25 B E:\Documents and Settings\Adam Knox\Desktop\Skate world redone\forum\images\demiZe Spliff\moved_folder.gif --> ftp.skate-world.net /public_html/forum/images/demiZe Spliff moved_folder.gif
2004.08.26 21:25 B E:\Documents and Settings\Adam Knox\Desktop\Skate world redone\forum\images\demiZe Spliff\msn.gif --> ftp.skate-world.net /public_html/forum/images/demiZe Spliff msn.gif
2004.08.26 21:25 B E:\Documents and Settings\Adam Knox\Desktop\Skate world redone\forum\images\demiZe Spliff\newtopic.gif --> ftp.skate-world.net /public_html/forum/images/demiZe Spliff newtopic.gif
2004.08.26 21:25 B E:\Documents and Settings\Adam Knox\Desktop\Skate world redone\forum\images\demiZe Spliff\online.gif --> ftp.skate-world.net /public_html/forum/images/demiZe Spliff online.gif
2004.08.26 21:25 B E:\Documents and Settings\Adam Knox\Desktop\Skate world redone\forum\images\demiZe Spliff\openav.gif --> ftp.skate-world.net /public_html/forum/images/demiZe Spliff openav.gif
2004.08.26 21:25 B E:\Documents and Settings\Adam Knox\Desktop\Skate world redone\forum\images\demiZe Spliff\pin.gif --> ftp.skate-world.net /public_html/forum/images/demiZe Spliff pin.gif
2004.08.26 21:25 B E:\Documents and Settings\Adam Knox\Desktop\Skate world redone\forum\images\demiZe Spliff\pixel.gif --> ftp.skate-world.net /public_html/forum/images/demiZe Spliff pixel.gif
2004.08.26 21:25 B E:\Documents and Settings\Adam Knox\Desktop\Skate world redone\forum\images\demiZe Spliff\poll.gif --> ftp.skate-world.net /public_html/forum/images/demiZe Spliff poll.gif
2004.08.26 21:25 B E:\Documents and Settings\Adam Knox\Desktop\Skate world redone\forum\images\demiZe Spliff\pollbar-e.gif --> ftp.skate-world.net /public_html/forum/images/demiZe Spliff pollbar-e.gif
2004.08.26 21:25 B E:\Documents and Settings\Adam Knox\Desktop\Skate world redone\forum\images\demiZe Spliff\pollbar-s.gif --> ftp.skate-world.net /public_html/forum/images/demiZe Spliff pollbar-s.gif
2004.08.26 21:25 B E:\Documents and Settings\Adam Knox\Desktop\Skate world redone\forum\images\demiZe Spliff\pollbar.gif --> ftp.skate-world.net /public_html/forum/images/demiZe Spliff pollbar.gif
2004.08.26 21:25 B E:\Documents and Settings\Adam Knox\Desktop\Skate world redone\forum\images\demiZe Spliff\pollsmall.gif --> ftp.skate-world.net /public_html/forum/images/demiZe Spliff pollsmall.gif
2004.08.26 21:25 B E:\Documents and Settings\Adam Knox\Desktop\Skate world redone\forum\images\demiZe Spliff\profile.gif --> ftp.skate-world.net /public_html/forum/images/demiZe Spliff profile.gif
2004.08.26 21:25 B E:\Documents and Settings\Adam Knox\Desktop\Skate world redone\forum\images\demiZe Spliff\quote.gif --> ftp.skate-world.net /public_html/forum/images/demiZe Spliff quote.gif
2004.08.26 21:25 B E:\Documents and Settings\Adam Knox\Desktop\Skate world redone\forum\images\demiZe Spliff\red_folder.gif --> ftp.skate-world.net /public_html/forum/images/demiZe Spliff red_folder.gif
2004.08.26 21:26 B E:\Documents and Settings\Adam Knox\Desktop\Skate world redone\forum\images\demiZe Spliff\reply.gif --> ftp.skate-world.net /public_html/forum/images/demiZe Spliff reply.gif
2004.08.26 21:26 B E:\Documents and Settings\Adam Knox\Desktop\Skate world redone\forum\images\demiZe Spliff\report.gif --> ftp.skate-world.net /public_html/forum/images/demiZe Spliff report.gif
2004.08.26 21:26 B E:\Documents and Settings\Adam Knox\Desktop\Skate world redone\forum\images\demiZe Spliff\resolved.gif --> ftp.skate-world.net /public_html/forum/images/demiZe Spliff resolved.gif
2004.08.26 21:26 B E:\Documents and Settings\Adam Knox\Desktop\Skate world redone\forum\images\demiZe Spliff\send.gif --> ftp.skate-world.net /public_html/forum/images/demiZe Spliff send.gif
2004.08.26 21:26 B E:\Documents and Settings\Adam Knox\Desktop\Skate world redone\forum\images\demiZe Spliff\site.gif --> ftp.skate-world.net /public_html/forum/images/demiZe Spliff site.gif
2004.08.26 21:26 B E:\Documents and Settings\Adam Knox\Desktop\Skate world redone\forum\images\demiZe Spliff\star.gif --> ftp.skate-world.net /public_html/forum/images/demiZe Spliff star.gif
2004.08.26 21:26 B E:\Documents and Settings\Adam Knox\Desktop\Skate world redone\forum\images\demiZe Spliff\stats.gif --> ftp.skate-world.net /public_html/forum/images/demiZe Spliff stats.gif
2004.08.26 21:26 B E:\Documents and Settings\Adam Knox\Desktop\Skate world redone\forum\images\demiZe Spliff\topav.gif --> ftp.skate-world.net /public_html/forum/images/demiZe Spliff topav.gif
2004.08.26 21:26 B E:\Documents and Settings\Adam Knox\Desktop\Skate world redone\forum\images\demiZe Spliff\u2u.gif --> ftp.skate-world.net /public_html/forum/images/demiZe Spliff u2u.gif
2004.08.26 21:26 B E:\Documents and Settings\Adam Knox\Desktop\Skate world redone\forum\images\demiZe Spliff\unresolved.gif --> ftp.skate-world.net /public_html/forum/images/demiZe Spliff unresolved.gif
2004.09.20 16:36 B E:\Documents and Settings\Adam Knox\My Documents\Skate World\backup\forum\images\demiZe Spliff\WS_FTP.LOG <-- Skate world Temporary /public_html/forum/images/demiZe Spliff WS_FTP.LOG
2004.09.20 16:36 B E:\Documents and Settings\Adam Knox\My Documents\Skate World\backup\forum\images\demiZe Spliff\xmbheader.gif <-- Skate world Temporary /public_html/forum/images/demiZe Spliff xmbheader.gif
2004.09.20 16:36 B E:\Documents and Settings\Adam Knox\My Documents\Skate World\backup\forum\images\demiZe Spliff\yahoo.gif <-- Skate world Temporary /public_html/forum/images/demiZe Spliff yahoo.gif
2004.10.02 20:25 B G:\Documents and Settings\bilbo\My Documents\Skate World\backup\FOLDERS\forum\images\demiZe Spliff\aim.gif --> host215.ipowerweb.com /public_html/forum/images/demiZe Spliff aim.gif
2004.10.02 20:25 B G:\Documents and Settings\bilbo\My Documents\Skate World\backup\FOLDERS\forum\images\demiZe Spliff\arrow_dw.gif --> host215.ipowerweb.com /public_html/forum/images/demiZe Spliff arrow_dw.gif
2004.10.02 20:25 B G:\Documents and Settings\bilbo\My Documents\Skate World\backup\FOLDERS\forum\images\demiZe Spliff\arrow_up.gif --> host215.ipowerweb.com /public_html/forum/images/demiZe Spliff arrow_up.gif
2004.10.02 20:25 B G:\Documents and Settings\bilbo\My Documents\Skate World\backup\FOLDERS\forum\images\demiZe Spliff\avatars.gif --> host215.ipowerweb.com /public_html/forum/images/demiZe Spliff avatars.gif
2004.10.02 20:25 B G:\Documents and Settings\bilbo\My Documents\Skate World\backup\FOLDERS\forum\images\demiZe Spliff\bb_bold.gif --> host215.ipowerweb.com /public_html/forum/images/demiZe Spliff bb_bold.gif
2004.10.02 20:25 B G:\Documents and Settings\bilbo\My Documents\Skate World\backup\FOLDERS\forum\images\demiZe Spliff\bb_center.gif --> host215.ipowerweb.com /public_html/forum/images/demiZe Spliff bb_center.gif
2004.10.02 20:25 B G:\Documents and Settings\bilbo\My Documents\Skate World\backup\FOLDERS\forum\images\demiZe Spliff\bb_code.gif --> host215.ipowerweb.com /public_html/forum/images/demiZe Spliff bb_code.gif
2004.10.02 20:25 B G:\Documents and Settings\bilbo\My Documents\Skate World\backup\FOLDERS\forum\images\demiZe Spliff\bb_email.gif --> host215.ipowerweb.com /public_html/forum/images/demiZe Spliff bb_email.gif
2004.10.02 20:25 B G:\Documents and Settings\bilbo\My Documents\Skate World\backup\FOLDERS\forum\images\demiZe Spliff\bb_image.gif --> host215.ipowerweb.com /public_html/forum/images/demiZe Spliff bb_image.gif
2004.10.02 20:25 B G:\Documents and Settings\bilbo\My Documents\Skate World\backup\FOLDERS\forum\images\demiZe Spliff\bb_italicize.gif --> host215.ipowerweb.com /public_html/forum/images/demiZe Spliff bb_italicize.gif
2004.10.02 20:25 B G:\Documents and Settings\bilbo\My Documents\Skate World\backup\FOLDERS\forum\images\demiZe Spliff\bb_list.gif --> host215.ipowerweb.com /public_html/forum/images/demiZe Spliff bb_list.gif
2004.10.02 20:25 B G:\Documents and Settings\bilbo\My Documents\Skate World\backup\FOLDERS\forum\images\demiZe Spliff\bb_quote.gif --> host215.ipowerweb.com /public_html/forum/images/demiZe Spliff bb_quote.gif
2004.10.02 20:25 B G:\Documents and Settings\bilbo\My Documents\Skate World\backup\FOLDERS\forum\images\demiZe Spliff\bb_underline.gif --> host215.ipowerweb.com /public_html/forum/images/demiZe Spliff bb_underline.gif
2004.10.02 20:25 B G:\Documents and Settings\bilbo\My Documents\Skate World\backup\FOLDERS\forum\images\demiZe Spliff\bb_url.gif --> host215.ipowerweb.com /public_html/forum/images/demiZe Spliff bb_url.gif
2004.10.02 20:25 B G:\Documents and Settings\bilbo\My Documents\Skate World\backup\FOLDERS\forum\images\demiZe Spliff\catbar.gif --> host215.ipowerweb.com /public_html/forum/images/demiZe Spliff catbar.gif
2004.10.02 20:25 B G:\Documents and Settings\bilbo\My Documents\Skate World\backup\FOLDERS\forum\images\demiZe Spliff\closeav.gif --> host215.ipowerweb.com /public_html/forum/images/demiZe Spliff closeav.gif
2004.10.02 20:25 B G:\Documents and Settings\bilbo\My Documents\Skate World\backup\FOLDERS\forum\images\demiZe Spliff\Copyright.txt --> host215.ipowerweb.com /public_html/forum/images/demiZe Spliff Copyright.txt
2004.10.02 20:25 B G:\Documents and Settings\bilbo\My Documents\Skate World\backup\FOLDERS\forum\images\demiZe Spliff\demiZe Spliff-theme.xmb --> host215.ipowerweb.com /public_html/forum/images/demiZe Spliff demiZe Spliff-theme.xmb
2004.10.02 20:25 B G:\Documents and Settings\bilbo\My Documents\Skate World\backup\FOLDERS\forum\images\demiZe Spliff\dot_folder.gif --> host215.ipowerweb.com /public_html/forum/images/demiZe Spliff dot_folder.gif
2004.10.02 20:25 B G:\Documents and Settings\bilbo\My Documents\Skate World\backup\FOLDERS\forum\images\demiZe Spliff\dot_folder_new_poll.gif --> host215.ipowerweb.com /public_html/forum/images/demiZe Spliff dot_folder_new_poll.gif
2004.10.02 20:25 B G:\Documents and Settings\bilbo\My Documents\Skate World\backup\FOLDERS\forum\images\demiZe Spliff\dot_folder_poll.gif --> host215.ipowerweb.com /public_html/forum/images/demiZe Spliff dot_folder_poll.gif
2004.10.02 20:25 B G:\Documents and Settings\bilbo\My Documents\Skate World\backup\FOLDERS\forum\images\demiZe Spliff\dot_hot_folder.gif --> host215.ipowerweb.com /public_html/forum/images/demiZe Spliff dot_hot_folder.gif
2004.10.02 20:25 B G:\Documents and Settings\bilbo\My Documents\Skate World\backup\FOLDERS\forum\images\demiZe Spliff\dot_hot_red_folder.gif --> host215.ipowerweb.com /public_html/forum/images/demiZe Spliff dot_hot_red_folder.gif
2004.10.02 20:25 B G:\Documents and Settings\bilbo\My Documents\Skate World\backup\FOLDERS\forum\images\demiZe Spliff\dot_red_folder.gif --> host215.ipowerweb.com /public_html/forum/images/demiZe Spliff dot_red_folder.gif
2004.10.02 20:25 B G:\Documents and Settings\bilbo\My Documents\Skate World\backup\FOLDERS\forum\images\demiZe Spliff\edit.gif --> host215.ipowerweb.com /public_html/forum/images/demiZe Spliff edit.gif
2004.10.02 20:25 B G:\Documents and Settings\bilbo\My Documents\Skate World\backup\FOLDERS\forum\images\demiZe Spliff\email.gif --> host215.ipowerweb.com /public_html/forum/images/demiZe Spliff email.gif
2004.10.02 20:25 B G:\Documents and Settings\bilbo\My Documents\Skate World\backup\FOLDERS\forum\images\demiZe Spliff\find.gif --> host215.ipowerweb.com /public_html/forum/images/demiZe Spliff find.gif
2004.10.02 20:25 B G:\Documents and Settings\bilbo\My Documents\Skate World\backup\FOLDERS\forum\images\demiZe Spliff\folder.gif --> host215.ipowerweb.com /public_html/forum/images/demiZe Spliff folder.gif
2004.10.02 20:25 B G:\Documents and Settings\bilbo\My Documents\Skate World\backup\FOLDERS\forum\images\demiZe Spliff\folder_new_poll.gif --> host215.ipowerweb.com /public_html/forum/images/demiZe Spliff folder_new_poll.gif
2004.10.02 20:25 B G:\Documents and Settings\bilbo\My Documents\Skate World\backup\FOLDERS\forum\images\demiZe Spliff\folder_poll.gif --> host215.ipowerweb.com /public_html/forum/images/demiZe Spliff folder_poll.gif
2004.10.02 20:25 B G:\Documents and Settings\bilbo\My Documents\Skate World\backup\FOLDERS\forum\images\demiZe Spliff\headerback.gif --> host215.ipowerweb.com /public_html/forum/images/demiZe Spliff headerback.gif
2004.10.02 20:26 B G:\Documents and Settings\bilbo\My Documents\Skate World\backup\FOLDERS\forum\images\demiZe Spliff\hot_folder.gif --> host215.ipowerweb.com /public_html/forum/images/demiZe Spliff hot_folder.gif
2004.10.02 20:26 B G:\Documents and Settings\bilbo\My Documents\Skate World\backup\FOLDERS\forum\images\demiZe Spliff\hot_red_folder.gif --> host215.ipowerweb.com /public_html/forum/images/demiZe Spliff hot_red_folder.gif
2004.10.02 20:26 B G:\Documents and Settings\bilbo\My Documents\Skate World\backup\FOLDERS\forum\images\demiZe Spliff\icq_add.gif --> host215.ipowerweb.com /public_html/forum/images/demiZe Spliff icq_add.gif
2004.10.02 20:26 B G:\Documents and Settings\bilbo\My Documents\Skate World\backup\FOLDERS\forum\images\demiZe Spliff\index.html --> host215.ipowerweb.com /public_html/forum/images/demiZe Spliff index.html
2004.10.02 20:26 B G:\Documents and Settings\bilbo\My Documents\Skate World\backup\FOLDERS\forum\images\demiZe Spliff\ip.gif --> host215.ipowerweb.com /public_html/forum/images/demiZe Spliff ip.gif
2004.10.02 20:26 B G:\Documents and Settings\bilbo\My Documents\Skate World\backup\FOLDERS\forum\images\demiZe Spliff\ipost.gif --> host215.ipowerweb.com /public_html/forum/images/demiZe Spliff ipost.gif
2004.10.02 20:26 B G:\Documents and Settings\bilbo\My Documents\Skate World\backup\FOLDERS\forum\images\demiZe Spliff\lastpost.gif --> host215.ipowerweb.com /public_html/forum/images/demiZe Spliff lastpost.gif
2004.10.02 20:26 B G:\Documents and Settings\bilbo\My Documents\Skate World\backup\FOLDERS\forum\images\demiZe Spliff\lock_folder.gif --> host215.ipowerweb.com /public_html/forum/images/demiZe Spliff lock_folder.gif
2004.10.02 20:26 B G:\Documents and Settings\bilbo\My Documents\Skate World\backup\FOLDERS\forum\images\demiZe Spliff\moved_folder.gif --> host215.ipowerweb.com /public_html/forum/images/demiZe Spliff moved_folder.gif
2004.10.02 20:26 B G:\Documents and Settings\bilbo\My Documents\Skate World\backup\FOLDERS\forum\images\demiZe Spliff\msn.gif --> host215.ipowerweb.com /public_html/forum/images/demiZe Spliff msn.gif
2004.10.02 20:26 B G:\Documents and Settings\bilbo\My Documents\Skate World\backup\FOLDERS\forum\images\demiZe Spliff\newtopic.gif --> host215.ipowerweb.com /public_html/forum/images/demiZe Spliff newtopic.gif
2004.10.02 20:26 B G:\Documents and Settings\bilbo\My Documents\Skate World\backup\FOLDERS\forum\images\demiZe Spliff\online.gif --> host215.ipowerweb.com /public_html/forum/images/demiZe Spliff online.gif
2004.10.02 20:26 B G:\Documents and Settings\bilbo\My Documents\Skate World\backup\FOLDERS\forum\images\demiZe Spliff\openav.gif --> host215.ipowerweb.com /public_html/forum/images/demiZe Spliff openav.gif
2004.10.02 20:26 B G:\Documents and Settings\bilbo\My Documents\Skate World\backup\FOLDERS\forum\images\demiZe Spliff\pin.gif --> host215.ipowerweb.com /public_html/forum/images/demiZe Spliff pin.gif
2004.10.02 20:26 B G:\Documents and Settings\bilbo\My Documents\Skate World\backup\FOLDERS\forum\images\demiZe Spliff\pixel.gif --> host215.ipowerweb.com /public_html/forum/images/demiZe Spliff pixel.gif
2004.10.02 20:26 B G:\Documents and Settings\bilbo\My Documents\Skate World\backup\FOLDERS\forum\images\demiZe Spliff\poll.gif --> host215.ipowerweb.com /public_html/forum/images/demiZe Spliff poll.gif
2004.10.02 20:26 B G:\Documents and Settings\bilbo\My Documents\Skate World\backup\FOLDERS\forum\images\demiZe Spliff\pollbar-e.gif --> host215.ipowerweb.com /public_html/forum/images/demiZe Spliff pollbar-e.gif
2004.10.02 20:26 B G:\Documents and Settings\bilbo\My Documents\Skate World\backup\FOLDERS\forum\images\demiZe Spliff\pollbar-s.gif --> host215.ipowerweb.com /public_html/forum/images/demiZe Spliff pollbar-s.gif
2004.10.02 20:26 B G:\Documents and Settings\bilbo\My Documents\Skate World\backup\FOLDERS\forum\images\demiZe Spliff\pollbar.gif --> host215.ipowerweb.com /public_html/forum/images/demiZe Spliff pollbar.gif
2004.10.02 20:26 B G:\Documents and Settings\bilbo\My Documents\Skate World\backup\FOLDERS\forum\images\demiZe Spliff\pollsmall.gif --> host215.ipowerweb.com /public_html/forum/images/demiZe Spliff pollsmall.gif
2004.10.02 20:26 B G:\Documents and Settings\bilbo\My Documents\Skate World\backup\FOLDERS\forum\images\demiZe Spliff\profile.gif --> host215.ipowerweb.com /public_html/forum/images/demiZe Spliff profile.gif
2004.10.02 20:26 B G:\Documents and Settings\bilbo\My Documents\Skate World\backup\FOLDERS\forum\images\demiZe Spliff\quote.gif --> host215.ipowerweb.com /public_html/forum/images/demiZe Spliff quote.gif
2004.10.02 20:26 B G:\Documents and Settings\bilbo\My Documents\Skate World\backup\FOLDERS\forum\images\demiZe Spliff\red_folder.gif --> host215.ipowerweb.com /public_html/forum/images/demiZe Spliff red_folder.gif
2004.10.02 20:26 B G:\Documents and Settings\bilbo\My Documents\Skate World\backup\FOLDERS\forum\images\demiZe Spliff\reply.gif --> host215.ipowerweb.com /public_html/forum/images/demiZe Spliff reply.gif
2004.10.02 20:26 B G:\Documents and Settings\bilbo\My Documents\Skate World\backup\FOLDERS\forum\images\demiZe Spliff\report.gif --> host215.ipowerweb.com /public_html/forum/images/demiZe Spliff report.gif
2004.10.02 20:26 B G:\Documents and Settings\bilbo\My Documents\Skate World\backup\FOLDERS\forum\images\demiZe Spliff\resolved.gif --> host215.ipowerweb.com /public_html/forum/images/demiZe Spliff resolved.gif
2004.10.02 20:26 B G:\Documents and Settings\bilbo\My Documents\Skate World\backup\FOLDERS\forum\images\demiZe Spliff\send.gif --> host215.ipowerweb.com /public_html/forum/images/demiZe Spliff send.gif
2004.10.02 20:26 B G:\Documents and Settings\bilbo\My Documents\Skate World\backup\FOLDERS\forum\images\demiZe Spliff\site.gif --> host215.ipowerweb.com /public_html/forum/images/demiZe Spliff site.gif
2004.10.02 20:26 B G:\Documents and Settings\bilbo\My Documents\Skate World\backup\FOLDERS\forum\images\demiZe Spliff\star.gif --> host215.ipowerweb.com /public_html/forum/images/demiZe Spliff star.gif
2004.10.02 20:26 B G:\Documents and Settings\bilbo\My Documents\Skate World\backup\FOLDERS\forum\images\demiZe Spliff\stats.gif --> host215.ipowerweb.com /public_html/forum/images/demiZe Spliff stats.gif
2004.10.02 20:26 B G:\Documents and Settings\bilbo\My Documents\Skate World\backup\FOLDERS\forum\images\demiZe Spliff\topav.gif --> host215.ipowerweb.com /public_html/forum/images/demiZe Spliff topav.gif
2004.10.02 20:26 B G:\Documents and Settings\bilbo\My Documents\Skate World\backup\FOLDERS\forum\images\demiZe Spliff\u2u.gif --> host215.ipowerweb.com /public_html/forum/images/demiZe Spliff u2u.gif
2004.10.02 20:26 B G:\Documents and Settings\bilbo\My Documents\Skate World\backup\FOLDERS\forum\images\demiZe Spliff\unresolved.gif --> host215.ipowerweb.com /public_html/forum/images/demiZe Spliff unresolved.gif
2004.10.02 20:26 B G:\Documents and Settings\bilbo\My Documents\Skate World\backup\FOLDERS\forum\images\demiZe Spliff\WS_FTP.LOG --> host215.ipowerweb.com /public_html/forum/images/demiZe Spliff WS_FTP.LOG
2004.10.02 20:26 B G:\Documents and Settings\bilbo\My Documents\Skate World\backup\FOLDERS\forum\images\demiZe Spliff\xmbheader.gif --> host215.ipowerweb.com /public_html/forum/images/demiZe Spliff xmbheader.gif
2004.10.02 20:26 B G:\Documents and Settings\bilbo\My Documents\Skate World\backup\FOLDERS\forum\images\demiZe Spliff\yahoo.gif --> host215.ipowerweb.com /public_html/forum/images/demiZe Spliff yahoo.gif
2004.10.02 20:32 B G:\Documents and Settings\bilbo\My Documents\Skate World\backup\FOLDERS\forum\images\demiZe Spliff\WS_FTP.LOG --> host215.ipowerweb.com /public_html/forum/images/demiZe Spliff WS_FTP.LOG
