2004.08.10 22:18 B E:\Documents and Settings\Adam Knox\Desktop\last skate world\photoshop\design\images\bg2_01.gif --> ftp.skate-world.net /public_html/images bg2_01.gif
2004.08.10 22:18 B E:\Documents and Settings\Adam Knox\Desktop\last skate world\photoshop\design\images\bg2_02-tricktips_over.gif --> ftp.skate-world.net /public_html/images bg2_02-tricktips_over.gif
2004.08.10 22:18 B E:\Documents and Settings\Adam Knox\Desktop\last skate world\photoshop\design\images\bg2_02.gif --> ftp.skate-world.net /public_html/images bg2_02.gif
2004.08.10 22:18 B E:\Documents and Settings\Adam Knox\Desktop\last skate world\photoshop\design\images\bg2_04-tricktips_over.gif --> ftp.skate-world.net /public_html/images bg2_04-tricktips_over.gif
2004.08.10 22:19 B E:\Documents and Settings\Adam Knox\Desktop\last skate world\photoshop\design\images\bg2_04.gif --> ftp.skate-world.net /public_html/images bg2_04.gif
2004.08.10 22:19 B E:\Documents and Settings\Adam Knox\Desktop\last skate world\photoshop\design\images\bg2_12-links_over.gif --> ftp.skate-world.net /public_html/images bg2_12-links_over.gif
2004.08.10 22:19 B E:\Documents and Settings\Adam Knox\Desktop\last skate world\photoshop\design\images\bg2_12-links_sel.gif --> ftp.skate-world.net /public_html/images bg2_12-links_sel.gif
2004.08.10 22:19 B E:\Documents and Settings\Adam Knox\Desktop\last skate world\photoshop\design\images\bg2_12.gif --> ftp.skate-world.net /public_html/images bg2_12.gif
2004.08.10 22:19 B E:\Documents and Settings\Adam Knox\Desktop\last skate world\photoshop\design\images\bg2_17-links_over.gif --> ftp.skate-world.net /public_html/images bg2_17-links_over.gif
2004.08.10 22:19 B E:\Documents and Settings\Adam Knox\Desktop\last skate world\photoshop\design\images\bg2_17.gif --> ftp.skate-world.net /public_html/images bg2_17.gif
2004.08.10 22:19 B E:\Documents and Settings\Adam Knox\Desktop\last skate world\photoshop\design\images\downloads-over.gif --> ftp.skate-world.net /public_html/images downloads-over.gif
2004.08.10 22:19 B E:\Documents and Settings\Adam Knox\Desktop\last skate world\photoshop\design\images\downloads-overtutorialssel.gif --> ftp.skate-world.net /public_html/images downloads-overtutorialssel.gif
2004.08.10 22:19 B E:\Documents and Settings\Adam Knox\Desktop\last skate world\photoshop\design\images\downloads-sel.gif --> ftp.skate-world.net /public_html/images downloads-sel.gif
2004.08.10 22:19 B E:\Documents and Settings\Adam Knox\Desktop\last skate world\photoshop\design\images\downloads-tutorials_over.gif --> ftp.skate-world.net /public_html/images downloads-tutorials_over.gif
2004.08.10 22:19 B E:\Documents and Settings\Adam Knox\Desktop\last skate world\photoshop\design\images\downloads-tutorials_overdow.gif --> ftp.skate-world.net /public_html/images downloads-tutorials_overdow.gif
2004.08.10 22:19 B E:\Documents and Settings\Adam Knox\Desktop\last skate world\photoshop\design\images\downloads-tutorials_sel.gif --> ftp.skate-world.net /public_html/images downloads-tutorials_sel.gif
2004.08.10 22:19 B E:\Documents and Settings\Adam Knox\Desktop\last skate world\photoshop\design\images\downloads.gif --> ftp.skate-world.net /public_html/images downloads.gif
2004.08.10 22:19 B E:\Documents and Settings\Adam Knox\Desktop\last skate world\photoshop\design\images\links-16.gif --> ftp.skate-world.net /public_html/images links-16.gif
2004.08.10 22:19 B E:\Documents and Settings\Adam Knox\Desktop\last skate world\photoshop\design\images\links-32.gif --> ftp.skate-world.net /public_html/images links-32.gif
2004.08.10 22:19 B E:\Documents and Settings\Adam Knox\Desktop\last skate world\photoshop\design\images\links-59.gif --> ftp.skate-world.net /public_html/images links-59.gif
2004.08.10 22:19 B E:\Documents and Settings\Adam Knox\Desktop\last skate world\photoshop\design\images\links-60.gif --> ftp.skate-world.net /public_html/images links-60.gif
2004.08.10 22:19 B E:\Documents and Settings\Adam Knox\Desktop\last skate world\photoshop\design\images\links-over-61.gif --> ftp.skate-world.net /public_html/images links-over-61.gif
2004.08.10 22:19 B E:\Documents and Settings\Adam Knox\Desktop\last skate world\photoshop\design\images\links-over-64.gif --> ftp.skate-world.net /public_html/images links-over-64.gif
2004.08.10 22:19 B E:\Documents and Settings\Adam Knox\Desktop\last skate world\photoshop\design\images\links-over.gif --> ftp.skate-world.net /public_html/images links-over.gif
2004.08.10 22:19 B E:\Documents and Settings\Adam Knox\Desktop\last skate world\photoshop\design\images\links-reviews_over.gif --> ftp.skate-world.net /public_html/images links-reviews_over.gif
2004.08.10 22:19 B E:\Documents and Settings\Adam Knox\Desktop\last skate world\photoshop\design\images\links-reviews_overlinkssel.gif --> ftp.skate-world.net /public_html/images links-reviews_overlinkssel.gif
2004.08.10 22:19 B E:\Documents and Settings\Adam Knox\Desktop\last skate world\photoshop\design\images\links-sel-61.gif --> ftp.skate-world.net /public_html/images links-sel-61.gif
2004.08.10 22:19 B E:\Documents and Settings\Adam Knox\Desktop\last skate world\photoshop\design\images\links-sel-62.gif --> ftp.skate-world.net /public_html/images links-sel-62.gif
2004.08.10 22:19 B E:\Documents and Settings\Adam Knox\Desktop\last skate world\photoshop\design\images\links-sel.gif --> ftp.skate-world.net /public_html/images links-sel.gif
2004.08.10 22:19 B E:\Documents and Settings\Adam Knox\Desktop\last skate world\photoshop\design\images\links.gif --> ftp.skate-world.net /public_html/images links.gif
2004.08.10 22:19 B E:\Documents and Settings\Adam Knox\Desktop\last skate world\photoshop\design\images\linkus-over.gif --> ftp.skate-world.net /public_html/images linkus-over.gif
2004.08.10 22:19 B E:\Documents and Settings\Adam Knox\Desktop\last skate world\photoshop\design\images\linkus-sel.gif --> ftp.skate-world.net /public_html/images linkus-sel.gif
2004.08.10 22:19 B E:\Documents and Settings\Adam Knox\Desktop\last skate world\photoshop\design\images\linkus.gif --> ftp.skate-world.net /public_html/images linkus.gif
2004.08.10 22:19 B E:\Documents and Settings\Adam Knox\Desktop\last skate world\photoshop\design\images\messageboard-over.gif --> ftp.skate-world.net /public_html/images messageboard-over.gif
2004.08.10 22:19 B E:\Documents and Settings\Adam Knox\Desktop\last skate world\photoshop\design\images\messageboard-overreviewssel.gif --> ftp.skate-world.net /public_html/images messageboard-overreviewssel.gif
2004.08.10 22:19 B E:\Documents and Settings\Adam Knox\Desktop\last skate world\photoshop\design\images\messageboard-reviews_over.gif --> ftp.skate-world.net /public_html/images messageboard-reviews_over.gif
2004.08.10 22:19 B E:\Documents and Settings\Adam Knox\Desktop\last skate world\photoshop\design\images\messageboard-reviews_overme.gif --> ftp.skate-world.net /public_html/images messageboard-reviews_overme.gif
2004.08.10 22:19 B E:\Documents and Settings\Adam Knox\Desktop\last skate world\photoshop\design\images\messageboard-reviews_sel.gif --> ftp.skate-world.net /public_html/images messageboard-reviews_sel.gif
2004.08.10 22:19 B E:\Documents and Settings\Adam Knox\Desktop\last skate world\photoshop\design\images\messageboard-sel.gif --> ftp.skate-world.net /public_html/images messageboard-sel.gif
2004.08.10 22:19 B E:\Documents and Settings\Adam Knox\Desktop\last skate world\photoshop\design\images\messageboard-tricktips_over.gif --> ftp.skate-world.net /public_html/images messageboard-tricktips_over.gif
2004.08.10 22:19 B E:\Documents and Settings\Adam Knox\Desktop\last skate world\photoshop\design\images\messageboard.gif --> ftp.skate-world.net /public_html/images messageboard.gif
2004.08.10 22:19 B E:\Documents and Settings\Adam Knox\Desktop\last skate world\photoshop\design\images\pictures-over.gif --> ftp.skate-world.net /public_html/images pictures-over.gif
2004.08.10 22:19 B E:\Documents and Settings\Adam Knox\Desktop\last skate world\photoshop\design\images\pictures-sel.gif --> ftp.skate-world.net /public_html/images pictures-sel.gif
2004.08.10 22:19 B E:\Documents and Settings\Adam Knox\Desktop\last skate world\photoshop\design\images\pictures.gif --> ftp.skate-world.net /public_html/images pictures.gif
2004.08.10 22:19 B E:\Documents and Settings\Adam Knox\Desktop\last skate world\photoshop\design\images\reviews-15.gif --> ftp.skate-world.net /public_html/images reviews-15.gif
2004.08.10 22:19 B E:\Documents and Settings\Adam Knox\Desktop\last skate world\photoshop\design\images\reviews-31.gif --> ftp.skate-world.net /public_html/images reviews-31.gif
2004.08.10 22:19 B E:\Documents and Settings\Adam Knox\Desktop\last skate world\photoshop\design\images\reviews-52.gif --> ftp.skate-world.net /public_html/images reviews-52.gif
2004.08.10 22:19 B E:\Documents and Settings\Adam Knox\Desktop\last skate world\photoshop\design\images\reviews-53.gif --> ftp.skate-world.net /public_html/images reviews-53.gif
2004.08.10 22:19 B E:\Documents and Settings\Adam Knox\Desktop\last skate world\photoshop\design\images\reviews-downloads_over.gif --> ftp.skate-world.net /public_html/images reviews-downloads_over.gif
2004.08.10 22:19 B E:\Documents and Settings\Adam Knox\Desktop\last skate world\photoshop\design\images\reviews-downloads_overrevie.gif --> ftp.skate-world.net /public_html/images reviews-downloads_overrevie.gif
2004.08.10 22:19 B E:\Documents and Settings\Adam Knox\Desktop\last skate world\photoshop\design\images\reviews-downloads_sel.gif --> ftp.skate-world.net /public_html/images reviews-downloads_sel.gif
2004.08.10 22:19 B E:\Documents and Settings\Adam Knox\Desktop\last skate world\photoshop\design\images\reviews-over-55.gif --> ftp.skate-world.net /public_html/images reviews-over-55.gif
2004.08.10 22:19 B E:\Documents and Settings\Adam Knox\Desktop\last skate world\photoshop\design\images\reviews-over-58.gif --> ftp.skate-world.net /public_html/images reviews-over-58.gif
2004.08.10 22:19 B E:\Documents and Settings\Adam Knox\Desktop\last skate world\photoshop\design\images\reviews-over.gif --> ftp.skate-world.net /public_html/images reviews-over.gif
2004.08.10 22:19 B E:\Documents and Settings\Adam Knox\Desktop\last skate world\photoshop\design\images\reviews-overdownloadssel.gif --> ftp.skate-world.net /public_html/images reviews-overdownloadssel.gif
2004.08.10 22:19 B E:\Documents and Settings\Adam Knox\Desktop\last skate world\photoshop\design\images\reviews-overtricktipssel.gif --> ftp.skate-world.net /public_html/images reviews-overtricktipssel.gif
2004.08.10 22:19 B E:\Documents and Settings\Adam Knox\Desktop\last skate world\photoshop\design\images\reviews-sel-55.gif --> ftp.skate-world.net /public_html/images reviews-sel-55.gif
2004.08.10 22:19 B E:\Documents and Settings\Adam Knox\Desktop\last skate world\photoshop\design\images\reviews-sel-56.gif --> ftp.skate-world.net /public_html/images reviews-sel-56.gif
2004.08.10 22:19 B E:\Documents and Settings\Adam Knox\Desktop\last skate world\photoshop\design\images\reviews-sel.gif --> ftp.skate-world.net /public_html/images reviews-sel.gif
2004.08.10 22:19 B E:\Documents and Settings\Adam Knox\Desktop\last skate world\photoshop\design\images\reviews-tricktips_over.gif --> ftp.skate-world.net /public_html/images reviews-tricktips_over.gif
2004.08.10 22:19 B E:\Documents and Settings\Adam Knox\Desktop\last skate world\photoshop\design\images\reviews-tricktips_overrevie.gif --> ftp.skate-world.net /public_html/images reviews-tricktips_overrevie.gif
2004.08.10 22:19 B E:\Documents and Settings\Adam Knox\Desktop\last skate world\photoshop\design\images\reviews-tricktips_sel.gif --> ftp.skate-world.net /public_html/images reviews-tricktips_sel.gif
2004.08.10 22:19 B E:\Documents and Settings\Adam Knox\Desktop\last skate world\photoshop\design\images\reviews.gif --> ftp.skate-world.net /public_html/images reviews.gif
2004.08.10 22:19 B E:\Documents and Settings\Adam Knox\Desktop\last skate world\photoshop\design\images\submitcontent-over.gif --> ftp.skate-world.net /public_html/images submitcontent-over.gif
2004.08.10 22:19 B E:\Documents and Settings\Adam Knox\Desktop\last skate world\photoshop\design\images\submitcontent-sel.gif --> ftp.skate-world.net /public_html/images submitcontent-sel.gif
2004.08.10 22:19 B E:\Documents and Settings\Adam Knox\Desktop\last skate world\photoshop\design\images\submitcontent-tricktips_ove.gif --> ftp.skate-world.net /public_html/images submitcontent-tricktips_ove.gif
2004.08.10 22:20 B E:\Documents and Settings\Adam Knox\Desktop\last skate world\photoshop\design\images\submitcontent.gif --> ftp.skate-world.net /public_html/images submitcontent.gif
2004.08.10 22:20 B E:\Documents and Settings\Adam Knox\Desktop\last skate world\photoshop\design\images\tricktips-over.gif --> ftp.skate-world.net /public_html/images tricktips-over.gif
2004.08.10 22:20 B E:\Documents and Settings\Adam Knox\Desktop\last skate world\photoshop\design\images\tricktips-sel.gif --> ftp.skate-world.net /public_html/images tricktips-sel.gif
2004.08.10 22:20 B E:\Documents and Settings\Adam Knox\Desktop\last skate world\photoshop\design\images\tricktips.gif --> ftp.skate-world.net /public_html/images tricktips.gif
2004.08.10 22:20 B E:\Documents and Settings\Adam Knox\Desktop\last skate world\photoshop\design\images\tutorials-over.gif --> ftp.skate-world.net /public_html/images tutorials-over.gif
2004.08.10 22:20 B E:\Documents and Settings\Adam Knox\Desktop\last skate world\photoshop\design\images\tutorials-sel.gif --> ftp.skate-world.net /public_html/images tutorials-sel.gif
2004.08.10 22:20 B E:\Documents and Settings\Adam Knox\Desktop\last skate world\photoshop\design\images\tutorials.gif --> ftp.skate-world.net /public_html/images tutorials.gif
2004.08.10 22:20 B E:\Documents and Settings\Adam Knox\Desktop\last skate world\photoshop\design\images\videos-over.gif --> ftp.skate-world.net /public_html/images videos-over.gif
2004.08.10 22:20 B E:\Documents and Settings\Adam Knox\Desktop\last skate world\photoshop\design\images\videos-sel.gif --> ftp.skate-world.net /public_html/images videos-sel.gif
2004.08.10 22:21 B E:\Documents and Settings\Adam Knox\Desktop\last skate world\photoshop\design\images\videos.gif --> ftp.skate-world.net /public_html/images videos.gif
