2004.06.14 19:58 B E:\Documents and Settings\Adam Knox\Desktop\XMB 1.9 Hacks\themes\demiZe Fire\aim.gif --> ftp.skate-world.net /public_html/images/demiZe Fire aim.gif
2004.06.14 19:58 B E:\Documents and Settings\Adam Knox\Desktop\XMB 1.9 Hacks\themes\demiZe Fire\arrow_dw.gif --> ftp.skate-world.net /public_html/images/demiZe Fire arrow_dw.gif
2004.06.14 19:58 B E:\Documents and Settings\Adam Knox\Desktop\XMB 1.9 Hacks\themes\demiZe Fire\arrow_up.gif --> ftp.skate-world.net /public_html/images/demiZe Fire arrow_up.gif
2004.06.14 19:58 B E:\Documents and Settings\Adam Knox\Desktop\XMB 1.9 Hacks\themes\demiZe Fire\bb_bold.gif --> ftp.skate-world.net /public_html/images/demiZe Fire bb_bold.gif
2004.06.14 19:58 B E:\Documents and Settings\Adam Knox\Desktop\XMB 1.9 Hacks\themes\demiZe Fire\bb_center.gif --> ftp.skate-world.net /public_html/images/demiZe Fire bb_center.gif
2004.06.14 19:58 B E:\Documents and Settings\Adam Knox\Desktop\XMB 1.9 Hacks\themes\demiZe Fire\bb_code.gif --> ftp.skate-world.net /public_html/images/demiZe Fire bb_code.gif
2004.06.14 19:58 B E:\Documents and Settings\Adam Knox\Desktop\XMB 1.9 Hacks\themes\demiZe Fire\bb_email.gif --> ftp.skate-world.net /public_html/images/demiZe Fire bb_email.gif
2004.06.14 19:58 B E:\Documents and Settings\Adam Knox\Desktop\XMB 1.9 Hacks\themes\demiZe Fire\bb_image.gif --> ftp.skate-world.net /public_html/images/demiZe Fire bb_image.gif
2004.06.14 19:58 B E:\Documents and Settings\Adam Knox\Desktop\XMB 1.9 Hacks\themes\demiZe Fire\bb_italicize.gif --> ftp.skate-world.net /public_html/images/demiZe Fire bb_italicize.gif
2004.06.14 19:58 B E:\Documents and Settings\Adam Knox\Desktop\XMB 1.9 Hacks\themes\demiZe Fire\bb_list.gif --> ftp.skate-world.net /public_html/images/demiZe Fire bb_list.gif
2004.06.14 19:58 B E:\Documents and Settings\Adam Knox\Desktop\XMB 1.9 Hacks\themes\demiZe Fire\bb_quote.gif --> ftp.skate-world.net /public_html/images/demiZe Fire bb_quote.gif
2004.06.14 19:58 B E:\Documents and Settings\Adam Knox\Desktop\XMB 1.9 Hacks\themes\demiZe Fire\bb_underline.gif --> ftp.skate-world.net /public_html/images/demiZe Fire bb_underline.gif
2004.06.14 19:58 B E:\Documents and Settings\Adam Knox\Desktop\XMB 1.9 Hacks\themes\demiZe Fire\bb_url.gif --> ftp.skate-world.net /public_html/images/demiZe Fire bb_url.gif
2004.06.14 19:58 B E:\Documents and Settings\Adam Knox\Desktop\XMB 1.9 Hacks\themes\demiZe Fire\catbar.gif --> ftp.skate-world.net /public_html/images/demiZe Fire catbar.gif
2004.06.14 19:58 B E:\Documents and Settings\Adam Knox\Desktop\XMB 1.9 Hacks\themes\demiZe Fire\demiZe Fire-theme.xmb --> ftp.skate-world.net /public_html/images/demiZe Fire demiZe Fire-theme.xmb
2004.06.14 19:58 B E:\Documents and Settings\Adam Knox\Desktop\XMB 1.9 Hacks\themes\demiZe Fire\dot_folder.gif --> ftp.skate-world.net /public_html/images/demiZe Fire dot_folder.gif
2004.06.14 19:58 B E:\Documents and Settings\Adam Knox\Desktop\XMB 1.9 Hacks\themes\demiZe Fire\dot_folder_new_poll.gif --> ftp.skate-world.net /public_html/images/demiZe Fire dot_folder_new_poll.gif
2004.06.14 19:58 B E:\Documents and Settings\Adam Knox\Desktop\XMB 1.9 Hacks\themes\demiZe Fire\dot_folder_poll.gif --> ftp.skate-world.net /public_html/images/demiZe Fire dot_folder_poll.gif
2004.06.14 19:58 B E:\Documents and Settings\Adam Knox\Desktop\XMB 1.9 Hacks\themes\demiZe Fire\dot_hot_folder.gif --> ftp.skate-world.net /public_html/images/demiZe Fire dot_hot_folder.gif
2004.06.14 19:58 B E:\Documents and Settings\Adam Knox\Desktop\XMB 1.9 Hacks\themes\demiZe Fire\dot_hot_red_folder.gif --> ftp.skate-world.net /public_html/images/demiZe Fire dot_hot_red_folder.gif
2004.06.14 19:58 B E:\Documents and Settings\Adam Knox\Desktop\XMB 1.9 Hacks\themes\demiZe Fire\dot_red_folder.gif --> ftp.skate-world.net /public_html/images/demiZe Fire dot_red_folder.gif
2004.06.14 19:58 B E:\Documents and Settings\Adam Knox\Desktop\XMB 1.9 Hacks\themes\demiZe Fire\edit.gif --> ftp.skate-world.net /public_html/images/demiZe Fire edit.gif
2004.06.14 19:58 B E:\Documents and Settings\Adam Knox\Desktop\XMB 1.9 Hacks\themes\demiZe Fire\email.gif --> ftp.skate-world.net /public_html/images/demiZe Fire email.gif
2004.06.14 19:58 B E:\Documents and Settings\Adam Knox\Desktop\XMB 1.9 Hacks\themes\demiZe Fire\find.gif --> ftp.skate-world.net /public_html/images/demiZe Fire find.gif
2004.06.14 19:58 B E:\Documents and Settings\Adam Knox\Desktop\XMB 1.9 Hacks\themes\demiZe Fire\folder.gif --> ftp.skate-world.net /public_html/images/demiZe Fire folder.gif
2004.06.14 19:58 B E:\Documents and Settings\Adam Knox\Desktop\XMB 1.9 Hacks\themes\demiZe Fire\folder_new_poll.gif --> ftp.skate-world.net /public_html/images/demiZe Fire folder_new_poll.gif
2004.06.14 19:58 B E:\Documents and Settings\Adam Knox\Desktop\XMB 1.9 Hacks\themes\demiZe Fire\folder_poll.gif --> ftp.skate-world.net /public_html/images/demiZe Fire folder_poll.gif
2004.06.14 19:58 B E:\Documents and Settings\Adam Knox\Desktop\XMB 1.9 Hacks\themes\demiZe Fire\hot_folder.gif --> ftp.skate-world.net /public_html/images/demiZe Fire hot_folder.gif
2004.06.14 19:58 B E:\Documents and Settings\Adam Knox\Desktop\XMB 1.9 Hacks\themes\demiZe Fire\hot_red_folder.gif --> ftp.skate-world.net /public_html/images/demiZe Fire hot_red_folder.gif
2004.06.14 19:58 B E:\Documents and Settings\Adam Knox\Desktop\XMB 1.9 Hacks\themes\demiZe Fire\icq_add.gif --> ftp.skate-world.net /public_html/images/demiZe Fire icq_add.gif
2004.06.14 19:58 B E:\Documents and Settings\Adam Knox\Desktop\XMB 1.9 Hacks\themes\demiZe Fire\index.html --> ftp.skate-world.net /public_html/images/demiZe Fire index.html
2004.06.14 19:58 B E:\Documents and Settings\Adam Knox\Desktop\XMB 1.9 Hacks\themes\demiZe Fire\ip.gif --> ftp.skate-world.net /public_html/images/demiZe Fire ip.gif
2004.06.14 19:58 B E:\Documents and Settings\Adam Knox\Desktop\XMB 1.9 Hacks\themes\demiZe Fire\ipost.gif --> ftp.skate-world.net /public_html/images/demiZe Fire ipost.gif
2004.06.14 19:58 B E:\Documents and Settings\Adam Knox\Desktop\XMB 1.9 Hacks\themes\demiZe Fire\lastpost.gif --> ftp.skate-world.net /public_html/images/demiZe Fire lastpost.gif
2004.06.14 19:58 B E:\Documents and Settings\Adam Knox\Desktop\XMB 1.9 Hacks\themes\demiZe Fire\lock_folder.gif --> ftp.skate-world.net /public_html/images/demiZe Fire lock_folder.gif
2004.06.14 19:58 B E:\Documents and Settings\Adam Knox\Desktop\XMB 1.9 Hacks\themes\demiZe Fire\moved_folder.gif --> ftp.skate-world.net /public_html/images/demiZe Fire moved_folder.gif
2004.06.14 19:58 B E:\Documents and Settings\Adam Knox\Desktop\XMB 1.9 Hacks\themes\demiZe Fire\msn.gif --> ftp.skate-world.net /public_html/images/demiZe Fire msn.gif
2004.06.14 19:58 B E:\Documents and Settings\Adam Knox\Desktop\XMB 1.9 Hacks\themes\demiZe Fire\newtopic.gif --> ftp.skate-world.net /public_html/images/demiZe Fire newtopic.gif
2004.06.14 19:58 B E:\Documents and Settings\Adam Knox\Desktop\XMB 1.9 Hacks\themes\demiZe Fire\online.gif --> ftp.skate-world.net /public_html/images/demiZe Fire online.gif
2004.06.14 19:58 B E:\Documents and Settings\Adam Knox\Desktop\XMB 1.9 Hacks\themes\demiZe Fire\pin.gif --> ftp.skate-world.net /public_html/images/demiZe Fire pin.gif
2004.06.14 19:58 B E:\Documents and Settings\Adam Knox\Desktop\XMB 1.9 Hacks\themes\demiZe Fire\pixel.gif --> ftp.skate-world.net /public_html/images/demiZe Fire pixel.gif
2004.06.14 19:58 B E:\Documents and Settings\Adam Knox\Desktop\XMB 1.9 Hacks\themes\demiZe Fire\poll.gif --> ftp.skate-world.net /public_html/images/demiZe Fire poll.gif
2004.06.14 19:58 B E:\Documents and Settings\Adam Knox\Desktop\XMB 1.9 Hacks\themes\demiZe Fire\pollbar-e.gif --> ftp.skate-world.net /public_html/images/demiZe Fire pollbar-e.gif
2004.06.14 19:58 B E:\Documents and Settings\Adam Knox\Desktop\XMB 1.9 Hacks\themes\demiZe Fire\pollbar-s.gif --> ftp.skate-world.net /public_html/images/demiZe Fire pollbar-s.gif
2004.06.14 19:58 B E:\Documents and Settings\Adam Knox\Desktop\XMB 1.9 Hacks\themes\demiZe Fire\pollbar.gif --> ftp.skate-world.net /public_html/images/demiZe Fire pollbar.gif
2004.06.14 19:58 B E:\Documents and Settings\Adam Knox\Desktop\XMB 1.9 Hacks\themes\demiZe Fire\pollsmall.gif --> ftp.skate-world.net /public_html/images/demiZe Fire pollsmall.gif
2004.06.14 19:58 B E:\Documents and Settings\Adam Knox\Desktop\XMB 1.9 Hacks\themes\demiZe Fire\profile.gif --> ftp.skate-world.net /public_html/images/demiZe Fire profile.gif
2004.06.14 19:58 B E:\Documents and Settings\Adam Knox\Desktop\XMB 1.9 Hacks\themes\demiZe Fire\quote.gif --> ftp.skate-world.net /public_html/images/demiZe Fire quote.gif
2004.06.14 19:58 B E:\Documents and Settings\Adam Knox\Desktop\XMB 1.9 Hacks\themes\demiZe Fire\red_folder.gif --> ftp.skate-world.net /public_html/images/demiZe Fire red_folder.gif
2004.06.14 19:58 B E:\Documents and Settings\Adam Knox\Desktop\XMB 1.9 Hacks\themes\demiZe Fire\reply.gif --> ftp.skate-world.net /public_html/images/demiZe Fire reply.gif
2004.06.14 19:58 B E:\Documents and Settings\Adam Knox\Desktop\XMB 1.9 Hacks\themes\demiZe Fire\report.gif --> ftp.skate-world.net /public_html/images/demiZe Fire report.gif
2004.06.14 19:58 B E:\Documents and Settings\Adam Knox\Desktop\XMB 1.9 Hacks\themes\demiZe Fire\resolved.gif --> ftp.skate-world.net /public_html/images/demiZe Fire resolved.gif
2004.06.14 19:59 B E:\Documents and Settings\Adam Knox\Desktop\XMB 1.9 Hacks\themes\demiZe Fire\site.gif --> ftp.skate-world.net /public_html/images/demiZe Fire site.gif
2004.06.14 19:59 B E:\Documents and Settings\Adam Knox\Desktop\XMB 1.9 Hacks\themes\demiZe Fire\star.gif --> ftp.skate-world.net /public_html/images/demiZe Fire star.gif
2004.06.14 19:59 B E:\Documents and Settings\Adam Knox\Desktop\XMB 1.9 Hacks\themes\demiZe Fire\stats.gif --> ftp.skate-world.net /public_html/images/demiZe Fire stats.gif
2004.06.14 19:59 B E:\Documents and Settings\Adam Knox\Desktop\XMB 1.9 Hacks\themes\demiZe Fire\Thumbs.db --> ftp.skate-world.net /public_html/images/demiZe Fire Thumbs.db
2004.06.14 19:59 B E:\Documents and Settings\Adam Knox\Desktop\XMB 1.9 Hacks\themes\demiZe Fire\u2u.gif --> ftp.skate-world.net /public_html/images/demiZe Fire u2u.gif
2004.06.14 19:59 B E:\Documents and Settings\Adam Knox\Desktop\XMB 1.9 Hacks\themes\demiZe Fire\unresolved.gif --> ftp.skate-world.net /public_html/images/demiZe Fire unresolved.gif
2004.06.14 19:59 B E:\Documents and Settings\Adam Knox\Desktop\XMB 1.9 Hacks\themes\demiZe Fire\xmbheader.gif --> ftp.skate-world.net /public_html/images/demiZe Fire xmbheader.gif
2004.06.14 19:59 B E:\Documents and Settings\Adam Knox\Desktop\XMB 1.9 Hacks\themes\demiZe Fire\yahoo.gif --> ftp.skate-world.net /public_html/images/demiZe Fire yahoo.gif
2004.06.21 15:01 B E:\Documents and Settings\Adam Knox\Desktop\XMB 1.9 Hacks\themes\demiZe Fire\xmbheader.gif --> ftp.skate-world.net /public_html/images/demiZe Fire xmbheader.gif
2004.06.21 15:04 B E:\Documents and Settings\Adam Knox\Desktop\XMB 1.9 Hacks\themes\demiZe Fire\headerback.gif --> ftp.skate-world.net /public_html/images/demiZe Fire headerback.gif
2004.06.21 15:07 B E:\Documents and Settings\Adam Knox\Desktop\XMB 1.9 Hacks\themes\demiZe Fire\headerback.gif --> ftp.skate-world.net /public_html/images/demiZe Fire headerback.gif
2004.06.21 15:13 B E:\Documents and Settings\Adam Knox\Desktop\XMB 1.9 Hacks\themes\demiZe Fire\headerback.gif --> ftp.skate-world.net /public_html/images/demiZe Fire headerback.gif
2004.06.21 15:15 B E:\Documents and Settings\Adam Knox\Desktop\XMB 1.9 Hacks\themes\demiZe Fire\headerback.gif --> ftp.skate-world.net /public_html/images/demiZe Fire headerback.gif
2004.06.21 15:17 B E:\Documents and Settings\Adam Knox\Desktop\XMB 1.9 Hacks\themes\demiZe Fire\headerback.gif --> ftp.skate-world.net /public_html/images/demiZe Fire headerback.gif
2004.06.21 15:18 B E:\Documents and Settings\Adam Knox\Desktop\XMB 1.9 Hacks\themes\demiZe Fire\headerback.gif --> ftp.skate-world.net /public_html/images/demiZe Fire headerback.gif
