2004.06.21 16:43 B E:\Documents and Settings\Adam Knox\Desktop\last skate world\XMB 1.9 Hacks\themes\xmb_ultra\address.gif --> ftp.skate-world.net /public_html/images/xmb_ultra address.gif
2004.06.21 16:43 B E:\Documents and Settings\Adam Knox\Desktop\last skate world\XMB 1.9 Hacks\themes\xmb_ultra\aim.gif --> ftp.skate-world.net /public_html/images/xmb_ultra aim.gif
2004.06.21 16:43 B E:\Documents and Settings\Adam Knox\Desktop\last skate world\XMB 1.9 Hacks\themes\xmb_ultra\arrow_dw.gif --> ftp.skate-world.net /public_html/images/xmb_ultra arrow_dw.gif
2004.06.21 16:43 B E:\Documents and Settings\Adam Knox\Desktop\last skate world\XMB 1.9 Hacks\themes\xmb_ultra\arrow_up.gif --> ftp.skate-world.net /public_html/images/xmb_ultra arrow_up.gif
2004.06.21 16:43 B E:\Documents and Settings\Adam Knox\Desktop\last skate world\XMB 1.9 Hacks\themes\xmb_ultra\barback.jpg --> ftp.skate-world.net /public_html/images/xmb_ultra barback.jpg
2004.06.21 16:43 B E:\Documents and Settings\Adam Knox\Desktop\last skate world\XMB 1.9 Hacks\themes\xmb_ultra\bb_bold.gif --> ftp.skate-world.net /public_html/images/xmb_ultra bb_bold.gif
2004.06.21 16:43 B E:\Documents and Settings\Adam Knox\Desktop\last skate world\XMB 1.9 Hacks\themes\xmb_ultra\bb_center.gif --> ftp.skate-world.net /public_html/images/xmb_ultra bb_center.gif
2004.06.21 16:43 B E:\Documents and Settings\Adam Knox\Desktop\last skate world\XMB 1.9 Hacks\themes\xmb_ultra\bb_code.gif --> ftp.skate-world.net /public_html/images/xmb_ultra bb_code.gif
2004.06.21 16:43 B E:\Documents and Settings\Adam Knox\Desktop\last skate world\XMB 1.9 Hacks\themes\xmb_ultra\bb_email.gif --> ftp.skate-world.net /public_html/images/xmb_ultra bb_email.gif
2004.06.21 16:43 B E:\Documents and Settings\Adam Knox\Desktop\last skate world\XMB 1.9 Hacks\themes\xmb_ultra\bb_image.gif --> ftp.skate-world.net /public_html/images/xmb_ultra bb_image.gif
2004.06.21 16:43 B E:\Documents and Settings\Adam Knox\Desktop\last skate world\XMB 1.9 Hacks\themes\xmb_ultra\bb_italicize.gif --> ftp.skate-world.net /public_html/images/xmb_ultra bb_italicize.gif
2004.06.21 16:43 B E:\Documents and Settings\Adam Knox\Desktop\last skate world\XMB 1.9 Hacks\themes\xmb_ultra\bb_list.gif --> ftp.skate-world.net /public_html/images/xmb_ultra bb_list.gif
2004.06.21 16:43 B E:\Documents and Settings\Adam Knox\Desktop\last skate world\XMB 1.9 Hacks\themes\xmb_ultra\bb_quote.gif --> ftp.skate-world.net /public_html/images/xmb_ultra bb_quote.gif
2004.06.21 16:43 B E:\Documents and Settings\Adam Knox\Desktop\last skate world\XMB 1.9 Hacks\themes\xmb_ultra\bb_underline.gif --> ftp.skate-world.net /public_html/images/xmb_ultra bb_underline.gif
2004.06.21 16:43 B E:\Documents and Settings\Adam Knox\Desktop\last skate world\XMB 1.9 Hacks\themes\xmb_ultra\bb_url.gif --> ftp.skate-world.net /public_html/images/xmb_ultra bb_url.gif
2004.06.21 16:43 B E:\Documents and Settings\Adam Knox\Desktop\last skate world\XMB 1.9 Hacks\themes\xmb_ultra\bbrules.gif --> ftp.skate-world.net /public_html/images/xmb_ultra bbrules.gif
2004.06.21 16:43 B E:\Documents and Settings\Adam Knox\Desktop\last skate world\XMB 1.9 Hacks\themes\xmb_ultra\dot_folder.gif --> ftp.skate-world.net /public_html/images/xmb_ultra dot_folder.gif
2004.06.21 16:43 B E:\Documents and Settings\Adam Knox\Desktop\last skate world\XMB 1.9 Hacks\themes\xmb_ultra\dot_folder_new_poll.gif --> ftp.skate-world.net /public_html/images/xmb_ultra dot_folder_new_poll.gif
2004.06.21 16:43 B E:\Documents and Settings\Adam Knox\Desktop\last skate world\XMB 1.9 Hacks\themes\xmb_ultra\dot_folder_poll.gif --> ftp.skate-world.net /public_html/images/xmb_ultra dot_folder_poll.gif
2004.06.21 16:43 B E:\Documents and Settings\Adam Knox\Desktop\last skate world\XMB 1.9 Hacks\themes\xmb_ultra\dot_hot_folder.gif --> ftp.skate-world.net /public_html/images/xmb_ultra dot_hot_folder.gif
2004.06.21 16:43 B E:\Documents and Settings\Adam Knox\Desktop\last skate world\XMB 1.9 Hacks\themes\xmb_ultra\dot_hot_red_folder.gif --> ftp.skate-world.net /public_html/images/xmb_ultra dot_hot_red_folder.gif
2004.06.21 16:43 B E:\Documents and Settings\Adam Knox\Desktop\last skate world\XMB 1.9 Hacks\themes\xmb_ultra\dot_red_folder.gif --> ftp.skate-world.net /public_html/images/xmb_ultra dot_red_folder.gif
2004.06.21 16:43 B E:\Documents and Settings\Adam Knox\Desktop\last skate world\XMB 1.9 Hacks\themes\xmb_ultra\edit.gif --> ftp.skate-world.net /public_html/images/xmb_ultra edit.gif
2004.06.21 16:43 B E:\Documents and Settings\Adam Knox\Desktop\last skate world\XMB 1.9 Hacks\themes\xmb_ultra\email.gif --> ftp.skate-world.net /public_html/images/xmb_ultra email.gif
2004.06.21 16:43 B E:\Documents and Settings\Adam Knox\Desktop\last skate world\XMB 1.9 Hacks\themes\xmb_ultra\faq.gif --> ftp.skate-world.net /public_html/images/xmb_ultra faq.gif
2004.06.21 16:43 B E:\Documents and Settings\Adam Knox\Desktop\last skate world\XMB 1.9 Hacks\themes\xmb_ultra\find.gif --> ftp.skate-world.net /public_html/images/xmb_ultra find.gif
2004.06.21 16:43 B E:\Documents and Settings\Adam Knox\Desktop\last skate world\XMB 1.9 Hacks\themes\xmb_ultra\folder.gif --> ftp.skate-world.net /public_html/images/xmb_ultra folder.gif
2004.06.21 16:43 B E:\Documents and Settings\Adam Knox\Desktop\last skate world\XMB 1.9 Hacks\themes\xmb_ultra\folder_new_poll.gif --> ftp.skate-world.net /public_html/images/xmb_ultra folder_new_poll.gif
2004.06.21 16:43 B E:\Documents and Settings\Adam Knox\Desktop\last skate world\XMB 1.9 Hacks\themes\xmb_ultra\folder_poll.gif --> ftp.skate-world.net /public_html/images/xmb_ultra folder_poll.gif
2004.06.21 16:43 B E:\Documents and Settings\Adam Knox\Desktop\last skate world\XMB 1.9 Hacks\themes\xmb_ultra\forum_new.gif --> ftp.skate-world.net /public_html/images/xmb_ultra forum_new.gif
2004.06.21 16:43 B E:\Documents and Settings\Adam Knox\Desktop\last skate world\XMB 1.9 Hacks\themes\xmb_ultra\forum_old.gif --> ftp.skate-world.net /public_html/images/xmb_ultra forum_old.gif
2004.06.21 16:43 B E:\Documents and Settings\Adam Knox\Desktop\last skate world\XMB 1.9 Hacks\themes\xmb_ultra\games.gif --> ftp.skate-world.net /public_html/images/xmb_ultra games.gif
2004.06.21 16:43 B E:\Documents and Settings\Adam Knox\Desktop\last skate world\XMB 1.9 Hacks\themes\xmb_ultra\home.gif --> ftp.skate-world.net /public_html/images/xmb_ultra home.gif
2004.06.21 16:43 B E:\Documents and Settings\Adam Knox\Desktop\last skate world\XMB 1.9 Hacks\themes\xmb_ultra\hot_folder.gif --> ftp.skate-world.net /public_html/images/xmb_ultra hot_folder.gif
2004.06.21 16:43 B E:\Documents and Settings\Adam Knox\Desktop\last skate world\XMB 1.9 Hacks\themes\xmb_ultra\hot_red_folder.gif --> ftp.skate-world.net /public_html/images/xmb_ultra hot_red_folder.gif
2004.06.21 16:43 B E:\Documents and Settings\Adam Knox\Desktop\last skate world\XMB 1.9 Hacks\themes\xmb_ultra\icq_add.gif --> ftp.skate-world.net /public_html/images/xmb_ultra icq_add.gif
2004.06.21 16:43 B E:\Documents and Settings\Adam Knox\Desktop\last skate world\XMB 1.9 Hacks\themes\xmb_ultra\inbox.gif --> ftp.skate-world.net /public_html/images/xmb_ultra inbox.gif
2004.06.21 16:43 B E:\Documents and Settings\Adam Knox\Desktop\last skate world\XMB 1.9 Hacks\themes\xmb_ultra\ip.gif --> ftp.skate-world.net /public_html/images/xmb_ultra ip.gif
2004.06.21 16:44 B E:\Documents and Settings\Adam Knox\Desktop\last skate world\XMB 1.9 Hacks\themes\xmb_ultra\ipost.gif --> ftp.skate-world.net /public_html/images/xmb_ultra ipost.gif
2004.06.21 16:44 B E:\Documents and Settings\Adam Knox\Desktop\last skate world\XMB 1.9 Hacks\themes\xmb_ultra\lastpost.gif --> ftp.skate-world.net /public_html/images/xmb_ultra lastpost.gif
2004.06.21 16:44 B E:\Documents and Settings\Adam Knox\Desktop\last skate world\XMB 1.9 Hacks\themes\xmb_ultra\lock_folder.gif --> ftp.skate-world.net /public_html/images/xmb_ultra lock_folder.gif
2004.06.21 16:44 B E:\Documents and Settings\Adam Knox\Desktop\last skate world\XMB 1.9 Hacks\themes\xmb_ultra\locku2u.gif --> ftp.skate-world.net /public_html/images/xmb_ultra locku2u.gif
2004.06.21 16:44 B E:\Documents and Settings\Adam Knox\Desktop\last skate world\XMB 1.9 Hacks\themes\xmb_ultra\logo.jpg --> ftp.skate-world.net /public_html/images/xmb_ultra logo.jpg
2004.06.21 16:44 B E:\Documents and Settings\Adam Knox\Desktop\last skate world\XMB 1.9 Hacks\themes\xmb_ultra\members_list.gif --> ftp.skate-world.net /public_html/images/xmb_ultra members_list.gif
2004.06.21 16:44 B E:\Documents and Settings\Adam Knox\Desktop\last skate world\XMB 1.9 Hacks\themes\xmb_ultra\msn.gif --> ftp.skate-world.net /public_html/images/xmb_ultra msn.gif
2004.06.21 16:44 B E:\Documents and Settings\Adam Knox\Desktop\last skate world\XMB 1.9 Hacks\themes\xmb_ultra\newtopic.gif --> ftp.skate-world.net /public_html/images/xmb_ultra newtopic.gif
2004.06.21 16:44 B E:\Documents and Settings\Adam Knox\Desktop\last skate world\XMB 1.9 Hacks\themes\xmb_ultra\newu2u.gif --> ftp.skate-world.net /public_html/images/xmb_ultra newu2u.gif
2004.06.21 16:44 B E:\Documents and Settings\Adam Knox\Desktop\last skate world\XMB 1.9 Hacks\themes\xmb_ultra\online.gif --> ftp.skate-world.net /public_html/images/xmb_ultra online.gif
2004.06.21 16:44 B E:\Documents and Settings\Adam Knox\Desktop\last skate world\XMB 1.9 Hacks\themes\xmb_ultra\outbox.gif --> ftp.skate-world.net /public_html/images/xmb_ultra outbox.gif
2004.06.21 16:44 B E:\Documents and Settings\Adam Knox\Desktop\last skate world\XMB 1.9 Hacks\themes\xmb_ultra\pin.gif --> ftp.skate-world.net /public_html/images/xmb_ultra pin.gif
2004.06.21 16:44 B E:\Documents and Settings\Adam Knox\Desktop\last skate world\XMB 1.9 Hacks\themes\xmb_ultra\pixel.gif --> ftp.skate-world.net /public_html/images/xmb_ultra pixel.gif
2004.06.21 16:44 B E:\Documents and Settings\Adam Knox\Desktop\last skate world\XMB 1.9 Hacks\themes\xmb_ultra\poll.gif --> ftp.skate-world.net /public_html/images/xmb_ultra poll.gif
2004.06.21 16:44 B E:\Documents and Settings\Adam Knox\Desktop\last skate world\XMB 1.9 Hacks\themes\xmb_ultra\pollbar-e.gif --> ftp.skate-world.net /public_html/images/xmb_ultra pollbar-e.gif
2004.06.21 16:44 B E:\Documents and Settings\Adam Knox\Desktop\last skate world\XMB 1.9 Hacks\themes\xmb_ultra\pollbar-s.gif --> ftp.skate-world.net /public_html/images/xmb_ultra pollbar-s.gif
2004.06.21 16:44 B E:\Documents and Settings\Adam Knox\Desktop\last skate world\XMB 1.9 Hacks\themes\xmb_ultra\pollbar.gif --> ftp.skate-world.net /public_html/images/xmb_ultra pollbar.gif
2004.06.21 16:44 B E:\Documents and Settings\Adam Knox\Desktop\last skate world\XMB 1.9 Hacks\themes\xmb_ultra\pollsmall.gif --> ftp.skate-world.net /public_html/images/xmb_ultra pollsmall.gif
2004.06.21 16:44 B E:\Documents and Settings\Adam Knox\Desktop\last skate world\XMB 1.9 Hacks\themes\xmb_ultra\profile.gif --> ftp.skate-world.net /public_html/images/xmb_ultra profile.gif
2004.06.21 16:44 B E:\Documents and Settings\Adam Knox\Desktop\last skate world\XMB 1.9 Hacks\themes\xmb_ultra\PSD_BUTTON_1.psd --> ftp.skate-world.net /public_html/images/xmb_ultra PSD_BUTTON_1.psd
2004.06.21 16:44 B E:\Documents and Settings\Adam Knox\Desktop\last skate world\XMB 1.9 Hacks\themes\xmb_ultra\PSD_LOGO_1.psd --> ftp.skate-world.net /public_html/images/xmb_ultra PSD_LOGO_1.psd
2004.06.21 16:44 B E:\Documents and Settings\Adam Knox\Desktop\last skate world\XMB 1.9 Hacks\themes\xmb_ultra\quote.gif --> ftp.skate-world.net /public_html/images/xmb_ultra quote.gif
2004.06.21 16:44 B E:\Documents and Settings\Adam Knox\Desktop\last skate world\XMB 1.9 Hacks\themes\xmb_ultra\red_folder.gif --> ftp.skate-world.net /public_html/images/xmb_ultra red_folder.gif
2004.06.21 16:44 B E:\Documents and Settings\Adam Knox\Desktop\last skate world\XMB 1.9 Hacks\themes\xmb_ultra\reply.gif --> ftp.skate-world.net /public_html/images/xmb_ultra reply.gif
2004.06.21 16:44 B E:\Documents and Settings\Adam Knox\Desktop\last skate world\XMB 1.9 Hacks\themes\xmb_ultra\report.gif --> ftp.skate-world.net /public_html/images/xmb_ultra report.gif
2004.06.21 16:44 B E:\Documents and Settings\Adam Knox\Desktop\last skate world\XMB 1.9 Hacks\themes\xmb_ultra\search.gif --> ftp.skate-world.net /public_html/images/xmb_ultra search.gif
2004.06.21 16:44 B E:\Documents and Settings\Adam Knox\Desktop\last skate world\XMB 1.9 Hacks\themes\xmb_ultra\site.gif --> ftp.skate-world.net /public_html/images/xmb_ultra site.gif
2004.06.21 16:44 B E:\Documents and Settings\Adam Knox\Desktop\last skate world\XMB 1.9 Hacks\themes\xmb_ultra\solve.gif --> ftp.skate-world.net /public_html/images/xmb_ultra solve.gif
2004.06.21 16:44 B E:\Documents and Settings\Adam Knox\Desktop\last skate world\XMB 1.9 Hacks\themes\xmb_ultra\space.gif --> ftp.skate-world.net /public_html/images/xmb_ultra space.gif
2004.06.21 16:44 B E:\Documents and Settings\Adam Knox\Desktop\last skate world\XMB 1.9 Hacks\themes\xmb_ultra\star.gif --> ftp.skate-world.net /public_html/images/xmb_ultra star.gif
2004.06.21 16:44 B E:\Documents and Settings\Adam Knox\Desktop\last skate world\XMB 1.9 Hacks\themes\xmb_ultra\stats.gif --> ftp.skate-world.net /public_html/images/xmb_ultra stats.gif
2004.06.21 16:44 B E:\Documents and Settings\Adam Knox\Desktop\last skate world\XMB 1.9 Hacks\themes\xmb_ultra\Thumbs.db --> ftp.skate-world.net /public_html/images/xmb_ultra Thumbs.db
2004.06.21 16:44 B E:\Documents and Settings\Adam Knox\Desktop\last skate world\XMB 1.9 Hacks\themes\xmb_ultra\todays_posts.gif --> ftp.skate-world.net /public_html/images/xmb_ultra todays_posts.gif
2004.06.21 16:44 B E:\Documents and Settings\Adam Knox\Desktop\last skate world\XMB 1.9 Hacks\themes\xmb_ultra\u2u.gif --> ftp.skate-world.net /public_html/images/xmb_ultra u2u.gif
2004.06.21 16:44 B E:\Documents and Settings\Adam Knox\Desktop\last skate world\XMB 1.9 Hacks\themes\xmb_ultra\unsolve.gif --> ftp.skate-world.net /public_html/images/xmb_ultra unsolve.gif
2004.06.21 16:44 B E:\Documents and Settings\Adam Knox\Desktop\last skate world\XMB 1.9 Hacks\themes\xmb_ultra\xmb_ultra.xmb --> ftp.skate-world.net /public_html/images/xmb_ultra xmb_ultra.xmb
2004.06.21 16:44 B E:\Documents and Settings\Adam Knox\Desktop\last skate world\XMB 1.9 Hacks\themes\xmb_ultra\yahoo.gif --> ftp.skate-world.net /public_html/images/xmb_ultra yahoo.gif
2004.06.21 16:49 B E:\Documents and Settings\Adam Knox\Desktop\last skate world\XMB 1.9 Hacks\themes\xmb_ultra\headerback.gif <-- Skate world /public_html/images/greyalliance headerback.gif
2004.06.21 17:49 B E:\Documents and Settings\Adam Knox\Desktop\last skate world\XMB 1.9 Hacks\themes\xmb_ultra\headerback2.gif --> ftp.skate-world.net /public_html/images/xmb_ultra headerback2.gif
2004.06.21 18:03 B E:\Documents and Settings\Adam Knox\Desktop\last skate world\XMB 1.9 Hacks\themes\xmb_ultra\headerback2.gif --> ftp.skate-world.net /public_html/images/xmb_ultra headerback2.gif
2004.06.21 18:05 B E:\Documents and Settings\Adam Knox\Desktop\last skate world\XMB 1.9 Hacks\themes\xmb_ultra\headerback2.gif --> ftp.skate-world.net /public_html/images/xmb_ultra headerback2.gif
2004.06.21 18:07 B E:\Documents and Settings\Adam Knox\Desktop\last skate world\XMB 1.9 Hacks\themes\xmb_ultra\headerback3.gif --> ftp.skate-world.net /public_html/images/xmb_ultra headerback3.gif
