2003.10.10 17:23 B E:\Documents and Settings\Adam Knox\My Documents\skate-world.net\ibforum\ivb1-3\skin graphics\Xbox_Lig-257\add.gif <-- skate-world.net /public_html/forum/style_images/Xbox_Lig-257 add.gif
2003.10.10 17:23 B E:\Documents and Settings\Adam Knox\My Documents\skate-world.net\ibforum\ivb1-3\skin graphics\Xbox_Lig-257\addresscard.gif <-- skate-world.net /public_html/forum/style_images/Xbox_Lig-257 addresscard.gif
2003.10.10 17:23 B E:\Documents and Settings\Adam Knox\My Documents\skate-world.net\ibforum\ivb1-3\skin graphics\Xbox_Lig-257\atb_calendar.gif <-- skate-world.net /public_html/forum/style_images/Xbox_Lig-257 atb_calendar.gif
2003.10.10 17:23 B E:\Documents and Settings\Adam Knox\My Documents\skate-world.net\ibforum\ivb1-3\skin graphics\Xbox_Lig-257\atb_chat.gif <-- skate-world.net /public_html/forum/style_images/Xbox_Lig-257 atb_chat.gif
2003.10.10 17:23 B E:\Documents and Settings\Adam Knox\My Documents\skate-world.net\ibforum\ivb1-3\skin graphics\Xbox_Lig-257\atb_help.gif <-- skate-world.net /public_html/forum/style_images/Xbox_Lig-257 atb_help.gif
2003.10.10 17:23 B E:\Documents and Settings\Adam Knox\My Documents\skate-world.net\ibforum\ivb1-3\skin graphics\Xbox_Lig-257\atb_members.gif <-- skate-world.net /public_html/forum/style_images/Xbox_Lig-257 atb_members.gif
2003.10.10 17:23 B E:\Documents and Settings\Adam Knox\My Documents\skate-world.net\ibforum\ivb1-3\skin graphics\Xbox_Lig-257\atb_search.gif <-- skate-world.net /public_html/forum/style_images/Xbox_Lig-257 atb_search.gif
2003.10.10 17:23 B E:\Documents and Settings\Adam Knox\My Documents\skate-world.net\ibforum\ivb1-3\skin graphics\Xbox_Lig-257\bar.gif <-- skate-world.net /public_html/forum/style_images/Xbox_Lig-257 bar.gif
2003.10.10 17:23 B E:\Documents and Settings\Adam Knox\My Documents\skate-world.net\ibforum\ivb1-3\skin graphics\Xbox_Lig-257\bar_left.gif <-- skate-world.net /public_html/forum/style_images/Xbox_Lig-257 bar_left.gif
2003.10.10 17:23 B E:\Documents and Settings\Adam Knox\My Documents\skate-world.net\ibforum\ivb1-3\skin graphics\Xbox_Lig-257\bar_right.gif <-- skate-world.net /public_html/forum/style_images/Xbox_Lig-257 bar_right.gif
2003.10.10 17:23 B E:\Documents and Settings\Adam Knox\My Documents\skate-world.net\ibforum\ivb1-3\skin graphics\Xbox_Lig-257\bc_new.gif <-- skate-world.net /public_html/forum/style_images/Xbox_Lig-257 bc_new.gif
2003.10.10 17:24 B E:\Documents and Settings\Adam Knox\My Documents\skate-world.net\ibforum\ivb1-3\skin graphics\Xbox_Lig-257\bc_nonew.gif <-- skate-world.net /public_html/forum/style_images/Xbox_Lig-257 bc_nonew.gif
2003.10.10 17:24 B E:\Documents and Settings\Adam Knox\My Documents\skate-world.net\ibforum\ivb1-3\skin graphics\Xbox_Lig-257\bf_new.gif <-- skate-world.net /public_html/forum/style_images/Xbox_Lig-257 bf_new.gif
2003.10.10 17:24 B E:\Documents and Settings\Adam Knox\My Documents\skate-world.net\ibforum\ivb1-3\skin graphics\Xbox_Lig-257\bf_nonew.gif <-- skate-world.net /public_html/forum/style_images/Xbox_Lig-257 bf_nonew.gif
2003.10.10 17:24 B E:\Documents and Settings\Adam Knox\My Documents\skate-world.net\ibforum\ivb1-3\skin graphics\Xbox_Lig-257\bf_readonly.gif <-- skate-world.net /public_html/forum/style_images/Xbox_Lig-257 bf_readonly.gif
2003.10.10 17:24 B E:\Documents and Settings\Adam Knox\My Documents\skate-world.net\ibforum\ivb1-3\skin graphics\Xbox_Lig-257\birthdays.gif <-- skate-world.net /public_html/forum/style_images/Xbox_Lig-257 birthdays.gif
2003.10.10 17:24 B E:\Documents and Settings\Adam Knox\My Documents\skate-world.net\ibforum\ivb1-3\skin graphics\Xbox_Lig-257\br_new.gif <-- skate-world.net /public_html/forum/style_images/Xbox_Lig-257 br_new.gif
2003.10.10 17:24 B E:\Documents and Settings\Adam Knox\My Documents\skate-world.net\ibforum\ivb1-3\skin graphics\Xbox_Lig-257\br_nonew.gif <-- skate-world.net /public_html/forum/style_images/Xbox_Lig-257 br_nonew.gif
2003.10.10 17:24 B E:\Documents and Settings\Adam Knox\My Documents\skate-world.net\ibforum\ivb1-3\skin graphics\Xbox_Lig-257\br_redirect.gif <-- skate-world.net /public_html/forum/style_images/Xbox_Lig-257 br_redirect.gif
2003.10.10 17:24 B E:\Documents and Settings\Adam Knox\My Documents\skate-world.net\ibforum\ivb1-3\skin graphics\Xbox_Lig-257\cal_newevent.gif <-- skate-world.net /public_html/forum/style_images/Xbox_Lig-257 cal_newevent.gif
2003.10.10 17:24 B E:\Documents and Settings\Adam Knox\My Documents\skate-world.net\ibforum\ivb1-3\skin graphics\Xbox_Lig-257\camera.gif <-- skate-world.net /public_html/forum/style_images/Xbox_Lig-257 camera.gif
2003.10.10 17:24 B E:\Documents and Settings\Adam Knox\My Documents\skate-world.net\ibforum\ivb1-3\skin graphics\Xbox_Lig-257\cs_email.gif <-- skate-world.net /public_html/forum/style_images/Xbox_Lig-257 cs_email.gif
2003.10.10 17:24 B E:\Documents and Settings\Adam Knox\My Documents\skate-world.net\ibforum\ivb1-3\skin graphics\Xbox_Lig-257\cs_page.gif <-- skate-world.net /public_html/forum/style_images/Xbox_Lig-257 cs_page.gif
2003.10.10 17:24 B E:\Documents and Settings\Adam Knox\My Documents\skate-world.net\ibforum\ivb1-3\skin graphics\Xbox_Lig-257\cs_print.gif <-- skate-world.net /public_html/forum/style_images/Xbox_Lig-257 cs_print.gif
2003.10.10 17:24 B E:\Documents and Settings\Adam Knox\My Documents\skate-world.net\ibforum\ivb1-3\skin graphics\Xbox_Lig-257\f_closed.gif <-- skate-world.net /public_html/forum/style_images/Xbox_Lig-257 f_closed.gif
2003.10.10 17:24 B E:\Documents and Settings\Adam Knox\My Documents\skate-world.net\ibforum\ivb1-3\skin graphics\Xbox_Lig-257\f_hot.gif <-- skate-world.net /public_html/forum/style_images/Xbox_Lig-257 f_hot.gif
2003.10.10 17:24 B E:\Documents and Settings\Adam Knox\My Documents\skate-world.net\ibforum\ivb1-3\skin graphics\Xbox_Lig-257\f_hot_dot.gif <-- skate-world.net /public_html/forum/style_images/Xbox_Lig-257 f_hot_dot.gif
2003.10.10 17:24 B E:\Documents and Settings\Adam Knox\My Documents\skate-world.net\ibforum\ivb1-3\skin graphics\Xbox_Lig-257\f_hot_no.gif <-- skate-world.net /public_html/forum/style_images/Xbox_Lig-257 f_hot_no.gif
2003.10.10 17:24 B E:\Documents and Settings\Adam Knox\My Documents\skate-world.net\ibforum\ivb1-3\skin graphics\Xbox_Lig-257\f_hot_no_dot.gif <-- skate-world.net /public_html/forum/style_images/Xbox_Lig-257 f_hot_no_dot.gif
2003.10.10 17:25 B E:\Documents and Settings\Adam Knox\My Documents\skate-world.net\ibforum\ivb1-3\skin graphics\Xbox_Lig-257\f_moved.gif <-- skate-world.net /public_html/forum/style_images/Xbox_Lig-257 f_moved.gif
2003.10.10 17:25 B E:\Documents and Settings\Adam Knox\My Documents\skate-world.net\ibforum\ivb1-3\skin graphics\Xbox_Lig-257\f_norm.gif <-- skate-world.net /public_html/forum/style_images/Xbox_Lig-257 f_norm.gif
2003.10.10 17:25 B E:\Documents and Settings\Adam Knox\My Documents\skate-world.net\ibforum\ivb1-3\skin graphics\Xbox_Lig-257\f_norm_dot.gif <-- skate-world.net /public_html/forum/style_images/Xbox_Lig-257 f_norm_dot.gif
2003.10.10 17:25 B E:\Documents and Settings\Adam Knox\My Documents\skate-world.net\ibforum\ivb1-3\skin graphics\Xbox_Lig-257\f_norm_no.gif <-- skate-world.net /public_html/forum/style_images/Xbox_Lig-257 f_norm_no.gif
2003.10.10 17:25 B E:\Documents and Settings\Adam Knox\My Documents\skate-world.net\ibforum\ivb1-3\skin graphics\Xbox_Lig-257\f_norm_no_dot.gif <-- skate-world.net /public_html/forum/style_images/Xbox_Lig-257 f_norm_no_dot.gif
2003.10.10 17:25 B E:\Documents and Settings\Adam Knox\My Documents\skate-world.net\ibforum\ivb1-3\skin graphics\Xbox_Lig-257\f_pinned.gif <-- skate-world.net /public_html/forum/style_images/Xbox_Lig-257 f_pinned.gif
2003.10.10 17:25 B E:\Documents and Settings\Adam Knox\My Documents\skate-world.net\ibforum\ivb1-3\skin graphics\Xbox_Lig-257\f_poll.gif <-- skate-world.net /public_html/forum/style_images/Xbox_Lig-257 f_poll.gif
2003.10.10 17:25 B E:\Documents and Settings\Adam Knox\My Documents\skate-world.net\ibforum\ivb1-3\skin graphics\Xbox_Lig-257\f_poll_dot.gif <-- skate-world.net /public_html/forum/style_images/Xbox_Lig-257 f_poll_dot.gif
2003.10.10 17:25 B E:\Documents and Settings\Adam Knox\My Documents\skate-world.net\ibforum\ivb1-3\skin graphics\Xbox_Lig-257\f_poll_no.gif <-- skate-world.net /public_html/forum/style_images/Xbox_Lig-257 f_poll_no.gif
2003.10.10 17:25 B E:\Documents and Settings\Adam Knox\My Documents\skate-world.net\ibforum\ivb1-3\skin graphics\Xbox_Lig-257\f_poll_no_dot.gif <-- skate-world.net /public_html/forum/style_images/Xbox_Lig-257 f_poll_no_dot.gif
2003.10.10 17:25 B E:\Documents and Settings\Adam Knox\My Documents\skate-world.net\ibforum\ivb1-3\skin graphics\Xbox_Lig-257\forum_rules.gif <-- skate-world.net /public_html/forum/style_images/Xbox_Lig-257 forum_rules.gif
2003.10.10 17:25 B E:\Documents and Settings\Adam Knox\My Documents\skate-world.net\ibforum\ivb1-3\skin graphics\Xbox_Lig-257\icon1.gif <-- skate-world.net /public_html/forum/style_images/Xbox_Lig-257 icon1.gif
2003.10.10 17:25 B E:\Documents and Settings\Adam Knox\My Documents\skate-world.net\ibforum\ivb1-3\skin graphics\Xbox_Lig-257\icon10.gif <-- skate-world.net /public_html/forum/style_images/Xbox_Lig-257 icon10.gif
2003.10.10 17:25 B E:\Documents and Settings\Adam Knox\My Documents\skate-world.net\ibforum\ivb1-3\skin graphics\Xbox_Lig-257\icon11.gif <-- skate-world.net /public_html/forum/style_images/Xbox_Lig-257 icon11.gif
2003.10.10 17:25 B E:\Documents and Settings\Adam Knox\My Documents\skate-world.net\ibforum\ivb1-3\skin graphics\Xbox_Lig-257\icon12.gif <-- skate-world.net /public_html/forum/style_images/Xbox_Lig-257 icon12.gif
2003.10.10 17:25 B E:\Documents and Settings\Adam Knox\My Documents\skate-world.net\ibforum\ivb1-3\skin graphics\Xbox_Lig-257\icon13.gif <-- skate-world.net /public_html/forum/style_images/Xbox_Lig-257 icon13.gif
2003.10.10 17:25 B E:\Documents and Settings\Adam Knox\My Documents\skate-world.net\ibforum\ivb1-3\skin graphics\Xbox_Lig-257\icon14.gif <-- skate-world.net /public_html/forum/style_images/Xbox_Lig-257 icon14.gif
2003.10.10 17:25 B E:\Documents and Settings\Adam Knox\My Documents\skate-world.net\ibforum\ivb1-3\skin graphics\Xbox_Lig-257\icon2.gif <-- skate-world.net /public_html/forum/style_images/Xbox_Lig-257 icon2.gif
2003.10.10 17:25 B E:\Documents and Settings\Adam Knox\My Documents\skate-world.net\ibforum\ivb1-3\skin graphics\Xbox_Lig-257\icon3.gif <-- skate-world.net /public_html/forum/style_images/Xbox_Lig-257 icon3.gif
2003.10.10 17:25 B E:\Documents and Settings\Adam Knox\My Documents\skate-world.net\ibforum\ivb1-3\skin graphics\Xbox_Lig-257\icon4.gif <-- skate-world.net /public_html/forum/style_images/Xbox_Lig-257 icon4.gif
2003.10.10 17:25 B E:\Documents and Settings\Adam Knox\My Documents\skate-world.net\ibforum\ivb1-3\skin graphics\Xbox_Lig-257\icon5.gif <-- skate-world.net /public_html/forum/style_images/Xbox_Lig-257 icon5.gif
2003.10.10 17:25 B E:\Documents and Settings\Adam Knox\My Documents\skate-world.net\ibforum\ivb1-3\skin graphics\Xbox_Lig-257\icon6.gif <-- skate-world.net /public_html/forum/style_images/Xbox_Lig-257 icon6.gif
2003.10.10 17:26 B E:\Documents and Settings\Adam Knox\My Documents\skate-world.net\ibforum\ivb1-3\skin graphics\Xbox_Lig-257\icon7.gif <-- skate-world.net /public_html/forum/style_images/Xbox_Lig-257 icon7.gif
2003.10.10 17:26 B E:\Documents and Settings\Adam Knox\My Documents\skate-world.net\ibforum\ivb1-3\skin graphics\Xbox_Lig-257\icon8.gif <-- skate-world.net /public_html/forum/style_images/Xbox_Lig-257 icon8.gif
2003.10.10 17:26 B E:\Documents and Settings\Adam Knox\My Documents\skate-world.net\ibforum\ivb1-3\skin graphics\Xbox_Lig-257\icon9.gif <-- skate-world.net /public_html/forum/style_images/Xbox_Lig-257 icon9.gif
2003.10.10 17:26 B E:\Documents and Settings\Adam Knox\My Documents\skate-world.net\ibforum\ivb1-3\skin graphics\Xbox_Lig-257\icon_div.gif <-- skate-world.net /public_html/forum/style_images/Xbox_Lig-257 icon_div.gif
2003.10.10 17:26 B E:\Documents and Settings\Adam Knox\My Documents\skate-world.net\ibforum\ivb1-3\skin graphics\Xbox_Lig-257\icon_msg_new.gif <-- skate-world.net /public_html/forum/style_images/Xbox_Lig-257 icon_msg_new.gif
2003.10.10 17:26 B E:\Documents and Settings\Adam Knox\My Documents\skate-world.net\ibforum\ivb1-3\skin graphics\Xbox_Lig-257\icon_msg_new_dis.gif <-- skate-world.net /public_html/forum/style_images/Xbox_Lig-257 icon_msg_new_dis.gif
2003.10.10 17:26 B E:\Documents and Settings\Adam Knox\My Documents\skate-world.net\ibforum\ivb1-3\skin graphics\Xbox_Lig-257\icon_msg_nonew.gif <-- skate-world.net /public_html/forum/style_images/Xbox_Lig-257 icon_msg_nonew.gif
2003.10.10 17:26 B E:\Documents and Settings\Adam Knox\My Documents\skate-world.net\ibforum\ivb1-3\skin graphics\Xbox_Lig-257\icon_msg_nonew_dis.gif <-- skate-world.net /public_html/forum/style_images/Xbox_Lig-257 icon_msg_nonew_dis.gif
2003.10.10 17:26 B E:\Documents and Settings\Adam Knox\My Documents\skate-world.net\ibforum\ivb1-3\skin graphics\Xbox_Lig-257\index.html <-- skate-world.net /public_html/forum/style_images/Xbox_Lig-257 index.html
2003.10.10 17:26 B E:\Documents and Settings\Adam Knox\My Documents\skate-world.net\ibforum\ivb1-3\skin graphics\Xbox_Lig-257\lastpost.gif <-- skate-world.net /public_html/forum/style_images/Xbox_Lig-257 lastpost.gif
2003.10.10 17:26 B E:\Documents and Settings\Adam Knox\My Documents\skate-world.net\ibforum\ivb1-3\skin graphics\Xbox_Lig-257\logo.jpg <-- skate-world.net /public_html/forum/style_images/Xbox_Lig-257 logo.jpg
2003.10.10 17:26 B E:\Documents and Settings\Adam Knox\My Documents\skate-world.net\ibforum\ivb1-3\skin graphics\Xbox_Lig-257\mark.gif <-- skate-world.net /public_html/forum/style_images/Xbox_Lig-257 mark.gif
2003.10.10 17:26 B E:\Documents and Settings\Adam Knox\My Documents\skate-world.net\ibforum\ivb1-3\skin graphics\Xbox_Lig-257\nav.gif <-- skate-world.net /public_html/forum/style_images/Xbox_Lig-257 nav.gif
2003.10.10 17:26 B E:\Documents and Settings\Adam Knox\My Documents\skate-world.net\ibforum\ivb1-3\skin graphics\Xbox_Lig-257\nav_m.gif <-- skate-world.net /public_html/forum/style_images/Xbox_Lig-257 nav_m.gif
2003.10.10 17:27 B E:\Documents and Settings\Adam Knox\My Documents\skate-world.net\ibforum\ivb1-3\skin graphics\Xbox_Lig-257\nav_m_dark.gif <-- skate-world.net /public_html/forum/style_images/Xbox_Lig-257 nav_m_dark.gif
2003.10.10 17:27 B E:\Documents and Settings\Adam Knox\My Documents\skate-world.net\ibforum\ivb1-3\skin graphics\Xbox_Lig-257\newpost.gif <-- skate-world.net /public_html/forum/style_images/Xbox_Lig-257 newpost.gif
2003.10.10 17:27 B E:\Documents and Settings\Adam Knox\My Documents\skate-world.net\ibforum\ivb1-3\skin graphics\Xbox_Lig-257\nophoto.gif <-- skate-world.net /public_html/forum/style_images/Xbox_Lig-257 nophoto.gif
2003.10.10 17:27 B E:\Documents and Settings\Adam Knox\My Documents\skate-world.net\ibforum\ivb1-3\skin graphics\Xbox_Lig-257\p_aim.gif <-- skate-world.net /public_html/forum/style_images/Xbox_Lig-257 p_aim.gif
2003.10.10 17:27 B E:\Documents and Settings\Adam Knox\My Documents\skate-world.net\ibforum\ivb1-3\skin graphics\Xbox_Lig-257\p_delete.gif <-- skate-world.net /public_html/forum/style_images/Xbox_Lig-257 p_delete.gif
2003.10.10 17:27 B E:\Documents and Settings\Adam Knox\My Documents\skate-world.net\ibforum\ivb1-3\skin graphics\Xbox_Lig-257\p_edit.gif <-- skate-world.net /public_html/forum/style_images/Xbox_Lig-257 p_edit.gif
2003.10.10 17:27 B E:\Documents and Settings\Adam Knox\My Documents\skate-world.net\ibforum\ivb1-3\skin graphics\Xbox_Lig-257\p_email.gif <-- skate-world.net /public_html/forum/style_images/Xbox_Lig-257 p_email.gif
2003.10.10 17:27 B E:\Documents and Settings\Adam Knox\My Documents\skate-world.net\ibforum\ivb1-3\skin graphics\Xbox_Lig-257\p_icq.gif <-- skate-world.net /public_html/forum/style_images/Xbox_Lig-257 p_icq.gif
2003.10.10 17:27 B E:\Documents and Settings\Adam Knox\My Documents\skate-world.net\ibforum\ivb1-3\skin graphics\Xbox_Lig-257\p_im.gif <-- skate-world.net /public_html/forum/style_images/Xbox_Lig-257 p_im.gif
2003.10.10 17:27 B E:\Documents and Settings\Adam Knox\My Documents\skate-world.net\ibforum\ivb1-3\skin graphics\Xbox_Lig-257\p_msn.gif <-- skate-world.net /public_html/forum/style_images/Xbox_Lig-257 p_msn.gif
2003.10.10 17:27 B E:\Documents and Settings\Adam Knox\My Documents\skate-world.net\ibforum\ivb1-3\skin graphics\Xbox_Lig-257\p_pm.gif <-- skate-world.net /public_html/forum/style_images/Xbox_Lig-257 p_pm.gif
2003.10.10 17:27 B E:\Documents and Settings\Adam Knox\My Documents\skate-world.net\ibforum\ivb1-3\skin graphics\Xbox_Lig-257\p_quote.gif <-- skate-world.net /public_html/forum/style_images/Xbox_Lig-257 p_quote.gif
2003.10.10 17:27 B E:\Documents and Settings\Adam Knox\My Documents\skate-world.net\ibforum\ivb1-3\skin graphics\Xbox_Lig-257\p_report.gif <-- skate-world.net /public_html/forum/style_images/Xbox_Lig-257 p_report.gif
2003.10.10 17:27 B E:\Documents and Settings\Adam Knox\My Documents\skate-world.net\ibforum\ivb1-3\skin graphics\Xbox_Lig-257\p_up.gif <-- skate-world.net /public_html/forum/style_images/Xbox_Lig-257 p_up.gif
2003.10.10 17:27 B E:\Documents and Settings\Adam Knox\My Documents\skate-world.net\ibforum\ivb1-3\skin graphics\Xbox_Lig-257\p_www.gif <-- skate-world.net /public_html/forum/style_images/Xbox_Lig-257 p_www.gif
2003.10.10 17:27 B E:\Documents and Settings\Adam Knox\My Documents\skate-world.net\ibforum\ivb1-3\skin graphics\Xbox_Lig-257\p_yim.gif <-- skate-world.net /public_html/forum/style_images/Xbox_Lig-257 p_yim.gif
2003.10.10 17:27 B E:\Documents and Settings\Adam Knox\My Documents\skate-world.net\ibforum\ivb1-3\skin graphics\Xbox_Lig-257\pip.gif <-- skate-world.net /public_html/forum/style_images/Xbox_Lig-257 pip.gif
2003.10.10 17:27 B E:\Documents and Settings\Adam Knox\My Documents\skate-world.net\ibforum\ivb1-3\skin graphics\Xbox_Lig-257\qr_close.gif <-- skate-world.net /public_html/forum/style_images/Xbox_Lig-257 qr_close.gif
2003.10.10 17:27 B E:\Documents and Settings\Adam Knox\My Documents\skate-world.net\ibforum\ivb1-3\skin graphics\Xbox_Lig-257\qr_down.gif <-- skate-world.net /public_html/forum/style_images/Xbox_Lig-257 qr_down.gif
2003.10.10 17:27 B E:\Documents and Settings\Adam Knox\My Documents\skate-world.net\ibforum\ivb1-3\skin graphics\Xbox_Lig-257\remove.gif <-- skate-world.net /public_html/forum/style_images/Xbox_Lig-257 remove.gif
2003.10.10 17:27 B E:\Documents and Settings\Adam Knox\My Documents\skate-world.net\ibforum\ivb1-3\skin graphics\Xbox_Lig-257\spacer.gif <-- skate-world.net /public_html/forum/style_images/Xbox_Lig-257 spacer.gif
2003.10.10 17:27 B E:\Documents and Settings\Adam Knox\My Documents\skate-world.net\ibforum\ivb1-3\skin graphics\Xbox_Lig-257\stats.gif <-- skate-world.net /public_html/forum/style_images/Xbox_Lig-257 stats.gif
2003.10.10 17:27 B E:\Documents and Settings\Adam Knox\My Documents\skate-world.net\ibforum\ivb1-3\skin graphics\Xbox_Lig-257\t_closed.gif <-- skate-world.net /public_html/forum/style_images/Xbox_Lig-257 t_closed.gif
2003.10.10 17:27 B E:\Documents and Settings\Adam Knox\My Documents\skate-world.net\ibforum\ivb1-3\skin graphics\Xbox_Lig-257\t_moved.gif <-- skate-world.net /public_html/forum/style_images/Xbox_Lig-257 t_moved.gif
2003.10.10 17:27 B E:\Documents and Settings\Adam Knox\My Documents\skate-world.net\ibforum\ivb1-3\skin graphics\Xbox_Lig-257\t_new.gif <-- skate-world.net /public_html/forum/style_images/Xbox_Lig-257 t_new.gif
2003.10.10 17:27 B E:\Documents and Settings\Adam Knox\My Documents\skate-world.net\ibforum\ivb1-3\skin graphics\Xbox_Lig-257\t_options.gif <-- skate-world.net /public_html/forum/style_images/Xbox_Lig-257 t_options.gif
2003.10.10 17:27 B E:\Documents and Settings\Adam Knox\My Documents\skate-world.net\ibforum\ivb1-3\skin graphics\Xbox_Lig-257\t_poll.gif <-- skate-world.net /public_html/forum/style_images/Xbox_Lig-257 t_poll.gif
2003.10.10 17:28 B E:\Documents and Settings\Adam Knox\My Documents\skate-world.net\ibforum\ivb1-3\skin graphics\Xbox_Lig-257\t_qr-small.gif <-- skate-world.net /public_html/forum/style_images/Xbox_Lig-257 t_qr-small.gif
2003.10.10 17:28 B E:\Documents and Settings\Adam Knox\My Documents\skate-world.net\ibforum\ivb1-3\skin graphics\Xbox_Lig-257\t_qr.gif <-- skate-world.net /public_html/forum/style_images/Xbox_Lig-257 t_qr.gif
2003.10.10 17:28 B E:\Documents and Settings\Adam Knox\My Documents\skate-world.net\ibforum\ivb1-3\skin graphics\Xbox_Lig-257\t_reply.gif <-- skate-world.net /public_html/forum/style_images/Xbox_Lig-257 t_reply.gif
2003.10.10 17:28 B E:\Documents and Settings\Adam Knox\My Documents\skate-world.net\ibforum\ivb1-3\skin graphics\Xbox_Lig-257\tile_back.gif <-- skate-world.net /public_html/forum/style_images/Xbox_Lig-257 tile_back.gif
2003.10.10 17:28 B E:\Documents and Settings\Adam Knox\My Documents\skate-world.net\ibforum\ivb1-3\skin graphics\Xbox_Lig-257\tile_back_small.gif <-- skate-world.net /public_html/forum/style_images/Xbox_Lig-257 tile_back_small.gif
2003.10.10 17:28 B E:\Documents and Settings\Adam Knox\My Documents\skate-world.net\ibforum\ivb1-3\skin graphics\Xbox_Lig-257\tile_sub.gif <-- skate-world.net /public_html/forum/style_images/Xbox_Lig-257 tile_sub.gif
2003.10.10 17:28 B E:\Documents and Settings\Adam Knox\My Documents\skate-world.net\ibforum\ivb1-3\skin graphics\Xbox_Lig-257\user.gif <-- skate-world.net /public_html/forum/style_images/Xbox_Lig-257 user.gif
2003.10.10 17:28 B E:\Documents and Settings\Adam Knox\My Documents\skate-world.net\ibforum\ivb1-3\skin graphics\Xbox_Lig-257\warn0.gif <-- skate-world.net /public_html/forum/style_images/Xbox_Lig-257 warn0.gif
2003.10.10 17:28 B E:\Documents and Settings\Adam Knox\My Documents\skate-world.net\ibforum\ivb1-3\skin graphics\Xbox_Lig-257\warn1.gif <-- skate-world.net /public_html/forum/style_images/Xbox_Lig-257 warn1.gif
2003.10.10 17:28 B E:\Documents and Settings\Adam Knox\My Documents\skate-world.net\ibforum\ivb1-3\skin graphics\Xbox_Lig-257\warn2.gif <-- skate-world.net /public_html/forum/style_images/Xbox_Lig-257 warn2.gif
2003.10.10 17:28 B E:\Documents and Settings\Adam Knox\My Documents\skate-world.net\ibforum\ivb1-3\skin graphics\Xbox_Lig-257\warn3.gif <-- skate-world.net /public_html/forum/style_images/Xbox_Lig-257 warn3.gif
2003.10.10 17:28 B E:\Documents and Settings\Adam Knox\My Documents\skate-world.net\ibforum\ivb1-3\skin graphics\Xbox_Lig-257\warn4.gif <-- skate-world.net /public_html/forum/style_images/Xbox_Lig-257 warn4.gif
2003.10.10 17:28 B E:\Documents and Settings\Adam Knox\My Documents\skate-world.net\ibforum\ivb1-3\skin graphics\Xbox_Lig-257\warn5.gif <-- skate-world.net /public_html/forum/style_images/Xbox_Lig-257 warn5.gif
2003.10.10 17:28 B E:\Documents and Settings\Adam Knox\My Documents\skate-world.net\ibforum\ivb1-3\skin graphics\Xbox_Lig-257\warn_add.gif <-- skate-world.net /public_html/forum/style_images/Xbox_Lig-257 warn_add.gif
2003.10.10 17:28 B E:\Documents and Settings\Adam Knox\My Documents\skate-world.net\ibforum\ivb1-3\skin graphics\Xbox_Lig-257\warn_minus.gif <-- skate-world.net /public_html/forum/style_images/Xbox_Lig-257 warn_minus.gif
