2004.09.20 16:45 B E:\Documents and Settings\Adam Knox\My Documents\Skate World\backup\forum\agreement.html <-- Skate world Temporary /public_html/forum agreement.html
2004.09.20 16:45 B E:\Documents and Settings\Adam Knox\My Documents\Skate World\backup\forum\avatars.php <-- Skate world Temporary /public_html/forum avatars.php
2004.09.20 16:45 B E:\Documents and Settings\Adam Knox\My Documents\Skate World\backup\forum\awedit.php <-- Skate world Temporary /public_html/forum awedit.php
2004.09.20 16:45 B E:\Documents and Settings\Adam Knox\My Documents\Skate World\backup\forum\bank.php <-- Skate world Temporary /public_html/forum bank.php
2004.09.20 16:45 B E:\Documents and Settings\Adam Knox\My Documents\Skate World\backup\forum\bbcode.js <-- Skate world Temporary /public_html/forum bbcode.js
2004.09.20 16:45 B E:\Documents and Settings\Adam Knox\My Documents\Skate World\backup\forum\buddy.php <-- Skate world Temporary /public_html/forum buddy.php
2004.09.20 16:45 B E:\Documents and Settings\Adam Knox\My Documents\Skate World\backup\forum\chat.php <-- Skate world Temporary /public_html/forum chat.php
2004.09.20 16:45 B E:\Documents and Settings\Adam Knox\My Documents\Skate World\backup\forum\config.php <-- Skate world Temporary /public_html/forum config.php
2004.09.20 16:45 B E:\Documents and Settings\Adam Knox\My Documents\Skate World\backup\forum\cp.php <-- Skate world Temporary /public_html/forum cp.php
2004.09.20 16:45 B E:\Documents and Settings\Adam Knox\My Documents\Skate World\backup\forum\cp2.php <-- Skate world Temporary /public_html/forum cp2.php
2004.09.20 16:46 B E:\Documents and Settings\Adam Knox\My Documents\Skate World\backup\forum\cp3.php <-- Skate world Temporary /public_html/forum cp3.php
2004.09.20 16:46 B E:\Documents and Settings\Adam Knox\My Documents\Skate World\backup\forum\cp4.php <-- Skate world Temporary /public_html/forum cp4.php
2004.09.20 16:46 B E:\Documents and Settings\Adam Knox\My Documents\Skate World\backup\forum\cp_3.php <-- Skate world Temporary /public_html/forum cp_3.php
2004.09.20 16:46 B E:\Documents and Settings\Adam Knox\My Documents\Skate World\backup\forum\cp_4.php <-- Skate world Temporary /public_html/forum cp_4.php
2004.09.20 16:46 B E:\Documents and Settings\Adam Knox\My Documents\Skate World\backup\forum\cp_modcp.php <-- Skate world Temporary /public_html/forum cp_modcp.php
2004.09.20 16:46 B E:\Documents and Settings\Adam Knox\My Documents\Skate World\backup\forum\cplogfile.php <-- Skate world Temporary /public_html/forum cplogfile.php
2004.09.20 16:46 B E:\Documents and Settings\Adam Knox\My Documents\Skate World\backup\forum\dictionary.php <-- Skate world Temporary /public_html/forum dictionary.php
2004.09.20 16:46 B E:\Documents and Settings\Adam Knox\My Documents\Skate World\backup\forum\dump_attachments.php <-- Skate world Temporary /public_html/forum dump_attachments.php
2004.09.20 16:46 B E:\Documents and Settings\Adam Knox\My Documents\Skate World\backup\forum\editprofile.php <-- Skate world Temporary /public_html/forum editprofile.php
2004.09.20 16:46 B E:\Documents and Settings\Adam Knox\My Documents\Skate World\backup\forum\fader.js <-- Skate world Temporary /public_html/forum fader.js
2004.09.20 16:46 B E:\Documents and Settings\Adam Knox\My Documents\Skate World\backup\forum\faq.php <-- Skate world Temporary /public_html/forum faq.php
2004.09.20 16:46 B E:\Documents and Settings\Adam Knox\My Documents\Skate World\backup\forum\forumdisplay.php <-- Skate world Temporary /public_html/forum forumdisplay.php
2004.09.20 16:46 B E:\Documents and Settings\Adam Knox\My Documents\Skate World\backup\forum\functions.php <-- Skate world Temporary /public_html/forum functions.php
2004.09.20 16:46 B E:\Documents and Settings\Adam Knox\My Documents\Skate World\backup\forum\header.php <-- Skate world Temporary /public_html/forum header.php
2004.09.20 16:46 B E:\Documents and Settings\Adam Knox\My Documents\Skate World\backup\forum\index.php <-- Skate world Temporary /public_html/forum index.php
2004.09.20 16:46 B E:\Documents and Settings\Adam Knox\My Documents\Skate World\backup\forum\install.html <-- Skate world Temporary /public_html/forum install.html
2004.09.20 16:46 B E:\Documents and Settings\Adam Knox\My Documents\Skate World\backup\forum\install.php <-- Skate world Temporary /public_html/forum install.php
2004.09.20 16:46 B E:\Documents and Settings\Adam Knox\My Documents\Skate World\backup\forum\links.php <-- Skate world Temporary /public_html/forum links.php
2004.09.20 16:46 B E:\Documents and Settings\Adam Knox\My Documents\Skate World\backup\forum\magazine.php <-- Skate world Temporary /public_html/forum magazine.php
2004.09.20 16:46 B E:\Documents and Settings\Adam Knox\My Documents\Skate World\backup\forum\member.php <-- Skate world Temporary /public_html/forum member.php
2004.09.20 16:46 B E:\Documents and Settings\Adam Knox\My Documents\Skate World\backup\forum\memcp.php <-- Skate world Temporary /public_html/forum memcp.php
2004.09.20 16:46 B E:\Documents and Settings\Adam Knox\My Documents\Skate World\backup\forum\mg.php <-- Skate world Temporary /public_html/forum mg.php
2004.09.20 16:46 B E:\Documents and Settings\Adam Knox\My Documents\Skate World\backup\forum\misc.php <-- Skate world Temporary /public_html/forum misc.php
2004.09.20 16:46 B E:\Documents and Settings\Adam Knox\My Documents\Skate World\backup\forum\modcp.php <-- Skate world Temporary /public_html/forum modcp.php
2004.09.20 16:46 B E:\Documents and Settings\Adam Knox\My Documents\Skate World\backup\forum\modules.php <-- Skate world Temporary /public_html/forum modules.php
2004.09.20 16:46 B E:\Documents and Settings\Adam Knox\My Documents\Skate World\backup\forum\news.php <-- Skate world Temporary /public_html/forum news.php
2004.09.20 16:46 B E:\Documents and Settings\Adam Knox\My Documents\Skate World\backup\forum\phpinfo.php <-- Skate world Temporary /public_html/forum phpinfo.php
2004.09.20 16:46 B E:\Documents and Settings\Adam Knox\My Documents\Skate World\backup\forum\post.php <-- Skate world Temporary /public_html/forum post.php
2004.09.20 16:46 B E:\Documents and Settings\Adam Knox\My Documents\Skate World\backup\forum\process.php <-- Skate world Temporary /public_html/forum process.php
2004.09.20 16:46 B E:\Documents and Settings\Adam Knox\My Documents\Skate World\backup\forum\shop.php <-- Skate world Temporary /public_html/forum shop.php
2004.09.20 16:46 B E:\Documents and Settings\Adam Knox\My Documents\Skate World\backup\forum\shop_admin.php <-- Skate world Temporary /public_html/forum shop_admin.php
2004.09.20 16:46 B E:\Documents and Settings\Adam Knox\My Documents\Skate World\backup\forum\shop_auction_item.php <-- Skate world Temporary /public_html/forum shop_auction_item.php
2004.09.20 16:46 B E:\Documents and Settings\Adam Knox\My Documents\Skate World\backup\forum\shop_bank.php <-- Skate world Temporary /public_html/forum shop_bank.php
2004.09.20 16:46 B E:\Documents and Settings\Adam Knox\My Documents\Skate World\backup\forum\shop_category.php <-- Skate world Temporary /public_html/forum shop_category.php
2004.09.20 16:47 B E:\Documents and Settings\Adam Knox\My Documents\Skate World\backup\forum\shop_edit.php <-- Skate world Temporary /public_html/forum shop_edit.php
2004.09.20 16:47 B E:\Documents and Settings\Adam Knox\My Documents\Skate World\backup\forum\shop_item.php <-- Skate world Temporary /public_html/forum shop_item.php
2004.09.20 16:47 B E:\Documents and Settings\Adam Knox\My Documents\Skate World\backup\forum\shop_search.php <-- Skate world Temporary /public_html/forum shop_search.php
2004.09.20 16:47 B E:\Documents and Settings\Adam Knox\My Documents\Skate World\backup\forum\shop_stats.php <-- Skate world Temporary /public_html/forum shop_stats.php
2004.09.20 16:47 B E:\Documents and Settings\Adam Knox\My Documents\Skate World\backup\forum\shoutbox.php <-- Skate world Temporary /public_html/forum shoutbox.php
2004.09.20 16:47 B E:\Documents and Settings\Adam Knox\My Documents\Skate World\backup\forum\site.php <-- Skate world Temporary /public_html/forum site.php
2004.09.20 16:47 B E:\Documents and Settings\Adam Knox\My Documents\Skate World\backup\forum\splash.gif <-- Skate world Temporary /public_html/forum splash.gif
2004.09.20 16:47 B E:\Documents and Settings\Adam Knox\My Documents\Skate World\backup\forum\stats.php <-- Skate world Temporary /public_html/forum stats.php
2004.09.20 16:47 B E:\Documents and Settings\Adam Knox\My Documents\Skate World\backup\forum\submit.php <-- Skate world Temporary /public_html/forum submit.php
2004.09.20 16:47 B E:\Documents and Settings\Adam Knox\My Documents\Skate World\backup\forum\tagger.php <-- Skate world Temporary /public_html/forum tagger.php
2004.09.20 16:47 B E:\Documents and Settings\Adam Knox\My Documents\Skate World\backup\forum\templates.xmb <-- Skate world Temporary /public_html/forum templates.xmb
2004.09.20 16:47 B E:\Documents and Settings\Adam Knox\My Documents\Skate World\backup\forum\themes.php <-- Skate world Temporary /public_html/forum themes.php
2004.09.20 16:47 B E:\Documents and Settings\Adam Knox\My Documents\Skate World\backup\forum\thing.php <-- Skate world Temporary /public_html/forum thing.php
2004.09.20 16:47 B E:\Documents and Settings\Adam Knox\My Documents\Skate World\backup\forum\today.php <-- Skate world Temporary /public_html/forum today.php
2004.09.20 16:47 B E:\Documents and Settings\Adam Knox\My Documents\Skate World\backup\forum\tools.php <-- Skate world Temporary /public_html/forum tools.php
2004.09.20 16:47 B E:\Documents and Settings\Adam Knox\My Documents\Skate World\backup\forum\topicadmin.php <-- Skate world Temporary /public_html/forum topicadmin.php
2004.09.20 16:47 B E:\Documents and Settings\Adam Knox\My Documents\Skate World\backup\forum\u2u.php <-- Skate world Temporary /public_html/forum u2u.php
2004.09.20 16:47 B E:\Documents and Settings\Adam Knox\My Documents\Skate World\backup\forum\u2uadmin.php <-- Skate world Temporary /public_html/forum u2uadmin.php
2004.09.20 16:47 B E:\Documents and Settings\Adam Knox\My Documents\Skate World\backup\forum\versioncheck.html <-- Skate world Temporary /public_html/forum versioncheck.html
2004.09.20 16:47 B E:\Documents and Settings\Adam Knox\My Documents\Skate World\backup\forum\viewthread.php <-- Skate world Temporary /public_html/forum viewthread.php
2004.09.20 16:47 B E:\Documents and Settings\Adam Knox\My Documents\Skate World\backup\forum\xmb.php <-- Skate world Temporary /public_html/forum xmb.php
2004.10.02 20:57 B G:\Documents and Settings\bilbo\My Documents\SwitchSkate\Skate World\backup\FOLDERS\forum\agreement.html --> host215.ipowerweb.com /public_html/forum agreement.html
2004.10.02 20:57 B G:\Documents and Settings\bilbo\My Documents\SwitchSkate\Skate World\backup\FOLDERS\forum\avatars.php --> host215.ipowerweb.com /public_html/forum avatars.php
2004.10.02 20:57 B G:\Documents and Settings\bilbo\My Documents\SwitchSkate\Skate World\backup\FOLDERS\forum\awedit.php --> host215.ipowerweb.com /public_html/forum awedit.php
2004.10.02 20:57 B G:\Documents and Settings\bilbo\My Documents\SwitchSkate\Skate World\backup\FOLDERS\forum\bank.php --> host215.ipowerweb.com /public_html/forum bank.php
2004.10.02 20:57 B G:\Documents and Settings\bilbo\My Documents\SwitchSkate\Skate World\backup\FOLDERS\forum\bbcode.js --> host215.ipowerweb.com /public_html/forum bbcode.js
2004.10.02 20:57 B G:\Documents and Settings\bilbo\My Documents\SwitchSkate\Skate World\backup\FOLDERS\forum\buddy.php --> host215.ipowerweb.com /public_html/forum buddy.php
2004.10.02 20:57 B G:\Documents and Settings\bilbo\My Documents\SwitchSkate\Skate World\backup\FOLDERS\forum\chat.php --> host215.ipowerweb.com /public_html/forum chat.php
2004.10.02 20:57 B G:\Documents and Settings\bilbo\My Documents\SwitchSkate\Skate World\backup\FOLDERS\forum\config.php --> host215.ipowerweb.com /public_html/forum config.php
2004.10.02 20:58 B G:\Documents and Settings\bilbo\My Documents\SwitchSkate\Skate World\backup\FOLDERS\forum\cp.php --> host215.ipowerweb.com /public_html/forum cp.php
2004.10.02 20:58 B G:\Documents and Settings\bilbo\My Documents\SwitchSkate\Skate World\backup\FOLDERS\forum\cp2.php --> host215.ipowerweb.com /public_html/forum cp2.php
2004.10.02 20:58 B G:\Documents and Settings\bilbo\My Documents\SwitchSkate\Skate World\backup\FOLDERS\forum\cp3.php --> host215.ipowerweb.com /public_html/forum cp3.php
2004.10.02 20:58 B G:\Documents and Settings\bilbo\My Documents\SwitchSkate\Skate World\backup\FOLDERS\forum\cp4.php --> host215.ipowerweb.com /public_html/forum cp4.php
2004.10.02 20:58 B G:\Documents and Settings\bilbo\My Documents\SwitchSkate\Skate World\backup\FOLDERS\forum\cp_3.php --> host215.ipowerweb.com /public_html/forum cp_3.php
2004.10.02 20:59 B G:\Documents and Settings\bilbo\My Documents\SwitchSkate\Skate World\backup\FOLDERS\forum\cp_4.php --> host215.ipowerweb.com /public_html/forum cp_4.php
2004.10.02 20:59 B G:\Documents and Settings\bilbo\My Documents\SwitchSkate\Skate World\backup\FOLDERS\forum\cp_modcp.php --> host215.ipowerweb.com /public_html/forum cp_modcp.php
2004.10.02 20:59 B G:\Documents and Settings\bilbo\My Documents\SwitchSkate\Skate World\backup\FOLDERS\forum\cplogfile.php --> host215.ipowerweb.com /public_html/forum cplogfile.php
2004.10.02 20:59 B G:\Documents and Settings\bilbo\My Documents\SwitchSkate\Skate World\backup\FOLDERS\forum\dictionary.php --> host215.ipowerweb.com /public_html/forum dictionary.php
2004.10.02 20:59 B G:\Documents and Settings\bilbo\My Documents\SwitchSkate\Skate World\backup\FOLDERS\forum\dump_attachments.php --> host215.ipowerweb.com /public_html/forum dump_attachments.php
2004.10.02 20:59 B G:\Documents and Settings\bilbo\My Documents\SwitchSkate\Skate World\backup\FOLDERS\forum\editprofile.php --> host215.ipowerweb.com /public_html/forum editprofile.php
2004.10.02 20:59 B G:\Documents and Settings\bilbo\My Documents\SwitchSkate\Skate World\backup\FOLDERS\forum\fader.js --> host215.ipowerweb.com /public_html/forum fader.js
2004.10.02 20:59 B G:\Documents and Settings\bilbo\My Documents\SwitchSkate\Skate World\backup\FOLDERS\forum\faq.php --> host215.ipowerweb.com /public_html/forum faq.php
2004.10.02 20:59 B G:\Documents and Settings\bilbo\My Documents\SwitchSkate\Skate World\backup\FOLDERS\forum\forumdisplay.php --> host215.ipowerweb.com /public_html/forum forumdisplay.php
2004.10.02 20:59 B G:\Documents and Settings\bilbo\My Documents\SwitchSkate\Skate World\backup\FOLDERS\forum\functions.php --> host215.ipowerweb.com /public_html/forum functions.php
2004.10.02 20:59 B G:\Documents and Settings\bilbo\My Documents\SwitchSkate\Skate World\backup\FOLDERS\forum\header.php --> host215.ipowerweb.com /public_html/forum header.php
2004.10.02 20:59 B G:\Documents and Settings\bilbo\My Documents\SwitchSkate\Skate World\backup\FOLDERS\forum\index.php --> host215.ipowerweb.com /public_html/forum index.php
2004.10.02 20:59 B G:\Documents and Settings\bilbo\My Documents\SwitchSkate\Skate World\backup\FOLDERS\forum\install.html --> host215.ipowerweb.com /public_html/forum install.html
2004.10.02 20:59 B G:\Documents and Settings\bilbo\My Documents\SwitchSkate\Skate World\backup\FOLDERS\forum\install.php --> host215.ipowerweb.com /public_html/forum install.php
2004.10.02 20:59 B G:\Documents and Settings\bilbo\My Documents\SwitchSkate\Skate World\backup\FOLDERS\forum\links.php --> host215.ipowerweb.com /public_html/forum links.php
2004.10.02 20:59 B G:\Documents and Settings\bilbo\My Documents\SwitchSkate\Skate World\backup\FOLDERS\forum\magazine.php --> host215.ipowerweb.com /public_html/forum magazine.php
2004.10.02 20:59 B G:\Documents and Settings\bilbo\My Documents\SwitchSkate\Skate World\backup\FOLDERS\forum\member.php --> host215.ipowerweb.com /public_html/forum member.php
2004.10.02 20:59 B G:\Documents and Settings\bilbo\My Documents\SwitchSkate\Skate World\backup\FOLDERS\forum\memcp.php --> host215.ipowerweb.com /public_html/forum memcp.php
2004.10.02 20:59 B G:\Documents and Settings\bilbo\My Documents\SwitchSkate\Skate World\backup\FOLDERS\forum\mg.php --> host215.ipowerweb.com /public_html/forum mg.php
2004.10.02 21:00 B G:\Documents and Settings\bilbo\My Documents\SwitchSkate\Skate World\backup\FOLDERS\forum\misc.php --> host215.ipowerweb.com /public_html/forum misc.php
2004.10.02 21:00 B G:\Documents and Settings\bilbo\My Documents\SwitchSkate\Skate World\backup\FOLDERS\forum\modcp.php --> host215.ipowerweb.com /public_html/forum modcp.php
2004.10.02 21:00 B G:\Documents and Settings\bilbo\My Documents\SwitchSkate\Skate World\backup\FOLDERS\forum\modules.php --> host215.ipowerweb.com /public_html/forum modules.php
2004.10.02 21:00 B G:\Documents and Settings\bilbo\My Documents\SwitchSkate\Skate World\backup\FOLDERS\forum\news.php --> host215.ipowerweb.com /public_html/forum news.php
2004.10.02 21:00 B G:\Documents and Settings\bilbo\My Documents\SwitchSkate\Skate World\backup\FOLDERS\forum\phpinfo.php --> host215.ipowerweb.com /public_html/forum phpinfo.php
2004.10.02 21:00 B G:\Documents and Settings\bilbo\My Documents\SwitchSkate\Skate World\backup\FOLDERS\forum\post.php --> host215.ipowerweb.com /public_html/forum post.php
2004.10.02 21:00 B G:\Documents and Settings\bilbo\My Documents\SwitchSkate\Skate World\backup\FOLDERS\forum\process.php --> host215.ipowerweb.com /public_html/forum process.php
2004.10.02 21:00 B G:\Documents and Settings\bilbo\My Documents\SwitchSkate\Skate World\backup\FOLDERS\forum\shop.php --> host215.ipowerweb.com /public_html/forum shop.php
2004.10.02 21:00 B G:\Documents and Settings\bilbo\My Documents\SwitchSkate\Skate World\backup\FOLDERS\forum\shop_admin.php --> host215.ipowerweb.com /public_html/forum shop_admin.php
2004.10.02 21:00 B G:\Documents and Settings\bilbo\My Documents\SwitchSkate\Skate World\backup\FOLDERS\forum\shop_auction_item.php --> host215.ipowerweb.com /public_html/forum shop_auction_item.php
2004.10.02 21:00 B G:\Documents and Settings\bilbo\My Documents\SwitchSkate\Skate World\backup\FOLDERS\forum\shop_bank.php --> host215.ipowerweb.com /public_html/forum shop_bank.php
2004.10.02 21:00 B G:\Documents and Settings\bilbo\My Documents\SwitchSkate\Skate World\backup\FOLDERS\forum\shop_category.php --> host215.ipowerweb.com /public_html/forum shop_category.php
2004.10.02 21:00 B G:\Documents and Settings\bilbo\My Documents\SwitchSkate\Skate World\backup\FOLDERS\forum\shop_edit.php --> host215.ipowerweb.com /public_html/forum shop_edit.php
2004.10.02 21:00 B G:\Documents and Settings\bilbo\My Documents\SwitchSkate\Skate World\backup\FOLDERS\forum\shop_item.php --> host215.ipowerweb.com /public_html/forum shop_item.php
2004.10.02 21:00 B G:\Documents and Settings\bilbo\My Documents\SwitchSkate\Skate World\backup\FOLDERS\forum\shop_search.php --> host215.ipowerweb.com /public_html/forum shop_search.php
2004.10.02 21:00 B G:\Documents and Settings\bilbo\My Documents\SwitchSkate\Skate World\backup\FOLDERS\forum\shop_stats.php --> host215.ipowerweb.com /public_html/forum shop_stats.php
2004.10.02 21:00 B G:\Documents and Settings\bilbo\My Documents\SwitchSkate\Skate World\backup\FOLDERS\forum\shoutbox.php --> host215.ipowerweb.com /public_html/forum shoutbox.php
2004.10.02 21:00 B G:\Documents and Settings\bilbo\My Documents\SwitchSkate\Skate World\backup\FOLDERS\forum\site.php --> host215.ipowerweb.com /public_html/forum site.php
2004.10.02 21:00 B G:\Documents and Settings\bilbo\My Documents\SwitchSkate\Skate World\backup\FOLDERS\forum\splash.gif --> host215.ipowerweb.com /public_html/forum splash.gif
2004.10.02 21:00 B G:\Documents and Settings\bilbo\My Documents\SwitchSkate\Skate World\backup\FOLDERS\forum\stats.php --> host215.ipowerweb.com /public_html/forum stats.php
2004.10.02 21:00 B G:\Documents and Settings\bilbo\My Documents\SwitchSkate\Skate World\backup\FOLDERS\forum\submit.php --> host215.ipowerweb.com /public_html/forum submit.php
2004.10.02 21:00 B G:\Documents and Settings\bilbo\My Documents\SwitchSkate\Skate World\backup\FOLDERS\forum\tagger.php --> host215.ipowerweb.com /public_html/forum tagger.php
2004.10.02 21:00 B G:\Documents and Settings\bilbo\My Documents\SwitchSkate\Skate World\backup\FOLDERS\forum\templates.xmb --> host215.ipowerweb.com /public_html/forum templates.xmb
2004.10.02 21:00 B G:\Documents and Settings\bilbo\My Documents\SwitchSkate\Skate World\backup\FOLDERS\forum\themes.php --> host215.ipowerweb.com /public_html/forum themes.php
2004.10.02 21:00 B G:\Documents and Settings\bilbo\My Documents\SwitchSkate\Skate World\backup\FOLDERS\forum\thing.php --> host215.ipowerweb.com /public_html/forum thing.php
2004.10.02 21:00 B G:\Documents and Settings\bilbo\My Documents\SwitchSkate\Skate World\backup\FOLDERS\forum\today.php --> host215.ipowerweb.com /public_html/forum today.php
2004.10.02 21:00 B G:\Documents and Settings\bilbo\My Documents\SwitchSkate\Skate World\backup\FOLDERS\forum\tools.php --> host215.ipowerweb.com /public_html/forum tools.php
2004.10.02 21:01 B G:\Documents and Settings\bilbo\My Documents\SwitchSkate\Skate World\backup\FOLDERS\forum\topicadmin.php --> host215.ipowerweb.com /public_html/forum topicadmin.php
2004.10.02 21:01 B G:\Documents and Settings\bilbo\My Documents\SwitchSkate\Skate World\backup\FOLDERS\forum\u2u.php --> host215.ipowerweb.com /public_html/forum u2u.php
2004.10.02 21:01 B G:\Documents and Settings\bilbo\My Documents\SwitchSkate\Skate World\backup\FOLDERS\forum\u2uadmin.php --> host215.ipowerweb.com /public_html/forum u2uadmin.php
2004.10.02 21:01 B G:\Documents and Settings\bilbo\My Documents\SwitchSkate\Skate World\backup\FOLDERS\forum\versioncheck.html --> host215.ipowerweb.com /public_html/forum versioncheck.html
2004.10.02 21:01 B G:\Documents and Settings\bilbo\My Documents\SwitchSkate\Skate World\backup\FOLDERS\forum\viewthread.php --> host215.ipowerweb.com /public_html/forum viewthread.php
2004.10.02 21:01 B G:\Documents and Settings\bilbo\My Documents\SwitchSkate\Skate World\backup\FOLDERS\forum\WS_FTP.LOG --> host215.ipowerweb.com /public_html/forum WS_FTP.LOG
2004.10.02 21:01 B G:\Documents and Settings\bilbo\My Documents\SwitchSkate\Skate World\backup\FOLDERS\forum\xmb.php --> host215.ipowerweb.com /public_html/forum xmb.php
