2003.11.05 20:50 B E:\Documents and Settings\Adam Knox\My Documents\Web Sites\skate world\html\in_use\images\aboutus.gif --> ftp.web1000.com /currenttheme aboutus.gif
2003.11.05 20:50 B E:\Documents and Settings\Adam Knox\My Documents\Web Sites\skate world\html\in_use\images\add_stuff.gif --> ftp.web1000.com /currenttheme add_stuff.gif
2003.11.05 20:50 B E:\Documents and Settings\Adam Knox\My Documents\Web Sites\skate world\html\in_use\images\advertise.gif --> ftp.web1000.com /currenttheme advertise.gif
2003.11.05 20:50 B E:\Documents and Settings\Adam Knox\My Documents\Web Sites\skate world\html\in_use\images\blank.gif --> ftp.web1000.com /currenttheme blank.gif
2003.11.05 20:50 B E:\Documents and Settings\Adam Knox\My Documents\Web Sites\skate world\html\in_use\images\buttontemplate.gif --> ftp.web1000.com /currenttheme buttontemplate.gif
2003.11.05 20:50 B E:\Documents and Settings\Adam Knox\My Documents\Web Sites\skate world\html\in_use\images\contact.gif --> ftp.web1000.com /currenttheme contact.gif
2003.11.05 20:50 B E:\Documents and Settings\Adam Knox\My Documents\Web Sites\skate world\html\in_use\images\email.gif --> ftp.web1000.com /currenttheme email.gif
2003.11.05 20:50 B E:\Documents and Settings\Adam Knox\My Documents\Web Sites\skate world\html\in_use\images\forum.gif --> ftp.web1000.com /currenttheme forum.gif
2003.11.05 20:50 B E:\Documents and Settings\Adam Knox\My Documents\Web Sites\skate world\html\in_use\images\Grey_Fuzz_0.jpg --> ftp.web1000.com /currenttheme Grey_Fuzz_0.jpg
2003.11.05 20:50 B E:\Documents and Settings\Adam Knox\My Documents\Web Sites\skate world\html\in_use\images\Grey_Fuzz_1.jpg --> ftp.web1000.com /currenttheme Grey_Fuzz_1.jpg
2003.11.05 20:50 B E:\Documents and Settings\Adam Knox\My Documents\Web Sites\skate world\html\in_use\images\Grey_Fuzz_10.jpg --> ftp.web1000.com /currenttheme Grey_Fuzz_10.jpg
2003.11.05 20:50 B E:\Documents and Settings\Adam Knox\My Documents\Web Sites\skate world\html\in_use\images\Grey_Fuzz_11.jpg --> ftp.web1000.com /currenttheme Grey_Fuzz_11.jpg
2003.11.05 20:50 B E:\Documents and Settings\Adam Knox\My Documents\Web Sites\skate world\html\in_use\images\Grey_Fuzz_12.jpg --> ftp.web1000.com /currenttheme Grey_Fuzz_12.jpg
2003.11.05 20:50 B E:\Documents and Settings\Adam Knox\My Documents\Web Sites\skate world\html\in_use\images\Grey_Fuzz_13-2.jpg --> ftp.web1000.com /currenttheme Grey_Fuzz_13-2.jpg
2003.11.05 20:50 B E:\Documents and Settings\Adam Knox\My Documents\Web Sites\skate world\html\in_use\images\Grey_Fuzz_13.jpg --> ftp.web1000.com /currenttheme Grey_Fuzz_13.jpg
2003.11.05 20:50 B E:\Documents and Settings\Adam Knox\My Documents\Web Sites\skate world\html\in_use\images\Grey_Fuzz_14-2.jpg --> ftp.web1000.com /currenttheme Grey_Fuzz_14-2.jpg
2003.11.05 20:50 B E:\Documents and Settings\Adam Knox\My Documents\Web Sites\skate world\html\in_use\images\Grey_Fuzz_14.jpg --> ftp.web1000.com /currenttheme Grey_Fuzz_14.jpg
2003.11.05 20:50 B E:\Documents and Settings\Adam Knox\My Documents\Web Sites\skate world\html\in_use\images\Grey_Fuzz_15.jpg --> ftp.web1000.com /currenttheme Grey_Fuzz_15.jpg
2003.11.05 20:50 B E:\Documents and Settings\Adam Knox\My Documents\Web Sites\skate world\html\in_use\images\Grey_Fuzz_16.jpg --> ftp.web1000.com /currenttheme Grey_Fuzz_16.jpg
2003.11.05 20:50 B E:\Documents and Settings\Adam Knox\My Documents\Web Sites\skate world\html\in_use\images\Grey_Fuzz_17.jpg --> ftp.web1000.com /currenttheme Grey_Fuzz_17.jpg
2003.11.05 20:50 B E:\Documents and Settings\Adam Knox\My Documents\Web Sites\skate world\html\in_use\images\Grey_Fuzz_18.jpg --> ftp.web1000.com /currenttheme Grey_Fuzz_18.jpg
2003.11.05 20:50 B E:\Documents and Settings\Adam Knox\My Documents\Web Sites\skate world\html\in_use\images\Grey_Fuzz_19-2.jpg --> ftp.web1000.com /currenttheme Grey_Fuzz_19-2.jpg
2003.11.05 20:50 B E:\Documents and Settings\Adam Knox\My Documents\Web Sites\skate world\html\in_use\images\Grey_Fuzz_19.jpg --> ftp.web1000.com /currenttheme Grey_Fuzz_19.jpg
2003.11.05 20:51 B E:\Documents and Settings\Adam Knox\My Documents\Web Sites\skate world\html\in_use\images\Grey_Fuzz_2.jpg --> ftp.web1000.com /currenttheme Grey_Fuzz_2.jpg
2003.11.05 20:51 B E:\Documents and Settings\Adam Knox\My Documents\Web Sites\skate world\html\in_use\images\Grey_Fuzz_20.jpg --> ftp.web1000.com /currenttheme Grey_Fuzz_20.jpg
2003.11.05 20:51 B E:\Documents and Settings\Adam Knox\My Documents\Web Sites\skate world\html\in_use\images\Grey_Fuzz_21.jpg --> ftp.web1000.com /currenttheme Grey_Fuzz_21.jpg
2003.11.05 20:51 B E:\Documents and Settings\Adam Knox\My Documents\Web Sites\skate world\html\in_use\images\Grey_Fuzz_22.jpg --> ftp.web1000.com /currenttheme Grey_Fuzz_22.jpg
2003.11.05 20:51 B E:\Documents and Settings\Adam Knox\My Documents\Web Sites\skate world\html\in_use\images\Grey_Fuzz_23.jpg --> ftp.web1000.com /currenttheme Grey_Fuzz_23.jpg
2003.11.05 20:51 B E:\Documents and Settings\Adam Knox\My Documents\Web Sites\skate world\html\in_use\images\Grey_Fuzz_24.jpg --> ftp.web1000.com /currenttheme Grey_Fuzz_24.jpg
2003.11.05 20:51 B E:\Documents and Settings\Adam Knox\My Documents\Web Sites\skate world\html\in_use\images\Grey_Fuzz_3-2.jpg --> ftp.web1000.com /currenttheme Grey_Fuzz_3-2.jpg
2003.11.05 20:51 B E:\Documents and Settings\Adam Knox\My Documents\Web Sites\skate world\html\in_use\images\Grey_Fuzz_3.jpg --> ftp.web1000.com /currenttheme Grey_Fuzz_3.jpg
2003.11.05 20:51 B E:\Documents and Settings\Adam Knox\My Documents\Web Sites\skate world\html\in_use\images\Grey_Fuzz_4.jpg --> ftp.web1000.com /currenttheme Grey_Fuzz_4.jpg
2003.11.05 20:51 B E:\Documents and Settings\Adam Knox\My Documents\Web Sites\skate world\html\in_use\images\Grey_Fuzz_5.jpg --> ftp.web1000.com /currenttheme Grey_Fuzz_5.jpg
2003.11.05 20:51 B E:\Documents and Settings\Adam Knox\My Documents\Web Sites\skate world\html\in_use\images\Grey_Fuzz_6.jpg --> ftp.web1000.com /currenttheme Grey_Fuzz_6.jpg
2003.11.05 20:51 B E:\Documents and Settings\Adam Knox\My Documents\Web Sites\skate world\html\in_use\images\Grey_Fuzz_7.jpg --> ftp.web1000.com /currenttheme Grey_Fuzz_7.jpg
2003.11.05 20:51 B E:\Documents and Settings\Adam Knox\My Documents\Web Sites\skate world\html\in_use\images\Grey_Fuzz_8.jpg --> ftp.web1000.com /currenttheme Grey_Fuzz_8.jpg
2003.11.05 20:51 B E:\Documents and Settings\Adam Knox\My Documents\Web Sites\skate world\html\in_use\images\Grey_Fuzz_9.jpg --> ftp.web1000.com /currenttheme Grey_Fuzz_9.jpg
2003.11.05 20:51 B E:\Documents and Settings\Adam Knox\My Documents\Web Sites\skate world\html\in_use\images\home.gif --> ftp.web1000.com /currenttheme home.gif
2003.11.05 20:51 B E:\Documents and Settings\Adam Knox\My Documents\Web Sites\skate world\html\in_use\images\link_us.gif --> ftp.web1000.com /currenttheme link_us.gif
2003.11.05 20:51 B E:\Documents and Settings\Adam Knox\My Documents\Web Sites\skate world\html\in_use\images\links.gif --> ftp.web1000.com /currenttheme links.gif
2003.11.05 20:51 B E:\Documents and Settings\Adam Knox\My Documents\Web Sites\skate world\html\in_use\images\pics.gif --> ftp.web1000.com /currenttheme pics.gif
2003.11.05 20:51 B E:\Documents and Settings\Adam Knox\My Documents\Web Sites\skate world\html\in_use\images\products.gif --> ftp.web1000.com /currenttheme products.gif
2003.11.05 20:51 B E:\Documents and Settings\Adam Knox\My Documents\Web Sites\skate world\html\in_use\images\search.gif --> ftp.web1000.com /currenttheme search.gif
2003.11.05 20:51 B E:\Documents and Settings\Adam Knox\My Documents\Web Sites\skate world\html\in_use\images\services.gif --> ftp.web1000.com /currenttheme services.gif
2003.11.05 20:51 B E:\Documents and Settings\Adam Knox\My Documents\Web Sites\skate world\html\in_use\images\skate_team.gif --> ftp.web1000.com /currenttheme skate_team.gif
2003.11.05 20:52 B E:\Documents and Settings\Adam Knox\My Documents\Web Sites\skate world\html\in_use\images\space.gif --> ftp.web1000.com /currenttheme space.gif
2003.11.05 20:52 B E:\Documents and Settings\Adam Knox\My Documents\Web Sites\skate world\html\in_use\images\Thumbs.db --> ftp.web1000.com /currenttheme Thumbs.db
2003.11.05 20:52 B E:\Documents and Settings\Adam Knox\My Documents\Web Sites\skate world\html\in_use\images\trick_tips.gif --> ftp.web1000.com /currenttheme trick_tips.gif
2003.11.05 20:52 B E:\Documents and Settings\Adam Knox\My Documents\Web Sites\skate world\html\in_use\images\ventaja_designs.gif --> ftp.web1000.com /currenttheme ventaja_designs.gif
2003.11.05 20:52 B E:\Documents and Settings\Adam Knox\My Documents\Web Sites\skate world\html\in_use\images\vids.gif --> ftp.web1000.com /currenttheme vids.gif
2003.11.05 20:52 B E:\Documents and Settings\Adam Knox\My Documents\Web Sites\skate world\html\in_use\images\vote.gif --> ftp.web1000.com /currenttheme vote.gif
2003.11.07 11:06 B E:\Documents and Settings\Adam Knox\My Documents\Web Sites\skate world\html\in_use\images\aboutus.gif --> ftp.web1000.com /images aboutus.gif
2003.11.07 11:06 B E:\Documents and Settings\Adam Knox\My Documents\Web Sites\skate world\html\in_use\images\aboutus_over.gif --> ftp.web1000.com /images aboutus_over.gif
2003.11.07 11:06 B E:\Documents and Settings\Adam Knox\My Documents\Web Sites\skate world\html\in_use\images\add_stuff_over.gif --> ftp.web1000.com /images add_stuff_over.gif
2003.11.07 11:06 B E:\Documents and Settings\Adam Knox\My Documents\Web Sites\skate world\html\in_use\images\advertise_over.gif --> ftp.web1000.com /images advertise_over.gif
2003.11.07 11:06 B E:\Documents and Settings\Adam Knox\My Documents\Web Sites\skate world\html\in_use\images\blank.gif --> ftp.web1000.com /images blank.gif
2003.11.07 11:06 B E:\Documents and Settings\Adam Knox\My Documents\Web Sites\skate world\html\in_use\images\contact.gif --> ftp.web1000.com /images contact.gif
2003.11.07 11:06 B E:\Documents and Settings\Adam Knox\My Documents\Web Sites\skate world\html\in_use\images\contact_over.gif --> ftp.web1000.com /images contact_over.gif
2003.11.07 11:06 B E:\Documents and Settings\Adam Knox\My Documents\Web Sites\skate world\html\in_use\images\email_over.gif --> ftp.web1000.com /images email_over.gif
2003.11.07 11:06 B E:\Documents and Settings\Adam Knox\My Documents\Web Sites\skate world\html\in_use\images\forum_over.gif --> ftp.web1000.com /images forum_over.gif
2003.11.07 11:06 B E:\Documents and Settings\Adam Knox\My Documents\Web Sites\skate world\html\in_use\images\Grey_Fuzz_0.jpg --> ftp.web1000.com /images Grey_Fuzz_0.jpg
2003.11.07 11:06 B E:\Documents and Settings\Adam Knox\My Documents\Web Sites\skate world\html\in_use\images\Grey_Fuzz_1.jpg --> ftp.web1000.com /images Grey_Fuzz_1.jpg
2003.11.07 11:06 B E:\Documents and Settings\Adam Knox\My Documents\Web Sites\skate world\html\in_use\images\Grey_Fuzz_10.jpg --> ftp.web1000.com /images Grey_Fuzz_10.jpg
2003.11.07 11:06 B E:\Documents and Settings\Adam Knox\My Documents\Web Sites\skate world\html\in_use\images\Grey_Fuzz_11.jpg --> ftp.web1000.com /images Grey_Fuzz_11.jpg
2003.11.07 11:06 B E:\Documents and Settings\Adam Knox\My Documents\Web Sites\skate world\html\in_use\images\Grey_Fuzz_12.jpg --> ftp.web1000.com /images Grey_Fuzz_12.jpg
2003.11.07 11:06 B E:\Documents and Settings\Adam Knox\My Documents\Web Sites\skate world\html\in_use\images\Grey_Fuzz_13-2.jpg --> ftp.web1000.com /images Grey_Fuzz_13-2.jpg
2003.11.07 11:06 B E:\Documents and Settings\Adam Knox\My Documents\Web Sites\skate world\html\in_use\images\Grey_Fuzz_13.jpg --> ftp.web1000.com /images Grey_Fuzz_13.jpg
2003.11.07 11:06 B E:\Documents and Settings\Adam Knox\My Documents\Web Sites\skate world\html\in_use\images\Grey_Fuzz_14-2.jpg --> ftp.web1000.com /images Grey_Fuzz_14-2.jpg
2003.11.07 11:06 B E:\Documents and Settings\Adam Knox\My Documents\Web Sites\skate world\html\in_use\images\Grey_Fuzz_14.jpg --> ftp.web1000.com /images Grey_Fuzz_14.jpg
2003.11.07 11:06 B E:\Documents and Settings\Adam Knox\My Documents\Web Sites\skate world\html\in_use\images\Grey_Fuzz_15.jpg --> ftp.web1000.com /images Grey_Fuzz_15.jpg
2003.11.07 11:06 B E:\Documents and Settings\Adam Knox\My Documents\Web Sites\skate world\html\in_use\images\Grey_Fuzz_16.jpg --> ftp.web1000.com /images Grey_Fuzz_16.jpg
2003.11.07 11:06 B E:\Documents and Settings\Adam Knox\My Documents\Web Sites\skate world\html\in_use\images\Grey_Fuzz_17.jpg --> ftp.web1000.com /images Grey_Fuzz_17.jpg
2003.11.07 11:06 B E:\Documents and Settings\Adam Knox\My Documents\Web Sites\skate world\html\in_use\images\Grey_Fuzz_18.jpg --> ftp.web1000.com /images Grey_Fuzz_18.jpg
2003.11.07 11:07 B E:\Documents and Settings\Adam Knox\My Documents\Web Sites\skate world\html\in_use\images\Grey_Fuzz_19.jpg --> ftp.web1000.com /images Grey_Fuzz_19.jpg
2003.11.07 11:07 B E:\Documents and Settings\Adam Knox\My Documents\Web Sites\skate world\html\in_use\images\Grey_Fuzz_2.jpg --> ftp.web1000.com /images Grey_Fuzz_2.jpg
2003.11.07 11:07 B E:\Documents and Settings\Adam Knox\My Documents\Web Sites\skate world\html\in_use\images\Grey_Fuzz_20.jpg --> ftp.web1000.com /images Grey_Fuzz_20.jpg
2003.11.07 11:07 B E:\Documents and Settings\Adam Knox\My Documents\Web Sites\skate world\html\in_use\images\Grey_Fuzz_21.jpg --> ftp.web1000.com /images Grey_Fuzz_21.jpg
2003.11.07 11:07 B E:\Documents and Settings\Adam Knox\My Documents\Web Sites\skate world\html\in_use\images\Grey_Fuzz_22.jpg --> ftp.web1000.com /images Grey_Fuzz_22.jpg
2003.11.07 11:07 B E:\Documents and Settings\Adam Knox\My Documents\Web Sites\skate world\html\in_use\images\Grey_Fuzz_23.jpg --> ftp.web1000.com /images Grey_Fuzz_23.jpg
2003.11.07 11:07 B E:\Documents and Settings\Adam Knox\My Documents\Web Sites\skate world\html\in_use\images\Grey_Fuzz_24.jpg --> ftp.web1000.com /images Grey_Fuzz_24.jpg
2003.11.07 11:07 B E:\Documents and Settings\Adam Knox\My Documents\Web Sites\skate world\html\in_use\images\Grey_Fuzz_3-2.jpg --> ftp.web1000.com /images Grey_Fuzz_3-2.jpg
2003.11.07 11:07 B E:\Documents and Settings\Adam Knox\My Documents\Web Sites\skate world\html\in_use\images\Grey_Fuzz_3.jpg --> ftp.web1000.com /images Grey_Fuzz_3.jpg
2003.11.07 11:07 B E:\Documents and Settings\Adam Knox\My Documents\Web Sites\skate world\html\in_use\images\Grey_Fuzz_4.jpg --> ftp.web1000.com /images Grey_Fuzz_4.jpg
2003.11.07 11:07 B E:\Documents and Settings\Adam Knox\My Documents\Web Sites\skate world\html\in_use\images\Grey_Fuzz_5.jpg --> ftp.web1000.com /images Grey_Fuzz_5.jpg
2003.11.07 11:07 B E:\Documents and Settings\Adam Knox\My Documents\Web Sites\skate world\html\in_use\images\Grey_Fuzz_6.jpg --> ftp.web1000.com /images Grey_Fuzz_6.jpg
2003.11.07 11:07 B E:\Documents and Settings\Adam Knox\My Documents\Web Sites\skate world\html\in_use\images\Grey_Fuzz_7.jpg --> ftp.web1000.com /images Grey_Fuzz_7.jpg
2003.11.07 11:07 B E:\Documents and Settings\Adam Knox\My Documents\Web Sites\skate world\html\in_use\images\Grey_Fuzz_8.jpg --> ftp.web1000.com /images Grey_Fuzz_8.jpg
2003.11.07 11:07 B E:\Documents and Settings\Adam Knox\My Documents\Web Sites\skate world\html\in_use\images\Grey_Fuzz_9.jpg --> ftp.web1000.com /images Grey_Fuzz_9.jpg
2003.11.07 11:07 B E:\Documents and Settings\Adam Knox\My Documents\Web Sites\skate world\html\in_use\images\home.gif --> ftp.web1000.com /images home.gif
2003.11.07 11:07 B E:\Documents and Settings\Adam Knox\My Documents\Web Sites\skate world\html\in_use\images\home_over.gif --> ftp.web1000.com /images home_over.gif
2003.11.07 11:07 B E:\Documents and Settings\Adam Knox\My Documents\Web Sites\skate world\html\in_use\images\link_us_over.gif --> ftp.web1000.com /images link_us_over.gif
2003.11.07 11:07 B E:\Documents and Settings\Adam Knox\My Documents\Web Sites\skate world\html\in_use\images\links_over.gif --> ftp.web1000.com /images links_over.gif
2003.11.07 11:07 B E:\Documents and Settings\Adam Knox\My Documents\Web Sites\skate world\html\in_use\images\pics_over.gif --> ftp.web1000.com /images pics_over.gif
2003.11.07 11:07 B E:\Documents and Settings\Adam Knox\My Documents\Web Sites\skate world\html\in_use\images\products.gif --> ftp.web1000.com /images products.gif
2003.11.07 11:07 B E:\Documents and Settings\Adam Knox\My Documents\Web Sites\skate world\html\in_use\images\products_over.gif --> ftp.web1000.com /images products_over.gif
2003.11.07 11:07 B E:\Documents and Settings\Adam Knox\My Documents\Web Sites\skate world\html\in_use\images\search_over.gif --> ftp.web1000.com /images search_over.gif
2003.11.07 11:07 B E:\Documents and Settings\Adam Knox\My Documents\Web Sites\skate world\html\in_use\images\services.gif --> ftp.web1000.com /images services.gif
2003.11.07 11:07 B E:\Documents and Settings\Adam Knox\My Documents\Web Sites\skate world\html\in_use\images\services_over.gif --> ftp.web1000.com /images services_over.gif
2003.11.07 11:07 B E:\Documents and Settings\Adam Knox\My Documents\Web Sites\skate world\html\in_use\images\skate_team_over.gif --> ftp.web1000.com /images skate_team_over.gif
2003.11.07 11:07 B E:\Documents and Settings\Adam Knox\My Documents\Web Sites\skate world\html\in_use\images\space.gif --> ftp.web1000.com /images space.gif
2003.11.07 11:07 B E:\Documents and Settings\Adam Knox\My Documents\Web Sites\skate world\html\in_use\images\Thumbs.db --> ftp.web1000.com /images Thumbs.db
2003.11.07 11:07 B E:\Documents and Settings\Adam Knox\My Documents\Web Sites\skate world\html\in_use\images\trick_tips_over.gif --> ftp.web1000.com /images trick_tips_over.gif
2003.11.07 11:07 B E:\Documents and Settings\Adam Knox\My Documents\Web Sites\skate world\html\in_use\images\ventaja_designs_over.gif --> ftp.web1000.com /images ventaja_designs_over.gif
2003.11.07 11:07 B E:\Documents and Settings\Adam Knox\My Documents\Web Sites\skate world\html\in_use\images\vids_over.gif --> ftp.web1000.com /images vids_over.gif
2003.11.07 11:07 B E:\Documents and Settings\Adam Knox\My Documents\Web Sites\skate world\html\in_use\images\vote_over.gif --> ftp.web1000.com /images vote_over.gif
2003.11.07 11:07 B E:\Documents and Settings\Adam Knox\My Documents\Web Sites\skate world\html\in_use\images\WS_FTP.LOG --> ftp.web1000.com /images WS_FTP.LOG
2003.11.07 12:38 B E:\Documents and Settings\Adam Knox\My Documents\Web Sites\skate world\html\in_use\images\aboutus.gif --> ftp.web1000.com /images aboutus.gif
2003.11.07 12:39 B E:\Documents and Settings\Adam Knox\My Documents\Web Sites\skate world\html\in_use\images\aboutus_over.gif --> ftp.web1000.com /images aboutus_over.gif
2003.11.07 12:39 B E:\Documents and Settings\Adam Knox\My Documents\Web Sites\skate world\html\in_use\images\add_stuff.gif --> ftp.web1000.com /images add_stuff.gif
2003.11.07 12:39 B E:\Documents and Settings\Adam Knox\My Documents\Web Sites\skate world\html\in_use\images\add_stuff_over.gif --> ftp.web1000.com /images add_stuff_over.gif
2003.11.07 12:39 B E:\Documents and Settings\Adam Knox\My Documents\Web Sites\skate world\html\in_use\images\advertise.gif --> ftp.web1000.com /images advertise.gif
2003.11.07 12:39 B E:\Documents and Settings\Adam Knox\My Documents\Web Sites\skate world\html\in_use\images\advertise_over.gif --> ftp.web1000.com /images advertise_over.gif
2003.11.07 12:39 B E:\Documents and Settings\Adam Knox\My Documents\Web Sites\skate world\html\in_use\images\blank.gif --> ftp.web1000.com /images blank.gif
2003.11.07 12:39 B E:\Documents and Settings\Adam Knox\My Documents\Web Sites\skate world\html\in_use\images\buttontemplate.gif --> ftp.web1000.com /images buttontemplate.gif
2003.11.07 12:39 B E:\Documents and Settings\Adam Knox\My Documents\Web Sites\skate world\html\in_use\images\contact.gif --> ftp.web1000.com /images contact.gif
2003.11.07 12:39 B E:\Documents and Settings\Adam Knox\My Documents\Web Sites\skate world\html\in_use\images\contact_over.gif --> ftp.web1000.com /images contact_over.gif
2003.11.07 12:39 B E:\Documents and Settings\Adam Knox\My Documents\Web Sites\skate world\html\in_use\images\email.gif --> ftp.web1000.com /images email.gif
2003.11.07 12:39 B E:\Documents and Settings\Adam Knox\My Documents\Web Sites\skate world\html\in_use\images\email_over.gif --> ftp.web1000.com /images email_over.gif
2003.11.07 12:39 B E:\Documents and Settings\Adam Knox\My Documents\Web Sites\skate world\html\in_use\images\forum.gif --> ftp.web1000.com /images forum.gif
2003.11.07 12:39 B E:\Documents and Settings\Adam Knox\My Documents\Web Sites\skate world\html\in_use\images\forum_over.gif --> ftp.web1000.com /images forum_over.gif
2003.11.07 12:39 B E:\Documents and Settings\Adam Knox\My Documents\Web Sites\skate world\html\in_use\images\Grey_Fuzz_0.jpg --> ftp.web1000.com /images Grey_Fuzz_0.jpg
2003.11.07 12:39 B E:\Documents and Settings\Adam Knox\My Documents\Web Sites\skate world\html\in_use\images\Grey_Fuzz_1.jpg --> ftp.web1000.com /images Grey_Fuzz_1.jpg
2003.11.07 12:39 B E:\Documents and Settings\Adam Knox\My Documents\Web Sites\skate world\html\in_use\images\Grey_Fuzz_10.jpg --> ftp.web1000.com /images Grey_Fuzz_10.jpg
2003.11.07 12:39 B E:\Documents and Settings\Adam Knox\My Documents\Web Sites\skate world\html\in_use\images\Grey_Fuzz_11.jpg --> ftp.web1000.com /images Grey_Fuzz_11.jpg
2003.11.07 12:39 B E:\Documents and Settings\Adam Knox\My Documents\Web Sites\skate world\html\in_use\images\Grey_Fuzz_12.jpg --> ftp.web1000.com /images Grey_Fuzz_12.jpg
2003.11.07 12:39 B E:\Documents and Settings\Adam Knox\My Documents\Web Sites\skate world\html\in_use\images\Grey_Fuzz_13-2.jpg --> ftp.web1000.com /images Grey_Fuzz_13-2.jpg
2003.11.07 12:39 B E:\Documents and Settings\Adam Knox\My Documents\Web Sites\skate world\html\in_use\images\Grey_Fuzz_13.jpg --> ftp.web1000.com /images Grey_Fuzz_13.jpg
2003.11.07 12:39 B E:\Documents and Settings\Adam Knox\My Documents\Web Sites\skate world\html\in_use\images\Grey_Fuzz_14-2.jpg --> ftp.web1000.com /images Grey_Fuzz_14-2.jpg
2003.11.07 12:39 B E:\Documents and Settings\Adam Knox\My Documents\Web Sites\skate world\html\in_use\images\Grey_Fuzz_14.jpg --> ftp.web1000.com /images Grey_Fuzz_14.jpg
2003.11.07 12:39 B E:\Documents and Settings\Adam Knox\My Documents\Web Sites\skate world\html\in_use\images\Grey_Fuzz_15.jpg --> ftp.web1000.com /images Grey_Fuzz_15.jpg
2003.11.07 12:39 B E:\Documents and Settings\Adam Knox\My Documents\Web Sites\skate world\html\in_use\images\Grey_Fuzz_16.jpg --> ftp.web1000.com /images Grey_Fuzz_16.jpg
2003.11.07 12:39 B E:\Documents and Settings\Adam Knox\My Documents\Web Sites\skate world\html\in_use\images\Grey_Fuzz_17.jpg --> ftp.web1000.com /images Grey_Fuzz_17.jpg
2003.11.07 12:39 B E:\Documents and Settings\Adam Knox\My Documents\Web Sites\skate world\html\in_use\images\Grey_Fuzz_18.jpg --> ftp.web1000.com /images Grey_Fuzz_18.jpg
2003.11.07 12:39 B E:\Documents and Settings\Adam Knox\My Documents\Web Sites\skate world\html\in_use\images\Grey_Fuzz_19-2.jpg --> ftp.web1000.com /images Grey_Fuzz_19-2.jpg
2003.11.07 12:39 B E:\Documents and Settings\Adam Knox\My Documents\Web Sites\skate world\html\in_use\images\Grey_Fuzz_19.jpg --> ftp.web1000.com /images Grey_Fuzz_19.jpg
2003.11.07 12:39 B E:\Documents and Settings\Adam Knox\My Documents\Web Sites\skate world\html\in_use\images\Grey_Fuzz_2.jpg --> ftp.web1000.com /images Grey_Fuzz_2.jpg
2003.11.07 12:39 B E:\Documents and Settings\Adam Knox\My Documents\Web Sites\skate world\html\in_use\images\Grey_Fuzz_20.jpg --> ftp.web1000.com /images Grey_Fuzz_20.jpg
2003.11.07 12:39 B E:\Documents and Settings\Adam Knox\My Documents\Web Sites\skate world\html\in_use\images\Grey_Fuzz_21.jpg --> ftp.web1000.com /images Grey_Fuzz_21.jpg
2003.11.07 12:39 B E:\Documents and Settings\Adam Knox\My Documents\Web Sites\skate world\html\in_use\images\Grey_Fuzz_22.jpg --> ftp.web1000.com /images Grey_Fuzz_22.jpg
2003.11.07 12:39 B E:\Documents and Settings\Adam Knox\My Documents\Web Sites\skate world\html\in_use\images\Grey_Fuzz_23.jpg --> ftp.web1000.com /images Grey_Fuzz_23.jpg
2003.11.07 12:39 B E:\Documents and Settings\Adam Knox\My Documents\Web Sites\skate world\html\in_use\images\Grey_Fuzz_24.jpg --> ftp.web1000.com /images Grey_Fuzz_24.jpg
2003.11.07 12:39 B E:\Documents and Settings\Adam Knox\My Documents\Web Sites\skate world\html\in_use\images\Grey_Fuzz_3-2.jpg --> ftp.web1000.com /images Grey_Fuzz_3-2.jpg
2003.11.07 12:39 B E:\Documents and Settings\Adam Knox\My Documents\Web Sites\skate world\html\in_use\images\Grey_Fuzz_3.jpg --> ftp.web1000.com /images Grey_Fuzz_3.jpg
2003.11.07 12:39 B E:\Documents and Settings\Adam Knox\My Documents\Web Sites\skate world\html\in_use\images\Grey_Fuzz_4.jpg --> ftp.web1000.com /images Grey_Fuzz_4.jpg
2003.11.07 12:39 B E:\Documents and Settings\Adam Knox\My Documents\Web Sites\skate world\html\in_use\images\Grey_Fuzz_5.jpg --> ftp.web1000.com /images Grey_Fuzz_5.jpg
2003.11.07 12:39 B E:\Documents and Settings\Adam Knox\My Documents\Web Sites\skate world\html\in_use\images\Grey_Fuzz_6.jpg --> ftp.web1000.com /images Grey_Fuzz_6.jpg
2003.11.07 12:39 B E:\Documents and Settings\Adam Knox\My Documents\Web Sites\skate world\html\in_use\images\Grey_Fuzz_7.jpg --> ftp.web1000.com /images Grey_Fuzz_7.jpg
2003.11.07 12:39 B E:\Documents and Settings\Adam Knox\My Documents\Web Sites\skate world\html\in_use\images\Grey_Fuzz_8.jpg --> ftp.web1000.com /images Grey_Fuzz_8.jpg
2003.11.07 12:39 B E:\Documents and Settings\Adam Knox\My Documents\Web Sites\skate world\html\in_use\images\Grey_Fuzz_9.jpg --> ftp.web1000.com /images Grey_Fuzz_9.jpg
2003.11.07 12:39 B E:\Documents and Settings\Adam Knox\My Documents\Web Sites\skate world\html\in_use\images\home.gif --> ftp.web1000.com /images home.gif
2003.11.07 12:39 B E:\Documents and Settings\Adam Knox\My Documents\Web Sites\skate world\html\in_use\images\home_over.gif --> ftp.web1000.com /images home_over.gif
2003.11.07 12:39 B E:\Documents and Settings\Adam Knox\My Documents\Web Sites\skate world\html\in_use\images\link_us.gif --> ftp.web1000.com /images link_us.gif
2003.11.07 12:39 B E:\Documents and Settings\Adam Knox\My Documents\Web Sites\skate world\html\in_use\images\link_us_over.gif --> ftp.web1000.com /images link_us_over.gif
2003.11.07 12:39 B E:\Documents and Settings\Adam Knox\My Documents\Web Sites\skate world\html\in_use\images\links.gif --> ftp.web1000.com /images links.gif
2003.11.07 12:39 B E:\Documents and Settings\Adam Knox\My Documents\Web Sites\skate world\html\in_use\images\links_over.gif --> ftp.web1000.com /images links_over.gif
2003.11.07 12:39 B E:\Documents and Settings\Adam Knox\My Documents\Web Sites\skate world\html\in_use\images\pics.gif --> ftp.web1000.com /images pics.gif
2003.11.07 12:39 B E:\Documents and Settings\Adam Knox\My Documents\Web Sites\skate world\html\in_use\images\pics_over.gif --> ftp.web1000.com /images pics_over.gif
2003.11.07 12:40 B E:\Documents and Settings\Adam Knox\My Documents\Web Sites\skate world\html\in_use\images\products.gif --> ftp.web1000.com /images products.gif
2003.11.07 12:40 B E:\Documents and Settings\Adam Knox\My Documents\Web Sites\skate world\html\in_use\images\products_over.gif --> ftp.web1000.com /images products_over.gif
2003.11.07 12:40 B E:\Documents and Settings\Adam Knox\My Documents\Web Sites\skate world\html\in_use\images\search.gif --> ftp.web1000.com /images search.gif
2003.11.07 12:40 B E:\Documents and Settings\Adam Knox\My Documents\Web Sites\skate world\html\in_use\images\search_over.gif --> ftp.web1000.com /images search_over.gif
2003.11.07 12:40 B E:\Documents and Settings\Adam Knox\My Documents\Web Sites\skate world\html\in_use\images\services.gif --> ftp.web1000.com /images services.gif
2003.11.07 12:40 B E:\Documents and Settings\Adam Knox\My Documents\Web Sites\skate world\html\in_use\images\services_over.gif --> ftp.web1000.com /images services_over.gif
2003.11.07 12:40 B E:\Documents and Settings\Adam Knox\My Documents\Web Sites\skate world\html\in_use\images\skate_team.gif --> ftp.web1000.com /images skate_team.gif
2003.11.07 12:40 B E:\Documents and Settings\Adam Knox\My Documents\Web Sites\skate world\html\in_use\images\skate_team_over.gif --> ftp.web1000.com /images skate_team_over.gif
2003.11.07 12:40 B E:\Documents and Settings\Adam Knox\My Documents\Web Sites\skate world\html\in_use\images\space.gif --> ftp.web1000.com /images space.gif
2003.11.07 12:40 B E:\Documents and Settings\Adam Knox\My Documents\Web Sites\skate world\html\in_use\images\Thumbs.db --> ftp.web1000.com /images Thumbs.db
2003.11.07 12:40 B E:\Documents and Settings\Adam Knox\My Documents\Web Sites\skate world\html\in_use\images\trick_tips.gif --> ftp.web1000.com /images trick_tips.gif
2003.11.07 12:40 B E:\Documents and Settings\Adam Knox\My Documents\Web Sites\skate world\html\in_use\images\trick_tips_over.gif --> ftp.web1000.com /images trick_tips_over.gif
2003.11.07 12:40 B E:\Documents and Settings\Adam Knox\My Documents\Web Sites\skate world\html\in_use\images\ventaja_designs.gif --> ftp.web1000.com /images ventaja_designs.gif
2003.11.07 12:40 B E:\Documents and Settings\Adam Knox\My Documents\Web Sites\skate world\html\in_use\images\ventaja_designs_over.gif --> ftp.web1000.com /images ventaja_designs_over.gif
2003.11.07 12:40 B E:\Documents and Settings\Adam Knox\My Documents\Web Sites\skate world\html\in_use\images\vids.gif --> ftp.web1000.com /images vids.gif
2003.11.07 12:40 B E:\Documents and Settings\Adam Knox\My Documents\Web Sites\skate world\html\in_use\images\vids_over.gif --> ftp.web1000.com /images vids_over.gif
2003.11.07 12:40 B E:\Documents and Settings\Adam Knox\My Documents\Web Sites\skate world\html\in_use\images\vote.gif --> ftp.web1000.com /images vote.gif
2003.11.07 12:40 B E:\Documents and Settings\Adam Knox\My Documents\Web Sites\skate world\html\in_use\images\vote_over.gif --> ftp.web1000.com /images vote_over.gif
2003.11.10 10:37 B E:\Documents and Settings\Adam Knox\My Documents\Web Sites\skate world\html\in_use\images\aboutus.gif --> ftp.web1000.com /images aboutus.gif
2003.11.10 10:37 B E:\Documents and Settings\Adam Knox\My Documents\Web Sites\skate world\html\in_use\images\aboutus_over.gif --> ftp.web1000.com /images aboutus_over.gif
2003.11.10 10:37 B E:\Documents and Settings\Adam Knox\My Documents\Web Sites\skate world\html\in_use\images\add_stuff.gif --> ftp.web1000.com /images add_stuff.gif
2003.11.10 10:37 B E:\Documents and Settings\Adam Knox\My Documents\Web Sites\skate world\html\in_use\images\add_stuff_over.gif --> ftp.web1000.com /images add_stuff_over.gif
2003.11.10 10:37 B E:\Documents and Settings\Adam Knox\My Documents\Web Sites\skate world\html\in_use\images\advertise.gif --> ftp.web1000.com /images advertise.gif
2003.11.10 10:37 B E:\Documents and Settings\Adam Knox\My Documents\Web Sites\skate world\html\in_use\images\advertise_over.gif --> ftp.web1000.com /images advertise_over.gif
2003.11.10 10:37 B E:\Documents and Settings\Adam Knox\My Documents\Web Sites\skate world\html\in_use\images\blank.gif --> ftp.web1000.com /images blank.gif
2003.11.10 10:37 B E:\Documents and Settings\Adam Knox\My Documents\Web Sites\skate world\html\in_use\images\buttontemplate.gif --> ftp.web1000.com /images buttontemplate.gif
2003.11.10 10:37 B E:\Documents and Settings\Adam Knox\My Documents\Web Sites\skate world\html\in_use\images\contact.gif --> ftp.web1000.com /images contact.gif
2003.11.10 10:37 B E:\Documents and Settings\Adam Knox\My Documents\Web Sites\skate world\html\in_use\images\contact_over.gif --> ftp.web1000.com /images contact_over.gif
2003.11.10 10:37 B E:\Documents and Settings\Adam Knox\My Documents\Web Sites\skate world\html\in_use\images\email.gif --> ftp.web1000.com /images email.gif
2003.11.10 10:37 B E:\Documents and Settings\Adam Knox\My Documents\Web Sites\skate world\html\in_use\images\email_over.gif --> ftp.web1000.com /images email_over.gif
2003.11.10 10:37 B E:\Documents and Settings\Adam Knox\My Documents\Web Sites\skate world\html\in_use\images\forum.gif --> ftp.web1000.com /images forum.gif
2003.11.10 10:37 B E:\Documents and Settings\Adam Knox\My Documents\Web Sites\skate world\html\in_use\images\forum_over.gif --> ftp.web1000.com /images forum_over.gif
2003.11.10 10:37 B E:\Documents and Settings\Adam Knox\My Documents\Web Sites\skate world\html\in_use\images\Grey_Fuzz_0.jpg --> ftp.web1000.com /images Grey_Fuzz_0.jpg
2003.11.10 10:37 B E:\Documents and Settings\Adam Knox\My Documents\Web Sites\skate world\html\in_use\images\Grey_Fuzz_1.jpg --> ftp.web1000.com /images Grey_Fuzz_1.jpg
2003.11.10 10:37 B E:\Documents and Settings\Adam Knox\My Documents\Web Sites\skate world\html\in_use\images\Grey_Fuzz_10.jpg --> ftp.web1000.com /images Grey_Fuzz_10.jpg
2003.11.10 10:37 B E:\Documents and Settings\Adam Knox\My Documents\Web Sites\skate world\html\in_use\images\Grey_Fuzz_11.jpg --> ftp.web1000.com /images Grey_Fuzz_11.jpg
2003.11.10 10:37 B E:\Documents and Settings\Adam Knox\My Documents\Web Sites\skate world\html\in_use\images\Grey_Fuzz_12.jpg --> ftp.web1000.com /images Grey_Fuzz_12.jpg
2003.11.10 10:37 B E:\Documents and Settings\Adam Knox\My Documents\Web Sites\skate world\html\in_use\images\Grey_Fuzz_13-2.jpg --> ftp.web1000.com /images Grey_Fuzz_13-2.jpg
2003.11.10 10:37 B E:\Documents and Settings\Adam Knox\My Documents\Web Sites\skate world\html\in_use\images\Grey_Fuzz_13.jpg --> ftp.web1000.com /images Grey_Fuzz_13.jpg
2003.11.10 10:37 B E:\Documents and Settings\Adam Knox\My Documents\Web Sites\skate world\html\in_use\images\Grey_Fuzz_14-2.jpg --> ftp.web1000.com /images Grey_Fuzz_14-2.jpg
2003.11.10 10:37 B E:\Documents and Settings\Adam Knox\My Documents\Web Sites\skate world\html\in_use\images\Grey_Fuzz_14.jpg --> ftp.web1000.com /images Grey_Fuzz_14.jpg
2003.11.10 10:37 B E:\Documents and Settings\Adam Knox\My Documents\Web Sites\skate world\html\in_use\images\Grey_Fuzz_15.jpg --> ftp.web1000.com /images Grey_Fuzz_15.jpg
2003.11.10 10:37 B E:\Documents and Settings\Adam Knox\My Documents\Web Sites\skate world\html\in_use\images\Grey_Fuzz_16.jpg --> ftp.web1000.com /images Grey_Fuzz_16.jpg
2003.11.10 10:37 B E:\Documents and Settings\Adam Knox\My Documents\Web Sites\skate world\html\in_use\images\Grey_Fuzz_17.jpg --> ftp.web1000.com /images Grey_Fuzz_17.jpg
2003.11.10 10:37 B E:\Documents and Settings\Adam Knox\My Documents\Web Sites\skate world\html\in_use\images\Grey_Fuzz_18.jpg --> ftp.web1000.com /images Grey_Fuzz_18.jpg
2003.11.10 10:37 B E:\Documents and Settings\Adam Knox\My Documents\Web Sites\skate world\html\in_use\images\Grey_Fuzz_19-2.jpg --> ftp.web1000.com /images Grey_Fuzz_19-2.jpg
2003.11.10 10:37 B E:\Documents and Settings\Adam Knox\My Documents\Web Sites\skate world\html\in_use\images\Grey_Fuzz_19.jpg --> ftp.web1000.com /images Grey_Fuzz_19.jpg
2003.11.10 10:38 B E:\Documents and Settings\Adam Knox\My Documents\Web Sites\skate world\html\in_use\images\Grey_Fuzz_2.jpg --> ftp.web1000.com /images Grey_Fuzz_2.jpg
2003.11.10 10:38 B E:\Documents and Settings\Adam Knox\My Documents\Web Sites\skate world\html\in_use\images\Grey_Fuzz_20.jpg --> ftp.web1000.com /images Grey_Fuzz_20.jpg
2003.11.10 10:38 B E:\Documents and Settings\Adam Knox\My Documents\Web Sites\skate world\html\in_use\images\Grey_Fuzz_21.jpg --> ftp.web1000.com /images Grey_Fuzz_21.jpg
2003.11.10 10:38 B E:\Documents and Settings\Adam Knox\My Documents\Web Sites\skate world\html\in_use\images\Grey_Fuzz_22.jpg --> ftp.web1000.com /images Grey_Fuzz_22.jpg
2003.11.10 10:38 B E:\Documents and Settings\Adam Knox\My Documents\Web Sites\skate world\html\in_use\images\Grey_Fuzz_23.jpg --> ftp.web1000.com /images Grey_Fuzz_23.jpg
2003.11.10 10:38 B E:\Documents and Settings\Adam Knox\My Documents\Web Sites\skate world\html\in_use\images\Grey_Fuzz_24.jpg --> ftp.web1000.com /images Grey_Fuzz_24.jpg
2003.11.10 10:38 B E:\Documents and Settings\Adam Knox\My Documents\Web Sites\skate world\html\in_use\images\Grey_Fuzz_3-2.jpg --> ftp.web1000.com /images Grey_Fuzz_3-2.jpg
2003.11.10 10:38 B E:\Documents and Settings\Adam Knox\My Documents\Web Sites\skate world\html\in_use\images\Grey_Fuzz_3.jpg --> ftp.web1000.com /images Grey_Fuzz_3.jpg
2003.11.10 10:38 B E:\Documents and Settings\Adam Knox\My Documents\Web Sites\skate world\html\in_use\images\Grey_Fuzz_4.jpg --> ftp.web1000.com /images Grey_Fuzz_4.jpg
2003.11.10 10:38 B E:\Documents and Settings\Adam Knox\My Documents\Web Sites\skate world\html\in_use\images\Grey_Fuzz_5.jpg --> ftp.web1000.com /images Grey_Fuzz_5.jpg
2003.11.10 10:38 B E:\Documents and Settings\Adam Knox\My Documents\Web Sites\skate world\html\in_use\images\Grey_Fuzz_6.jpg --> ftp.web1000.com /images Grey_Fuzz_6.jpg
2003.11.10 10:38 B E:\Documents and Settings\Adam Knox\My Documents\Web Sites\skate world\html\in_use\images\Grey_Fuzz_7.jpg --> ftp.web1000.com /images Grey_Fuzz_7.jpg
2003.11.10 10:38 B E:\Documents and Settings\Adam Knox\My Documents\Web Sites\skate world\html\in_use\images\Grey_Fuzz_8.jpg --> ftp.web1000.com /images Grey_Fuzz_8.jpg
2003.11.10 10:38 B E:\Documents and Settings\Adam Knox\My Documents\Web Sites\skate world\html\in_use\images\Grey_Fuzz_9.jpg --> ftp.web1000.com /images Grey_Fuzz_9.jpg
2003.11.10 10:38 B E:\Documents and Settings\Adam Knox\My Documents\Web Sites\skate world\html\in_use\images\home.gif --> ftp.web1000.com /images home.gif
2003.11.10 10:38 B E:\Documents and Settings\Adam Knox\My Documents\Web Sites\skate world\html\in_use\images\home_over.gif --> ftp.web1000.com /images home_over.gif
2003.11.10 10:38 B E:\Documents and Settings\Adam Knox\My Documents\Web Sites\skate world\html\in_use\images\link_us.gif --> ftp.web1000.com /images link_us.gif
2003.11.10 10:38 B E:\Documents and Settings\Adam Knox\My Documents\Web Sites\skate world\html\in_use\images\link_us_over.gif --> ftp.web1000.com /images link_us_over.gif
2003.11.10 10:38 B E:\Documents and Settings\Adam Knox\My Documents\Web Sites\skate world\html\in_use\images\links.gif --> ftp.web1000.com /images links.gif
2003.11.10 10:38 B E:\Documents and Settings\Adam Knox\My Documents\Web Sites\skate world\html\in_use\images\links_over.gif --> ftp.web1000.com /images links_over.gif
2003.11.10 10:38 B E:\Documents and Settings\Adam Knox\My Documents\Web Sites\skate world\html\in_use\images\pics.gif --> ftp.web1000.com /images pics.gif
2003.11.10 10:38 B E:\Documents and Settings\Adam Knox\My Documents\Web Sites\skate world\html\in_use\images\pics_over.gif --> ftp.web1000.com /images pics_over.gif
2003.11.10 10:38 B E:\Documents and Settings\Adam Knox\My Documents\Web Sites\skate world\html\in_use\images\products.gif --> ftp.web1000.com /images products.gif
2003.11.10 10:38 B E:\Documents and Settings\Adam Knox\My Documents\Web Sites\skate world\html\in_use\images\products_over.gif --> ftp.web1000.com /images products_over.gif
2003.11.10 10:38 B E:\Documents and Settings\Adam Knox\My Documents\Web Sites\skate world\html\in_use\images\search.gif --> ftp.web1000.com /images search.gif
2003.11.10 10:38 B E:\Documents and Settings\Adam Knox\My Documents\Web Sites\skate world\html\in_use\images\search_over.gif --> ftp.web1000.com /images search_over.gif
2003.11.10 10:38 B E:\Documents and Settings\Adam Knox\My Documents\Web Sites\skate world\html\in_use\images\services.gif --> ftp.web1000.com /images services.gif
2003.11.10 10:38 B E:\Documents and Settings\Adam Knox\My Documents\Web Sites\skate world\html\in_use\images\services_over.gif --> ftp.web1000.com /images services_over.gif
2003.11.10 10:38 B E:\Documents and Settings\Adam Knox\My Documents\Web Sites\skate world\html\in_use\images\skate_team.gif --> ftp.web1000.com /images skate_team.gif
2003.11.10 10:38 B E:\Documents and Settings\Adam Knox\My Documents\Web Sites\skate world\html\in_use\images\skate_team_over.gif --> ftp.web1000.com /images skate_team_over.gif
2003.11.10 10:38 B E:\Documents and Settings\Adam Knox\My Documents\Web Sites\skate world\html\in_use\images\space.gif --> ftp.web1000.com /images space.gif
2003.11.10 10:38 B E:\Documents and Settings\Adam Knox\My Documents\Web Sites\skate world\html\in_use\images\Thumbs.db --> ftp.web1000.com /images Thumbs.db
2003.11.10 10:38 B E:\Documents and Settings\Adam Knox\My Documents\Web Sites\skate world\html\in_use\images\top_sites.gif --> ftp.web1000.com /images top_sites.gif
2003.11.10 10:38 B E:\Documents and Settings\Adam Knox\My Documents\Web Sites\skate world\html\in_use\images\top_sites_over.gif --> ftp.web1000.com /images top_sites_over.gif
2003.11.10 10:38 B E:\Documents and Settings\Adam Knox\My Documents\Web Sites\skate world\html\in_use\images\trick_tips.gif --> ftp.web1000.com /images trick_tips.gif
2003.11.10 10:38 B E:\Documents and Settings\Adam Knox\My Documents\Web Sites\skate world\html\in_use\images\trick_tips_over.gif --> ftp.web1000.com /images trick_tips_over.gif
2003.11.10 10:38 B E:\Documents and Settings\Adam Knox\My Documents\Web Sites\skate world\html\in_use\images\ventaja_designs.gif --> ftp.web1000.com /images ventaja_designs.gif
2003.11.10 10:38 B E:\Documents and Settings\Adam Knox\My Documents\Web Sites\skate world\html\in_use\images\ventaja_designs_over.gif --> ftp.web1000.com /images ventaja_designs_over.gif
2003.11.10 10:38 B E:\Documents and Settings\Adam Knox\My Documents\Web Sites\skate world\html\in_use\images\vids.gif --> ftp.web1000.com /images vids.gif
2003.11.10 10:39 B E:\Documents and Settings\Adam Knox\My Documents\Web Sites\skate world\html\in_use\images\vids_over.gif --> ftp.web1000.com /images vids_over.gif
2003.11.10 10:39 B E:\Documents and Settings\Adam Knox\My Documents\Web Sites\skate world\html\in_use\images\vote.gif --> ftp.web1000.com /images vote.gif
2003.11.10 10:39 B E:\Documents and Settings\Adam Knox\My Documents\Web Sites\skate world\html\in_use\images\vote_over.gif --> ftp.web1000.com /images vote_over.gif
