2004.08.27 22:36 B E:\Documents and Settings\Adam Knox\Desktop\Skate World\1 Current Design\V15\content\sb_tips\beginner\add.html --> ftp.skate-world.net /public_html/content/sb_tips/beginner add.html
2004.08.27 22:36 B E:\Documents and Settings\Adam Knox\Desktop\Skate World\1 Current Design\V15\content\sb_tips\beginner\add_links.php --> ftp.skate-world.net /public_html/content/sb_tips/beginner add_links.php
2004.08.27 22:36 B E:\Documents and Settings\Adam Knox\Desktop\Skate World\1 Current Design\V15\content\sb_tips\beginner\delete.php --> ftp.skate-world.net /public_html/content/sb_tips/beginner delete.php
2004.08.27 22:36 B E:\Documents and Settings\Adam Knox\Desktop\Skate World\1 Current Design\V15\content\sb_tips\beginner\delete_links.php --> ftp.skate-world.net /public_html/content/sb_tips/beginner delete_links.php
2004.08.27 22:36 B E:\Documents and Settings\Adam Knox\Desktop\Skate World\1 Current Design\V15\content\sb_tips\beginner\index.php --> ftp.skate-world.net /public_html/content/sb_tips/beginner index.php
2004.08.27 22:55 B E:\Documents and Settings\Adam Knox\Desktop\Skate World\1 Current Design\V15\content\sb_tips\vert\add.html --> ftp.skate-world.net /public_html/content/sb_tips/vert add.html
2004.08.27 22:55 B E:\Documents and Settings\Adam Knox\Desktop\Skate World\1 Current Design\V15\content\sb_tips\vert\add_links.php --> ftp.skate-world.net /public_html/content/sb_tips/vert add_links.php
2004.08.27 22:55 B E:\Documents and Settings\Adam Knox\Desktop\Skate World\1 Current Design\V15\content\sb_tips\vert\delete.php --> ftp.skate-world.net /public_html/content/sb_tips/vert delete.php
2004.08.27 22:55 B E:\Documents and Settings\Adam Knox\Desktop\Skate World\1 Current Design\V15\content\sb_tips\vert\delete_links.php --> ftp.skate-world.net /public_html/content/sb_tips/vert delete_links.php
2004.08.27 22:55 B E:\Documents and Settings\Adam Knox\Desktop\Skate World\1 Current Design\V15\content\sb_tips\vert\index.php --> ftp.skate-world.net /public_html/content/sb_tips/vert index.php
2004.08.27 22:55 B E:\Documents and Settings\Adam Knox\Desktop\Skate World\1 Current Design\V15\content\sb_tips\vert\WS_FTP.LOG --> ftp.skate-world.net /public_html/content/sb_tips/vert WS_FTP.LOG
2004.08.27 23:22 B E:\Documents and Settings\Adam Knox\Desktop\Skate World\1 Current Design\V15\content\sb_tips\vert\add.html --> ftp.skate-world.net /public_html/content/sb_tips/vert add.html
2004.08.27 23:22 B E:\Documents and Settings\Adam Knox\Desktop\Skate World\1 Current Design\V15\content\sb_tips\vert\add_links.php --> ftp.skate-world.net /public_html/content/sb_tips/vert add_links.php
2004.08.27 23:22 B E:\Documents and Settings\Adam Knox\Desktop\Skate World\1 Current Design\V15\content\sb_tips\vert\delete.php --> ftp.skate-world.net /public_html/content/sb_tips/vert delete.php
2004.08.27 23:22 B E:\Documents and Settings\Adam Knox\Desktop\Skate World\1 Current Design\V15\content\sb_tips\vert\delete_links.php --> ftp.skate-world.net /public_html/content/sb_tips/vert delete_links.php
2004.08.27 23:22 B E:\Documents and Settings\Adam Knox\Desktop\Skate World\1 Current Design\V15\content\sb_tips\vert\index.php --> ftp.skate-world.net /public_html/content/sb_tips/vert index.php
2004.08.27 23:22 B E:\Documents and Settings\Adam Knox\Desktop\Skate World\1 Current Design\V15\content\sb_tips\vert\WS_FTP.LOG --> ftp.skate-world.net /public_html/content/sb_tips/vert WS_FTP.LOG
2004.08.28 09:42 B E:\Documents and Settings\Adam Knox\Desktop\Skate World\1 Current Design\V15\content\sb_tips\vert\add_links.php --> ftp.skate-world.net /public_html/content/sb_tips/vert add_links.php
2004.08.28 09:42 B E:\Documents and Settings\Adam Knox\Desktop\Skate World\1 Current Design\V15\content\sb_tips\vert\delete_links.php --> ftp.skate-world.net /public_html/content/sb_tips/vert delete_links.php
2004.08.28 09:42 B E:\Documents and Settings\Adam Knox\Desktop\Skate World\1 Current Design\V15\content\sb_tips\vert\index.php --> ftp.skate-world.net /public_html/content/sb_tips/vert index.php
2004.08.28 09:42 B E:\Documents and Settings\Adam Knox\Desktop\Skate World\1 Current Design\V15\content\sb_tips\vert\WS_FTP.LOG --> ftp.skate-world.net /public_html/content/sb_tips/vert WS_FTP.LOG
