2004.07.07 17:17 B E:\Documents and Settings\Adam Knox\Desktop\last skate world\XMB 1.9 Hacks\themes\enker\aim.gif --> ftp.skate-world.net /public_html/images/enker aim.gif
2004.07.07 17:17 B E:\Documents and Settings\Adam Knox\Desktop\last skate world\XMB 1.9 Hacks\themes\enker\arrow_dw.gif --> ftp.skate-world.net /public_html/images/enker arrow_dw.gif
2004.07.07 17:17 B E:\Documents and Settings\Adam Knox\Desktop\last skate world\XMB 1.9 Hacks\themes\enker\arrow_up.gif --> ftp.skate-world.net /public_html/images/enker arrow_up.gif
2004.07.07 17:17 B E:\Documents and Settings\Adam Knox\Desktop\last skate world\XMB 1.9 Hacks\themes\enker\bb_bold.gif --> ftp.skate-world.net /public_html/images/enker bb_bold.gif
2004.07.07 17:17 B E:\Documents and Settings\Adam Knox\Desktop\last skate world\XMB 1.9 Hacks\themes\enker\bb_center.gif --> ftp.skate-world.net /public_html/images/enker bb_center.gif
2004.07.07 17:17 B E:\Documents and Settings\Adam Knox\Desktop\last skate world\XMB 1.9 Hacks\themes\enker\bb_code.gif --> ftp.skate-world.net /public_html/images/enker bb_code.gif
2004.07.07 17:17 B E:\Documents and Settings\Adam Knox\Desktop\last skate world\XMB 1.9 Hacks\themes\enker\bb_email.gif --> ftp.skate-world.net /public_html/images/enker bb_email.gif
2004.07.07 17:18 B E:\Documents and Settings\Adam Knox\Desktop\last skate world\XMB 1.9 Hacks\themes\enker\bb_image.gif --> ftp.skate-world.net /public_html/images/enker bb_image.gif
2004.07.07 17:18 B E:\Documents and Settings\Adam Knox\Desktop\last skate world\XMB 1.9 Hacks\themes\enker\bb_italicize.gif --> ftp.skate-world.net /public_html/images/enker bb_italicize.gif
2004.07.07 17:18 B E:\Documents and Settings\Adam Knox\Desktop\last skate world\XMB 1.9 Hacks\themes\enker\bb_list.gif --> ftp.skate-world.net /public_html/images/enker bb_list.gif
2004.07.07 17:18 B E:\Documents and Settings\Adam Knox\Desktop\last skate world\XMB 1.9 Hacks\themes\enker\bb_quote.gif --> ftp.skate-world.net /public_html/images/enker bb_quote.gif
2004.07.07 17:18 B E:\Documents and Settings\Adam Knox\Desktop\last skate world\XMB 1.9 Hacks\themes\enker\bb_underline.gif --> ftp.skate-world.net /public_html/images/enker bb_underline.gif
2004.07.07 17:18 B E:\Documents and Settings\Adam Knox\Desktop\last skate world\XMB 1.9 Hacks\themes\enker\bb_url.gif --> ftp.skate-world.net /public_html/images/enker bb_url.gif
2004.07.07 17:18 B E:\Documents and Settings\Adam Knox\Desktop\last skate world\XMB 1.9 Hacks\themes\enker\deletetopic.gif --> ftp.skate-world.net /public_html/images/enker deletetopic.gif
2004.07.07 17:18 B E:\Documents and Settings\Adam Knox\Desktop\last skate world\XMB 1.9 Hacks\themes\enker\dot_folder.gif --> ftp.skate-world.net /public_html/images/enker dot_folder.gif
2004.07.07 17:18 B E:\Documents and Settings\Adam Knox\Desktop\last skate world\XMB 1.9 Hacks\themes\enker\dot_hot_folder.gif --> ftp.skate-world.net /public_html/images/enker dot_hot_folder.gif
2004.07.07 17:18 B E:\Documents and Settings\Adam Knox\Desktop\last skate world\XMB 1.9 Hacks\themes\enker\dot_hot_red_folder.gif --> ftp.skate-world.net /public_html/images/enker dot_hot_red_folder.gif
2004.07.07 17:18 B E:\Documents and Settings\Adam Knox\Desktop\last skate world\XMB 1.9 Hacks\themes\enker\dot_red_folder.gif --> ftp.skate-world.net /public_html/images/enker dot_red_folder.gif
2004.07.07 17:18 B E:\Documents and Settings\Adam Knox\Desktop\last skate world\XMB 1.9 Hacks\themes\enker\edit.gif --> ftp.skate-world.net /public_html/images/enker edit.gif
2004.07.07 17:18 B E:\Documents and Settings\Adam Knox\Desktop\last skate world\XMB 1.9 Hacks\themes\enker\email.gif --> ftp.skate-world.net /public_html/images/enker email.gif
2004.07.07 17:18 B E:\Documents and Settings\Adam Knox\Desktop\last skate world\XMB 1.9 Hacks\themes\enker\Enker-theme.xmb --> ftp.skate-world.net /public_html/images/enker Enker-theme.xmb
2004.07.07 17:18 B E:\Documents and Settings\Adam Knox\Desktop\last skate world\XMB 1.9 Hacks\themes\enker\find.gif --> ftp.skate-world.net /public_html/images/enker find.gif
2004.07.07 17:18 B E:\Documents and Settings\Adam Knox\Desktop\last skate world\XMB 1.9 Hacks\themes\enker\folder.gif --> ftp.skate-world.net /public_html/images/enker folder.gif
2004.07.07 17:18 B E:\Documents and Settings\Adam Knox\Desktop\last skate world\XMB 1.9 Hacks\themes\enker\hammer.gif --> ftp.skate-world.net /public_html/images/enker hammer.gif
2004.07.07 17:18 B E:\Documents and Settings\Adam Knox\Desktop\last skate world\XMB 1.9 Hacks\themes\enker\hot_folder.gif --> ftp.skate-world.net /public_html/images/enker hot_folder.gif
2004.07.07 17:18 B E:\Documents and Settings\Adam Knox\Desktop\last skate world\XMB 1.9 Hacks\themes\enker\hot_red_folder.gif --> ftp.skate-world.net /public_html/images/enker hot_red_folder.gif
2004.07.07 17:18 B E:\Documents and Settings\Adam Knox\Desktop\last skate world\XMB 1.9 Hacks\themes\enker\icq_add.gif --> ftp.skate-world.net /public_html/images/enker icq_add.gif
2004.07.07 17:18 B E:\Documents and Settings\Adam Knox\Desktop\last skate world\XMB 1.9 Hacks\themes\enker\ip.gif --> ftp.skate-world.net /public_html/images/enker ip.gif
2004.07.07 17:18 B E:\Documents and Settings\Adam Knox\Desktop\last skate world\XMB 1.9 Hacks\themes\enker\ipost.gif --> ftp.skate-world.net /public_html/images/enker ipost.gif
2004.07.07 17:18 B E:\Documents and Settings\Adam Knox\Desktop\last skate world\XMB 1.9 Hacks\themes\enker\lastpost.gif --> ftp.skate-world.net /public_html/images/enker lastpost.gif
2004.07.07 17:18 B E:\Documents and Settings\Adam Knox\Desktop\last skate world\XMB 1.9 Hacks\themes\enker\lock_folder.gif --> ftp.skate-world.net /public_html/images/enker lock_folder.gif
2004.07.07 17:18 B E:\Documents and Settings\Adam Knox\Desktop\last skate world\XMB 1.9 Hacks\themes\enker\lockicon.gif --> ftp.skate-world.net /public_html/images/enker lockicon.gif
2004.07.07 17:18 B E:\Documents and Settings\Adam Knox\Desktop\last skate world\XMB 1.9 Hacks\themes\enker\msn.gif --> ftp.skate-world.net /public_html/images/enker msn.gif
2004.07.07 17:18 B E:\Documents and Settings\Adam Knox\Desktop\last skate world\XMB 1.9 Hacks\themes\enker\newtopic.gif --> ftp.skate-world.net /public_html/images/enker newtopic.gif
2004.07.07 17:18 B E:\Documents and Settings\Adam Knox\Desktop\last skate world\XMB 1.9 Hacks\themes\enker\online.gif --> ftp.skate-world.net /public_html/images/enker online.gif
2004.07.07 17:18 B E:\Documents and Settings\Adam Knox\Desktop\last skate world\XMB 1.9 Hacks\themes\enker\pin.gif --> ftp.skate-world.net /public_html/images/enker pin.gif
2004.07.07 17:18 B E:\Documents and Settings\Adam Knox\Desktop\last skate world\XMB 1.9 Hacks\themes\enker\pixel.gif --> ftp.skate-world.net /public_html/images/enker pixel.gif
2004.07.07 17:18 B E:\Documents and Settings\Adam Knox\Desktop\last skate world\XMB 1.9 Hacks\themes\enker\poll.gif --> ftp.skate-world.net /public_html/images/enker poll.gif
2004.07.07 17:18 B E:\Documents and Settings\Adam Knox\Desktop\last skate world\XMB 1.9 Hacks\themes\enker\pollbar-e.gif --> ftp.skate-world.net /public_html/images/enker pollbar-e.gif
2004.07.07 17:18 B E:\Documents and Settings\Adam Knox\Desktop\last skate world\XMB 1.9 Hacks\themes\enker\pollbar-s.gif --> ftp.skate-world.net /public_html/images/enker pollbar-s.gif
2004.07.07 17:18 B E:\Documents and Settings\Adam Knox\Desktop\last skate world\XMB 1.9 Hacks\themes\enker\pollbar.gif --> ftp.skate-world.net /public_html/images/enker pollbar.gif
2004.07.07 17:18 B E:\Documents and Settings\Adam Knox\Desktop\last skate world\XMB 1.9 Hacks\themes\enker\pollsmall.gif --> ftp.skate-world.net /public_html/images/enker pollsmall.gif
2004.07.07 17:18 B E:\Documents and Settings\Adam Knox\Desktop\last skate world\XMB 1.9 Hacks\themes\enker\profile.gif --> ftp.skate-world.net /public_html/images/enker profile.gif
2004.07.07 17:18 B E:\Documents and Settings\Adam Knox\Desktop\last skate world\XMB 1.9 Hacks\themes\enker\quote.gif --> ftp.skate-world.net /public_html/images/enker quote.gif
2004.07.07 17:18 B E:\Documents and Settings\Adam Knox\Desktop\last skate world\XMB 1.9 Hacks\themes\enker\red_folder.gif --> ftp.skate-world.net /public_html/images/enker red_folder.gif
2004.07.07 17:18 B E:\Documents and Settings\Adam Knox\Desktop\last skate world\XMB 1.9 Hacks\themes\enker\reply.gif --> ftp.skate-world.net /public_html/images/enker reply.gif
2004.07.07 17:18 B E:\Documents and Settings\Adam Knox\Desktop\last skate world\XMB 1.9 Hacks\themes\enker\report.gif --> ftp.skate-world.net /public_html/images/enker report.gif
2004.07.07 17:18 B E:\Documents and Settings\Adam Knox\Desktop\last skate world\XMB 1.9 Hacks\themes\enker\site.gif --> ftp.skate-world.net /public_html/images/enker site.gif
2004.07.07 17:18 B E:\Documents and Settings\Adam Knox\Desktop\last skate world\XMB 1.9 Hacks\themes\enker\star.gif --> ftp.skate-world.net /public_html/images/enker star.gif
2004.07.07 17:18 B E:\Documents and Settings\Adam Knox\Desktop\last skate world\XMB 1.9 Hacks\themes\enker\Thumbs.db --> ftp.skate-world.net /public_html/images/enker Thumbs.db
2004.07.07 17:18 B E:\Documents and Settings\Adam Knox\Desktop\last skate world\XMB 1.9 Hacks\themes\enker\top.gif --> ftp.skate-world.net /public_html/images/enker top.gif
2004.07.07 17:18 B E:\Documents and Settings\Adam Knox\Desktop\last skate world\XMB 1.9 Hacks\themes\enker\u2u.gif --> ftp.skate-world.net /public_html/images/enker u2u.gif
2004.07.07 17:18 B E:\Documents and Settings\Adam Knox\Desktop\last skate world\XMB 1.9 Hacks\themes\enker\untop.gif --> ftp.skate-world.net /public_html/images/enker untop.gif
2004.07.07 17:18 B E:\Documents and Settings\Adam Knox\Desktop\last skate world\XMB 1.9 Hacks\themes\enker\xmbheader.gif --> ftp.skate-world.net /public_html/images/enker xmbheader.gif
2004.07.07 17:18 B E:\Documents and Settings\Adam Knox\Desktop\last skate world\XMB 1.9 Hacks\themes\enker\yahoo.gif --> ftp.skate-world.net /public_html/images/enker yahoo.gif
