2004.03.31 18:47 B E:\Documents and Settings\Adam Knox\My Documents\Web Sites\skate world\html\future designs\design 4\news\upload\smillies\amazed.gif --> ftp.skate-world.net /public_html/news/upload/smillies amazed.gif
2004.03.31 18:47 B E:\Documents and Settings\Adam Knox\My Documents\Web Sites\skate world\html\future designs\design 4\news\upload\smillies\amuse.gif --> ftp.skate-world.net /public_html/news/upload/smillies amuse.gif
2004.03.31 18:47 B E:\Documents and Settings\Adam Knox\My Documents\Web Sites\skate world\html\future designs\design 4\news\upload\smillies\bigsmile.gif --> ftp.skate-world.net /public_html/news/upload/smillies bigsmile.gif
2004.03.31 18:47 B E:\Documents and Settings\Adam Knox\My Documents\Web Sites\skate world\html\future designs\design 4\news\upload\smillies\blink.gif --> ftp.skate-world.net /public_html/news/upload/smillies blink.gif
2004.03.31 18:47 B E:\Documents and Settings\Adam Knox\My Documents\Web Sites\skate world\html\future designs\design 4\news\upload\smillies\blink1.gif --> ftp.skate-world.net /public_html/news/upload/smillies blink1.gif
2004.03.31 18:47 B E:\Documents and Settings\Adam Knox\My Documents\Web Sites\skate world\html\future designs\design 4\news\upload\smillies\cheesy.gif --> ftp.skate-world.net /public_html/news/upload/smillies cheesy.gif
2004.03.31 18:47 B E:\Documents and Settings\Adam Knox\My Documents\Web Sites\skate world\html\future designs\design 4\news\upload\smillies\confused.gif --> ftp.skate-world.net /public_html/news/upload/smillies confused.gif
2004.03.31 18:47 B E:\Documents and Settings\Adam Knox\My Documents\Web Sites\skate world\html\future designs\design 4\news\upload\smillies\cool.gif --> ftp.skate-world.net /public_html/news/upload/smillies cool.gif
2004.03.31 18:47 B E:\Documents and Settings\Adam Knox\My Documents\Web Sites\skate world\html\future designs\design 4\news\upload\smillies\cry.gif --> ftp.skate-world.net /public_html/news/upload/smillies cry.gif
2004.03.31 18:47 B E:\Documents and Settings\Adam Knox\My Documents\Web Sites\skate world\html\future designs\design 4\news\upload\smillies\embarrest.gif --> ftp.skate-world.net /public_html/news/upload/smillies embarrest.gif
2004.03.31 18:47 B E:\Documents and Settings\Adam Knox\My Documents\Web Sites\skate world\html\future designs\design 4\news\upload\smillies\evil.gif --> ftp.skate-world.net /public_html/news/upload/smillies evil.gif
2004.03.31 18:47 B E:\Documents and Settings\Adam Knox\My Documents\Web Sites\skate world\html\future designs\design 4\news\upload\smillies\huh.gif --> ftp.skate-world.net /public_html/news/upload/smillies huh.gif
2004.03.31 18:47 B E:\Documents and Settings\Adam Knox\My Documents\Web Sites\skate world\html\future designs\design 4\news\upload\smillies\idea.gif --> ftp.skate-world.net /public_html/news/upload/smillies idea.gif
2004.03.31 18:47 B E:\Documents and Settings\Adam Knox\My Documents\Web Sites\skate world\html\future designs\design 4\news\upload\smillies\laugh.gif --> ftp.skate-world.net /public_html/news/upload/smillies laugh.gif
2004.03.31 18:47 B E:\Documents and Settings\Adam Knox\My Documents\Web Sites\skate world\html\future designs\design 4\news\upload\smillies\love.gif --> ftp.skate-world.net /public_html/news/upload/smillies love.gif
2004.03.31 18:47 B E:\Documents and Settings\Adam Knox\My Documents\Web Sites\skate world\html\future designs\design 4\news\upload\smillies\mad.gif --> ftp.skate-world.net /public_html/news/upload/smillies mad.gif
2004.03.31 18:47 B E:\Documents and Settings\Adam Knox\My Documents\Web Sites\skate world\html\future designs\design 4\news\upload\smillies\notrust.gif --> ftp.skate-world.net /public_html/news/upload/smillies notrust.gif
2004.03.31 18:47 B E:\Documents and Settings\Adam Knox\My Documents\Web Sites\skate world\html\future designs\design 4\news\upload\smillies\noworry.gif --> ftp.skate-world.net /public_html/news/upload/smillies noworry.gif
2004.03.31 18:47 B E:\Documents and Settings\Adam Knox\My Documents\Web Sites\skate world\html\future designs\design 4\news\upload\smillies\nuts.gif --> ftp.skate-world.net /public_html/news/upload/smillies nuts.gif
2004.03.31 18:47 B E:\Documents and Settings\Adam Knox\My Documents\Web Sites\skate world\html\future designs\design 4\news\upload\smillies\oh.gif --> ftp.skate-world.net /public_html/news/upload/smillies oh.gif
2004.03.31 18:47 B E:\Documents and Settings\Adam Knox\My Documents\Web Sites\skate world\html\future designs\design 4\news\upload\smillies\push.gif --> ftp.skate-world.net /public_html/news/upload/smillies push.gif
2004.03.31 18:47 B E:\Documents and Settings\Adam Knox\My Documents\Web Sites\skate world\html\future designs\design 4\news\upload\smillies\rolleyes.gif --> ftp.skate-world.net /public_html/news/upload/smillies rolleyes.gif
2004.03.31 18:47 B E:\Documents and Settings\Adam Knox\My Documents\Web Sites\skate world\html\future designs\design 4\news\upload\smillies\sad.gif --> ftp.skate-world.net /public_html/news/upload/smillies sad.gif
2004.03.31 18:47 B E:\Documents and Settings\Adam Knox\My Documents\Web Sites\skate world\html\future designs\design 4\news\upload\smillies\sad2.gif --> ftp.skate-world.net /public_html/news/upload/smillies sad2.gif
2004.03.31 18:47 B E:\Documents and Settings\Adam Knox\My Documents\Web Sites\skate world\html\future designs\design 4\news\upload\smillies\sick.gif --> ftp.skate-world.net /public_html/news/upload/smillies sick.gif
2004.03.31 18:47 B E:\Documents and Settings\Adam Knox\My Documents\Web Sites\skate world\html\future designs\design 4\news\upload\smillies\smile.gif --> ftp.skate-world.net /public_html/news/upload/smillies smile.gif
2004.03.31 18:47 B E:\Documents and Settings\Adam Knox\My Documents\Web Sites\skate world\html\future designs\design 4\news\upload\smillies\smile1.gif --> ftp.skate-world.net /public_html/news/upload/smillies smile1.gif
2004.03.31 18:47 B E:\Documents and Settings\Adam Knox\My Documents\Web Sites\skate world\html\future designs\design 4\news\upload\smillies\suspicious.gif --> ftp.skate-world.net /public_html/news/upload/smillies suspicious.gif
2004.03.31 18:47 B E:\Documents and Settings\Adam Knox\My Documents\Web Sites\skate world\html\future designs\design 4\news\upload\smillies\Thumbs.db --> ftp.skate-world.net /public_html/news/upload/smillies Thumbs.db
2004.03.31 18:47 B E:\Documents and Settings\Adam Knox\My Documents\Web Sites\skate world\html\future designs\design 4\news\upload\smillies\toung.gif --> ftp.skate-world.net /public_html/news/upload/smillies toung.gif
2004.03.31 18:47 B E:\Documents and Settings\Adam Knox\My Documents\Web Sites\skate world\html\future designs\design 4\news\upload\smillies\unsure.gif --> ftp.skate-world.net /public_html/news/upload/smillies unsure.gif
2004.03.31 18:47 B E:\Documents and Settings\Adam Knox\My Documents\Web Sites\skate world\html\future designs\design 4\news\upload\smillies\wacko.gif --> ftp.skate-world.net /public_html/news/upload/smillies wacko.gif
2004.03.31 18:47 B E:\Documents and Settings\Adam Knox\My Documents\Web Sites\skate world\html\future designs\design 4\news\upload\smillies\weird.gif --> ftp.skate-world.net /public_html/news/upload/smillies weird.gif
2004.03.31 18:47 B E:\Documents and Settings\Adam Knox\My Documents\Web Sites\skate world\html\future designs\design 4\news\upload\smillies\whip.gif --> ftp.skate-world.net /public_html/news/upload/smillies whip.gif
2004.03.31 18:47 B E:\Documents and Settings\Adam Knox\My Documents\Web Sites\skate world\html\future designs\design 4\news\upload\smillies\wondering.gif --> ftp.skate-world.net /public_html/news/upload/smillies wondering.gif
2004.03.31 18:47 B E:\Documents and Settings\Adam Knox\My Documents\Web Sites\skate world\html\future designs\design 4\news\upload\smillies\worried.gif --> ftp.skate-world.net /public_html/news/upload/smillies worried.gif
