2003.10.10 16:59 B E:\Documents and Settings\Adam Knox\My Documents\skate-world.net\ibforum\ivb1-3\skin graphics\Merlot-743\add.gif <-- skate-world.net /public_html/forum/style_images/Merlot-743 add.gif
2003.10.10 16:59 B E:\Documents and Settings\Adam Knox\My Documents\skate-world.net\ibforum\ivb1-3\skin graphics\Merlot-743\bar.gif <-- skate-world.net /public_html/forum/style_images/Merlot-743 bar.gif
2003.10.10 16:59 B E:\Documents and Settings\Adam Knox\My Documents\skate-world.net\ibforum\ivb1-3\skin graphics\Merlot-743\bar_left.gif <-- skate-world.net /public_html/forum/style_images/Merlot-743 bar_left.gif
2003.10.10 16:59 B E:\Documents and Settings\Adam Knox\My Documents\skate-world.net\ibforum\ivb1-3\skin graphics\Merlot-743\bar_right.gif <-- skate-world.net /public_html/forum/style_images/Merlot-743 bar_right.gif
2003.10.10 16:59 B E:\Documents and Settings\Adam Knox\My Documents\skate-world.net\ibforum\ivb1-3\skin graphics\Merlot-743\bc_new.gif <-- skate-world.net /public_html/forum/style_images/Merlot-743 bc_new.gif
2003.10.10 16:59 B E:\Documents and Settings\Adam Knox\My Documents\skate-world.net\ibforum\ivb1-3\skin graphics\Merlot-743\bc_nonew.gif <-- skate-world.net /public_html/forum/style_images/Merlot-743 bc_nonew.gif
2003.10.10 16:59 B E:\Documents and Settings\Adam Knox\My Documents\skate-world.net\ibforum\ivb1-3\skin graphics\Merlot-743\bf_new.gif <-- skate-world.net /public_html/forum/style_images/Merlot-743 bf_new.gif
2003.10.10 16:59 B E:\Documents and Settings\Adam Knox\My Documents\skate-world.net\ibforum\ivb1-3\skin graphics\Merlot-743\bf_nonew.gif <-- skate-world.net /public_html/forum/style_images/Merlot-743 bf_nonew.gif
2003.10.10 16:59 B E:\Documents and Settings\Adam Knox\My Documents\skate-world.net\ibforum\ivb1-3\skin graphics\Merlot-743\bf_readonly.gif <-- skate-world.net /public_html/forum/style_images/Merlot-743 bf_readonly.gif
2003.10.10 16:59 B E:\Documents and Settings\Adam Knox\My Documents\skate-world.net\ibforum\ivb1-3\skin graphics\Merlot-743\bg.bmp <-- skate-world.net /public_html/forum/style_images/Merlot-743 bg.bmp
2003.10.10 16:59 B E:\Documents and Settings\Adam Knox\My Documents\skate-world.net\ibforum\ivb1-3\skin graphics\Merlot-743\bg.gif <-- skate-world.net /public_html/forum/style_images/Merlot-743 bg.gif
2003.10.10 16:59 B E:\Documents and Settings\Adam Knox\My Documents\skate-world.net\ibforum\ivb1-3\skin graphics\Merlot-743\bg1.gif <-- skate-world.net /public_html/forum/style_images/Merlot-743 bg1.gif
2003.10.10 16:59 B E:\Documents and Settings\Adam Knox\My Documents\skate-world.net\ibforum\ivb1-3\skin graphics\Merlot-743\bg2.gif <-- skate-world.net /public_html/forum/style_images/Merlot-743 bg2.gif
2003.10.10 16:59 B E:\Documents and Settings\Adam Knox\My Documents\skate-world.net\ibforum\ivb1-3\skin graphics\Merlot-743\birthdays.gif <-- skate-world.net /public_html/forum/style_images/Merlot-743 birthdays.gif
2003.10.10 16:59 B E:\Documents and Settings\Adam Knox\My Documents\skate-world.net\ibforum\ivb1-3\skin graphics\Merlot-743\bottom_bar.gif <-- skate-world.net /public_html/forum/style_images/Merlot-743 bottom_bar.gif
2003.10.10 16:59 B E:\Documents and Settings\Adam Knox\My Documents\skate-world.net\ibforum\ivb1-3\skin graphics\Merlot-743\bottom_left.gif <-- skate-world.net /public_html/forum/style_images/Merlot-743 bottom_left.gif
2003.10.10 16:59 B E:\Documents and Settings\Adam Knox\My Documents\skate-world.net\ibforum\ivb1-3\skin graphics\Merlot-743\bottom_right.gif <-- skate-world.net /public_html/forum/style_images/Merlot-743 bottom_right.gif
2003.10.10 16:59 B E:\Documents and Settings\Adam Knox\My Documents\skate-world.net\ibforum\ivb1-3\skin graphics\Merlot-743\br_new.gif <-- skate-world.net /public_html/forum/style_images/Merlot-743 br_new.gif
2003.10.10 16:59 B E:\Documents and Settings\Adam Knox\My Documents\skate-world.net\ibforum\ivb1-3\skin graphics\Merlot-743\br_nonew.gif <-- skate-world.net /public_html/forum/style_images/Merlot-743 br_nonew.gif
2003.10.10 16:59 B E:\Documents and Settings\Adam Knox\My Documents\skate-world.net\ibforum\ivb1-3\skin graphics\Merlot-743\calender.gif <-- skate-world.net /public_html/forum/style_images/Merlot-743 calender.gif
2003.10.10 16:59 B E:\Documents and Settings\Adam Knox\My Documents\skate-world.net\ibforum\ivb1-3\skin graphics\Merlot-743\cat_bl.gif <-- skate-world.net /public_html/forum/style_images/Merlot-743 cat_bl.gif
2003.10.10 16:59 B E:\Documents and Settings\Adam Knox\My Documents\skate-world.net\ibforum\ivb1-3\skin graphics\Merlot-743\cat_br.gif <-- skate-world.net /public_html/forum/style_images/Merlot-743 cat_br.gif
2003.10.10 16:59 B E:\Documents and Settings\Adam Knox\My Documents\skate-world.net\ibforum\ivb1-3\skin graphics\Merlot-743\cat_l.gif <-- skate-world.net /public_html/forum/style_images/Merlot-743 cat_l.gif
2003.10.10 16:59 B E:\Documents and Settings\Adam Knox\My Documents\skate-world.net\ibforum\ivb1-3\skin graphics\Merlot-743\cat_r.gif <-- skate-world.net /public_html/forum/style_images/Merlot-743 cat_r.gif
2003.10.10 17:00 B E:\Documents and Settings\Adam Knox\My Documents\skate-world.net\ibforum\ivb1-3\skin graphics\Merlot-743\Chris.jpg <-- skate-world.net /public_html/forum/style_images/Merlot-743 Chris.jpg
2003.10.10 17:00 B E:\Documents and Settings\Adam Knox\My Documents\skate-world.net\ibforum\ivb1-3\skin graphics\Merlot-743\dark_line.gif <-- skate-world.net /public_html/forum/style_images/Merlot-743 dark_line.gif
2003.10.10 17:00 B E:\Documents and Settings\Adam Knox\My Documents\skate-world.net\ibforum\ivb1-3\skin graphics\Merlot-743\f_closed.gif <-- skate-world.net /public_html/forum/style_images/Merlot-743 f_closed.gif
2003.10.10 17:00 B E:\Documents and Settings\Adam Knox\My Documents\skate-world.net\ibforum\ivb1-3\skin graphics\Merlot-743\f_hot.gif <-- skate-world.net /public_html/forum/style_images/Merlot-743 f_hot.gif
2003.10.10 17:00 B E:\Documents and Settings\Adam Knox\My Documents\skate-world.net\ibforum\ivb1-3\skin graphics\Merlot-743\f_hot_dot.gif <-- skate-world.net /public_html/forum/style_images/Merlot-743 f_hot_dot.gif
2003.10.10 17:00 B E:\Documents and Settings\Adam Knox\My Documents\skate-world.net\ibforum\ivb1-3\skin graphics\Merlot-743\f_hot_no.gif <-- skate-world.net /public_html/forum/style_images/Merlot-743 f_hot_no.gif
2003.10.10 17:00 B E:\Documents and Settings\Adam Knox\My Documents\skate-world.net\ibforum\ivb1-3\skin graphics\Merlot-743\f_hot_no_dot.gif <-- skate-world.net /public_html/forum/style_images/Merlot-743 f_hot_no_dot.gif
2003.10.10 17:00 B E:\Documents and Settings\Adam Knox\My Documents\skate-world.net\ibforum\ivb1-3\skin graphics\Merlot-743\f_moved.gif <-- skate-world.net /public_html/forum/style_images/Merlot-743 f_moved.gif
2003.10.10 17:00 B E:\Documents and Settings\Adam Knox\My Documents\skate-world.net\ibforum\ivb1-3\skin graphics\Merlot-743\f_norm.gif <-- skate-world.net /public_html/forum/style_images/Merlot-743 f_norm.gif
2003.10.10 17:00 B E:\Documents and Settings\Adam Knox\My Documents\skate-world.net\ibforum\ivb1-3\skin graphics\Merlot-743\f_norm_dot.gif <-- skate-world.net /public_html/forum/style_images/Merlot-743 f_norm_dot.gif
2003.10.10 17:00 B E:\Documents and Settings\Adam Knox\My Documents\skate-world.net\ibforum\ivb1-3\skin graphics\Merlot-743\f_norm_no.gif <-- skate-world.net /public_html/forum/style_images/Merlot-743 f_norm_no.gif
2003.10.10 17:00 B E:\Documents and Settings\Adam Knox\My Documents\skate-world.net\ibforum\ivb1-3\skin graphics\Merlot-743\f_norm_no_dot.gif <-- skate-world.net /public_html/forum/style_images/Merlot-743 f_norm_no_dot.gif
2003.10.10 17:00 B E:\Documents and Settings\Adam Knox\My Documents\skate-world.net\ibforum\ivb1-3\skin graphics\Merlot-743\f_pinned.gif <-- skate-world.net /public_html/forum/style_images/Merlot-743 f_pinned.gif
2003.10.10 17:00 B E:\Documents and Settings\Adam Knox\My Documents\skate-world.net\ibforum\ivb1-3\skin graphics\Merlot-743\f_poll.gif <-- skate-world.net /public_html/forum/style_images/Merlot-743 f_poll.gif
2003.10.10 17:00 B E:\Documents and Settings\Adam Knox\My Documents\skate-world.net\ibforum\ivb1-3\skin graphics\Merlot-743\f_poll_dot.gif <-- skate-world.net /public_html/forum/style_images/Merlot-743 f_poll_dot.gif
2003.10.10 17:00 B E:\Documents and Settings\Adam Knox\My Documents\skate-world.net\ibforum\ivb1-3\skin graphics\Merlot-743\f_poll_no.gif <-- skate-world.net /public_html/forum/style_images/Merlot-743 f_poll_no.gif
2003.10.10 17:00 B E:\Documents and Settings\Adam Knox\My Documents\skate-world.net\ibforum\ivb1-3\skin graphics\Merlot-743\f_poll_no_dot.gif <-- skate-world.net /public_html/forum/style_images/Merlot-743 f_poll_no_dot.gif
2003.10.10 17:00 B E:\Documents and Settings\Adam Knox\My Documents\skate-world.net\ibforum\ivb1-3\skin graphics\Merlot-743\header_tile.gif <-- skate-world.net /public_html/forum/style_images/Merlot-743 header_tile.gif
2003.10.10 17:00 B E:\Documents and Settings\Adam Knox\My Documents\skate-world.net\ibforum\ivb1-3\skin graphics\Merlot-743\icon0.gif <-- skate-world.net /public_html/forum/style_images/Merlot-743 icon0.gif
2003.10.10 17:00 B E:\Documents and Settings\Adam Knox\My Documents\skate-world.net\ibforum\ivb1-3\skin graphics\Merlot-743\icon1.gif <-- skate-world.net /public_html/forum/style_images/Merlot-743 icon1.gif
2003.10.10 17:00 B E:\Documents and Settings\Adam Knox\My Documents\skate-world.net\ibforum\ivb1-3\skin graphics\Merlot-743\icon10.gif <-- skate-world.net /public_html/forum/style_images/Merlot-743 icon10.gif
2003.10.10 17:00 B E:\Documents and Settings\Adam Knox\My Documents\skate-world.net\ibforum\ivb1-3\skin graphics\Merlot-743\icon11.gif <-- skate-world.net /public_html/forum/style_images/Merlot-743 icon11.gif
2003.10.10 17:00 B E:\Documents and Settings\Adam Knox\My Documents\skate-world.net\ibforum\ivb1-3\skin graphics\Merlot-743\icon12.gif <-- skate-world.net /public_html/forum/style_images/Merlot-743 icon12.gif
2003.10.10 17:00 B E:\Documents and Settings\Adam Knox\My Documents\skate-world.net\ibforum\ivb1-3\skin graphics\Merlot-743\icon13.gif <-- skate-world.net /public_html/forum/style_images/Merlot-743 icon13.gif
2003.10.10 17:00 B E:\Documents and Settings\Adam Knox\My Documents\skate-world.net\ibforum\ivb1-3\skin graphics\Merlot-743\icon14.gif <-- skate-world.net /public_html/forum/style_images/Merlot-743 icon14.gif
2003.10.10 17:00 B E:\Documents and Settings\Adam Knox\My Documents\skate-world.net\ibforum\ivb1-3\skin graphics\Merlot-743\icon15.gif <-- skate-world.net /public_html/forum/style_images/Merlot-743 icon15.gif
2003.10.10 17:00 B E:\Documents and Settings\Adam Knox\My Documents\skate-world.net\ibforum\ivb1-3\skin graphics\Merlot-743\icon16.gif <-- skate-world.net /public_html/forum/style_images/Merlot-743 icon16.gif
2003.10.10 17:01 B E:\Documents and Settings\Adam Knox\My Documents\skate-world.net\ibforum\ivb1-3\skin graphics\Merlot-743\icon17.gif <-- skate-world.net /public_html/forum/style_images/Merlot-743 icon17.gif
2003.10.10 17:01 B E:\Documents and Settings\Adam Knox\My Documents\skate-world.net\ibforum\ivb1-3\skin graphics\Merlot-743\icon18.gif <-- skate-world.net /public_html/forum/style_images/Merlot-743 icon18.gif
2003.10.10 17:01 B E:\Documents and Settings\Adam Knox\My Documents\skate-world.net\ibforum\ivb1-3\skin graphics\Merlot-743\icon2.gif <-- skate-world.net /public_html/forum/style_images/Merlot-743 icon2.gif
2003.10.10 17:01 B E:\Documents and Settings\Adam Knox\My Documents\skate-world.net\ibforum\ivb1-3\skin graphics\Merlot-743\icon3.gif <-- skate-world.net /public_html/forum/style_images/Merlot-743 icon3.gif
2003.10.10 17:01 B E:\Documents and Settings\Adam Knox\My Documents\skate-world.net\ibforum\ivb1-3\skin graphics\Merlot-743\icon4.gif <-- skate-world.net /public_html/forum/style_images/Merlot-743 icon4.gif
2003.10.10 17:01 B E:\Documents and Settings\Adam Knox\My Documents\skate-world.net\ibforum\ivb1-3\skin graphics\Merlot-743\icon5.gif <-- skate-world.net /public_html/forum/style_images/Merlot-743 icon5.gif
2003.10.10 17:01 B E:\Documents and Settings\Adam Knox\My Documents\skate-world.net\ibforum\ivb1-3\skin graphics\Merlot-743\icon6.gif <-- skate-world.net /public_html/forum/style_images/Merlot-743 icon6.gif
2003.10.10 17:01 B E:\Documents and Settings\Adam Knox\My Documents\skate-world.net\ibforum\ivb1-3\skin graphics\Merlot-743\icon7.gif <-- skate-world.net /public_html/forum/style_images/Merlot-743 icon7.gif
2003.10.10 17:02 B E:\Documents and Settings\Adam Knox\My Documents\skate-world.net\ibforum\ivb1-3\skin graphics\Merlot-743\icon8.gif <-- skate-world.net /public_html/forum/style_images/Merlot-743 icon8.gif
2003.10.10 17:02 B E:\Documents and Settings\Adam Knox\My Documents\skate-world.net\ibforum\ivb1-3\skin graphics\Merlot-743\icon9.gif <-- skate-world.net /public_html/forum/style_images/Merlot-743 icon9.gif
2003.10.10 17:02 B E:\Documents and Settings\Adam Knox\My Documents\skate-world.net\ibforum\ivb1-3\skin graphics\Merlot-743\icon99.gif <-- skate-world.net /public_html/forum/style_images/Merlot-743 icon99.gif
2003.10.10 17:02 B E:\Documents and Settings\Adam Knox\My Documents\skate-world.net\ibforum\ivb1-3\skin graphics\Merlot-743\icon_clndr.gif <-- skate-world.net /public_html/forum/style_images/Merlot-743 icon_clndr.gif
2003.10.10 17:02 B E:\Documents and Settings\Adam Knox\My Documents\skate-world.net\ibforum\ivb1-3\skin graphics\Merlot-743\icon_div.gif <-- skate-world.net /public_html/forum/style_images/Merlot-743 icon_div.gif
2003.10.10 17:02 B E:\Documents and Settings\Adam Knox\My Documents\skate-world.net\ibforum\ivb1-3\skin graphics\Merlot-743\icon_help.gif <-- skate-world.net /public_html/forum/style_images/Merlot-743 icon_help.gif
2003.10.10 17:02 B E:\Documents and Settings\Adam Knox\My Documents\skate-world.net\ibforum\ivb1-3\skin graphics\Merlot-743\icon_home.gif <-- skate-world.net /public_html/forum/style_images/Merlot-743 icon_home.gif
2003.10.10 17:02 B E:\Documents and Settings\Adam Knox\My Documents\skate-world.net\ibforum\ivb1-3\skin graphics\Merlot-743\icon_members.gif <-- skate-world.net /public_html/forum/style_images/Merlot-743 icon_members.gif
2003.10.10 17:02 B E:\Documents and Settings\Adam Knox\My Documents\skate-world.net\ibforum\ivb1-3\skin graphics\Merlot-743\icon_msg_new.gif <-- skate-world.net /public_html/forum/style_images/Merlot-743 icon_msg_new.gif
2003.10.10 17:02 B E:\Documents and Settings\Adam Knox\My Documents\skate-world.net\ibforum\ivb1-3\skin graphics\Merlot-743\icon_msg_new_dis.gif <-- skate-world.net /public_html/forum/style_images/Merlot-743 icon_msg_new_dis.gif
2003.10.10 17:02 B E:\Documents and Settings\Adam Knox\My Documents\skate-world.net\ibforum\ivb1-3\skin graphics\Merlot-743\icon_msg_nonew.gif <-- skate-world.net /public_html/forum/style_images/Merlot-743 icon_msg_nonew.gif
2003.10.10 17:02 B E:\Documents and Settings\Adam Knox\My Documents\skate-world.net\ibforum\ivb1-3\skin graphics\Merlot-743\icon_msg_nonew_dis.gif <-- skate-world.net /public_html/forum/style_images/Merlot-743 icon_msg_nonew_dis.gif
2003.10.10 17:03 B E:\Documents and Settings\Adam Knox\My Documents\skate-world.net\ibforum\ivb1-3\skin graphics\Merlot-743\icon_search.gif <-- skate-world.net /public_html/forum/style_images/Merlot-743 icon_search.gif
2003.10.10 17:03 B E:\Documents and Settings\Adam Knox\My Documents\skate-world.net\ibforum\ivb1-3\skin graphics\Merlot-743\index.html <-- skate-world.net /public_html/forum/style_images/Merlot-743 index.html
2003.10.10 17:03 B E:\Documents and Settings\Adam Knox\My Documents\skate-world.net\ibforum\ivb1-3\skin graphics\Merlot-743\logo.gif <-- skate-world.net /public_html/forum/style_images/Merlot-743 logo.gif
2003.10.10 17:03 B E:\Documents and Settings\Adam Knox\My Documents\skate-world.net\ibforum\ivb1-3\skin graphics\Merlot-743\logo.jpg <-- skate-world.net /public_html/forum/style_images/Merlot-743 logo.jpg
2003.10.10 17:03 B E:\Documents and Settings\Adam Knox\My Documents\skate-world.net\ibforum\ivb1-3\skin graphics\Merlot-743\logo.psd <-- skate-world.net /public_html/forum/style_images/Merlot-743 logo.psd
2003.10.10 17:03 B E:\Documents and Settings\Adam Knox\My Documents\skate-world.net\ibforum\ivb1-3\skin graphics\Merlot-743\msg_l_addmem.gif <-- skate-world.net /public_html/forum/style_images/Merlot-743 msg_l_addmem.gif
2003.10.10 17:03 B E:\Documents and Settings\Adam Knox\My Documents\skate-world.net\ibforum\ivb1-3\skin graphics\Merlot-743\msg_l_delete.gif <-- skate-world.net /public_html/forum/style_images/Merlot-743 msg_l_delete.gif
2003.10.10 17:03 B E:\Documents and Settings\Adam Knox\My Documents\skate-world.net\ibforum\ivb1-3\skin graphics\Merlot-743\msg_l_reply.gif <-- skate-world.net /public_html/forum/style_images/Merlot-743 msg_l_reply.gif
2003.10.10 17:03 B E:\Documents and Settings\Adam Knox\My Documents\skate-world.net\ibforum\ivb1-3\skin graphics\Merlot-743\nav.gif <-- skate-world.net /public_html/forum/style_images/Merlot-743 nav.gif
2003.10.10 17:03 B E:\Documents and Settings\Adam Knox\My Documents\skate-world.net\ibforum\ivb1-3\skin graphics\Merlot-743\nav_m.gif <-- skate-world.net /public_html/forum/style_images/Merlot-743 nav_m.gif
2003.10.10 17:04 B E:\Documents and Settings\Adam Knox\My Documents\skate-world.net\ibforum\ivb1-3\skin graphics\Merlot-743\nav_m_dark.gif <-- skate-world.net /public_html/forum/style_images/Merlot-743 nav_m_dark.gif
2003.10.10 17:04 B E:\Documents and Settings\Adam Knox\My Documents\skate-world.net\ibforum\ivb1-3\skin graphics\Merlot-743\newpost.gif <-- skate-world.net /public_html/forum/style_images/Merlot-743 newpost.gif
2003.10.10 17:04 B E:\Documents and Settings\Adam Knox\My Documents\skate-world.net\ibforum\ivb1-3\skin graphics\Merlot-743\p_aim.gif <-- skate-world.net /public_html/forum/style_images/Merlot-743 p_aim.gif
2003.10.10 17:04 B E:\Documents and Settings\Adam Knox\My Documents\skate-world.net\ibforum\ivb1-3\skin graphics\Merlot-743\p_delete.gif <-- skate-world.net /public_html/forum/style_images/Merlot-743 p_delete.gif
2003.10.10 17:04 B E:\Documents and Settings\Adam Knox\My Documents\skate-world.net\ibforum\ivb1-3\skin graphics\Merlot-743\p_edit.gif <-- skate-world.net /public_html/forum/style_images/Merlot-743 p_edit.gif
2003.10.10 17:04 B E:\Documents and Settings\Adam Knox\My Documents\skate-world.net\ibforum\ivb1-3\skin graphics\Merlot-743\p_email.gif <-- skate-world.net /public_html/forum/style_images/Merlot-743 p_email.gif
2003.10.10 17:04 B E:\Documents and Settings\Adam Knox\My Documents\skate-world.net\ibforum\ivb1-3\skin graphics\Merlot-743\p_icq.gif <-- skate-world.net /public_html/forum/style_images/Merlot-743 p_icq.gif
2003.10.10 17:04 B E:\Documents and Settings\Adam Knox\My Documents\skate-world.net\ibforum\ivb1-3\skin graphics\Merlot-743\p_msn.gif <-- skate-world.net /public_html/forum/style_images/Merlot-743 p_msn.gif
2003.10.10 17:04 B E:\Documents and Settings\Adam Knox\My Documents\skate-world.net\ibforum\ivb1-3\skin graphics\Merlot-743\p_pm.gif <-- skate-world.net /public_html/forum/style_images/Merlot-743 p_pm.gif
2003.10.10 17:04 B E:\Documents and Settings\Adam Knox\My Documents\skate-world.net\ibforum\ivb1-3\skin graphics\Merlot-743\p_quote.gif <-- skate-world.net /public_html/forum/style_images/Merlot-743 p_quote.gif
2003.10.10 17:05 B E:\Documents and Settings\Adam Knox\My Documents\skate-world.net\ibforum\ivb1-3\skin graphics\Merlot-743\p_up.gif <-- skate-world.net /public_html/forum/style_images/Merlot-743 p_up.gif
2003.10.10 17:05 B E:\Documents and Settings\Adam Knox\My Documents\skate-world.net\ibforum\ivb1-3\skin graphics\Merlot-743\p_www.gif <-- skate-world.net /public_html/forum/style_images/Merlot-743 p_www.gif
2003.10.10 17:05 B E:\Documents and Settings\Adam Knox\My Documents\skate-world.net\ibforum\ivb1-3\skin graphics\Merlot-743\p_yim.gif <-- skate-world.net /public_html/forum/style_images/Merlot-743 p_yim.gif
2003.10.10 17:05 B E:\Documents and Settings\Adam Knox\My Documents\skate-world.net\ibforum\ivb1-3\skin graphics\Merlot-743\pip.gif <-- skate-world.net /public_html/forum/style_images/Merlot-743 pip.gif
2003.10.10 17:05 B E:\Documents and Settings\Adam Knox\My Documents\skate-world.net\ibforum\ivb1-3\skin graphics\Merlot-743\remove.gif <-- skate-world.net /public_html/forum/style_images/Merlot-743 remove.gif
2003.10.10 17:05 B E:\Documents and Settings\Adam Knox\My Documents\skate-world.net\ibforum\ivb1-3\skin graphics\Merlot-743\sep.gif <-- skate-world.net /public_html/forum/style_images/Merlot-743 sep.gif
2003.10.10 17:05 B E:\Documents and Settings\Adam Knox\My Documents\skate-world.net\ibforum\ivb1-3\skin graphics\Merlot-743\spacer.gif <-- skate-world.net /public_html/forum/style_images/Merlot-743 spacer.gif
2003.10.10 17:05 B E:\Documents and Settings\Adam Knox\My Documents\skate-world.net\ibforum\ivb1-3\skin graphics\Merlot-743\stats.gif <-- skate-world.net /public_html/forum/style_images/Merlot-743 stats.gif
2003.10.10 17:05 B E:\Documents and Settings\Adam Knox\My Documents\skate-world.net\ibforum\ivb1-3\skin graphics\Merlot-743\t_closed.gif <-- skate-world.net /public_html/forum/style_images/Merlot-743 t_closed.gif
2003.10.10 17:06 B E:\Documents and Settings\Adam Knox\My Documents\skate-world.net\ibforum\ivb1-3\skin graphics\Merlot-743\t_moved.gif <-- skate-world.net /public_html/forum/style_images/Merlot-743 t_moved.gif
2003.10.10 17:06 B E:\Documents and Settings\Adam Knox\My Documents\skate-world.net\ibforum\ivb1-3\skin graphics\Merlot-743\t_new.gif <-- skate-world.net /public_html/forum/style_images/Merlot-743 t_new.gif
2003.10.10 17:06 B E:\Documents and Settings\Adam Knox\My Documents\skate-world.net\ibforum\ivb1-3\skin graphics\Merlot-743\t_poll.gif <-- skate-world.net /public_html/forum/style_images/Merlot-743 t_poll.gif
2003.10.10 17:06 B E:\Documents and Settings\Adam Knox\My Documents\skate-world.net\ibforum\ivb1-3\skin graphics\Merlot-743\t_reply.gif <-- skate-world.net /public_html/forum/style_images/Merlot-743 t_reply.gif
2003.10.10 17:06 B E:\Documents and Settings\Adam Knox\My Documents\skate-world.net\ibforum\ivb1-3\skin graphics\Merlot-743\Thumbs.db <-- skate-world.net /public_html/forum/style_images/Merlot-743 Thumbs.db
2003.10.10 17:06 B E:\Documents and Settings\Adam Knox\My Documents\skate-world.net\ibforum\ivb1-3\skin graphics\Merlot-743\tile_back.gif <-- skate-world.net /public_html/forum/style_images/Merlot-743 tile_back.gif
2003.10.10 17:06 B E:\Documents and Settings\Adam Knox\My Documents\skate-world.net\ibforum\ivb1-3\skin graphics\Merlot-743\tile_back_small.gif <-- skate-world.net /public_html/forum/style_images/Merlot-743 tile_back_small.gif
2003.10.10 17:06 B E:\Documents and Settings\Adam Knox\My Documents\skate-world.net\ibforum\ivb1-3\skin graphics\Merlot-743\tile_sub.gif <-- skate-world.net /public_html/forum/style_images/Merlot-743 tile_sub.gif
2003.10.10 17:06 B E:\Documents and Settings\Adam Knox\My Documents\skate-world.net\ibforum\ivb1-3\skin graphics\Merlot-743\top_bar.gif <-- skate-world.net /public_html/forum/style_images/Merlot-743 top_bar.gif
2003.10.10 17:06 B E:\Documents and Settings\Adam Knox\My Documents\skate-world.net\ibforum\ivb1-3\skin graphics\Merlot-743\top_left.gif <-- skate-world.net /public_html/forum/style_images/Merlot-743 top_left.gif
2003.10.10 17:07 B E:\Documents and Settings\Adam Knox\My Documents\skate-world.net\ibforum\ivb1-3\skin graphics\Merlot-743\top_right.gif <-- skate-world.net /public_html/forum/style_images/Merlot-743 top_right.gif
2003.10.10 17:07 B E:\Documents and Settings\Adam Knox\My Documents\skate-world.net\ibforum\ivb1-3\skin graphics\Merlot-743\user.gif <-- skate-world.net /public_html/forum/style_images/Merlot-743 user.gif
