2004.08.24 11:22 B E:\Documents and Settings\Adam Knox\Desktop\last skate world\photoshop\design2\content\sb_articles\add.html --> ftp.skate-world.net /public_html/content/sb_articles add.html
2004.08.24 11:22 B E:\Documents and Settings\Adam Knox\Desktop\last skate world\photoshop\design2\content\sb_articles\add_links.php --> ftp.skate-world.net /public_html/content/sb_articles add_links.php
2004.08.24 11:22 B E:\Documents and Settings\Adam Knox\Desktop\last skate world\photoshop\design2\content\sb_articles\delete.php --> ftp.skate-world.net /public_html/content/sb_articles delete.php
2004.08.24 11:22 B E:\Documents and Settings\Adam Knox\Desktop\last skate world\photoshop\design2\content\sb_articles\delete_links.php --> ftp.skate-world.net /public_html/content/sb_articles delete_links.php
2004.08.24 11:22 B E:\Documents and Settings\Adam Knox\Desktop\last skate world\photoshop\design2\content\sb_articles\links.php --> ftp.skate-world.net /public_html/content/sb_articles links.php
2004.08.24 11:52 B E:\Documents and Settings\Adam Knox\Desktop\last skate world\photoshop\design2\content\sb_articles\WS_FTP.LOG --> ftp.skate-world.net /public_html/content/sb_articles WS_FTP.LOG
2004.08.24 11:53 B E:\Documents and Settings\Adam Knox\Desktop\last skate world\photoshop\design2\content\sb_articles\add.html --> ftp.skate-world.net /public_html/content/sb_articles add.html
2004.08.24 11:53 B E:\Documents and Settings\Adam Knox\Desktop\last skate world\photoshop\design2\content\sb_articles\add_links.php --> ftp.skate-world.net /public_html/content/sb_articles add_links.php
2004.08.24 11:53 B E:\Documents and Settings\Adam Knox\Desktop\last skate world\photoshop\design2\content\sb_articles\delete.php --> ftp.skate-world.net /public_html/content/sb_articles delete.php
2004.08.24 11:53 B E:\Documents and Settings\Adam Knox\Desktop\last skate world\photoshop\design2\content\sb_articles\delete_links.php --> ftp.skate-world.net /public_html/content/sb_articles delete_links.php
2004.08.24 11:53 B E:\Documents and Settings\Adam Knox\Desktop\last skate world\photoshop\design2\content\sb_articles\links.php --> ftp.skate-world.net /public_html/content/sb_articles links.php
2004.08.24 11:57 B E:\Documents and Settings\Adam Knox\Desktop\last skate world\photoshop\design2\content\sb_articles\links.php --> ftp.skate-world.net /public_html/content/sb_articles links.php
2004.08.24 17:56 B E:\Documents and Settings\Adam Knox\Desktop\last skate world\photoshop\design2\content\sb_articles\index.php --> ftp.skate-world.net /public_html/content/sb_articles index.php
2004.08.24 20:28 B E:\Documents and Settings\Adam Knox\Desktop\last skate world\photoshop\design2\content\sb_articles\WS_FTP.LOG --> ftp.skate-world.net /public_html/content/sb_articles WS_FTP.LOG
2004.08.26 13:08 B E:\Documents and Settings\Adam Knox\Desktop\last skate world\photoshop\design2\content\sb_articles\add_links.php --> ftp.skate-world.net /public_html/content/sb_articles add_links.php
2004.08.26 13:08 B E:\Documents and Settings\Adam Knox\Desktop\last skate world\photoshop\design2\content\sb_articles\delete_links.php --> ftp.skate-world.net /public_html/content/sb_articles delete_links.php
2004.08.26 13:08 B E:\Documents and Settings\Adam Knox\Desktop\last skate world\photoshop\design2\content\sb_articles\index.php --> ftp.skate-world.net /public_html/content/sb_articles index.php
2004.08.27 16:09 B E:\Documents and Settings\Adam Knox\Desktop\Skate World\1 Current Design\V15\content\sb_articles\delete.php --> ftp.skate-world.net /public_html/content/sb_articles delete.php
2004.08.27 22:03 B E:\Documents and Settings\Adam Knox\Desktop\Skate World\1 Current Design\V15\content\sb_articles\delete.php --> ftp.skate-world.net /public_html/content/sb_articles delete.php
2004.08.27 22:03 B E:\Documents and Settings\Adam Knox\Desktop\Skate World\1 Current Design\V15\content\sb_articles\WS_FTP.LOG --> ftp.skate-world.net /public_html/content/sb_articles WS_FTP.LOG
2004.08.27 22:35 B E:\Documents and Settings\Adam Knox\Desktop\Skate World\1 Current Design\V15\content\sb_articles\delete.php --> ftp.skate-world.net /public_html/content/sb_articles delete.php
2004.08.27 22:35 B E:\Documents and Settings\Adam Knox\Desktop\Skate World\1 Current Design\V15\content\sb_articles\index.php --> ftp.skate-world.net /public_html/content/sb_articles index.php
2004.08.27 22:35 B E:\Documents and Settings\Adam Knox\Desktop\Skate World\1 Current Design\V15\content\sb_articles\WS_FTP.LOG --> ftp.skate-world.net /public_html/content/sb_articles WS_FTP.LOG
2004.08.27 22:54 B E:\Documents and Settings\Adam Knox\Desktop\Skate World\1 Current Design\V15\content\sb_articles\delete.php --> ftp.skate-world.net /public_html/content/sb_articles delete.php
2004.08.27 22:54 B E:\Documents and Settings\Adam Knox\Desktop\Skate World\1 Current Design\V15\content\sb_articles\index.php --> ftp.skate-world.net /public_html/content/sb_articles index.php
2004.08.27 22:54 B E:\Documents and Settings\Adam Knox\Desktop\Skate World\1 Current Design\V15\content\sb_articles\WS_FTP.LOG --> ftp.skate-world.net /public_html/content/sb_articles WS_FTP.LOG
2004.08.27 23:21 B E:\Documents and Settings\Adam Knox\Desktop\Skate World\1 Current Design\V15\content\sb_articles\delete.php --> ftp.skate-world.net /public_html/content/sb_articles delete.php
2004.08.27 23:21 B E:\Documents and Settings\Adam Knox\Desktop\Skate World\1 Current Design\V15\content\sb_articles\index.php --> ftp.skate-world.net /public_html/content/sb_articles index.php
2004.08.27 23:21 B E:\Documents and Settings\Adam Knox\Desktop\Skate World\1 Current Design\V15\content\sb_articles\WS_FTP.LOG --> ftp.skate-world.net /public_html/content/sb_articles WS_FTP.LOG
2004.08.28 09:41 B E:\Documents and Settings\Adam Knox\Desktop\Skate World\1 Current Design\V15\content\sb_articles\index.php --> ftp.skate-world.net /public_html/content/sb_articles index.php
2004.09.20 16:29 B E:\Documents and Settings\Adam Knox\My Documents\Skate World\backup\content\sb_articles\WS_FTP.LOG <-- Skate world Temporary /public_html/content/sb_articles WS_FTP.LOG
