2004.08.23 14:41 B E:\Documents and Settings\Adam Knox\Desktop\last skate world\photoshop\design2\panel\blank.html --> ftp.skate-world.net /public_html/panel blank.html
2004.08.23 14:41 B E:\Documents and Settings\Adam Knox\Desktop\last skate world\photoshop\design2\panel\index.html --> ftp.skate-world.net /public_html/panel index.html
2004.08.23 14:44 B E:\Documents and Settings\Adam Knox\Desktop\last skate world\photoshop\design2\panel\WS_FTP.LOG --> ftp.skate-world.net /public_html/panel WS_FTP.LOG
2004.08.23 14:45 B E:\Documents and Settings\Adam Knox\Desktop\last skate world\photoshop\design2\panel\index.html --> ftp.skate-world.net /public_html/panel index.html
2004.08.23 14:46 B E:\Documents and Settings\Adam Knox\Desktop\last skate world\photoshop\design2\panel\blank.html --> ftp.skate-world.net /public_html/panel blank.html
2004.08.23 14:46 B E:\Documents and Settings\Adam Knox\Desktop\last skate world\photoshop\design2\panel\index.html --> ftp.skate-world.net /public_html/panel index.html
2004.08.23 15:13 B E:\Documents and Settings\Adam Knox\Desktop\last skate world\photoshop\design2\panel\index.html --> ftp.skate-world.net /public_html/panel index.html
2004.08.23 15:13 B E:\Documents and Settings\Adam Knox\Desktop\last skate world\photoshop\design2\panel\blank.html --> ftp.skate-world.net /public_html/panel blank.html
2004.08.23 15:14 B E:\Documents and Settings\Adam Knox\Desktop\last skate world\photoshop\design2\panel\blank.html --> ftp.skate-world.net /public_html/panel blank.html
2004.08.23 15:14 B E:\Documents and Settings\Adam Knox\Desktop\last skate world\photoshop\design2\panel\index.html --> ftp.skate-world.net /public_html/panel index.html
2004.08.23 15:15 B E:\Documents and Settings\Adam Knox\Desktop\last skate world\photoshop\design2\panel\blank.html --> ftp.skate-world.net /public_html/panel blank.html
2004.08.23 15:15 B E:\Documents and Settings\Adam Knox\Desktop\last skate world\photoshop\design2\panel\index.html --> ftp.skate-world.net /public_html/panel index.html
2004.08.23 15:23 B E:\Documents and Settings\Adam Knox\Desktop\last skate world\photoshop\design2\panel\blank.html --> ftp.skate-world.net /public_html/panel blank.html
2004.08.23 15:23 B E:\Documents and Settings\Adam Knox\Desktop\last skate world\photoshop\design2\panel\index.html --> ftp.skate-world.net /public_html/panel index.html
2004.08.27 14:51 B E:\Documents and Settings\Adam Knox\Desktop\Skate World\1 Current Design\V15\panel\index.html --> ftp.skate-world.net /public_html/panel index.html
2004.08.27 22:20 B E:\Documents and Settings\Adam Knox\Desktop\Skate World\1 Current Design\V15\panel\index.html --> ftp.skate-world.net /public_html/panel index.html
2004.08.27 22:20 B E:\Documents and Settings\Adam Knox\Desktop\Skate World\1 Current Design\V15\panel\WS_FTP.LOG --> ftp.skate-world.net /public_html/panel WS_FTP.LOG
2004.08.27 23:23 B E:\Documents and Settings\Adam Knox\Desktop\Skate World\1 Current Design\V15\panel\index.html --> ftp.skate-world.net /public_html/panel index.html
2004.09.20 16:51 B E:\Documents and Settings\Adam Knox\My Documents\Skate World\backup\panel\WS_FTP.LOG <-- Skate world Temporary /public_html/panel WS_FTP.LOG
2004.10.02 22:29 B G:\Documents and Settings\bilbo\My Documents\SwitchSkate\Skate World\backup\FOLDERS\panel\blank.html --> host215.ipowerweb.com /public_html/panel blank.html
2004.10.02 22:29 B G:\Documents and Settings\bilbo\My Documents\SwitchSkate\Skate World\backup\FOLDERS\panel\index.html --> host215.ipowerweb.com /public_html/panel index.html
2004.10.02 22:29 B G:\Documents and Settings\bilbo\My Documents\SwitchSkate\Skate World\backup\FOLDERS\panel\Thumbs.db --> host215.ipowerweb.com /public_html/panel Thumbs.db
2004.10.02 22:29 B G:\Documents and Settings\bilbo\My Documents\SwitchSkate\Skate World\backup\FOLDERS\panel\WS_FTP.LOG --> host215.ipowerweb.com /public_html/panel WS_FTP.LOG
