2004.07.07 17:15 B E:\Documents and Settings\Adam Knox\Desktop\last skate world\XMB 1.9 Hacks\themes\zelda\address.gif --> ftp.skate-world.net /public_html/images/zelda address.gif
2004.07.07 17:15 B E:\Documents and Settings\Adam Knox\Desktop\last skate world\XMB 1.9 Hacks\themes\zelda\aim.gif --> ftp.skate-world.net /public_html/images/zelda aim.gif
2004.07.07 17:15 B E:\Documents and Settings\Adam Knox\Desktop\last skate world\XMB 1.9 Hacks\themes\zelda\arrow_dw.gif --> ftp.skate-world.net /public_html/images/zelda arrow_dw.gif
2004.07.07 17:15 B E:\Documents and Settings\Adam Knox\Desktop\last skate world\XMB 1.9 Hacks\themes\zelda\arrow_up.gif --> ftp.skate-world.net /public_html/images/zelda arrow_up.gif
2004.07.07 17:15 B E:\Documents and Settings\Adam Knox\Desktop\last skate world\XMB 1.9 Hacks\themes\zelda\bb_bold.gif --> ftp.skate-world.net /public_html/images/zelda bb_bold.gif
2004.07.07 17:15 B E:\Documents and Settings\Adam Knox\Desktop\last skate world\XMB 1.9 Hacks\themes\zelda\bb_center.gif --> ftp.skate-world.net /public_html/images/zelda bb_center.gif
2004.07.07 17:15 B E:\Documents and Settings\Adam Knox\Desktop\last skate world\XMB 1.9 Hacks\themes\zelda\bb_code.gif --> ftp.skate-world.net /public_html/images/zelda bb_code.gif
2004.07.07 17:15 B E:\Documents and Settings\Adam Knox\Desktop\last skate world\XMB 1.9 Hacks\themes\zelda\bb_email.gif --> ftp.skate-world.net /public_html/images/zelda bb_email.gif
2004.07.07 17:15 B E:\Documents and Settings\Adam Knox\Desktop\last skate world\XMB 1.9 Hacks\themes\zelda\bb_image.gif --> ftp.skate-world.net /public_html/images/zelda bb_image.gif
2004.07.07 17:15 B E:\Documents and Settings\Adam Knox\Desktop\last skate world\XMB 1.9 Hacks\themes\zelda\bb_italicize.gif --> ftp.skate-world.net /public_html/images/zelda bb_italicize.gif
2004.07.07 17:15 B E:\Documents and Settings\Adam Knox\Desktop\last skate world\XMB 1.9 Hacks\themes\zelda\bb_list.gif --> ftp.skate-world.net /public_html/images/zelda bb_list.gif
2004.07.07 17:15 B E:\Documents and Settings\Adam Knox\Desktop\last skate world\XMB 1.9 Hacks\themes\zelda\bb_quote.gif --> ftp.skate-world.net /public_html/images/zelda bb_quote.gif
2004.07.07 17:15 B E:\Documents and Settings\Adam Knox\Desktop\last skate world\XMB 1.9 Hacks\themes\zelda\bb_underline.gif --> ftp.skate-world.net /public_html/images/zelda bb_underline.gif
2004.07.07 17:15 B E:\Documents and Settings\Adam Knox\Desktop\last skate world\XMB 1.9 Hacks\themes\zelda\bb_url.gif --> ftp.skate-world.net /public_html/images/zelda bb_url.gif
2004.07.07 17:15 B E:\Documents and Settings\Adam Knox\Desktop\last skate world\XMB 1.9 Hacks\themes\zelda\bbrules.gif --> ftp.skate-world.net /public_html/images/zelda bbrules.gif
2004.07.07 17:15 B E:\Documents and Settings\Adam Knox\Desktop\last skate world\XMB 1.9 Hacks\themes\zelda\dot_folder.gif --> ftp.skate-world.net /public_html/images/zelda dot_folder.gif
2004.07.07 17:15 B E:\Documents and Settings\Adam Knox\Desktop\last skate world\XMB 1.9 Hacks\themes\zelda\dot_hot_folder.gif --> ftp.skate-world.net /public_html/images/zelda dot_hot_folder.gif
2004.07.07 17:15 B E:\Documents and Settings\Adam Knox\Desktop\last skate world\XMB 1.9 Hacks\themes\zelda\dot_hot_red_folder.gif --> ftp.skate-world.net /public_html/images/zelda dot_hot_red_folder.gif
2004.07.07 17:15 B E:\Documents and Settings\Adam Knox\Desktop\last skate world\XMB 1.9 Hacks\themes\zelda\dot_red_folder.gif --> ftp.skate-world.net /public_html/images/zelda dot_red_folder.gif
2004.07.07 17:15 B E:\Documents and Settings\Adam Knox\Desktop\last skate world\XMB 1.9 Hacks\themes\zelda\edit.gif --> ftp.skate-world.net /public_html/images/zelda edit.gif
2004.07.07 17:15 B E:\Documents and Settings\Adam Knox\Desktop\last skate world\XMB 1.9 Hacks\themes\zelda\email.gif --> ftp.skate-world.net /public_html/images/zelda email.gif
2004.07.07 17:15 B E:\Documents and Settings\Adam Knox\Desktop\last skate world\XMB 1.9 Hacks\themes\zelda\faq.gif --> ftp.skate-world.net /public_html/images/zelda faq.gif
2004.07.07 17:15 B E:\Documents and Settings\Adam Knox\Desktop\last skate world\XMB 1.9 Hacks\themes\zelda\find.gif --> ftp.skate-world.net /public_html/images/zelda find.gif
2004.07.07 17:15 B E:\Documents and Settings\Adam Knox\Desktop\last skate world\XMB 1.9 Hacks\themes\zelda\folder.gif --> ftp.skate-world.net /public_html/images/zelda folder.gif
2004.07.07 17:15 B E:\Documents and Settings\Adam Knox\Desktop\last skate world\XMB 1.9 Hacks\themes\zelda\home.gif --> ftp.skate-world.net /public_html/images/zelda home.gif
2004.07.07 17:15 B E:\Documents and Settings\Adam Knox\Desktop\last skate world\XMB 1.9 Hacks\themes\zelda\hot_folder.gif --> ftp.skate-world.net /public_html/images/zelda hot_folder.gif
2004.07.07 17:15 B E:\Documents and Settings\Adam Knox\Desktop\last skate world\XMB 1.9 Hacks\themes\zelda\hot_red_folder.gif --> ftp.skate-world.net /public_html/images/zelda hot_red_folder.gif
2004.07.07 17:16 B E:\Documents and Settings\Adam Knox\Desktop\last skate world\XMB 1.9 Hacks\themes\zelda\icq_add.gif --> ftp.skate-world.net /public_html/images/zelda icq_add.gif
2004.07.07 17:16 B E:\Documents and Settings\Adam Knox\Desktop\last skate world\XMB 1.9 Hacks\themes\zelda\inbox.gif --> ftp.skate-world.net /public_html/images/zelda inbox.gif
2004.07.07 17:16 B E:\Documents and Settings\Adam Knox\Desktop\last skate world\XMB 1.9 Hacks\themes\zelda\ip.gif --> ftp.skate-world.net /public_html/images/zelda ip.gif
2004.07.07 17:16 B E:\Documents and Settings\Adam Knox\Desktop\last skate world\XMB 1.9 Hacks\themes\zelda\ipost.gif --> ftp.skate-world.net /public_html/images/zelda ipost.gif
2004.07.07 17:16 B E:\Documents and Settings\Adam Knox\Desktop\last skate world\XMB 1.9 Hacks\themes\zelda\kback.gif --> ftp.skate-world.net /public_html/images/zelda kback.gif
2004.07.07 17:16 B E:\Documents and Settings\Adam Knox\Desktop\last skate world\XMB 1.9 Hacks\themes\zelda\kbar.gif --> ftp.skate-world.net /public_html/images/zelda kbar.gif
2004.07.07 17:16 B E:\Documents and Settings\Adam Knox\Desktop\last skate world\XMB 1.9 Hacks\themes\zelda\kbg.jpg --> ftp.skate-world.net /public_html/images/zelda kbg.jpg
2004.07.07 17:16 B E:\Documents and Settings\Adam Knox\Desktop\last skate world\XMB 1.9 Hacks\themes\zelda\lastpost.gif --> ftp.skate-world.net /public_html/images/zelda lastpost.gif
2004.07.07 17:16 B E:\Documents and Settings\Adam Knox\Desktop\last skate world\XMB 1.9 Hacks\themes\zelda\legendofzelda.xmb --> ftp.skate-world.net /public_html/images/zelda legendofzelda.xmb
2004.07.07 17:16 B E:\Documents and Settings\Adam Knox\Desktop\last skate world\XMB 1.9 Hacks\themes\zelda\lock_folder.gif --> ftp.skate-world.net /public_html/images/zelda lock_folder.gif
2004.07.07 17:16 B E:\Documents and Settings\Adam Knox\Desktop\last skate world\XMB 1.9 Hacks\themes\zelda\locku2u.gif --> ftp.skate-world.net /public_html/images/zelda locku2u.gif
2004.07.07 17:16 B E:\Documents and Settings\Adam Knox\Desktop\last skate world\XMB 1.9 Hacks\themes\zelda\members_list.gif --> ftp.skate-world.net /public_html/images/zelda members_list.gif
2004.07.07 17:16 B E:\Documents and Settings\Adam Knox\Desktop\last skate world\XMB 1.9 Hacks\themes\zelda\msn.gif --> ftp.skate-world.net /public_html/images/zelda msn.gif
2004.07.07 17:16 B E:\Documents and Settings\Adam Knox\Desktop\last skate world\XMB 1.9 Hacks\themes\zelda\newtopic.gif --> ftp.skate-world.net /public_html/images/zelda newtopic.gif
2004.07.07 17:16 B E:\Documents and Settings\Adam Knox\Desktop\last skate world\XMB 1.9 Hacks\themes\zelda\newu2u.gif --> ftp.skate-world.net /public_html/images/zelda newu2u.gif
2004.07.07 17:16 B E:\Documents and Settings\Adam Knox\Desktop\last skate world\XMB 1.9 Hacks\themes\zelda\online.gif --> ftp.skate-world.net /public_html/images/zelda online.gif
2004.07.07 17:16 B E:\Documents and Settings\Adam Knox\Desktop\last skate world\XMB 1.9 Hacks\themes\zelda\outbox.gif --> ftp.skate-world.net /public_html/images/zelda outbox.gif
2004.07.07 17:16 B E:\Documents and Settings\Adam Knox\Desktop\last skate world\XMB 1.9 Hacks\themes\zelda\poll.gif --> ftp.skate-world.net /public_html/images/zelda poll.gif
2004.07.07 17:16 B E:\Documents and Settings\Adam Knox\Desktop\last skate world\XMB 1.9 Hacks\themes\zelda\pollbar-e.gif --> ftp.skate-world.net /public_html/images/zelda pollbar-e.gif
2004.07.07 17:16 B E:\Documents and Settings\Adam Knox\Desktop\last skate world\XMB 1.9 Hacks\themes\zelda\pollbar-s.gif --> ftp.skate-world.net /public_html/images/zelda pollbar-s.gif
2004.07.07 17:16 B E:\Documents and Settings\Adam Knox\Desktop\last skate world\XMB 1.9 Hacks\themes\zelda\pollbar.gif --> ftp.skate-world.net /public_html/images/zelda pollbar.gif
2004.07.07 17:16 B E:\Documents and Settings\Adam Knox\Desktop\last skate world\XMB 1.9 Hacks\themes\zelda\profile.gif --> ftp.skate-world.net /public_html/images/zelda profile.gif
2004.07.07 17:16 B E:\Documents and Settings\Adam Knox\Desktop\last skate world\XMB 1.9 Hacks\themes\zelda\quote.gif --> ftp.skate-world.net /public_html/images/zelda quote.gif
2004.07.07 17:16 B E:\Documents and Settings\Adam Knox\Desktop\last skate world\XMB 1.9 Hacks\themes\zelda\red_folder.gif --> ftp.skate-world.net /public_html/images/zelda red_folder.gif
2004.07.07 17:16 B E:\Documents and Settings\Adam Knox\Desktop\last skate world\XMB 1.9 Hacks\themes\zelda\reply.gif --> ftp.skate-world.net /public_html/images/zelda reply.gif
2004.07.07 17:16 B E:\Documents and Settings\Adam Knox\Desktop\last skate world\XMB 1.9 Hacks\themes\zelda\report.gif --> ftp.skate-world.net /public_html/images/zelda report.gif
2004.07.07 17:16 B E:\Documents and Settings\Adam Knox\Desktop\last skate world\XMB 1.9 Hacks\themes\zelda\search.gif --> ftp.skate-world.net /public_html/images/zelda search.gif
2004.07.07 17:16 B E:\Documents and Settings\Adam Knox\Desktop\last skate world\XMB 1.9 Hacks\themes\zelda\site.gif --> ftp.skate-world.net /public_html/images/zelda site.gif
2004.07.07 17:16 B E:\Documents and Settings\Adam Knox\Desktop\last skate world\XMB 1.9 Hacks\themes\zelda\star.gif --> ftp.skate-world.net /public_html/images/zelda star.gif
2004.07.07 17:16 B E:\Documents and Settings\Adam Knox\Desktop\last skate world\XMB 1.9 Hacks\themes\zelda\stats.gif --> ftp.skate-world.net /public_html/images/zelda stats.gif
2004.07.07 17:16 B E:\Documents and Settings\Adam Knox\Desktop\last skate world\XMB 1.9 Hacks\themes\zelda\Thumbs.db --> ftp.skate-world.net /public_html/images/zelda Thumbs.db
2004.07.07 17:16 B E:\Documents and Settings\Adam Knox\Desktop\last skate world\XMB 1.9 Hacks\themes\zelda\todays_posts.gif --> ftp.skate-world.net /public_html/images/zelda todays_posts.gif
2004.07.07 17:16 B E:\Documents and Settings\Adam Knox\Desktop\last skate world\XMB 1.9 Hacks\themes\zelda\u2u.gif --> ftp.skate-world.net /public_html/images/zelda u2u.gif
2004.07.07 17:16 B E:\Documents and Settings\Adam Knox\Desktop\last skate world\XMB 1.9 Hacks\themes\zelda\xmbheader.gif --> ftp.skate-world.net /public_html/images/zelda xmbheader.gif
2004.07.07 17:16 B E:\Documents and Settings\Adam Knox\Desktop\last skate world\XMB 1.9 Hacks\themes\zelda\yahoo.gif --> ftp.skate-world.net /public_html/images/zelda yahoo.gif
2004.07.07 17:16 B E:\Documents and Settings\Adam Knox\Desktop\last skate world\XMB 1.9 Hacks\themes\zelda\zback.gif --> ftp.skate-world.net /public_html/images/zelda zback.gif
2004.07.07 17:16 B E:\Documents and Settings\Adam Knox\Desktop\last skate world\XMB 1.9 Hacks\themes\zelda\zpbg.jpg --> ftp.skate-world.net /public_html/images/zelda zpbg.jpg
