2003.11.07 12:23 B E:\Documents and Settings\Adam Knox\My Documents\Web Sites\skate world\html\in_use\dark\add_1.html --> ftp.skate-world.net /public_html/dark add_1.html
2003.11.07 12:24 B E:\Documents and Settings\Adam Knox\My Documents\Web Sites\skate world\html\in_use\dark\add_2.html --> ftp.skate-world.net /public_html/dark add_2.html
2003.11.07 12:24 B E:\Documents and Settings\Adam Knox\My Documents\Web Sites\skate world\html\in_use\dark\add_3.html --> ftp.skate-world.net /public_html/dark add_3.html
2003.11.07 12:24 B E:\Documents and Settings\Adam Knox\My Documents\Web Sites\skate world\html\in_use\dark\add_4.html --> ftp.skate-world.net /public_html/dark add_4.html
2003.11.07 12:24 B E:\Documents and Settings\Adam Knox\My Documents\Web Sites\skate world\html\in_use\dark\add_5.html --> ftp.skate-world.net /public_html/dark add_5.html
2003.11.07 12:24 B E:\Documents and Settings\Adam Knox\My Documents\Web Sites\skate world\html\in_use\dark\add_6.html --> ftp.skate-world.net /public_html/dark add_6.html
2003.11.07 12:24 B E:\Documents and Settings\Adam Knox\My Documents\Web Sites\skate world\html\in_use\dark\add_7.html --> ftp.skate-world.net /public_html/dark add_7.html
2003.11.07 12:24 B E:\Documents and Settings\Adam Knox\My Documents\Web Sites\skate world\html\in_use\dark\add_8.html --> ftp.skate-world.net /public_html/dark add_8.html
2003.11.07 12:24 B E:\Documents and Settings\Adam Knox\My Documents\Web Sites\skate world\html\in_use\dark\add_9.html --> ftp.skate-world.net /public_html/dark add_9.html
2003.11.07 12:24 B E:\Documents and Settings\Adam Knox\My Documents\Web Sites\skate world\html\in_use\dark\add_stuff.html --> ftp.skate-world.net /public_html/dark add_stuff.html
2003.11.07 12:24 B E:\Documents and Settings\Adam Knox\My Documents\Web Sites\skate world\html\in_use\dark\ads.html --> ftp.skate-world.net /public_html/dark ads.html
2003.11.07 12:24 B E:\Documents and Settings\Adam Knox\My Documents\Web Sites\skate world\html\in_use\dark\closed.html --> ftp.skate-world.net /public_html/dark closed.html
2003.11.07 12:24 B E:\Documents and Settings\Adam Knox\My Documents\Web Sites\skate world\html\in_use\dark\home.html --> ftp.skate-world.net /public_html/dark home.html
2003.11.07 12:24 B E:\Documents and Settings\Adam Knox\My Documents\Web Sites\skate world\html\in_use\dark\link_us.html --> ftp.skate-world.net /public_html/dark link_us.html
2003.11.07 12:24 B E:\Documents and Settings\Adam Knox\My Documents\Web Sites\skate world\html\in_use\dark\links.html --> ftp.skate-world.net /public_html/dark links.html
2003.11.07 12:24 B E:\Documents and Settings\Adam Knox\My Documents\Web Sites\skate world\html\in_use\dark\pic1.html --> ftp.skate-world.net /public_html/dark pic1.html
2003.11.07 12:24 B E:\Documents and Settings\Adam Knox\My Documents\Web Sites\skate world\html\in_use\dark\pic2.html --> ftp.skate-world.net /public_html/dark pic2.html
2003.11.07 12:24 B E:\Documents and Settings\Adam Knox\My Documents\Web Sites\skate world\html\in_use\dark\pic3.html --> ftp.skate-world.net /public_html/dark pic3.html
2003.11.07 12:24 B E:\Documents and Settings\Adam Knox\My Documents\Web Sites\skate world\html\in_use\dark\pic4.html --> ftp.skate-world.net /public_html/dark pic4.html
2003.11.07 12:24 B E:\Documents and Settings\Adam Knox\My Documents\Web Sites\skate world\html\in_use\dark\pic5.html --> ftp.skate-world.net /public_html/dark pic5.html
2003.11.07 12:24 B E:\Documents and Settings\Adam Knox\My Documents\Web Sites\skate world\html\in_use\dark\pic6.html --> ftp.skate-world.net /public_html/dark pic6.html
2003.11.07 12:24 B E:\Documents and Settings\Adam Knox\My Documents\Web Sites\skate world\html\in_use\dark\pic7.html --> ftp.skate-world.net /public_html/dark pic7.html
2003.11.07 12:24 B E:\Documents and Settings\Adam Knox\My Documents\Web Sites\skate world\html\in_use\dark\pics.html --> ftp.skate-world.net /public_html/dark pics.html
2003.11.07 12:24 B E:\Documents and Settings\Adam Knox\My Documents\Web Sites\skate world\html\in_use\dark\sequence1.html --> ftp.skate-world.net /public_html/dark sequence1.html
2003.11.07 12:24 B E:\Documents and Settings\Adam Knox\My Documents\Web Sites\skate world\html\in_use\dark\skate_team.html --> ftp.skate-world.net /public_html/dark skate_team.html
2003.11.07 12:24 B E:\Documents and Settings\Adam Knox\My Documents\Web Sites\skate world\html\in_use\dark\teampic_1.html --> ftp.skate-world.net /public_html/dark teampic_1.html
2003.11.07 12:24 B E:\Documents and Settings\Adam Knox\My Documents\Web Sites\skate world\html\in_use\dark\teampic_2.html --> ftp.skate-world.net /public_html/dark teampic_2.html
2003.11.07 12:24 B E:\Documents and Settings\Adam Knox\My Documents\Web Sites\skate world\html\in_use\dark\teampic_3.html --> ftp.skate-world.net /public_html/dark teampic_3.html
2003.11.07 12:24 B E:\Documents and Settings\Adam Knox\My Documents\Web Sites\skate world\html\in_use\dark\tip1.html --> ftp.skate-world.net /public_html/dark tip1.html
2003.11.07 12:24 B E:\Documents and Settings\Adam Knox\My Documents\Web Sites\skate world\html\in_use\dark\tip2.html --> ftp.skate-world.net /public_html/dark tip2.html
2003.11.07 12:24 B E:\Documents and Settings\Adam Knox\My Documents\Web Sites\skate world\html\in_use\dark\tip3.html --> ftp.skate-world.net /public_html/dark tip3.html
2003.11.07 12:24 B E:\Documents and Settings\Adam Knox\My Documents\Web Sites\skate world\html\in_use\dark\tip4.html --> ftp.skate-world.net /public_html/dark tip4.html
2003.11.07 12:24 B E:\Documents and Settings\Adam Knox\My Documents\Web Sites\skate world\html\in_use\dark\tip5.html --> ftp.skate-world.net /public_html/dark tip5.html
2003.11.07 12:24 B E:\Documents and Settings\Adam Knox\My Documents\Web Sites\skate world\html\in_use\dark\tip6.html --> ftp.skate-world.net /public_html/dark tip6.html
2003.11.07 12:24 B E:\Documents and Settings\Adam Knox\My Documents\Web Sites\skate world\html\in_use\dark\tip7.html --> ftp.skate-world.net /public_html/dark tip7.html
2003.11.07 12:24 B E:\Documents and Settings\Adam Knox\My Documents\Web Sites\skate world\html\in_use\dark\trick_tips.html --> ftp.skate-world.net /public_html/dark trick_tips.html
2003.11.07 12:24 B E:\Documents and Settings\Adam Knox\My Documents\Web Sites\skate world\html\in_use\dark\vote.html --> ftp.skate-world.net /public_html/dark vote.html
2003.11.08 22:54 B E:\Documents and Settings\Adam Knox\My Documents\Web Sites\skate world\html\in_use\dark\add_1.html --> ftp.skate-world.net /public_html/dark add_1.html
2003.11.08 22:54 B E:\Documents and Settings\Adam Knox\My Documents\Web Sites\skate world\html\in_use\dark\add_2.html --> ftp.skate-world.net /public_html/dark add_2.html
2003.11.08 22:54 B E:\Documents and Settings\Adam Knox\My Documents\Web Sites\skate world\html\in_use\dark\add_3.html --> ftp.skate-world.net /public_html/dark add_3.html
2003.11.08 22:54 B E:\Documents and Settings\Adam Knox\My Documents\Web Sites\skate world\html\in_use\dark\add_4.html --> ftp.skate-world.net /public_html/dark add_4.html
2003.11.08 22:54 B E:\Documents and Settings\Adam Knox\My Documents\Web Sites\skate world\html\in_use\dark\add_5.html --> ftp.skate-world.net /public_html/dark add_5.html
2003.11.08 22:54 B E:\Documents and Settings\Adam Knox\My Documents\Web Sites\skate world\html\in_use\dark\add_6.html --> ftp.skate-world.net /public_html/dark add_6.html
2003.11.08 22:54 B E:\Documents and Settings\Adam Knox\My Documents\Web Sites\skate world\html\in_use\dark\add_7.html --> ftp.skate-world.net /public_html/dark add_7.html
2003.11.08 22:54 B E:\Documents and Settings\Adam Knox\My Documents\Web Sites\skate world\html\in_use\dark\add_8.html --> ftp.skate-world.net /public_html/dark add_8.html
2003.11.08 22:54 B E:\Documents and Settings\Adam Knox\My Documents\Web Sites\skate world\html\in_use\dark\add_9.html --> ftp.skate-world.net /public_html/dark add_9.html
2003.11.08 22:54 B E:\Documents and Settings\Adam Knox\My Documents\Web Sites\skate world\html\in_use\dark\add_stuff.html --> ftp.skate-world.net /public_html/dark add_stuff.html
2003.11.08 22:54 B E:\Documents and Settings\Adam Knox\My Documents\Web Sites\skate world\html\in_use\dark\ads.html --> ftp.skate-world.net /public_html/dark ads.html
2003.11.08 22:54 B E:\Documents and Settings\Adam Knox\My Documents\Web Sites\skate world\html\in_use\dark\closed.html --> ftp.skate-world.net /public_html/dark closed.html
2003.11.08 22:54 B E:\Documents and Settings\Adam Knox\My Documents\Web Sites\skate world\html\in_use\dark\home.html --> ftp.skate-world.net /public_html/dark home.html
2003.11.08 22:54 B E:\Documents and Settings\Adam Knox\My Documents\Web Sites\skate world\html\in_use\dark\link_us.html --> ftp.skate-world.net /public_html/dark link_us.html
2003.11.08 22:54 B E:\Documents and Settings\Adam Knox\My Documents\Web Sites\skate world\html\in_use\dark\links.html --> ftp.skate-world.net /public_html/dark links.html
2003.11.08 22:54 B E:\Documents and Settings\Adam Knox\My Documents\Web Sites\skate world\html\in_use\dark\pic1.html --> ftp.skate-world.net /public_html/dark pic1.html
2003.11.08 22:54 B E:\Documents and Settings\Adam Knox\My Documents\Web Sites\skate world\html\in_use\dark\pic2.html --> ftp.skate-world.net /public_html/dark pic2.html
2003.11.08 22:54 B E:\Documents and Settings\Adam Knox\My Documents\Web Sites\skate world\html\in_use\dark\pic3.html --> ftp.skate-world.net /public_html/dark pic3.html
2003.11.08 22:54 B E:\Documents and Settings\Adam Knox\My Documents\Web Sites\skate world\html\in_use\dark\pic4.html --> ftp.skate-world.net /public_html/dark pic4.html
2003.11.08 22:54 B E:\Documents and Settings\Adam Knox\My Documents\Web Sites\skate world\html\in_use\dark\pic5.html --> ftp.skate-world.net /public_html/dark pic5.html
2003.11.08 22:54 B E:\Documents and Settings\Adam Knox\My Documents\Web Sites\skate world\html\in_use\dark\pic6.html --> ftp.skate-world.net /public_html/dark pic6.html
2003.11.08 22:54 B E:\Documents and Settings\Adam Knox\My Documents\Web Sites\skate world\html\in_use\dark\pic7.html --> ftp.skate-world.net /public_html/dark pic7.html
2003.11.08 22:54 B E:\Documents and Settings\Adam Knox\My Documents\Web Sites\skate world\html\in_use\dark\pics.html --> ftp.skate-world.net /public_html/dark pics.html
2003.11.08 22:54 B E:\Documents and Settings\Adam Knox\My Documents\Web Sites\skate world\html\in_use\dark\sequence1.html --> ftp.skate-world.net /public_html/dark sequence1.html
2003.11.08 22:54 B E:\Documents and Settings\Adam Knox\My Documents\Web Sites\skate world\html\in_use\dark\skate_team.html --> ftp.skate-world.net /public_html/dark skate_team.html
2003.11.08 22:54 B E:\Documents and Settings\Adam Knox\My Documents\Web Sites\skate world\html\in_use\dark\teampic_1.html --> ftp.skate-world.net /public_html/dark teampic_1.html
2003.11.08 22:54 B E:\Documents and Settings\Adam Knox\My Documents\Web Sites\skate world\html\in_use\dark\teampic_2.html --> ftp.skate-world.net /public_html/dark teampic_2.html
2003.11.08 22:54 B E:\Documents and Settings\Adam Knox\My Documents\Web Sites\skate world\html\in_use\dark\teampic_3.html --> ftp.skate-world.net /public_html/dark teampic_3.html
2003.11.08 22:54 B E:\Documents and Settings\Adam Knox\My Documents\Web Sites\skate world\html\in_use\dark\tip1.html --> ftp.skate-world.net /public_html/dark tip1.html
2003.11.08 22:54 B E:\Documents and Settings\Adam Knox\My Documents\Web Sites\skate world\html\in_use\dark\tip2.html --> ftp.skate-world.net /public_html/dark tip2.html
2003.11.08 22:54 B E:\Documents and Settings\Adam Knox\My Documents\Web Sites\skate world\html\in_use\dark\tip3.html --> ftp.skate-world.net /public_html/dark tip3.html
2003.11.08 22:54 B E:\Documents and Settings\Adam Knox\My Documents\Web Sites\skate world\html\in_use\dark\tip4.html --> ftp.skate-world.net /public_html/dark tip4.html
2003.11.08 22:54 B E:\Documents and Settings\Adam Knox\My Documents\Web Sites\skate world\html\in_use\dark\tip5.html --> ftp.skate-world.net /public_html/dark tip5.html
2003.11.08 22:54 B E:\Documents and Settings\Adam Knox\My Documents\Web Sites\skate world\html\in_use\dark\tip6.html --> ftp.skate-world.net /public_html/dark tip6.html
2003.11.08 22:54 B E:\Documents and Settings\Adam Knox\My Documents\Web Sites\skate world\html\in_use\dark\tip7.html --> ftp.skate-world.net /public_html/dark tip7.html
2003.11.08 22:54 B E:\Documents and Settings\Adam Knox\My Documents\Web Sites\skate world\html\in_use\dark\trick_tips.html --> ftp.skate-world.net /public_html/dark trick_tips.html
2003.11.08 22:54 B E:\Documents and Settings\Adam Knox\My Documents\Web Sites\skate world\html\in_use\dark\vote.html --> ftp.skate-world.net /public_html/dark vote.html
2003.11.09 13:48 B E:\Documents and Settings\Adam Knox\My Documents\Web Sites\skate world\html\in_use\dark\index.html --> ftp.skate-world.net /public_html index.html
2003.11.09 14:27 B E:\Documents and Settings\Adam Knox\My Documents\Web Sites\skate world\html\in_use\dark\vote.html --> ftp.skate-world.net /public_html vote.html
2003.11.09 14:27 B E:\Documents and Settings\Adam Knox\My Documents\Web Sites\skate world\html\in_use\dark\vote.html --> ftp.skate-world.net /public_html/dark vote.html
2003.11.09 14:27 B E:\Documents and Settings\Adam Knox\My Documents\Web Sites\skate world\html\in_use\dark\index.html --> ftp.skate-world.net /public_html/dark index.html
2003.11.09 14:27 B E:\Documents and Settings\Adam Knox\My Documents\Web Sites\skate world\html\in_use\dark\index2.html --> ftp.skate-world.net /public_html/dark index2.html
2003.11.09 14:27 B E:\Documents and Settings\Adam Knox\My Documents\Web Sites\skate world\html\in_use\dark\home.html --> ftp.skate-world.net /public_html/dark home.html
2003.11.09 14:28 B E:\Documents and Settings\Adam Knox\My Documents\Web Sites\skate world\html\in_use\dark\ads.html --> ftp.skate-world.net /public_html/dark ads.html
2003.11.09 15:04 B E:\Documents and Settings\Adam Knox\My Documents\Web Sites\skate world\html\in_use\dark\link_us.html --> ftp.skate-world.net /public_html/dark link_us.html
2003.11.09 15:04 B E:\Documents and Settings\Adam Knox\My Documents\Web Sites\skate world\html\in_use\dark\vote.html --> ftp.skate-world.net /public_html/dark vote.html
2003.11.09 19:12 B E:\Documents and Settings\Adam Knox\My Documents\Web Sites\skate world\html\in_use\dark\add_1.html --> ftp.skate-world.net /public_html/dark add_1.html
2003.11.09 19:12 B E:\Documents and Settings\Adam Knox\My Documents\Web Sites\skate world\html\in_use\dark\add_2.html --> ftp.skate-world.net /public_html/dark add_2.html
2003.11.09 19:12 B E:\Documents and Settings\Adam Knox\My Documents\Web Sites\skate world\html\in_use\dark\add_3.html --> ftp.skate-world.net /public_html/dark add_3.html
2003.11.09 19:12 B E:\Documents and Settings\Adam Knox\My Documents\Web Sites\skate world\html\in_use\dark\add_4.html --> ftp.skate-world.net /public_html/dark add_4.html
2003.11.09 19:12 B E:\Documents and Settings\Adam Knox\My Documents\Web Sites\skate world\html\in_use\dark\add_5.html --> ftp.skate-world.net /public_html/dark add_5.html
2003.11.09 19:12 B E:\Documents and Settings\Adam Knox\My Documents\Web Sites\skate world\html\in_use\dark\add_6.html --> ftp.skate-world.net /public_html/dark add_6.html
2003.11.09 19:12 B E:\Documents and Settings\Adam Knox\My Documents\Web Sites\skate world\html\in_use\dark\add_7.html --> ftp.skate-world.net /public_html/dark add_7.html
2003.11.09 19:12 B E:\Documents and Settings\Adam Knox\My Documents\Web Sites\skate world\html\in_use\dark\add_8.html --> ftp.skate-world.net /public_html/dark add_8.html
2003.11.09 19:12 B E:\Documents and Settings\Adam Knox\My Documents\Web Sites\skate world\html\in_use\dark\add_9.html --> ftp.skate-world.net /public_html/dark add_9.html
2003.11.09 19:12 B E:\Documents and Settings\Adam Knox\My Documents\Web Sites\skate world\html\in_use\dark\add_stuff.html --> ftp.skate-world.net /public_html/dark add_stuff.html
2003.11.09 19:12 B E:\Documents and Settings\Adam Knox\My Documents\Web Sites\skate world\html\in_use\dark\ads.html --> ftp.skate-world.net /public_html/dark ads.html
2003.11.09 19:12 B E:\Documents and Settings\Adam Knox\My Documents\Web Sites\skate world\html\in_use\dark\closed.html --> ftp.skate-world.net /public_html/dark closed.html
2003.11.09 19:12 B E:\Documents and Settings\Adam Knox\My Documents\Web Sites\skate world\html\in_use\dark\home.html --> ftp.skate-world.net /public_html/dark home.html
2003.11.09 19:12 B E:\Documents and Settings\Adam Knox\My Documents\Web Sites\skate world\html\in_use\dark\index.html --> ftp.skate-world.net /public_html/dark index.html
2003.11.09 19:12 B E:\Documents and Settings\Adam Knox\My Documents\Web Sites\skate world\html\in_use\dark\index2.html --> ftp.skate-world.net /public_html/dark index2.html
2003.11.09 19:12 B E:\Documents and Settings\Adam Knox\My Documents\Web Sites\skate world\html\in_use\dark\link_us.html --> ftp.skate-world.net /public_html/dark link_us.html
2003.11.09 19:12 B E:\Documents and Settings\Adam Knox\My Documents\Web Sites\skate world\html\in_use\dark\links.html --> ftp.skate-world.net /public_html/dark links.html
2003.11.09 19:12 B E:\Documents and Settings\Adam Knox\My Documents\Web Sites\skate world\html\in_use\dark\pic1.html --> ftp.skate-world.net /public_html/dark pic1.html
2003.11.09 19:13 B E:\Documents and Settings\Adam Knox\My Documents\Web Sites\skate world\html\in_use\dark\pic2.html --> ftp.skate-world.net /public_html/dark pic2.html
2003.11.09 19:13 B E:\Documents and Settings\Adam Knox\My Documents\Web Sites\skate world\html\in_use\dark\pic3.html --> ftp.skate-world.net /public_html/dark pic3.html
2003.11.09 19:13 B E:\Documents and Settings\Adam Knox\My Documents\Web Sites\skate world\html\in_use\dark\pic4.html --> ftp.skate-world.net /public_html/dark pic4.html
2003.11.09 19:13 B E:\Documents and Settings\Adam Knox\My Documents\Web Sites\skate world\html\in_use\dark\pic5.html --> ftp.skate-world.net /public_html/dark pic5.html
2003.11.09 19:13 B E:\Documents and Settings\Adam Knox\My Documents\Web Sites\skate world\html\in_use\dark\pic6.html --> ftp.skate-world.net /public_html/dark pic6.html
2003.11.09 19:13 B E:\Documents and Settings\Adam Knox\My Documents\Web Sites\skate world\html\in_use\dark\pic7.html --> ftp.skate-world.net /public_html/dark pic7.html
2003.11.09 19:13 B E:\Documents and Settings\Adam Knox\My Documents\Web Sites\skate world\html\in_use\dark\pics.html --> ftp.skate-world.net /public_html/dark pics.html
2003.11.09 19:13 B E:\Documents and Settings\Adam Knox\My Documents\Web Sites\skate world\html\in_use\dark\sequence1.html --> ftp.skate-world.net /public_html/dark sequence1.html
2003.11.09 19:13 B E:\Documents and Settings\Adam Knox\My Documents\Web Sites\skate world\html\in_use\dark\skate_team.html --> ftp.skate-world.net /public_html/dark skate_team.html
2003.11.09 19:13 B E:\Documents and Settings\Adam Knox\My Documents\Web Sites\skate world\html\in_use\dark\teampic_1.html --> ftp.skate-world.net /public_html/dark teampic_1.html
2003.11.09 19:13 B E:\Documents and Settings\Adam Knox\My Documents\Web Sites\skate world\html\in_use\dark\teampic_2.html --> ftp.skate-world.net /public_html/dark teampic_2.html
2003.11.09 19:13 B E:\Documents and Settings\Adam Knox\My Documents\Web Sites\skate world\html\in_use\dark\teampic_3.html --> ftp.skate-world.net /public_html/dark teampic_3.html
2003.11.09 19:13 B E:\Documents and Settings\Adam Knox\My Documents\Web Sites\skate world\html\in_use\dark\tip1.html --> ftp.skate-world.net /public_html/dark tip1.html
2003.11.09 19:13 B E:\Documents and Settings\Adam Knox\My Documents\Web Sites\skate world\html\in_use\dark\tip2.html --> ftp.skate-world.net /public_html/dark tip2.html
2003.11.09 19:13 B E:\Documents and Settings\Adam Knox\My Documents\Web Sites\skate world\html\in_use\dark\tip3.html --> ftp.skate-world.net /public_html/dark tip3.html
2003.11.09 19:13 B E:\Documents and Settings\Adam Knox\My Documents\Web Sites\skate world\html\in_use\dark\tip4.html --> ftp.skate-world.net /public_html/dark tip4.html
2003.11.09 19:13 B E:\Documents and Settings\Adam Knox\My Documents\Web Sites\skate world\html\in_use\dark\tip5.html --> ftp.skate-world.net /public_html/dark tip5.html
2003.11.09 19:13 B E:\Documents and Settings\Adam Knox\My Documents\Web Sites\skate world\html\in_use\dark\tip6.html --> ftp.skate-world.net /public_html/dark tip6.html
2003.11.09 19:13 B E:\Documents and Settings\Adam Knox\My Documents\Web Sites\skate world\html\in_use\dark\tip7.html --> ftp.skate-world.net /public_html/dark tip7.html
2003.11.09 19:13 B E:\Documents and Settings\Adam Knox\My Documents\Web Sites\skate world\html\in_use\dark\trick_tips.html --> ftp.skate-world.net /public_html/dark trick_tips.html
2003.11.09 19:13 B E:\Documents and Settings\Adam Knox\My Documents\Web Sites\skate world\html\in_use\dark\vote.html --> ftp.skate-world.net /public_html/dark vote.html
2003.11.09 21:30 B E:\Documents and Settings\Adam Knox\My Documents\Web Sites\skate world\html\in_use\dark\vote.html --> ftp.skate-world.net /public_html/dark vote.html
2003.11.09 21:37 B E:\Documents and Settings\Adam Knox\My Documents\Web Sites\skate world\html\in_use\dark\vote.html --> ftp.skate-world.net /public_html/dark vote.html
2003.11.10 10:26 B E:\Documents and Settings\Adam Knox\My Documents\Web Sites\skate world\html\in_use\dark\link_us.html --> ftp.skate-world.net /public_html/dark link_us.html
2003.11.10 10:27 B E:\Documents and Settings\Adam Knox\My Documents\Web Sites\skate world\html\in_use\dark\trick_tips.html --> ftp.skate-world.net /public_html/dark trick_tips.html
2003.11.10 10:36 B E:\Documents and Settings\Adam Knox\My Documents\Web Sites\skate world\html\in_use\dark\index.html --> ftp.skate-world.net /public_html/dark index.html
2003.11.10 10:36 B E:\Documents and Settings\Adam Knox\My Documents\Web Sites\skate world\html\in_use\dark\index2.html --> ftp.skate-world.net /public_html/dark index2.html
2003.11.10 11:26 B E:\Documents and Settings\Adam Knox\My Documents\Web Sites\skate world\html\in_use\dark\add_1.html --> ftp.skate-world.net /public_html/dark add_1.html
2003.11.10 11:27 B E:\Documents and Settings\Adam Knox\My Documents\Web Sites\skate world\html\in_use\dark\add_2.html --> ftp.skate-world.net /public_html/dark add_2.html
2003.11.10 11:27 B E:\Documents and Settings\Adam Knox\My Documents\Web Sites\skate world\html\in_use\dark\add_3.html --> ftp.skate-world.net /public_html/dark add_3.html
2003.11.10 11:27 B E:\Documents and Settings\Adam Knox\My Documents\Web Sites\skate world\html\in_use\dark\add_4.html --> ftp.skate-world.net /public_html/dark add_4.html
2003.11.10 11:27 B E:\Documents and Settings\Adam Knox\My Documents\Web Sites\skate world\html\in_use\dark\add_5.html --> ftp.skate-world.net /public_html/dark add_5.html
2003.11.10 11:27 B E:\Documents and Settings\Adam Knox\My Documents\Web Sites\skate world\html\in_use\dark\add_6.html --> ftp.skate-world.net /public_html/dark add_6.html
2003.11.10 11:27 B E:\Documents and Settings\Adam Knox\My Documents\Web Sites\skate world\html\in_use\dark\add_7.html --> ftp.skate-world.net /public_html/dark add_7.html
2003.11.10 11:27 B E:\Documents and Settings\Adam Knox\My Documents\Web Sites\skate world\html\in_use\dark\add_8.html --> ftp.skate-world.net /public_html/dark add_8.html
2003.11.10 11:27 B E:\Documents and Settings\Adam Knox\My Documents\Web Sites\skate world\html\in_use\dark\add_9.html --> ftp.skate-world.net /public_html/dark add_9.html
2003.11.10 11:27 B E:\Documents and Settings\Adam Knox\My Documents\Web Sites\skate world\html\in_use\dark\add_stuff.html --> ftp.skate-world.net /public_html/dark add_stuff.html
2003.11.10 11:27 B E:\Documents and Settings\Adam Knox\My Documents\Web Sites\skate world\html\in_use\dark\ads.html --> ftp.skate-world.net /public_html/dark ads.html
2003.11.10 11:27 B E:\Documents and Settings\Adam Knox\My Documents\Web Sites\skate world\html\in_use\dark\affiliates.html --> ftp.skate-world.net /public_html/dark affiliates.html
2003.11.10 11:27 B E:\Documents and Settings\Adam Knox\My Documents\Web Sites\skate world\html\in_use\dark\closed.html --> ftp.skate-world.net /public_html/dark closed.html
2003.11.10 11:27 B E:\Documents and Settings\Adam Knox\My Documents\Web Sites\skate world\html\in_use\dark\home.html --> ftp.skate-world.net /public_html/dark home.html
2003.11.10 11:27 B E:\Documents and Settings\Adam Knox\My Documents\Web Sites\skate world\html\in_use\dark\index.html --> ftp.skate-world.net /public_html/dark index.html
2003.11.10 11:27 B E:\Documents and Settings\Adam Knox\My Documents\Web Sites\skate world\html\in_use\dark\index2.html --> ftp.skate-world.net /public_html/dark index2.html
2003.11.10 11:27 B E:\Documents and Settings\Adam Knox\My Documents\Web Sites\skate world\html\in_use\dark\link_us.html --> ftp.skate-world.net /public_html/dark link_us.html
2003.11.10 11:27 B E:\Documents and Settings\Adam Knox\My Documents\Web Sites\skate world\html\in_use\dark\links.html --> ftp.skate-world.net /public_html/dark links.html
2003.11.10 11:27 B E:\Documents and Settings\Adam Knox\My Documents\Web Sites\skate world\html\in_use\dark\pic1.html --> ftp.skate-world.net /public_html/dark pic1.html
2003.11.10 11:27 B E:\Documents and Settings\Adam Knox\My Documents\Web Sites\skate world\html\in_use\dark\pic2.html --> ftp.skate-world.net /public_html/dark pic2.html
2003.11.10 11:27 B E:\Documents and Settings\Adam Knox\My Documents\Web Sites\skate world\html\in_use\dark\pic3.html --> ftp.skate-world.net /public_html/dark pic3.html
2003.11.10 11:27 B E:\Documents and Settings\Adam Knox\My Documents\Web Sites\skate world\html\in_use\dark\pic4.html --> ftp.skate-world.net /public_html/dark pic4.html
2003.11.10 11:27 B E:\Documents and Settings\Adam Knox\My Documents\Web Sites\skate world\html\in_use\dark\pic5.html --> ftp.skate-world.net /public_html/dark pic5.html
2003.11.10 11:27 B E:\Documents and Settings\Adam Knox\My Documents\Web Sites\skate world\html\in_use\dark\pic6.html --> ftp.skate-world.net /public_html/dark pic6.html
2003.11.10 11:27 B E:\Documents and Settings\Adam Knox\My Documents\Web Sites\skate world\html\in_use\dark\pic7.html --> ftp.skate-world.net /public_html/dark pic7.html
2003.11.10 11:27 B E:\Documents and Settings\Adam Knox\My Documents\Web Sites\skate world\html\in_use\dark\pics.html --> ftp.skate-world.net /public_html/dark pics.html
2003.11.10 11:27 B E:\Documents and Settings\Adam Knox\My Documents\Web Sites\skate world\html\in_use\dark\sequence1.html --> ftp.skate-world.net /public_html/dark sequence1.html
2003.11.10 11:27 B E:\Documents and Settings\Adam Knox\My Documents\Web Sites\skate world\html\in_use\dark\skate_team.html --> ftp.skate-world.net /public_html/dark skate_team.html
2003.11.10 11:27 B E:\Documents and Settings\Adam Knox\My Documents\Web Sites\skate world\html\in_use\dark\teampic_1.html --> ftp.skate-world.net /public_html/dark teampic_1.html
2003.11.10 11:27 B E:\Documents and Settings\Adam Knox\My Documents\Web Sites\skate world\html\in_use\dark\teampic_2.html --> ftp.skate-world.net /public_html/dark teampic_2.html
2003.11.10 11:27 B E:\Documents and Settings\Adam Knox\My Documents\Web Sites\skate world\html\in_use\dark\teampic_3.html --> ftp.skate-world.net /public_html/dark teampic_3.html
2003.11.10 11:27 B E:\Documents and Settings\Adam Knox\My Documents\Web Sites\skate world\html\in_use\dark\tip1.html --> ftp.skate-world.net /public_html/dark tip1.html
2003.11.10 11:27 B E:\Documents and Settings\Adam Knox\My Documents\Web Sites\skate world\html\in_use\dark\tip2.html --> ftp.skate-world.net /public_html/dark tip2.html
2003.11.10 11:27 B E:\Documents and Settings\Adam Knox\My Documents\Web Sites\skate world\html\in_use\dark\tip3.html --> ftp.skate-world.net /public_html/dark tip3.html
2003.11.10 11:27 B E:\Documents and Settings\Adam Knox\My Documents\Web Sites\skate world\html\in_use\dark\tip4.html --> ftp.skate-world.net /public_html/dark tip4.html
2003.11.10 11:27 B E:\Documents and Settings\Adam Knox\My Documents\Web Sites\skate world\html\in_use\dark\tip5.html --> ftp.skate-world.net /public_html/dark tip5.html
2003.11.10 11:27 B E:\Documents and Settings\Adam Knox\My Documents\Web Sites\skate world\html\in_use\dark\tip6.html --> ftp.skate-world.net /public_html/dark tip6.html
2003.11.10 11:27 B E:\Documents and Settings\Adam Knox\My Documents\Web Sites\skate world\html\in_use\dark\tip7.html --> ftp.skate-world.net /public_html/dark tip7.html
2003.11.10 11:27 B E:\Documents and Settings\Adam Knox\My Documents\Web Sites\skate world\html\in_use\dark\trick_tips.html --> ftp.skate-world.net /public_html/dark trick_tips.html
2003.11.10 11:27 B E:\Documents and Settings\Adam Knox\My Documents\Web Sites\skate world\html\in_use\dark\vote.html --> ftp.skate-world.net /public_html/dark vote.html
2003.11.13 15:45 B E:\Documents and Settings\Adam Knox\My Documents\Web Sites\skate world\html\in_use\dark\ad_rotator.html --> ftp.skate-world.net /public_html/dark ad_rotator.html
2003.11.13 15:45 B E:\Documents and Settings\Adam Knox\My Documents\Web Sites\skate world\html\in_use\dark\ads.html --> ftp.skate-world.net /public_html/dark ads.html
2003.11.22 17:16 B E:\Documents and Settings\Adam Knox\My Documents\Web Sites\skate world\html\in_use\dark\links.html --> ftp.skate-world.net /public_html/dark links.html
2003.11.29 11:05 B E:\Documents and Settings\Adam Knox\My Documents\Web Sites\skate world\html\in_use\dark\home.html --> ftp.skate-world.net /public_html/dark home.html
