2004.08.16 13:23 B E:\Documents and Settings\Adam Knox\Desktop\last skate world\XMB 1.9 Hacks\avatars\people\10989.gif --> ftp.skate-world.net /public_html/images/avatars/Babes 10989.gif
2004.08.16 13:24 B E:\Documents and Settings\Adam Knox\Desktop\last skate world\XMB 1.9 Hacks\avatars\people\5813.gif --> ftp.skate-world.net /public_html/images/avatars/Babes 5813.gif
2004.08.16 13:24 B E:\Documents and Settings\Adam Knox\Desktop\last skate world\XMB 1.9 Hacks\avatars\people\7132.jpg --> ftp.skate-world.net /public_html/images/avatars/Babes 7132.jpg
2004.08.16 13:24 B E:\Documents and Settings\Adam Knox\Desktop\last skate world\XMB 1.9 Hacks\avatars\people\7390.gif --> ftp.skate-world.net /public_html/images/avatars/Babes 7390.gif
2004.08.16 13:24 B E:\Documents and Settings\Adam Knox\Desktop\last skate world\XMB 1.9 Hacks\avatars\people\7442.png --> ftp.skate-world.net /public_html/images/avatars/Babes 7442.png
2004.08.16 13:24 B E:\Documents and Settings\Adam Knox\Desktop\last skate world\XMB 1.9 Hacks\avatars\people\7443.png --> ftp.skate-world.net /public_html/images/avatars/Babes 7443.png
2004.08.16 13:24 B E:\Documents and Settings\Adam Knox\Desktop\last skate world\XMB 1.9 Hacks\avatars\people\7444.png --> ftp.skate-world.net /public_html/images/avatars/Babes 7444.png
2004.08.16 13:24 B E:\Documents and Settings\Adam Knox\Desktop\last skate world\XMB 1.9 Hacks\avatars\people\7869.jpg --> ftp.skate-world.net /public_html/images/avatars/Babes 7869.jpg
2004.08.16 13:24 B E:\Documents and Settings\Adam Knox\Desktop\last skate world\XMB 1.9 Hacks\avatars\people\8540.png --> ftp.skate-world.net /public_html/images/avatars/Babes 8540.png
2004.08.16 13:24 B E:\Documents and Settings\Adam Knox\Desktop\last skate world\XMB 1.9 Hacks\avatars\people\8541.png --> ftp.skate-world.net /public_html/images/avatars/Babes 8541.png
2004.08.16 13:24 B E:\Documents and Settings\Adam Knox\Desktop\last skate world\XMB 1.9 Hacks\avatars\people\9269.jpg --> ftp.skate-world.net /public_html/images/avatars/Babes 9269.jpg
2004.08.16 13:52 B E:\Documents and Settings\Adam Knox\Desktop\last skate world\XMB 1.9 Hacks\avatars\people\10989.gif --> ftp.skate-world.net /public_html/images/avatars/people 10989.gif
2004.08.16 13:52 B E:\Documents and Settings\Adam Knox\Desktop\last skate world\XMB 1.9 Hacks\avatars\people\5813.gif --> ftp.skate-world.net /public_html/images/avatars/people 5813.gif
2004.08.16 13:52 B E:\Documents and Settings\Adam Knox\Desktop\last skate world\XMB 1.9 Hacks\avatars\people\7132.jpg --> ftp.skate-world.net /public_html/images/avatars/people 7132.jpg
2004.08.16 13:52 B E:\Documents and Settings\Adam Knox\Desktop\last skate world\XMB 1.9 Hacks\avatars\people\7390.gif --> ftp.skate-world.net /public_html/images/avatars/people 7390.gif
2004.08.16 13:52 B E:\Documents and Settings\Adam Knox\Desktop\last skate world\XMB 1.9 Hacks\avatars\people\7442.png --> ftp.skate-world.net /public_html/images/avatars/people 7442.png
2004.08.16 13:52 B E:\Documents and Settings\Adam Knox\Desktop\last skate world\XMB 1.9 Hacks\avatars\people\7443.png --> ftp.skate-world.net /public_html/images/avatars/people 7443.png
2004.08.16 13:52 B E:\Documents and Settings\Adam Knox\Desktop\last skate world\XMB 1.9 Hacks\avatars\people\7444.png --> ftp.skate-world.net /public_html/images/avatars/people 7444.png
2004.08.16 13:52 B E:\Documents and Settings\Adam Knox\Desktop\last skate world\XMB 1.9 Hacks\avatars\people\7869.jpg --> ftp.skate-world.net /public_html/images/avatars/people 7869.jpg
2004.08.16 13:52 B E:\Documents and Settings\Adam Knox\Desktop\last skate world\XMB 1.9 Hacks\avatars\people\8539.png --> ftp.skate-world.net /public_html/images/avatars/people 8539.png
2004.08.16 13:52 B E:\Documents and Settings\Adam Knox\Desktop\last skate world\XMB 1.9 Hacks\avatars\people\8540.png --> ftp.skate-world.net /public_html/images/avatars/people 8540.png
2004.08.16 13:52 B E:\Documents and Settings\Adam Knox\Desktop\last skate world\XMB 1.9 Hacks\avatars\people\8541.png --> ftp.skate-world.net /public_html/images/avatars/people 8541.png
2004.08.16 13:52 B E:\Documents and Settings\Adam Knox\Desktop\last skate world\XMB 1.9 Hacks\avatars\people\9269.jpg --> ftp.skate-world.net /public_html/images/avatars/people 9269.jpg
2004.08.16 13:52 B E:\Documents and Settings\Adam Knox\Desktop\last skate world\XMB 1.9 Hacks\avatars\people\ph1.jpg --> ftp.skate-world.net /public_html/images/avatars/people ph1.jpg
2004.08.16 13:52 B E:\Documents and Settings\Adam Knox\Desktop\last skate world\XMB 1.9 Hacks\avatars\people\ph10.jpg --> ftp.skate-world.net /public_html/images/avatars/people ph10.jpg
2004.08.16 13:52 B E:\Documents and Settings\Adam Knox\Desktop\last skate world\XMB 1.9 Hacks\avatars\people\ph11.jpg --> ftp.skate-world.net /public_html/images/avatars/people ph11.jpg
2004.08.16 13:52 B E:\Documents and Settings\Adam Knox\Desktop\last skate world\XMB 1.9 Hacks\avatars\people\ph12.jpg --> ftp.skate-world.net /public_html/images/avatars/people ph12.jpg
2004.08.16 13:52 B E:\Documents and Settings\Adam Knox\Desktop\last skate world\XMB 1.9 Hacks\avatars\people\ph2.jpg --> ftp.skate-world.net /public_html/images/avatars/people ph2.jpg
2004.08.16 13:52 B E:\Documents and Settings\Adam Knox\Desktop\last skate world\XMB 1.9 Hacks\avatars\people\ph3.jpg --> ftp.skate-world.net /public_html/images/avatars/people ph3.jpg
2004.08.16 13:52 B E:\Documents and Settings\Adam Knox\Desktop\last skate world\XMB 1.9 Hacks\avatars\people\ph4.jpg --> ftp.skate-world.net /public_html/images/avatars/people ph4.jpg
2004.08.16 13:52 B E:\Documents and Settings\Adam Knox\Desktop\last skate world\XMB 1.9 Hacks\avatars\people\ph5.jpg --> ftp.skate-world.net /public_html/images/avatars/people ph5.jpg
2004.08.16 13:52 B E:\Documents and Settings\Adam Knox\Desktop\last skate world\XMB 1.9 Hacks\avatars\people\ph6.jpg --> ftp.skate-world.net /public_html/images/avatars/people ph6.jpg
2004.08.16 13:52 B E:\Documents and Settings\Adam Knox\Desktop\last skate world\XMB 1.9 Hacks\avatars\people\ph7.jpg --> ftp.skate-world.net /public_html/images/avatars/people ph7.jpg
2004.08.16 13:52 B E:\Documents and Settings\Adam Knox\Desktop\last skate world\XMB 1.9 Hacks\avatars\people\ph8.jpg --> ftp.skate-world.net /public_html/images/avatars/people ph8.jpg
2004.08.16 13:52 B E:\Documents and Settings\Adam Knox\Desktop\last skate world\XMB 1.9 Hacks\avatars\people\ph9.jpg --> ftp.skate-world.net /public_html/images/avatars/people ph9.jpg
2004.08.16 13:52 B E:\Documents and Settings\Adam Knox\Desktop\last skate world\XMB 1.9 Hacks\avatars\people\WS_FTP.LOG --> ftp.skate-world.net /public_html/images/avatars/people WS_FTP.LOG
2004.08.16 15:30 B E:\Documents and Settings\Adam Knox\Desktop\last skate world\XMB 1.9 Hacks\avatars\people\ph16.jpg --> ftp.skate-world.net /public_html/images/avatars/Babes ph16.jpg
