2004.08.23 14:28 B E:\Documents and Settings\Adam Knox\Desktop\last skate world\photoshop\design2\sb_links\add.html --> ftp.skate-world.net /public_html/sb_links add.html
2004.08.23 14:28 B E:\Documents and Settings\Adam Knox\Desktop\last skate world\photoshop\design2\sb_links\add_links.php --> ftp.skate-world.net /public_html/sb_links add_links.php
2004.08.23 14:28 B E:\Documents and Settings\Adam Knox\Desktop\last skate world\photoshop\design2\sb_links\links.php --> ftp.skate-world.net /public_html/sb_links links.php
2004.08.23 14:34 B E:\Documents and Settings\Adam Knox\Desktop\last skate world\photoshop\design2\sb_links\delete.php --> ftp.skate-world.net /public_html/sb_links delete.php
2004.08.23 14:34 B E:\Documents and Settings\Adam Knox\Desktop\last skate world\photoshop\design2\sb_links\delete_links.php --> ftp.skate-world.net /public_html/sb_links delete_links.php
2004.08.23 14:34 B E:\Documents and Settings\Adam Knox\Desktop\last skate world\photoshop\design2\sb_links\WS_FTP.LOG --> ftp.skate-world.net /public_html/sb_links WS_FTP.LOG
2004.08.23 14:47 B E:\Documents and Settings\Adam Knox\Desktop\last skate world\photoshop\design2\sb_links\add.html --> ftp.skate-world.net /public_html/content/sb_links add.html
2004.08.23 14:47 B E:\Documents and Settings\Adam Knox\Desktop\last skate world\photoshop\design2\sb_links\add_links.php --> ftp.skate-world.net /public_html/content/sb_links add_links.php
2004.08.23 14:47 B E:\Documents and Settings\Adam Knox\Desktop\last skate world\photoshop\design2\sb_links\delete.php --> ftp.skate-world.net /public_html/content/sb_links delete.php
2004.08.23 14:47 B E:\Documents and Settings\Adam Knox\Desktop\last skate world\photoshop\design2\sb_links\delete_links.php --> ftp.skate-world.net /public_html/content/sb_links delete_links.php
2004.08.23 14:47 B E:\Documents and Settings\Adam Knox\Desktop\last skate world\photoshop\design2\sb_links\links.php --> ftp.skate-world.net /public_html/content/sb_links links.php
2004.08.23 14:48 B E:\Documents and Settings\Adam Knox\Desktop\last skate world\photoshop\design2\sb_links\add.html --> ftp.skate-world.net /public_html/content/sb_links add.html
2004.08.23 14:49 B E:\Documents and Settings\Adam Knox\Desktop\last skate world\photoshop\design2\sb_links\links.php --> ftp.skate-world.net /public_html/content/sb_links links.php
2004.08.23 14:55 B E:\Documents and Settings\Adam Knox\Desktop\last skate world\photoshop\design2\sb_links\add.html --> ftp.skate-world.net /public_html/content/sb_links add.html
2004.08.23 14:55 B E:\Documents and Settings\Adam Knox\Desktop\last skate world\photoshop\design2\sb_links\add_links.php --> ftp.skate-world.net /public_html/content/sb_links add_links.php
2004.08.23 14:55 B E:\Documents and Settings\Adam Knox\Desktop\last skate world\photoshop\design2\sb_links\delete.php --> ftp.skate-world.net /public_html/content/sb_links delete.php
2004.08.23 14:55 B E:\Documents and Settings\Adam Knox\Desktop\last skate world\photoshop\design2\sb_links\delete_links.php --> ftp.skate-world.net /public_html/content/sb_links delete_links.php
2004.08.23 14:55 B E:\Documents and Settings\Adam Knox\Desktop\last skate world\photoshop\design2\sb_links\links.php --> ftp.skate-world.net /public_html/content/sb_links links.php
2004.08.23 14:56 B E:\Documents and Settings\Adam Knox\Desktop\last skate world\photoshop\design2\sb_links\add.html --> ftp.skate-world.net /public_html/content/sb_links add.html
2004.08.23 14:56 B E:\Documents and Settings\Adam Knox\Desktop\last skate world\photoshop\design2\sb_links\add_links.php --> ftp.skate-world.net /public_html/content/sb_links add_links.php
2004.08.23 14:56 B E:\Documents and Settings\Adam Knox\Desktop\last skate world\photoshop\design2\sb_links\delete.php --> ftp.skate-world.net /public_html/content/sb_links delete.php
2004.08.23 14:56 B E:\Documents and Settings\Adam Knox\Desktop\last skate world\photoshop\design2\sb_links\delete_links.php --> ftp.skate-world.net /public_html/content/sb_links delete_links.php
2004.08.23 14:56 B E:\Documents and Settings\Adam Knox\Desktop\last skate world\photoshop\design2\sb_links\links.php --> ftp.skate-world.net /public_html/content/sb_links links.php
2004.08.23 14:58 B E:\Documents and Settings\Adam Knox\Desktop\last skate world\photoshop\design2\sb_links\add.html --> ftp.skate-world.net /public_html/content/sb_links add.html
2004.08.23 14:59 B E:\Documents and Settings\Adam Knox\Desktop\last skate world\photoshop\design2\sb_links\add_links.php --> ftp.skate-world.net /public_html/content/sb_links add_links.php
2004.08.23 14:59 B E:\Documents and Settings\Adam Knox\Desktop\last skate world\photoshop\design2\sb_links\delete.php --> ftp.skate-world.net /public_html/content/sb_links delete.php
2004.08.23 14:59 B E:\Documents and Settings\Adam Knox\Desktop\last skate world\photoshop\design2\sb_links\delete_links.php --> ftp.skate-world.net /public_html/content/sb_links delete_links.php
2004.08.23 14:59 B E:\Documents and Settings\Adam Knox\Desktop\last skate world\photoshop\design2\sb_links\links.php --> ftp.skate-world.net /public_html/content/sb_links links.php
2004.08.23 15:01 B E:\Documents and Settings\Adam Knox\Desktop\last skate world\photoshop\design2\sb_links\add.html --> ftp.skate-world.net /public_html/content/sb_links add.html
2004.08.23 15:01 B E:\Documents and Settings\Adam Knox\Desktop\last skate world\photoshop\design2\sb_links\add_links.php --> ftp.skate-world.net /public_html/content/sb_links add_links.php
2004.08.23 15:01 B E:\Documents and Settings\Adam Knox\Desktop\last skate world\photoshop\design2\sb_links\delete.php --> ftp.skate-world.net /public_html/content/sb_links delete.php
2004.08.23 15:01 B E:\Documents and Settings\Adam Knox\Desktop\last skate world\photoshop\design2\sb_links\delete_links.php --> ftp.skate-world.net /public_html/content/sb_links delete_links.php
2004.08.23 15:01 B E:\Documents and Settings\Adam Knox\Desktop\last skate world\photoshop\design2\sb_links\links.php --> ftp.skate-world.net /public_html/content/sb_links links.php
2004.08.23 15:09 B E:\Documents and Settings\Adam Knox\Desktop\last skate world\photoshop\design2\content\sb_links\add.html --> ftp.skate-world.net /public_html/content/sb_links add.html
2004.08.23 15:09 B E:\Documents and Settings\Adam Knox\Desktop\last skate world\photoshop\design2\content\sb_links\add_links.php --> ftp.skate-world.net /public_html/content/sb_links add_links.php
2004.08.23 15:09 B E:\Documents and Settings\Adam Knox\Desktop\last skate world\photoshop\design2\content\sb_links\delete.php --> ftp.skate-world.net /public_html/content/sb_links delete.php
2004.08.23 15:09 B E:\Documents and Settings\Adam Knox\Desktop\last skate world\photoshop\design2\content\sb_links\delete_links.php --> ftp.skate-world.net /public_html/content/sb_links delete_links.php
2004.08.23 15:09 B E:\Documents and Settings\Adam Knox\Desktop\last skate world\photoshop\design2\content\sb_links\links.php --> ftp.skate-world.net /public_html/content/sb_links links.php
2004.08.24 11:22 B E:\Documents and Settings\Adam Knox\Desktop\last skate world\photoshop\design2\content\sb_pictures\add.html --> ftp.skate-world.net /public_html/content/sb_pictures add.html
2004.08.24 11:22 B E:\Documents and Settings\Adam Knox\Desktop\last skate world\photoshop\design2\content\sb_pictures\add_links.php --> ftp.skate-world.net /public_html/content/sb_pictures add_links.php
2004.08.24 11:22 B E:\Documents and Settings\Adam Knox\Desktop\last skate world\photoshop\design2\content\sb_pictures\delete.php --> ftp.skate-world.net /public_html/content/sb_pictures delete.php
2004.08.24 11:22 B E:\Documents and Settings\Adam Knox\Desktop\last skate world\photoshop\design2\content\sb_pictures\delete_links.php --> ftp.skate-world.net /public_html/content/sb_pictures delete_links.php
2004.08.24 11:22 B E:\Documents and Settings\Adam Knox\Desktop\last skate world\photoshop\design2\content\sb_pictures\links.php --> ftp.skate-world.net /public_html/content/sb_pictures links.php
2004.08.24 11:22 B E:\Documents and Settings\Adam Knox\Desktop\last skate world\photoshop\design2\content\sb_pictures\WS_FTP.LOG --> ftp.skate-world.net /public_html/content/sb_pictures WS_FTP.LOG
2004.08.24 17:56 B E:\Documents and Settings\Adam Knox\Desktop\last skate world\photoshop\design2\content\sb_pictures\index.php --> ftp.skate-world.net /public_html/content/sb_pictures index.php
2004.08.24 20:28 B E:\Documents and Settings\Adam Knox\Desktop\last skate world\photoshop\design2\content\sb_pictures\WS_FTP.LOG --> ftp.skate-world.net /public_html/content/sb_pictures WS_FTP.LOG
2004.08.26 13:08 B E:\Documents and Settings\Adam Knox\Desktop\last skate world\photoshop\design2\content\sb_pictures\add_links.php --> ftp.skate-world.net /public_html/content/sb_pictures add_links.php
2004.08.26 13:08 B E:\Documents and Settings\Adam Knox\Desktop\last skate world\photoshop\design2\content\sb_pictures\delete.php --> ftp.skate-world.net /public_html/content/sb_pictures delete.php
2004.08.26 13:08 B E:\Documents and Settings\Adam Knox\Desktop\last skate world\photoshop\design2\content\sb_pictures\delete_links.php --> ftp.skate-world.net /public_html/content/sb_pictures delete_links.php
2004.08.26 13:08 B E:\Documents and Settings\Adam Knox\Desktop\last skate world\photoshop\design2\content\sb_pictures\index.php --> ftp.skate-world.net /public_html/content/sb_pictures index.php
2004.08.26 21:18 B E:\Documents and Settings\Adam Knox\Desktop\Skate world redone\content\sb_pictures\add.html --> ftp.skate-world.net /public_html/content/sb_pictures add.html
2004.08.26 21:18 B E:\Documents and Settings\Adam Knox\Desktop\Skate world redone\content\sb_pictures\add_links.php --> ftp.skate-world.net /public_html/content/sb_pictures add_links.php
2004.08.26 21:18 B E:\Documents and Settings\Adam Knox\Desktop\Skate world redone\content\sb_pictures\delete.php --> ftp.skate-world.net /public_html/content/sb_pictures delete.php
2004.08.26 21:18 B E:\Documents and Settings\Adam Knox\Desktop\Skate world redone\content\sb_pictures\delete_links.php --> ftp.skate-world.net /public_html/content/sb_pictures delete_links.php
2004.08.26 21:18 B E:\Documents and Settings\Adam Knox\Desktop\Skate world redone\content\sb_pictures\index.php --> ftp.skate-world.net /public_html/content/sb_pictures index.php
2004.08.26 21:18 B E:\Documents and Settings\Adam Knox\Desktop\Skate world redone\content\sb_pictures\links.php --> ftp.skate-world.net /public_html/content/sb_pictures links.php
2004.09.20 16:30 B E:\Documents and Settings\Adam Knox\My Documents\Skate World\backup\content\sb_pictures\WS_FTP.LOG <-- Skate world Temporary /public_html/content/sb_pictures WS_FTP.LOG
